[2026-05-17 09:26:41 UTC] [INFO    ] ================================================================================
[2026-05-17 09:26:41 UTC] [INFO    ] FLYBY TEP PIPELINE v0.1 - FULL EXECUTION
[2026-05-17 09:26:41 UTC] [INFO    ] ================================================================================
[2026-05-17 09:26:41 UTC] [INFO    ] Project root: /Users/matthewsmawfield/www/Temporal Equivalence Principle/TEP-EFA
[2026-05-17 09:26:41 UTC] [INFO    ] Steps dir:     /Users/matthewsmawfield/www/Temporal Equivalence Principle/TEP-EFA/scripts/steps
[2026-05-17 09:26:41 UTC] [INFO    ] Log file:      /Users/matthewsmawfield/www/Temporal Equivalence Principle/TEP-EFA/logs/pipeline.log
[2026-05-17 09:26:41 UTC] [INFO    ] Ensemble policy: strict_sign_gate=False (config/pipeline_config.json; default false)
[2026-05-17 09:26:41 UTC] [INFO    ] strict_sign_gate=false: four S/N-qualified primary fits in Step 008/026; sign-agreement n=3 reported as sign_agreement_model_comparison / beta_statistics_sign_gated_diagnostic.
[2026-05-17 09:26:41 UTC] [INFO    ] Gate policy text: Likelihood rows require a published (Δv_obs, σ) pair with no imputation and S/N = |Δv_obs|/σ > 2. Sign agreement between...
[2026-05-17 09:26:41 UTC] [INFO    ] --------------------------------------------------------------------------------
[2026-05-17 09:26:41 UTC] [INFO    ] EXECUTING PIPELINE STEPS
[2026-05-17 09:26:41 UTC] [INFO    ] --------------------------------------------------------------------------------
[2026-05-17 09:26:41 UTC] [INFO    ] 
[2026-05-17 09:26:41 UTC] [INFO    ] ======================================================================
[2026-05-17 09:26:41 UTC] [INFO    ] [1/42] Step 001: Download SPICE Kernels (NAIF)
[2026-05-17 09:26:41 UTC] [INFO    ] ======================================================================
[2026-05-17 09:27:14 UTC] [SUCCESS ] ✓ Step 001: Download SPICE Kernels (NAIF) completed in 32.67s
[2026-05-17 09:27:14 UTC] [INFO    ] 
[2026-05-17 09:27:14 UTC] [INFO    ] ======================================================================
[2026-05-17 09:27:14 UTC] [INFO    ] [2/42] Step 002: Convert SPICE to JSON
[2026-05-17 09:27:14 UTC] [INFO    ] ======================================================================
[2026-05-17 09:27:14 UTC] [SUCCESS ] ✓ Step 002: Convert SPICE to JSON completed in 0.22s
[2026-05-17 09:27:14 UTC] [INFO    ] 
[2026-05-17 09:27:14 UTC] [INFO    ] ======================================================================
[2026-05-17 09:27:14 UTC] [INFO    ] [3/42] Step 003: Archival Data Mining
[2026-05-17 09:27:14 UTC] [INFO    ] ======================================================================
[2026-05-17 09:27:14 UTC] [SUCCESS ] ✓ Step 003: Archival Data Mining completed in 0.07s
[2026-05-17 09:27:14 UTC] [INFO    ] 
[2026-05-17 09:27:14 UTC] [INFO    ] ======================================================================
[2026-05-17 09:27:14 UTC] [INFO    ] [4/42] Step 004: JPL Horizons Data Fetch
[2026-05-17 09:27:14 UTC] [INFO    ] ======================================================================
[2026-05-17 09:27:15 UTC] [SUCCESS ] ✓ Step 004: JPL Horizons Data Fetch completed in 0.91s
[2026-05-17 09:27:15 UTC] [INFO    ] 
[2026-05-17 09:27:15 UTC] [INFO    ] ======================================================================
[2026-05-17 09:27:15 UTC] [INFO    ] [5/42] Step 038: Extract 3D State Vectors from JPL Horizons
[2026-05-17 09:27:15 UTC] [INFO    ] ======================================================================
[2026-05-17 09:27:16 UTC] [SUCCESS ] ✓ Step 038: Extract 3D State Vectors from JPL Horizons completed in 0.69s
[2026-05-17 09:27:16 UTC] [INFO    ] 
[2026-05-17 09:27:16 UTC] [INFO    ] ======================================================================
[2026-05-17 09:27:16 UTC] [INFO    ] [6/42] Step 033: Continuous IRI Trajectory Profiles
[2026-05-17 09:27:16 UTC] [INFO    ] ======================================================================
[2026-05-17 09:28:00 UTC] [SUCCESS ] ✓ Step 033: Continuous IRI Trajectory Profiles completed in 44.12s
[2026-05-17 09:28:00 UTC] [INFO    ] 
[2026-05-17 09:28:00 UTC] [INFO    ] ======================================================================
[2026-05-17 09:28:00 UTC] [INFO    ] [7/42] Step 005: DSN Data Ingestion
[2026-05-17 09:28:00 UTC] [INFO    ] ======================================================================
[2026-05-17 09:28:00 UTC] [SUCCESS ] ✓ Step 005: DSN Data Ingestion completed in 0.04s
[2026-05-17 09:28:00 UTC] [INFO    ] 
[2026-05-17 09:28:00 UTC] [INFO    ] ======================================================================
[2026-05-17 09:28:00 UTC] [INFO    ] [8/42] Step 006: DSN Framework (Resolves Horizons Circularity)
[2026-05-17 09:28:00 UTC] [INFO    ] ======================================================================
[2026-05-17 09:29:52 UTC] [SUCCESS ] ✓ Step 006: DSN Framework (Resolves Horizons Circularity) completed in 1.87m
[2026-05-17 09:29:52 UTC] [INFO    ] 
[2026-05-17 09:29:52 UTC] [INFO    ] ======================================================================
[2026-05-17 09:29:52 UTC] [INFO    ] [9/42] Step 007: Enhanced TEP Model (WGS84, PREM, 3D)
[2026-05-17 09:29:52 UTC] [INFO    ] ======================================================================
[2026-05-17 09:29:53 UTC] [SUCCESS ] ✓ Step 007: Enhanced TEP Model (WGS84, PREM, 3D) completed in 0.99s
[2026-05-17 09:29:53 UTC] [INFO    ] 
[2026-05-17 09:29:53 UTC] [INFO    ] ======================================================================
[2026-05-17 09:29:53 UTC] [INFO    ] [10/42] Step 008: Parameter Fitting
[2026-05-17 09:29:53 UTC] [INFO    ] ======================================================================
[2026-05-17 09:29:54 UTC] [SUCCESS ] ✓ Step 008: Parameter Fitting completed in 0.47s
[2026-05-17 09:29:54 UTC] [INFO    ] 
[2026-05-17 09:29:54 UTC] [INFO    ] ======================================================================
[2026-05-17 09:29:54 UTC] [INFO    ] [11/42] Step 041: Geometry Envelope Heuristic Sensitivity
[2026-05-17 09:29:54 UTC] [INFO    ] ======================================================================
[2026-05-17 09:30:09 UTC] [SUCCESS ] ✓ Step 041: Geometry Envelope Heuristic Sensitivity completed in 15.45s
[2026-05-17 09:30:09 UTC] [INFO    ] 
[2026-05-17 09:30:09 UTC] [INFO    ] ======================================================================
[2026-05-17 09:30:09 UTC] [INFO    ] [12/42] Step 009: Unified Variance Analysis (Four-Stage)
[2026-05-17 09:30:09 UTC] [INFO    ] ======================================================================
[2026-05-17 09:30:10 UTC] [SUCCESS ] ✓ Step 009: Unified Variance Analysis (Four-Stage) completed in 0.45s
[2026-05-17 09:30:10 UTC] [INFO    ] 
[2026-05-17 09:30:10 UTC] [INFO    ] ======================================================================
[2026-05-17 09:30:10 UTC] [INFO    ] [13/42] Step 010: First-Principles UCD Saturation Topology
[2026-05-17 09:30:10 UTC] [INFO    ] ======================================================================
[2026-05-17 09:30:10 UTC] [SUCCESS ] ✓ Step 010: First-Principles UCD Saturation Topology completed in 0.21s
[2026-05-17 09:30:10 UTC] [INFO    ] 
[2026-05-17 09:30:10 UTC] [INFO    ] ======================================================================
[2026-05-17 09:30:10 UTC] [INFO    ] [14/42] Step 011: Trajectory Integration
[2026-05-17 09:30:10 UTC] [INFO    ] ======================================================================
[2026-05-17 09:30:13 UTC] [SUCCESS ] ✓ Step 011: Trajectory Integration completed in 3.37s
[2026-05-17 09:30:13 UTC] [INFO    ] 
[2026-05-17 09:30:13 UTC] [INFO    ] ======================================================================
[2026-05-17 09:30:13 UTC] [INFO    ] [15/42] Step 012: OD Filter Simulation
[2026-05-17 09:30:13 UTC] [INFO    ] ======================================================================
[2026-05-17 09:30:27 UTC] [SUCCESS ] ✓ Step 012: OD Filter Simulation completed in 13.70s
[2026-05-17 09:30:27 UTC] [INFO    ] 
[2026-05-17 09:30:27 UTC] [INFO    ] ======================================================================
[2026-05-17 09:30:27 UTC] [INFO    ] [16/42] Step 013: Cross-Validation Analysis
[2026-05-17 09:30:27 UTC] [INFO    ] ======================================================================
[2026-05-17 09:30:27 UTC] [SUCCESS ] ✓ Step 013: Cross-Validation Analysis completed in 0.19s
[2026-05-17 09:30:27 UTC] [INFO    ] 
[2026-05-17 09:30:27 UTC] [INFO    ] ======================================================================
[2026-05-17 09:30:27 UTC] [INFO    ] [17/42] Step 014: Sensitivity Analysis
[2026-05-17 09:30:27 UTC] [INFO    ] ======================================================================
[2026-05-17 09:30:27 UTC] [SUCCESS ] ✓ Step 014: Sensitivity Analysis completed in 0.35s
[2026-05-17 09:30:27 UTC] [INFO    ] 
[2026-05-17 09:30:27 UTC] [INFO    ] ======================================================================
[2026-05-17 09:30:27 UTC] [INFO    ] [18/42] Step 015: Hierarchical Bayesian Model
[2026-05-17 09:30:27 UTC] [INFO    ] ======================================================================
[2026-05-17 09:30:31 UTC] [SUCCESS ] ✓ Step 015: Hierarchical Bayesian Model completed in 3.20s
[2026-05-17 09:30:31 UTC] [INFO    ] 
[2026-05-17 09:30:31 UTC] [INFO    ] ======================================================================
[2026-05-17 09:30:31 UTC] [INFO    ] [19/42] Step 016: GNSS Validation
[2026-05-17 09:30:31 UTC] [INFO    ] ======================================================================
[2026-05-17 09:30:31 UTC] [SUCCESS ] ✓ Step 016: GNSS Validation completed in 0.07s
[2026-05-17 09:30:31 UTC] [INFO    ] 
[2026-05-17 09:30:31 UTC] [INFO    ] ======================================================================
[2026-05-17 09:30:31 UTC] [INFO    ] [20/42] Step 017: Plasma Modulation (Cassini Sign)
[2026-05-17 09:30:31 UTC] [INFO    ] ======================================================================
[2026-05-17 09:30:31 UTC] [SUCCESS ] ✓ Step 017: Plasma Modulation (Cassini Sign) completed in 0.64s
[2026-05-17 09:30:31 UTC] [INFO    ] 
[2026-05-17 09:30:31 UTC] [INFO    ] ======================================================================
[2026-05-17 09:30:31 UTC] [INFO    ] [21/42] Step 018: Space Weather Correlation
[2026-05-17 09:30:31 UTC] [INFO    ] ======================================================================
[2026-05-17 09:30:32 UTC] [SUCCESS ] ✓ Step 018: Space Weather Correlation completed in 0.44s
[2026-05-17 09:30:32 UTC] [INFO    ] 
[2026-05-17 09:30:32 UTC] [INFO    ] ======================================================================
[2026-05-17 09:30:32 UTC] [INFO    ] [22/42] Step 019: 3D Field Integration
[2026-05-17 09:30:32 UTC] [INFO    ] ======================================================================
[2026-05-17 09:30:32 UTC] [SUCCESS ] ✓ Step 019: 3D Field Integration completed in 0.25s
[2026-05-17 09:30:32 UTC] [INFO    ] 
[2026-05-17 09:30:32 UTC] [INFO    ] ======================================================================
[2026-05-17 09:30:32 UTC] [INFO    ] [23/42] Step 020: Plasma Environment Reconstruction
[2026-05-17 09:30:32 UTC] [INFO    ] ======================================================================
[2026-05-17 09:30:32 UTC] [SUCCESS ] ✓ Step 020: Plasma Environment Reconstruction completed in 0.38s
[2026-05-17 09:30:32 UTC] [INFO    ] 
[2026-05-17 09:30:32 UTC] [INFO    ] ======================================================================
[2026-05-17 09:30:32 UTC] [INFO    ] [24/42] Step 021: Mission-Specific OD Absorption
[2026-05-17 09:30:32 UTC] [INFO    ] ======================================================================
[2026-05-17 09:30:32 UTC] [SUCCESS ] ✓ Step 021: Mission-Specific OD Absorption completed in 0.09s
[2026-05-17 09:30:32 UTC] [INFO    ] 
[2026-05-17 09:30:32 UTC] [INFO    ] ======================================================================
[2026-05-17 09:30:32 UTC] [INFO    ] [25/42] Step 022: Atmospheric Drag Simulation
[2026-05-17 09:30:32 UTC] [INFO    ] ======================================================================
[2026-05-17 09:30:33 UTC] [SUCCESS ] ✓ Step 022: Atmospheric Drag Simulation completed in 0.06s
[2026-05-17 09:30:33 UTC] [INFO    ] 
[2026-05-17 09:30:33 UTC] [INFO    ] ======================================================================
[2026-05-17 09:30:33 UTC] [INFO    ] [26/42] Step 023: Thermal Recoil Simulation
[2026-05-17 09:30:33 UTC] [INFO    ] ======================================================================
[2026-05-17 09:30:33 UTC] [SUCCESS ] ✓ Step 023: Thermal Recoil Simulation completed in 0.07s
[2026-05-17 09:30:33 UTC] [INFO    ] 
[2026-05-17 09:30:33 UTC] [INFO    ] ======================================================================
[2026-05-17 09:30:33 UTC] [INFO    ] [27/42] Step 024: Systematic Error Monte Carlo
[2026-05-17 09:30:33 UTC] [INFO    ] ======================================================================
[2026-05-17 09:30:33 UTC] [SUCCESS ] ✓ Step 024: Systematic Error Monte Carlo completed in 0.56s
[2026-05-17 09:30:33 UTC] [INFO    ] 
[2026-05-17 09:30:33 UTC] [INFO    ] ======================================================================
[2026-05-17 09:30:33 UTC] [INFO    ] [28/42] Step 025: Corrected Uncertainty Analysis
[2026-05-17 09:30:33 UTC] [INFO    ] ======================================================================
[2026-05-17 09:30:33 UTC] [SUCCESS ] ✓ Step 025: Corrected Uncertainty Analysis completed in 0.07s
[2026-05-17 09:30:33 UTC] [INFO    ] 
[2026-05-17 09:30:33 UTC] [INFO    ] ======================================================================
[2026-05-17 09:30:33 UTC] [INFO    ] [29/42] Step 026: Stable Model Comparison
[2026-05-17 09:30:33 UTC] [INFO    ] ======================================================================
[2026-05-17 09:30:33 UTC] [SUCCESS ] ✓ Step 026: Stable Model Comparison completed in 0.25s
[2026-05-17 09:30:33 UTC] [INFO    ] 
[2026-05-17 09:30:33 UTC] [INFO    ] ======================================================================
[2026-05-17 09:30:33 UTC] [INFO    ] [30/42] Step 039: Flyby Prediction Table
[2026-05-17 09:30:33 UTC] [INFO    ] ======================================================================
[2026-05-17 09:30:34 UTC] [SUCCESS ] ✓ Step 039: Flyby Prediction Table completed in 0.09s
[2026-05-17 09:30:34 UTC] [INFO    ] 
[2026-05-17 09:30:34 UTC] [INFO    ] ======================================================================
[2026-05-17 09:30:34 UTC] [INFO    ] [31/42] Step 027: Claim Consistency Audit
[2026-05-17 09:30:34 UTC] [INFO    ] ======================================================================
[2026-05-17 09:30:34 UTC] [ERROR   ] ✗ Step 027: Claim Consistency Audit failed after 0.06s
[2026-05-17 09:30:34 UTC] [ERROR   ] ✗ Stopping pipeline due to failure
[2026-05-17 09:30:34 UTC] [INFO    ] 
[2026-05-17 09:30:34 UTC] [INFO    ] ======================================================================
[2026-05-17 09:30:34 UTC] [INFO    ] PIPELINE EXECUTION SUMMARY
[2026-05-17 09:30:34 UTC] [INFO    ] ======================================================================
[2026-05-17 09:30:34 UTC] [INFO    ] ----------------------------------------------------------------------
[2026-05-17 09:30:34 UTC] [INFO    ] Execution Timeline
[2026-05-17 09:30:34 UTC] [INFO    ] ----------------------------------------------------------------------
[2026-05-17 09:30:34 UTC] [INFO    ] Pipeline started: 2026-05-17 09:26:41 UTC
[2026-05-17 09:30:34 UTC] [INFO    ] Pipeline ended:   2026-05-17 09:30:34 UTC
[2026-05-17 09:30:34 UTC] [INFO    ] Total duration:   3.88 minutes
[2026-05-17 09:30:34 UTC] [INFO    ] ----------------------------------------------------------------------
[2026-05-17 09:30:34 UTC] [INFO    ] Step-by-Step Results
[2026-05-17 09:30:34 UTC] [INFO    ] ----------------------------------------------------------------------
[2026-05-17 09:30:34 UTC] [INFO    ] Step   Description                                        Status     Duration    
[2026-05-17 09:30:34 UTC] [INFO    ] --------------------------------------------------------------------------------
[2026-05-17 09:30:34 UTC] [INFO    ] Step 001 Step 001: Download SPICE Kernels (NAIF)            ✓ SUCCESS  32.67s      
[2026-05-17 09:30:34 UTC] [INFO    ] Step 002 Step 002: Convert SPICE to JSON                    ✓ SUCCESS  0.22s       
[2026-05-17 09:30:34 UTC] [INFO    ] Step 003 Step 003: Archival Data Mining                     ✓ SUCCESS  0.07s       
[2026-05-17 09:30:34 UTC] [INFO    ] Step 004 Step 004: JPL Horizons Data Fetch                  ✓ SUCCESS  0.91s       
[2026-05-17 09:30:34 UTC] [INFO    ] Step 005 Step 038: Extract 3D State Vectors from JPL Hori   ✓ SUCCESS  0.69s       
[2026-05-17 09:30:34 UTC] [INFO    ] Step 006 Step 033: Continuous IRI Trajectory Profiles       ✓ SUCCESS  44.12s      
[2026-05-17 09:30:34 UTC] [INFO    ] Step 007 Step 005: DSN Data Ingestion                       ✓ SUCCESS  0.04s       
[2026-05-17 09:30:34 UTC] [INFO    ] Step 008 Step 006: DSN Framework (Resolves Horizons Circu   ✓ SUCCESS  112.46s     
[2026-05-17 09:30:34 UTC] [INFO    ] Step 009 Step 007: Enhanced TEP Model (WGS84, PREM, 3D)     ✓ SUCCESS  0.99s       
[2026-05-17 09:30:34 UTC] [INFO    ] Step 010 Step 008: Parameter Fitting                        ✓ SUCCESS  0.47s       
[2026-05-17 09:30:34 UTC] [INFO    ] Step 011 Step 041: Geometry Envelope Heuristic Sensitivit   ✓ SUCCESS  15.45s      
[2026-05-17 09:30:34 UTC] [INFO    ] Step 012 Step 009: Unified Variance Analysis (Four-Stage)   ✓ SUCCESS  0.45s       
[2026-05-17 09:30:34 UTC] [INFO    ] Step 013 Step 010: First-Principles UCD Saturation Topolo   ✓ SUCCESS  0.21s       
[2026-05-17 09:30:34 UTC] [INFO    ] Step 014 Step 011: Trajectory Integration                   ✓ SUCCESS  3.37s       
[2026-05-17 09:30:34 UTC] [INFO    ] Step 015 Step 012: OD Filter Simulation                     ✓ SUCCESS  13.70s      
[2026-05-17 09:30:34 UTC] [INFO    ] Step 016 Step 013: Cross-Validation Analysis                ✓ SUCCESS  0.19s       
[2026-05-17 09:30:34 UTC] [INFO    ] Step 017 Step 014: Sensitivity Analysis                     ✓ SUCCESS  0.35s       
[2026-05-17 09:30:34 UTC] [INFO    ] Step 018 Step 015: Hierarchical Bayesian Model              ✓ SUCCESS  3.20s       
[2026-05-17 09:30:34 UTC] [INFO    ] Step 019 Step 016: GNSS Validation                          ✓ SUCCESS  0.07s       
[2026-05-17 09:30:34 UTC] [INFO    ] Step 020 Step 017: Plasma Modulation (Cassini Sign)         ✓ SUCCESS  0.64s       
[2026-05-17 09:30:34 UTC] [INFO    ] Step 021 Step 018: Space Weather Correlation                ✓ SUCCESS  0.44s       
[2026-05-17 09:30:34 UTC] [INFO    ] Step 022 Step 019: 3D Field Integration                     ✓ SUCCESS  0.25s       
[2026-05-17 09:30:34 UTC] [INFO    ] Step 023 Step 020: Plasma Environment Reconstruction        ✓ SUCCESS  0.38s       
[2026-05-17 09:30:34 UTC] [INFO    ] Step 024 Step 021: Mission-Specific OD Absorption           ✓ SUCCESS  0.09s       
[2026-05-17 09:30:34 UTC] [INFO    ] Step 025 Step 022: Atmospheric Drag Simulation              ✓ SUCCESS  0.06s       
[2026-05-17 09:30:34 UTC] [INFO    ] Step 026 Step 023: Thermal Recoil Simulation                ✓ SUCCESS  0.07s       
[2026-05-17 09:30:34 UTC] [INFO    ] Step 027 Step 024: Systematic Error Monte Carlo             ✓ SUCCESS  0.56s       
[2026-05-17 09:30:34 UTC] [INFO    ] Step 028 Step 025: Corrected Uncertainty Analysis           ✓ SUCCESS  0.07s       
[2026-05-17 09:30:34 UTC] [INFO    ] Step 029 Step 026: Stable Model Comparison                  ✓ SUCCESS  0.25s       
[2026-05-17 09:30:34 UTC] [INFO    ] Step 030 Step 039: Flyby Prediction Table                   ✓ SUCCESS  0.09s       
[2026-05-17 09:30:34 UTC] [INFO    ] Step 031 Step 027: Claim Consistency Audit                  ✗ FAILED   0.06s       
[2026-05-17 09:30:34 UTC] [INFO    ] ----------------------------------------------------------------------
[2026-05-17 09:30:34 UTC] [INFO    ] Statistics
[2026-05-17 09:30:34 UTC] [INFO    ] ----------------------------------------------------------------------
[2026-05-17 09:30:34 UTC] [INFO    ] Total steps:     42
[2026-05-17 09:30:34 UTC] [INFO    ] Successful:      30
[2026-05-17 09:30:34 UTC] [INFO    ] Failed:          1
[2026-05-17 09:30:34 UTC] [INFO    ] Success rate:    71.4%
[2026-05-17 09:30:34 UTC] [INFO    ] ----------------------------------------------------------------------
[2026-05-17 09:30:34 UTC] [INFO    ] Research Accountability & Reproducibility
[2026-05-17 09:30:34 UTC] [INFO    ] ----------------------------------------------------------------------
[2026-05-17 09:30:34 UTC] [INFO    ] Research audit generated: RESEARCH_AUDIT_20260517_123034.json
[2026-05-17 09:30:34 UTC] [INFO    ] ----------------------------------------------------------------------
[2026-05-17 09:30:34 UTC] [INFO    ] Data Integrity Validation
[2026-05-17 09:30:34 UTC] [INFO    ] ----------------------------------------------------------------------
[2026-05-17 09:30:34 UTC] [INFO    ] Checking all results for synthetic data contamination...
[2026-05-17 09:30:34 UTC] [SUCCESS ] ✓   ✓ All results files passed data integrity check
[2026-05-17 09:30:34 UTC] [INFO    ] 
[2026-05-17 09:30:34 UTC] [ERROR   ] ✗ PIPELINE FAILED - 1 step(s) did not complete
