[2026-05-17 12:30:32 UTC] [INFO    ] [STEP 021] LOGGER INITIALIZED: step_021_mission_specific_od_absorption (Step 021)
[2026-05-17 12:30:32 UTC] [DEBUG   ] [STEP 021] Log file: /Users/matthewsmawfield/www/Temporal Equivalence Principle/TEP-EFA/logs/step_021_mission_specific_od_absorption.log
[2026-05-17 12:30:32 UTC] [DEBUG   ] [STEP 021] Project root: /Users/matthewsmawfield/www/Temporal Equivalence Principle/TEP-EFA
[2026-05-17 12:30:32 UTC] [INFO    ] [STEP 021] ================================================================================
[2026-05-17 12:30:32 UTC] [INFO    ] [STEP 021] STEP 021: MISSION-SPECIFIC OD ABSORPTION
[2026-05-17 12:30:32 UTC] [INFO    ] [STEP 021] ================================================================================
[2026-05-17 12:30:32 UTC] [INFO    ] [STEP 021] Loaded Step 012 OD simulation reference (minimal suppression 74.4%)
[2026-05-17 12:30:32 UTC] [INFO    ] [STEP 021] NEAR: F_OD not computed (not_computable_without_mission_od_configuration); mission OD configuration required
[2026-05-17 12:30:32 UTC] [INFO    ] [STEP 021] Galileo_1990: F_OD not computed (not_computable_without_mission_od_configuration); mission OD configuration required
[2026-05-17 12:30:32 UTC] [INFO    ] [STEP 021] Cassini: F_OD not computed (not_computable_without_mission_od_configuration); mission OD configuration required
[2026-05-17 12:30:32 UTC] [INFO    ] [STEP 021] Galileo_1992: F_OD not computed (not_computable_without_mission_od_configuration); mission OD configuration required
[2026-05-17 12:30:32 UTC] [INFO    ] [STEP 021] Rosetta_2005: F_OD not computed (not_computable_without_mission_od_configuration); mission OD configuration required
[2026-05-17 12:30:32 UTC] [INFO    ] [STEP 021] Rosetta_2007: F_OD not computed (not_computable_without_mission_od_configuration); mission OD configuration required
[2026-05-17 12:30:32 UTC] [INFO    ] [STEP 021] Rosetta_2009: F_OD not computed (not_computable_without_mission_od_configuration); mission OD configuration required
[2026-05-17 12:30:32 UTC] [INFO    ] [STEP 021] MESSENGER_2005: F_OD not computed (not_computable_without_mission_od_configuration); mission OD configuration required
[2026-05-17 12:30:32 UTC] [INFO    ] [STEP 021] Juno: F_OD not computed (not_computable_without_mission_od_configuration); mission OD configuration required
[2026-05-17 12:30:32 UTC] [INFO    ] [STEP 021] Stardust: F_OD not computed (not_computable_without_mission_od_configuration); mission OD configuration required
[2026-05-17 12:30:32 UTC] [INFO    ] [STEP 021] OSIRIS-REx: F_OD not computed (not_computable_without_mission_od_configuration); mission OD configuration required
[2026-05-17 12:30:32 UTC] [INFO    ] [STEP 021] BepiColombo: F_OD not computed (not_computable_without_mission_od_configuration); mission OD configuration required
[2026-05-17 12:30:32 UTC] [INFO    ] [STEP 021] ✓ OD absorption metadata saved to /Users/matthewsmawfield/www/Temporal Equivalence Principle/TEP-EFA/results/step021_od_simulation_validation.json
[2026-05-17 12:30:32 UTC] [INFO    ] [STEP 021] F_OD values were not computed; mission OD configuration data is required.
