[2026-05-10 01:04:24 UTC] [INFO    ] [STEP 024] LOGGER INITIALIZED: step_024_cross_corpus_export (Step 024)
[2026-05-10 01:04:24 UTC] [DEBUG   ] [STEP 024] Log file: /Users/matthewsmawfield/www/Temporal Equivalence Principle/TEP-EFA/logs/step_024_cross_corpus_export.log
[2026-05-10 01:04:24 UTC] [DEBUG   ] [STEP 024] Project root: /Users/matthewsmawfield/www/Temporal Equivalence Principle/TEP-EFA
[2026-05-10 01:04:24 UTC] [INFO    ] [STEP 024] ================================================================================
[2026-05-10 01:04:24 UTC] [INFO    ] [STEP 024] STEP 024: TEP CROSS-CORPUS PARAMETER EXPORT
[2026-05-10 01:04:24 UTC] [INFO    ] [STEP 024] ================================================================================
[2026-05-10 01:04:24 UTC] [INFO    ] [STEP 024] Extracting verified constants across EFA steps...
[2026-05-10 01:04:24 UTC] [DEBUG   ] [STEP 024] 
[2026-05-10 01:04:24 UTC] [DEBUG   ] [STEP 024] ================================================================================
[2026-05-10 01:04:24 UTC] [DEBUG   ] [STEP 024] SECTION: EXPORT SUMMARY
[2026-05-10 01:04:24 UTC] [DEBUG   ] [STEP 024] ================================================================================
[2026-05-10 01:04:24 UTC] [INFO    ] [STEP 024] Export targets formatted:
[2026-05-10 01:04:24 UTC] [INFO    ] [STEP 024]  -> CLASS/CAMB (Cosmological Solvers)
[2026-05-10 01:04:24 UTC] [INFO    ] [STEP 024]  -> Gaia DR3 (Wide Binary Environment)
[2026-05-10 01:04:24 UTC] [INFO    ] [STEP 024] ✓ Final Manifest Saved: /Users/matthewsmawfield/www/Temporal Equivalence Principle/TEP-EFA/results/tep_universal_constants_manifest.json
[2026-05-10 01:04:24 UTC] [INFO    ] [STEP 024]   Output: tep_universal_constants_manifest.json (Cross-corpus universal constants manifest)
[2026-05-10 01:04:24 UTC] [INFO    ] [STEP 024] 
[2026-05-10 01:04:24 UTC] [INFO    ] [STEP 024] ================================================================================
[2026-05-10 01:04:24 UTC] [INFO    ] [STEP 024] STEP SUMMARY: step_024_cross_corpus_export
[2026-05-10 01:04:24 UTC] [INFO    ] [STEP 024] ================================================================================
[2026-05-10 01:04:24 UTC] [INFO    ] [STEP 024] Step Number: 024
[2026-05-10 01:04:24 UTC] [INFO    ] [STEP 024] Status: SUCCESS
[2026-05-10 01:04:24 UTC] [INFO    ] [STEP 024] Duration: 0.00s
[2026-05-10 01:04:24 UTC] [INFO    ] [STEP 024] Calculations Logged: 0
[2026-05-10 01:04:24 UTC] [INFO    ] [STEP 024] Output Files: 1
[2026-05-10 01:04:24 UTC] [INFO    ] [STEP 024] Log file: /Users/matthewsmawfield/www/Temporal Equivalence Principle/TEP-EFA/logs/step_024_cross_corpus_export.log
[2026-05-10 01:04:24 UTC] [INFO    ] [STEP 024] 
[2026-05-10 01:04:24 UTC] [INFO    ] [STEP 024] Generated 1 output file(s):
[2026-05-10 01:04:24 UTC] [INFO    ] [STEP 024]   • tep_universal_constants_manifest.json: 6.02 KB - Cross-corpus universal constants manifest
[2026-05-10 01:04:24 UTC] [INFO    ] [STEP 024] ================================================================================
[2026-05-10 01:04:24 UTC] [INFO    ] [STEP 024] STEP 024 COMPLETE: SUCCESS
[2026-05-10 01:04:24 UTC] [INFO    ] [STEP 024] Provenance data saved to /Users/matthewsmawfield/www/Temporal Equivalence Principle/TEP-EFA/results/provenance/step_024_cross_corpus_export_provenance.json
[2026-05-09 22:04:24 UTC] [INFO    ] [STEP 024] 
[2026-05-09 22:04:24 UTC] [INFO    ] [STEP 024] ================================================================================
[2026-05-09 22:04:24 UTC] [INFO    ] [STEP 024] EXECUTIVE SUMMARY
[2026-05-09 22:04:24 UTC] [INFO    ] [STEP 024] ================================================================================
[2026-05-09 22:04:24 UTC] [INFO    ] [STEP 024] Step: step_024_cross_corpus_export (Step 024)
[2026-05-09 22:04:24 UTC] [INFO    ] [STEP 024] Status: SUCCESS
[2026-05-09 22:04:24 UTC] [INFO    ] [STEP 024] Duration: 0.00s
[2026-05-09 22:04:24 UTC] [INFO    ] [STEP 024] Calculations: 0
[2026-05-09 22:04:24 UTC] [INFO    ] [STEP 024] Output Files: 1
[2026-05-09 22:04:24 UTC] [INFO    ] [STEP 024] Key Outputs:
[2026-05-09 22:04:24 UTC] [INFO    ] [STEP 024]   - tep_universal_constants_manifest.json (6.02 KB)
[2026-05-09 22:04:24 UTC] [INFO    ] [STEP 024] ================================================================================
