[2026-05-16 18:32:39 UTC] [INFO    ] [STEP 042] LOGGER INITIALIZED: step_042_time_resolved_cosmography (Step 042)
[2026-05-16 18:32:39 UTC] [DEBUG   ] [STEP 042] Log file: /Users/matthewsmawfield/www/Temporal Equivalence Principle/TEP-EFA/logs/step_042_time_resolved_cosmography.log
[2026-05-16 18:32:39 UTC] [DEBUG   ] [STEP 042] Project root: /Users/matthewsmawfield/www/Temporal Equivalence Principle/TEP-EFA
[2026-05-16 18:32:39 UTC] [INFO    ] [STEP 042] ================================================================================
[2026-05-16 18:32:39 UTC] [INFO    ] [STEP 042] STEP 042: TIME-RESOLVED COSMOGRAPHIC GEOMETRY ALONG FLYBY ARCS
[2026-05-16 18:32:39 UTC] [INFO    ] [STEP 042] ================================================================================
[2026-05-16 18:32:39 UTC] [INFO    ] [STEP 042] Using Earth/Sun ephemeris from Astropy (TEP_SOLAR_SYSTEM_EPHEMERIS='de440') and the same CMB/solar modulation functions as Step 040.
[2026-05-16 18:32:39 UTC] [DEBUG   ] [STEP 042] 
[2026-05-16 18:32:39 UTC] [DEBUG   ] [STEP 042] --- BepiColombo ---
[2026-05-16 18:32:39 UTC] [INFO    ] [STEP 042]   Arc epochs: 4320
[2026-05-16 18:32:41 UTC] [INFO    ] [STEP 042]   Peak CMB disformal enhancement vs perigee: +43.53 h
[2026-05-16 18:32:41 UTC] [INFO    ] [STEP 042]   Temporal r(disformal, 1/range): -0.9336340233644098
[2026-05-16 18:32:41 UTC] [DEBUG   ] [STEP 042] 
[2026-05-16 18:32:41 UTC] [DEBUG   ] [STEP 042] --- Cassini ---
[2026-05-16 18:32:41 UTC] [INFO    ] [STEP 042]   Arc epochs: 4320
[2026-05-16 18:32:43 UTC] [INFO    ] [STEP 042]   Peak CMB disformal enhancement vs perigee: +44.52 h
[2026-05-16 18:32:43 UTC] [INFO    ] [STEP 042]   Temporal r(disformal, 1/range): -0.992089359106014
[2026-05-16 18:32:43 UTC] [DEBUG   ] [STEP 042] 
[2026-05-16 18:32:43 UTC] [DEBUG   ] [STEP 042] --- Galileo_1990 ---
[2026-05-16 18:32:43 UTC] [INFO    ] [STEP 042]   Arc epochs: 4320
[2026-05-16 18:32:44 UTC] [INFO    ] [STEP 042]   Peak CMB disformal enhancement vs perigee: +27.40 h
[2026-05-16 18:32:44 UTC] [INFO    ] [STEP 042]   Temporal r(disformal, 1/range): -0.9454592763425079
[2026-05-16 18:32:44 UTC] [DEBUG   ] [STEP 042] 
[2026-05-16 18:32:44 UTC] [DEBUG   ] [STEP 042] --- Galileo_1992 ---
[2026-05-16 18:32:44 UTC] [INFO    ] [STEP 042]   Arc epochs: 4320
[2026-05-16 18:32:46 UTC] [INFO    ] [STEP 042]   Peak CMB disformal enhancement vs perigee: +32.82 h
[2026-05-16 18:32:46 UTC] [INFO    ] [STEP 042]   Temporal r(disformal, 1/range): -0.9409080680297957
[2026-05-16 18:32:46 UTC] [DEBUG   ] [STEP 042] 
[2026-05-16 18:32:46 UTC] [DEBUG   ] [STEP 042] --- Juno ---
[2026-05-16 18:32:46 UTC] [INFO    ] [STEP 042]   Arc epochs: 4320
[2026-05-16 18:32:47 UTC] [INFO    ] [STEP 042]   Peak CMB disformal enhancement vs perigee: +28.58 h
[2026-05-16 18:32:47 UTC] [INFO    ] [STEP 042]   Temporal r(disformal, 1/range): -0.9341239436095921
[2026-05-16 18:32:47 UTC] [DEBUG   ] [STEP 042] 
[2026-05-16 18:32:47 UTC] [DEBUG   ] [STEP 042] --- MESSENGER_2005 ---
[2026-05-16 18:32:47 UTC] [INFO    ] [STEP 042]   Arc epochs: 4320
[2026-05-16 18:32:49 UTC] [INFO    ] [STEP 042]   Peak CMB disformal enhancement vs perigee: +28.77 h
[2026-05-16 18:32:49 UTC] [INFO    ] [STEP 042]   Temporal r(disformal, 1/range): -0.8767374725114216
[2026-05-16 18:32:49 UTC] [DEBUG   ] [STEP 042] 
[2026-05-16 18:32:49 UTC] [DEBUG   ] [STEP 042] --- NEAR ---
[2026-05-16 18:32:49 UTC] [INFO    ] [STEP 042]   Arc epochs: 4320
[2026-05-16 18:32:51 UTC] [INFO    ] [STEP 042]   Peak CMB disformal enhancement vs perigee: +40.60 h
[2026-05-16 18:32:51 UTC] [INFO    ] [STEP 042]   Temporal r(disformal, 1/range): -0.9339366051141875
[2026-05-16 18:32:51 UTC] [DEBUG   ] [STEP 042] 
[2026-05-16 18:32:51 UTC] [DEBUG   ] [STEP 042] --- OSIRIS-REx ---
[2026-05-16 18:32:51 UTC] [INFO    ] [STEP 042]   Arc epochs: 4320
[2026-05-16 18:32:52 UTC] [INFO    ] [STEP 042]   Peak CMB disformal enhancement vs perigee: -40.87 h
[2026-05-16 18:32:52 UTC] [INFO    ] [STEP 042]   Temporal r(disformal, 1/range): -0.9471295676833854
[2026-05-16 18:32:52 UTC] [DEBUG   ] [STEP 042] 
[2026-05-16 18:32:52 UTC] [DEBUG   ] [STEP 042] --- Rosetta_2005 ---
[2026-05-16 18:32:52 UTC] [INFO    ] [STEP 042]   Arc epochs: 4320
[2026-05-16 18:32:54 UTC] [INFO    ] [STEP 042]   Peak CMB disformal enhancement vs perigee: -46.15 h
[2026-05-16 18:32:54 UTC] [INFO    ] [STEP 042]   Temporal r(disformal, 1/range): -0.8619140776062408
[2026-05-16 18:32:54 UTC] [DEBUG   ] [STEP 042] 
[2026-05-16 18:32:54 UTC] [DEBUG   ] [STEP 042] --- Rosetta_2007 ---
[2026-05-16 18:32:54 UTC] [INFO    ] [STEP 042]   Arc epochs: 4320
[2026-05-16 18:32:55 UTC] [INFO    ] [STEP 042]   Peak CMB disformal enhancement vs perigee: +26.98 h
[2026-05-16 18:32:55 UTC] [INFO    ] [STEP 042]   Temporal r(disformal, 1/range): -0.9207051747245971
[2026-05-16 18:32:55 UTC] [DEBUG   ] [STEP 042] 
[2026-05-16 18:32:55 UTC] [DEBUG   ] [STEP 042] --- Rosetta_2009 ---
[2026-05-16 18:32:55 UTC] [INFO    ] [STEP 042]   Arc epochs: 4320
[2026-05-16 18:32:57 UTC] [INFO    ] [STEP 042]   Peak CMB disformal enhancement vs perigee: +40.20 h
[2026-05-16 18:32:57 UTC] [INFO    ] [STEP 042]   Temporal r(disformal, 1/range): -0.9372012723508413
[2026-05-16 18:32:57 UTC] [DEBUG   ] [STEP 042] 
[2026-05-16 18:32:57 UTC] [DEBUG   ] [STEP 042] --- Stardust ---
[2026-05-16 18:32:57 UTC] [INFO    ] [STEP 042]   Arc epochs: 4320
[2026-05-16 18:32:58 UTC] [INFO    ] [STEP 042]   Peak CMB disformal enhancement vs perigee: +36.75 h
[2026-05-16 18:32:58 UTC] [INFO    ] [STEP 042]   Temporal r(disformal, 1/range): -0.9486305337348975
[2026-05-16 18:32:59 UTC] [INFO    ] [STEP 042] Pooled epoch table: step042_pooled_geometry_epochs.json (51840 rows)
[2026-05-16 18:33:01 UTC] [INFO    ] [STEP 042] 
Results saved to: /Users/matthewsmawfield/www/Temporal Equivalence Principle/TEP-EFA/results/step042_time_resolved_cosmography.json
[2026-05-16 18:33:01 UTC] [INFO    ] [STEP 042] 
[2026-05-16 18:33:01 UTC] [INFO    ] [STEP 042] ================================================================================
[2026-05-16 18:33:01 UTC] [INFO    ] [STEP 042] STEP SUMMARY: step_042_time_resolved_cosmography
[2026-05-16 18:33:01 UTC] [INFO    ] [STEP 042] ================================================================================
[2026-05-16 18:33:01 UTC] [INFO    ] [STEP 042] Step Number: 042
[2026-05-16 18:33:01 UTC] [INFO    ] [STEP 042] Status: SUCCESS
[2026-05-16 18:33:01 UTC] [INFO    ] [STEP 042] Duration: 12.00s
[2026-05-16 18:33:01 UTC] [INFO    ] [STEP 042] Calculations Logged: 0
[2026-05-16 18:33:01 UTC] [INFO    ] [STEP 042] Output Files: 0
[2026-05-16 18:33:01 UTC] [INFO    ] [STEP 042] Log file: /Users/matthewsmawfield/www/Temporal Equivalence Principle/TEP-EFA/logs/step_042_time_resolved_cosmography.log
[2026-05-16 18:33:01 UTC] [INFO    ] [STEP 042] No output files generated
[2026-05-16 18:33:01 UTC] [INFO    ] [STEP 042] ================================================================================
[2026-05-16 18:33:01 UTC] [INFO    ] [STEP 042] STEP 042 COMPLETE: SUCCESS
[2026-05-16 18:33:01 UTC] [INFO    ] [STEP 042] Provenance data saved to /Users/matthewsmawfield/www/Temporal Equivalence Principle/TEP-EFA/results/provenance/step_042_time_resolved_cosmography_provenance.json
[2026-05-16 15:33:01 UTC] [INFO    ] [STEP 042] 
[2026-05-16 15:33:01 UTC] [INFO    ] [STEP 042] ================================================================================
[2026-05-16 15:33:01 UTC] [INFO    ] [STEP 042] EXECUTIVE SUMMARY
[2026-05-16 15:33:01 UTC] [INFO    ] [STEP 042] ================================================================================
[2026-05-16 15:33:01 UTC] [INFO    ] [STEP 042] Step: step_042_time_resolved_cosmography (Step 042)
[2026-05-16 15:33:01 UTC] [INFO    ] [STEP 042] Status: SUCCESS
[2026-05-16 15:33:01 UTC] [INFO    ] [STEP 042] Duration: 12.00s
[2026-05-16 15:33:01 UTC] [INFO    ] [STEP 042] Calculations: 0
[2026-05-16 15:33:01 UTC] [INFO    ] [STEP 042] Output Files: 0
[2026-05-16 15:33:01 UTC] [INFO    ] [STEP 042] ================================================================================
