[2026-05-10 15:09:26 UTC] [INFO    ] [STEP 001] LOGGER INITIALIZED: step_001_download_spice (Step 001)
[2026-05-10 15:09:26 UTC] [DEBUG   ] [STEP 001] Log file: /Users/matthewsmawfield/www/Temporal Equivalence Principle/TEP-EFA/logs/step_001_download_spice.log
[2026-05-10 15:09:26 UTC] [DEBUG   ] [STEP 001] Project root: /Users/matthewsmawfield/www/Temporal Equivalence Principle/TEP-EFA
[2026-05-10 15:09:26 UTC] [INFO    ] [STEP 001] ================================================================================
[2026-05-10 15:09:26 UTC] [INFO    ] [STEP 001] ROSETTA 2005/2007 SPICE KERNEL DOWNLOAD
[2026-05-10 15:09:26 UTC] [INFO    ] [STEP 001] ================================================================================
[2026-05-10 15:09:26 UTC] [INFO    ] [STEP 001] Source: ESA SPICE Service
[2026-05-10 15:09:26 UTC] [INFO    ] [STEP 001] URL: https://spiftp.esac.esa.int/data/SPICE/ROSETTA/kernels/spk/
[2026-05-10 15:09:26 UTC] [INFO    ] [STEP 001] Output directory: /Users/matthewsmawfield/www/Temporal Equivalence Principle/TEP-EFA/data/raw/spice_kernels
[2026-05-10 15:09:26 UTC] [DEBUG   ] [STEP 001] 
[2026-05-10 15:09:26 UTC] [DEBUG   ] [STEP 001] ================================================================================
[2026-05-10 15:09:26 UTC] [DEBUG   ] [STEP 001] SECTION: Configuration
[2026-05-10 15:09:26 UTC] [DEBUG   ] [STEP 001] ================================================================================
[2026-05-10 15:09:26 UTC] [DEBUG   ] [STEP 001]   PARAM: ESA_SPICE_URL = https://spiftp.esac.esa.int/data/SPICE/ROSETTA/kernels/spk/
[2026-05-10 15:09:26 UTC] [DEBUG   ] [STEP 001]   PARAM: KERNEL_DIR = /Users/matthewsmawfield/www/Temporal Equivalence Principle/TEP-EFA/data/raw/spice_kernels
[2026-05-10 15:09:26 UTC] [DEBUG   ] [STEP 001]   PARAM: Number of kernels = 2
[2026-05-10 15:09:26 UTC] [DEBUG   ] [STEP 001] Created output directory: /Users/matthewsmawfield/www/Temporal Equivalence Principle/TEP-EFA/data/raw/spice_kernels
[2026-05-10 15:09:26 UTC] [INFO    ] [STEP 001] --------------------------------------------------------------------------------
[2026-05-10 15:09:26 UTC] [INFO    ] [STEP 001] Mission: Rosetta_2005
[2026-05-10 15:09:26 UTC] [INFO    ] [STEP 001] --------------------------------------------------------------------------------
[2026-05-10 15:09:26 UTC] [INFO    ] [STEP 001] Description: 1st Earth flyby (March 4, 2005)
[2026-05-10 15:09:26 UTC] [INFO    ] [STEP 001] Flyby date: 2005-03-04
[2026-05-10 15:09:26 UTC] [INFO    ] [STEP 001] Perigee altitude: 1956 km
[2026-05-10 15:09:26 UTC] [INFO    ] [STEP 001] Observed anomaly: 1.82 mm/s
[2026-05-10 15:09:26 UTC] [DEBUG   ] [STEP 001] 
[2026-05-10 15:09:26 UTC] [DEBUG   ] [STEP 001] ================================================================================
[2026-05-10 15:09:26 UTC] [DEBUG   ] [STEP 001] SECTION: Downloading Rosetta_2005
[2026-05-10 15:09:26 UTC] [DEBUG   ] [STEP 001] ================================================================================
[2026-05-10 15:09:26 UTC] [DEBUG   ] [STEP 001]   PARAM: Filename = ORER_______________00031.BSP
[2026-05-10 15:09:26 UTC] [INFO    ] [STEP 001]   → Downloading: ORER_______________00031.BSP
[2026-05-10 15:09:26 UTC] [DEBUG   ] [STEP 001]   URL: https://spiftp.esac.esa.int/data/SPICE/ROSETTA/kernels/spk/ORER_______________00031.BSP
[2026-05-10 15:09:26 UTC] [DEBUG   ] [STEP 001]   Output: /Users/matthewsmawfield/www/Temporal Equivalence Principle/TEP-EFA/data/raw/spice_kernels/ORER_______________00031.BSP
[2026-05-10 15:09:41 UTC] [INFO    ] [STEP 001] ✓ Downloaded: ORER_______________00031.BSP (467,968 bytes in 15.20s)
[2026-05-10 15:09:41 UTC] [INFO    ] [STEP 001]   Output: ORER_______________00031.BSP (SPICE BSP kernel file)
[2026-05-10 15:09:41 UTC] [INFO    ] [STEP 001] --------------------------------------------------------------------------------
[2026-05-10 15:09:41 UTC] [INFO    ] [STEP 001] Mission: Rosetta_2007
[2026-05-10 15:09:41 UTC] [INFO    ] [STEP 001] --------------------------------------------------------------------------------
[2026-05-10 15:09:41 UTC] [INFO    ] [STEP 001] Description: 2nd Earth flyby (November 13, 2007)
[2026-05-10 15:09:41 UTC] [INFO    ] [STEP 001] Flyby date: 2007-11-13
[2026-05-10 15:09:41 UTC] [INFO    ] [STEP 001] Perigee altitude: 5322 km
[2026-05-10 15:09:41 UTC] [INFO    ] [STEP 001] Observed anomaly: 0.02 mm/s
[2026-05-10 15:09:41 UTC] [DEBUG   ] [STEP 001] 
[2026-05-10 15:09:41 UTC] [DEBUG   ] [STEP 001] ================================================================================
[2026-05-10 15:09:41 UTC] [DEBUG   ] [STEP 001] SECTION: Downloading Rosetta_2007
[2026-05-10 15:09:41 UTC] [DEBUG   ] [STEP 001] ================================================================================
[2026-05-10 15:09:41 UTC] [DEBUG   ] [STEP 001]   PARAM: Filename = ORFR_______________00067.BSP
[2026-05-10 15:09:41 UTC] [INFO    ] [STEP 001]   → Downloading: ORFR_______________00067.BSP
[2026-05-10 15:09:41 UTC] [DEBUG   ] [STEP 001]   URL: https://spiftp.esac.esa.int/data/SPICE/ROSETTA/kernels/spk/ORFR_______________00067.BSP
[2026-05-10 15:09:41 UTC] [DEBUG   ] [STEP 001]   Output: /Users/matthewsmawfield/www/Temporal Equivalence Principle/TEP-EFA/data/raw/spice_kernels/ORFR_______________00067.BSP
[2026-05-10 15:10:17 UTC] [INFO    ] [STEP 001] ✓ Downloaded: ORFR_______________00067.BSP (2,164,736 bytes in 35.93s)
[2026-05-10 15:10:17 UTC] [INFO    ] [STEP 001]   Output: ORFR_______________00067.BSP (SPICE BSP kernel file)
[2026-05-10 15:10:17 UTC] [DEBUG   ] [STEP 001] 
[2026-05-10 15:10:17 UTC] [DEBUG   ] [STEP 001] ================================================================================
[2026-05-10 15:10:17 UTC] [DEBUG   ] [STEP 001] SECTION: DOWNLOAD SUMMARY
[2026-05-10 15:10:17 UTC] [DEBUG   ] [STEP 001] ================================================================================
[2026-05-10 15:10:17 UTC] [INFO    ] [STEP 001] Successfully downloaded: 2/2 kernels
[2026-05-10 15:10:17 UTC] [INFO    ] [STEP 001] ✓ All kernels downloaded successfully!
[2026-05-10 15:10:17 UTC] [INFO    ] [STEP 001] Next step: Run 'step_002_spice_to_json.py' to convert BSP to JSON
[2026-05-10 15:10:17 UTC] [INFO    ] [STEP 001] 
[2026-05-10 15:10:17 UTC] [INFO    ] [STEP 001] ================================================================================
[2026-05-10 15:10:17 UTC] [INFO    ] [STEP 001] STEP SUMMARY: step_001_download_spice
[2026-05-10 15:10:17 UTC] [INFO    ] [STEP 001] ================================================================================
[2026-05-10 15:10:17 UTC] [INFO    ] [STEP 001] Step Number: 001
[2026-05-10 15:10:17 UTC] [INFO    ] [STEP 001] Status: SUCCESS
[2026-05-10 15:10:17 UTC] [INFO    ] [STEP 001] Duration: 51.13s
[2026-05-10 15:10:17 UTC] [INFO    ] [STEP 001] Calculations Logged: 0
[2026-05-10 15:10:17 UTC] [INFO    ] [STEP 001] Output Files: 2
[2026-05-10 15:10:17 UTC] [INFO    ] [STEP 001] Log file: /Users/matthewsmawfield/www/Temporal Equivalence Principle/TEP-EFA/logs/step_001_download_spice.log
[2026-05-10 15:10:17 UTC] [INFO    ] [STEP 001] 
[2026-05-10 15:10:17 UTC] [INFO    ] [STEP 001] Generated 2 output file(s):
[2026-05-10 15:10:17 UTC] [INFO    ] [STEP 001]   • ORER_______________00031.BSP: 457.00 KB - SPICE BSP kernel file
[2026-05-10 15:10:17 UTC] [INFO    ] [STEP 001]   • ORFR_______________00067.BSP: 2114.00 KB - SPICE BSP kernel file
[2026-05-10 15:10:17 UTC] [INFO    ] [STEP 001] ================================================================================
[2026-05-10 15:10:17 UTC] [INFO    ] [STEP 001] STEP 001 COMPLETE: SUCCESS
[2026-05-10 15:10:17 UTC] [INFO    ] [STEP 001] Provenance data saved to /Users/matthewsmawfield/www/Temporal Equivalence Principle/TEP-EFA/results/provenance/step_001_download_spice_provenance.json
[2026-05-10 12:10:17 UTC] [INFO    ] [STEP 001] 
[2026-05-10 12:10:17 UTC] [INFO    ] [STEP 001] ================================================================================
[2026-05-10 12:10:17 UTC] [INFO    ] [STEP 001] EXECUTIVE SUMMARY
[2026-05-10 12:10:17 UTC] [INFO    ] [STEP 001] ================================================================================
[2026-05-10 12:10:17 UTC] [INFO    ] [STEP 001] Step: step_001_download_spice (Step 001)
[2026-05-10 12:10:17 UTC] [INFO    ] [STEP 001] Status: SUCCESS
[2026-05-10 12:10:17 UTC] [INFO    ] [STEP 001] Duration: 51.13s
[2026-05-10 12:10:17 UTC] [INFO    ] [STEP 001] Calculations: 0
[2026-05-10 12:10:17 UTC] [INFO    ] [STEP 001] Output Files: 2
[2026-05-10 12:10:17 UTC] [INFO    ] [STEP 001] Key Outputs:
[2026-05-10 12:10:17 UTC] [INFO    ] [STEP 001]   - ORER_______________00031.BSP (457.00 KB)
[2026-05-10 12:10:17 UTC] [INFO    ] [STEP 001]   - ORFR_______________00067.BSP (2114.00 KB)
[2026-05-10 12:10:17 UTC] [INFO    ] [STEP 001] ================================================================================
