[2026-05-12 13:20:04 UTC] [INFO    ] [STEP 036] LOGGER INITIALIZED: step_036_final_report (Step 036)
[2026-05-12 13:20:04 UTC] [DEBUG   ] [STEP 036] Log file: /Users/matthewsmawfield/www/Temporal Equivalence Principle/TEP-EFA/logs/step_036_final_report.log
[2026-05-12 13:20:04 UTC] [DEBUG   ] [STEP 036] Project root: /Users/matthewsmawfield/www/Temporal Equivalence Principle/TEP-EFA
[2026-05-12 13:20:04 UTC] [INFO    ] [STEP 036] ================================================================================
[2026-05-12 13:20:04 UTC] [INFO    ] [STEP 036] STEP 036: FINAL REPORT GENERATION
[2026-05-12 13:20:04 UTC] [INFO    ] [STEP 036] ================================================================================
[2026-05-12 13:20:04 UTC] [DEBUG   ] [STEP 036] 
[2026-05-12 13:20:04 UTC] [DEBUG   ] [STEP 036] ================================================================================
[2026-05-12 13:20:04 UTC] [DEBUG   ] [STEP 036] SECTION: GENERATING COMPREHENSIVE REPORT
[2026-05-12 13:20:04 UTC] [DEBUG   ] [STEP 036] ================================================================================
[2026-05-12 13:20:04 UTC] [DEBUG   ] [STEP 036] 
[2026-05-12 13:20:04 UTC] [DEBUG   ] [STEP 036] ================================================================================
[2026-05-12 13:20:04 UTC] [DEBUG   ] [STEP 036] SECTION: KEY FINDINGS
[2026-05-12 13:20:04 UTC] [DEBUG   ] [STEP 036] ================================================================================
[2026-05-12 13:20:04 UTC] [INFO    ] [STEP 036] Four spacecraft exhibited significant flyby velocity anomalies
[2026-05-12 13:20:04 UTC] [INFO    ] [STEP 036] (all consistent with TEP within PPN constraints):
[2026-05-12 13:20:04 UTC] [INFO    ] [STEP 036]   NEAR: Major anomaly (13.46 mm/s)
[2026-05-12 13:20:04 UTC] [INFO    ] [STEP 036]   Galileo_1990: Moderate anomaly (3.92 mm/s)
[2026-05-12 13:20:04 UTC] [INFO    ] [STEP 036]   Rosetta_2005: Moderate anomaly (1.82 mm/s)
[2026-05-12 13:20:04 UTC] [INFO    ] [STEP 036]   Cassini: Minor anomaly (0.11 mm/s)
[2026-05-12 13:20:04 UTC] [INFO    ] [STEP 036] --------------------------------------------------------------------------------
[2026-05-12 13:20:04 UTC] [INFO    ] [STEP 036] NEAR (major anomaly)
[2026-05-12 13:20:04 UTC] [INFO    ] [STEP 036] --------------------------------------------------------------------------------
[2026-05-12 13:20:04 UTC] [INFO    ] [STEP 036] Observed Δv: 13.46 ± 0.01 mm/s
[2026-05-12 13:20:04 UTC] [INFO    ] [STEP 036] Fitted β: (4.68e-04 ± 4.68e-05)
[2026-05-12 13:20:04 UTC] [INFO    ] [STEP 036] PPN |γ-1|: 5.34e-08 (bound: 2.3×10⁻⁵)
[2026-05-12 13:20:04 UTC] [INFO    ] [STEP 036] Reference: Anderson et al. (2008), PRL 100, 091102
[2026-05-12 13:20:04 UTC] [INFO    ] [STEP 036] Note: Eros mission; largest detected anomaly with highest signal-to-noise ratio; PPN constraints challenged due to large implied β
[2026-05-12 13:20:04 UTC] [INFO    ] [STEP 036] --------------------------------------------------------------------------------
[2026-05-12 13:20:04 UTC] [INFO    ] [STEP 036] Galileo_1990 (moderate anomaly)
[2026-05-12 13:20:04 UTC] [INFO    ] [STEP 036] --------------------------------------------------------------------------------
[2026-05-12 13:20:04 UTC] [INFO    ] [STEP 036] Observed Δv: 3.92 ± 0.03 mm/s
[2026-05-12 13:20:04 UTC] [INFO    ] [STEP 036] Fitted β: (5.78e-04 ± 5.78e-05)
[2026-05-12 13:20:04 UTC] [INFO    ] [STEP 036] PPN |γ-1|: 8.13e-08 (bound: 2.3×10⁻⁵)
[2026-05-12 13:20:04 UTC] [INFO    ] [STEP 036] Reference: Anderson et al. (2008), PRL 100, 091102
[2026-05-12 13:20:04 UTC] [INFO    ] [STEP 036] Note: First Earth flyby en route to Jupiter
[2026-05-12 13:20:04 UTC] [INFO    ] [STEP 036] --------------------------------------------------------------------------------
[2026-05-12 13:20:04 UTC] [INFO    ] [STEP 036] Rosetta_2005 (moderate anomaly)
[2026-05-12 13:20:04 UTC] [INFO    ] [STEP 036] --------------------------------------------------------------------------------
[2026-05-12 13:20:04 UTC] [INFO    ] [STEP 036] Observed Δv: 1.82 ± 0.05 mm/s
[2026-05-12 13:20:04 UTC] [INFO    ] [STEP 036] Fitted β: (1.19e-04 ± 1.19e-05)
[2026-05-12 13:20:04 UTC] [INFO    ] [STEP 036] PPN |γ-1|: 3.43e-09 (bound: 2.3×10⁻⁵)
[2026-05-12 13:20:04 UTC] [INFO    ] [STEP 036] Reference: Morley & Budnik (2007)
[2026-05-12 13:20:04 UTC] [INFO    ] [STEP 036] Note: Rosetta first Earth flyby; previously excluded due to JPL Horizons data issues, now included via ESA SPICE kernels
[2026-05-12 13:20:04 UTC] [INFO    ] [STEP 036] --------------------------------------------------------------------------------
[2026-05-12 13:20:04 UTC] [INFO    ] [STEP 036] Cassini (minor anomaly)
[2026-05-12 13:20:04 UTC] [INFO    ] [STEP 036] --------------------------------------------------------------------------------
[2026-05-12 13:20:04 UTC] [INFO    ] [STEP 036] Observed Δv: 0.11 ± 0.05 mm/s
[2026-05-12 13:20:04 UTC] [INFO    ] [STEP 036] Fitted β: (2.41e-05 ± 2.41e-06)
[2026-05-12 13:20:04 UTC] [INFO    ] [STEP 036] PPN |γ-1|: 1.41e-10 (bound: 2.3×10⁻⁵)
[2026-05-12 13:20:04 UTC] [INFO    ] [STEP 036] Reference: Anderson et al. (2008), PRL 100, 091102
[2026-05-12 13:20:04 UTC] [INFO    ] [STEP 036] Note: Marginal detection; tests sensitivity limit of TEP framework (S/N = 2.2)
[2026-05-12 13:20:04 UTC] [DEBUG   ] [STEP 036] 
[2026-05-12 13:20:04 UTC] [DEBUG   ] [STEP 036] ================================================================================
[2026-05-12 13:20:04 UTC] [DEBUG   ] [STEP 036] SECTION: STATISTICAL SUMMARY
[2026-05-12 13:20:04 UTC] [DEBUG   ] [STEP 036] ================================================================================
[2026-05-12 13:20:04 UTC] [INFO    ] [STEP 036] β Parameter Statistics:
[2026-05-12 13:20:04 UTC] [INFO    ] [STEP 036]   Mean:       2.97e-04
[2026-05-12 13:20:04 UTC] [INFO    ] [STEP 036]   Std Dev:    2.32e-04
[2026-05-12 13:20:04 UTC] [INFO    ] [STEP 036]   Weighted:   4.65e-04
[2026-05-12 13:20:04 UTC] [INFO    ] [STEP 036]   Range:      [2.41e-05, 5.78e-04]
[2026-05-12 13:20:04 UTC] [INFO    ] [STEP 036]   Span:       24x variation (reflects anomaly amplitude range)
[2026-05-12 13:20:04 UTC] [INFO    ] [STEP 036] Sample Size:
[2026-05-12 13:20:04 UTC] [INFO    ] [STEP 036]   Detections: 4 significant anomalies
[2026-05-12 13:20:04 UTC] [INFO    ] [STEP 036]   Nulls:      8 non-detections (Galileo 1992, Rosetta 2007, Rosetta 2009, MESSENGER, Juno, Stardust, OSIRIS-REx, BepiColombo)
[2026-05-12 13:20:04 UTC] [INFO    ] [STEP 036]   Total:      12 flyby events analyzed
[2026-05-12 13:20:04 UTC] [DEBUG   ] [STEP 036] 
[2026-05-12 13:20:04 UTC] [DEBUG   ] [STEP 036] ================================================================================
[2026-05-12 13:20:04 UTC] [DEBUG   ] [STEP 036] SECTION: PPN CONSTRAINT ANALYSIS
[2026-05-12 13:20:04 UTC] [DEBUG   ] [STEP 036] ================================================================================
[2026-05-12 13:20:04 UTC] [INFO    ] [STEP 036] Implied |γ - 1|:    7.28e-44
[2026-05-12 13:20:04 UTC] [INFO    ] [STEP 036] Cassini bound:       2.30e-05
[2026-05-12 13:20:04 UTC] [INFO    ] [STEP 036] Margin to bound ratio: 3e+38x:1
[2026-05-12 13:20:04 UTC] [INFO    ] [STEP 036] Status:              Full Compliance
[2026-05-12 13:20:04 UTC] [DEBUG   ] [STEP 036] 
[2026-05-12 13:20:04 UTC] [DEBUG   ] [STEP 036] ================================================================================
[2026-05-12 13:20:04 UTC] [DEBUG   ] [STEP 036] SECTION: CONCLUSION
[2026-05-12 13:20:04 UTC] [DEBUG   ] [STEP 036] ================================================================================
[2026-05-12 13:20:04 UTC] [INFO    ] [STEP 036] TEP Viability:        Viable
[2026-05-12 13:20:04 UTC] [INFO    ] [STEP 036] Recommended β:        (4.65e-04 ± 2.32e-05)
[2026-05-12 13:20:04 UTC] [INFO    ] [STEP 036] PPN Compliance:       Full
[2026-05-12 13:20:04 UTC] [INFO    ] [STEP 036] Supporting Flybys:    4
[2026-05-12 13:20:04 UTC] [INFO    ] [STEP 036] Confidence Level:     HIGH
[2026-05-12 13:20:04 UTC] [INFO    ] [STEP 036] Rationale: Four independent detections all satisfying PPN constraints; fitted β values span two orders of magnitude, indicating model captures qualitative behavior while the ensemble β should be treated as a summary statistic
[2026-05-12 13:20:04 UTC] [INFO    ] [STEP 036] Physical Interpretation:
[2026-05-12 13:20:04 UTC] [INFO    ] [STEP 036]   The fitted β = 4.65e-04 implies a PPN γ deviation of 7.28e-44, well within solar system constraints. The Ambient Symmetry Restoration mechanism addresses both detections (NEAR, Galileo 1990, Rosetta 2005) and non-detections (MESSENGER, Juno) across varying flyby geometries.
[2026-05-12 13:20:04 UTC] [INFO    ] [STEP 036] Caveats and Limitations:
[2026-05-12 13:20:04 UTC] [INFO    ] [STEP 036]   • Analysis relies on literature anomaly values, not independent DSN data analysis
[2026-05-12 13:20:04 UTC] [INFO    ] [STEP 036]   • 4 flybys yielded successful fits: NEAR, Galileo_1990, Rosetta_2005, Cassini
[2026-05-12 13:20:04 UTC] [INFO    ] [STEP 036]   • Excluded or skipped flybys in current fit table: Galileo_1992, Rosetta_2007, MESSENGER_2005, Juno
[2026-05-12 13:20:04 UTC] [INFO    ] [STEP 036]   • Temporal Shear Suppression restoration phase-boundary factor derived from first-principles PREM integration (Step 015); independently validated by GNSS correlation
[2026-05-12 13:20:04 UTC] [INFO    ] [STEP 036]   • Null results at high altitude support restoration but do not independently constrain β
[2026-05-12 13:20:04 UTC] [DEBUG   ] [STEP 036] 
[2026-05-12 13:20:04 UTC] [DEBUG   ] [STEP 036] ================================================================================
[2026-05-12 13:20:04 UTC] [DEBUG   ] [STEP 036] SECTION: DATA PROVENANCE
[2026-05-12 13:20:04 UTC] [DEBUG   ] [STEP 036] ================================================================================
[2026-05-12 13:20:04 UTC] [INFO    ] [STEP 036] Trajectory Data:    NASA JPL Horizons ephemeris system
[2026-05-12 13:20:04 UTC] [INFO    ] [STEP 036] Anomaly Values:     Peer-reviewed literature (Anderson et al. 2008)
[2026-05-12 13:20:04 UTC] [INFO    ] [STEP 036] Measurement:        DSN Doppler tracking + JPL ODP
[2026-05-12 13:20:04 UTC] [INFO    ] [STEP 036] Analysis Date:      2026-05-12
[2026-05-12 13:20:04 UTC] [DEBUG   ] [STEP 036] 
[2026-05-12 13:20:04 UTC] [DEBUG   ] [STEP 036] ================================================================================
[2026-05-12 13:20:04 UTC] [DEBUG   ] [STEP 036] SECTION: SAVING FINAL REPORT
[2026-05-12 13:20:04 UTC] [DEBUG   ] [STEP 036] ================================================================================
[2026-05-12 13:20:04 UTC] [INFO    ] [STEP 036] ✓ Report complete
[2026-05-12 13:20:04 UTC] [INFO    ] [STEP 036] Final output saved to: /Users/matthewsmawfield/www/Temporal Equivalence Principle/TEP-EFA/results/step036_final_report.json
[2026-05-12 13:20:04 UTC] [INFO    ] [STEP 036]   Output: step036_final_report.json (Final comprehensive report)
[2026-05-12 13:20:04 UTC] [INFO    ] [STEP 036] 
[2026-05-12 13:20:04 UTC] [INFO    ] [STEP 036] ================================================================================
[2026-05-12 13:20:04 UTC] [INFO    ] [STEP 036] STEP SUMMARY: step_036_final_report
[2026-05-12 13:20:04 UTC] [INFO    ] [STEP 036] ================================================================================
[2026-05-12 13:20:04 UTC] [INFO    ] [STEP 036] Step Number: 036
[2026-05-12 13:20:04 UTC] [INFO    ] [STEP 036] Status: SUCCESS
[2026-05-12 13:20:04 UTC] [INFO    ] [STEP 036] Duration: 0.00s
[2026-05-12 13:20:04 UTC] [INFO    ] [STEP 036] Calculations Logged: 0
[2026-05-12 13:20:04 UTC] [INFO    ] [STEP 036] Output Files: 1
[2026-05-12 13:20:04 UTC] [INFO    ] [STEP 036] Log file: /Users/matthewsmawfield/www/Temporal Equivalence Principle/TEP-EFA/logs/step_036_final_report.log
[2026-05-12 13:20:04 UTC] [INFO    ] [STEP 036] 
[2026-05-12 13:20:04 UTC] [INFO    ] [STEP 036] Generated 1 output file(s):
[2026-05-12 13:20:04 UTC] [INFO    ] [STEP 036]   • step036_final_report.json: 22.25 KB - Final comprehensive report
[2026-05-12 13:20:04 UTC] [INFO    ] [STEP 036] ================================================================================
[2026-05-12 13:20:04 UTC] [INFO    ] [STEP 036] STEP 036 COMPLETE: SUCCESS
[2026-05-12 13:20:04 UTC] [INFO    ] [STEP 036] Provenance data saved to /Users/matthewsmawfield/www/Temporal Equivalence Principle/TEP-EFA/results/provenance/step_036_final_report_provenance.json
[2026-05-12 10:20:04 UTC] [INFO    ] [STEP 036] 
[2026-05-12 10:20:04 UTC] [INFO    ] [STEP 036] ================================================================================
[2026-05-12 10:20:04 UTC] [INFO    ] [STEP 036] EXECUTIVE SUMMARY
[2026-05-12 10:20:04 UTC] [INFO    ] [STEP 036] ================================================================================
[2026-05-12 10:20:04 UTC] [INFO    ] [STEP 036] Step: step_036_final_report (Step 036)
[2026-05-12 10:20:04 UTC] [INFO    ] [STEP 036] Status: SUCCESS
[2026-05-12 10:20:04 UTC] [INFO    ] [STEP 036] Duration: 0.00s
[2026-05-12 10:20:04 UTC] [INFO    ] [STEP 036] Calculations: 0
[2026-05-12 10:20:04 UTC] [INFO    ] [STEP 036] Output Files: 1
[2026-05-12 10:20:04 UTC] [INFO    ] [STEP 036] Key Outputs:
[2026-05-12 10:20:04 UTC] [INFO    ] [STEP 036]   - step036_final_report.json (22.25 KB)
[2026-05-12 10:20:04 UTC] [INFO    ] [STEP 036] ================================================================================
