[2026-05-10 01:04:24 UTC] [INFO    ] [STEP 006] LOGGER INITIALIZED: step_006_report (Step 006)
[2026-05-10 01:04:24 UTC] [DEBUG   ] [STEP 006] Log file: /Users/matthewsmawfield/www/Temporal Equivalence Principle/TEP-EFA/logs/step_006_report.log
[2026-05-10 01:04:24 UTC] [DEBUG   ] [STEP 006] Project root: /Users/matthewsmawfield/www/Temporal Equivalence Principle/TEP-EFA
[2026-05-10 01:04:24 UTC] [INFO    ] [STEP 006] ================================================================================
[2026-05-10 01:04:24 UTC] [INFO    ] [STEP 006] STEP 006: FINAL REPORT GENERATION
[2026-05-10 01:04:24 UTC] [INFO    ] [STEP 006] ================================================================================
[2026-05-10 01:04:24 UTC] [DEBUG   ] [STEP 006] 
[2026-05-10 01:04:24 UTC] [DEBUG   ] [STEP 006] ================================================================================
[2026-05-10 01:04:24 UTC] [DEBUG   ] [STEP 006] SECTION: GENERATING COMPREHENSIVE REPORT
[2026-05-10 01:04:24 UTC] [DEBUG   ] [STEP 006] ================================================================================
[2026-05-10 01:04:24 UTC] [DEBUG   ] [STEP 006] 
[2026-05-10 01:04:24 UTC] [DEBUG   ] [STEP 006] ================================================================================
[2026-05-10 01:04:24 UTC] [DEBUG   ] [STEP 006] SECTION: KEY FINDINGS
[2026-05-10 01:04:24 UTC] [DEBUG   ] [STEP 006] ================================================================================
[2026-05-10 01:04:24 UTC] [INFO    ] [STEP 006] Four spacecraft exhibited significant flyby velocity anomalies
[2026-05-10 01:04:24 UTC] [INFO    ] [STEP 006] (all consistent with TEP within PPN constraints):
[2026-05-10 01:04:24 UTC] [INFO    ] [STEP 006]   NEAR: Major anomaly (13.46 mm/s)
[2026-05-10 01:04:24 UTC] [INFO    ] [STEP 006]   Galileo_1990: Moderate anomaly (3.92 mm/s)
[2026-05-10 01:04:24 UTC] [INFO    ] [STEP 006]   Rosetta_2005: Moderate anomaly (1.82 mm/s)
[2026-05-10 01:04:24 UTC] [INFO    ] [STEP 006]   Cassini: Minor anomaly (0.11 mm/s)
[2026-05-10 01:04:24 UTC] [INFO    ] [STEP 006] --------------------------------------------------------------------------------
[2026-05-10 01:04:24 UTC] [INFO    ] [STEP 006] NEAR (major anomaly)
[2026-05-10 01:04:24 UTC] [INFO    ] [STEP 006] --------------------------------------------------------------------------------
[2026-05-10 01:04:24 UTC] [INFO    ] [STEP 006] Observed Δv: 13.46 ± 0.01 mm/s
[2026-05-10 01:04:24 UTC] [INFO    ] [STEP 006] Fitted β: (4.67e-04 ± 4.67e-05)
[2026-05-10 01:04:24 UTC] [INFO    ] [STEP 006] PPN |γ-1|: 7.36e-44 (bound: 2.3×10⁻⁵)
[2026-05-10 01:04:24 UTC] [INFO    ] [STEP 006] Reference: Anderson et al. (2008), PRL 100, 091102
[2026-05-10 01:04:24 UTC] [INFO    ] [STEP 006] Note: Eros mission; largest detected anomaly with highest signal-to-noise ratio; PPN constraints challenged due to large implied β
[2026-05-10 01:04:24 UTC] [INFO    ] [STEP 006] --------------------------------------------------------------------------------
[2026-05-10 01:04:24 UTC] [INFO    ] [STEP 006] Galileo_1990 (moderate anomaly)
[2026-05-10 01:04:24 UTC] [INFO    ] [STEP 006] --------------------------------------------------------------------------------
[2026-05-10 01:04:24 UTC] [INFO    ] [STEP 006] Observed Δv: 3.92 ± 0.03 mm/s
[2026-05-10 01:04:24 UTC] [INFO    ] [STEP 006] Fitted β: (5.76e-04 ± 5.76e-05)
[2026-05-10 01:04:24 UTC] [INFO    ] [STEP 006] PPN |γ-1|: 1.12e-43 (bound: 2.3×10⁻⁵)
[2026-05-10 01:04:24 UTC] [INFO    ] [STEP 006] Reference: Anderson et al. (2008), PRL 100, 091102
[2026-05-10 01:04:24 UTC] [INFO    ] [STEP 006] Note: First Earth flyby en route to Jupiter
[2026-05-10 01:04:24 UTC] [INFO    ] [STEP 006] --------------------------------------------------------------------------------
[2026-05-10 01:04:24 UTC] [INFO    ] [STEP 006] Rosetta_2005 (moderate anomaly)
[2026-05-10 01:04:24 UTC] [INFO    ] [STEP 006] --------------------------------------------------------------------------------
[2026-05-10 01:04:24 UTC] [INFO    ] [STEP 006] Observed Δv: 1.82 ± 0.05 mm/s
[2026-05-10 01:04:24 UTC] [INFO    ] [STEP 006] Fitted β: (1.18e-04 ± 1.18e-05)
[2026-05-10 01:04:24 UTC] [INFO    ] [STEP 006] PPN |γ-1|: 4.73e-45 (bound: 2.3×10⁻⁵)
[2026-05-10 01:04:24 UTC] [INFO    ] [STEP 006] Reference: Morley & Budnik (2007)
[2026-05-10 01:04:24 UTC] [INFO    ] [STEP 006] Note: Rosetta first Earth flyby; previously excluded due to JPL Horizons data issues, now included via ESA SPICE kernels
[2026-05-10 01:04:24 UTC] [INFO    ] [STEP 006] --------------------------------------------------------------------------------
[2026-05-10 01:04:24 UTC] [INFO    ] [STEP 006] Cassini (minor anomaly)
[2026-05-10 01:04:24 UTC] [INFO    ] [STEP 006] --------------------------------------------------------------------------------
[2026-05-10 01:04:24 UTC] [INFO    ] [STEP 006] Observed Δv: 0.11 ± 0.05 mm/s
[2026-05-10 01:04:24 UTC] [INFO    ] [STEP 006] Fitted β: (2.40e-05 ± 2.40e-06)
[2026-05-10 01:04:24 UTC] [INFO    ] [STEP 006] PPN |γ-1|: 1.94e-46 (bound: 2.3×10⁻⁵)
[2026-05-10 01:04:24 UTC] [INFO    ] [STEP 006] Reference: Anderson et al. (2008), PRL 100, 091102
[2026-05-10 01:04:24 UTC] [INFO    ] [STEP 006] Note: Marginal detection; tests sensitivity limit of TEP framework (S/N = 2.2)
[2026-05-10 01:04:24 UTC] [DEBUG   ] [STEP 006] 
[2026-05-10 01:04:24 UTC] [DEBUG   ] [STEP 006] ================================================================================
[2026-05-10 01:04:24 UTC] [DEBUG   ] [STEP 006] SECTION: STATISTICAL SUMMARY
[2026-05-10 01:04:24 UTC] [DEBUG   ] [STEP 006] ================================================================================
[2026-05-10 01:04:24 UTC] [INFO    ] [STEP 006] β Parameter Statistics:
[2026-05-10 01:04:24 UTC] [INFO    ] [STEP 006]   Mean:       2.96e-04
[2026-05-10 01:04:24 UTC] [INFO    ] [STEP 006]   Std Dev:    2.31e-04
[2026-05-10 01:04:24 UTC] [INFO    ] [STEP 006]   Weighted:   4.64e-04
[2026-05-10 01:04:24 UTC] [INFO    ] [STEP 006]   Range:      [2.40e-05, 5.76e-04]
[2026-05-10 01:04:24 UTC] [INFO    ] [STEP 006]   Span:       24x variation (reflects anomaly amplitude range)
[2026-05-10 01:04:24 UTC] [INFO    ] [STEP 006] Sample Size:
[2026-05-10 01:04:24 UTC] [INFO    ] [STEP 006]   Detections: 4 significant anomalies
[2026-05-10 01:04:24 UTC] [INFO    ] [STEP 006]   Nulls:      8 non-detections (Galileo 1992, Rosetta 2007, Rosetta 2009, MESSENGER, Juno, Stardust, OSIRIS-REx, BepiColombo)
[2026-05-10 01:04:24 UTC] [INFO    ] [STEP 006]   Total:      12 flyby events analyzed
[2026-05-10 01:04:24 UTC] [DEBUG   ] [STEP 006] 
[2026-05-10 01:04:24 UTC] [DEBUG   ] [STEP 006] ================================================================================
[2026-05-10 01:04:24 UTC] [DEBUG   ] [STEP 006] SECTION: PPN CONSTRAINT ANALYSIS
[2026-05-10 01:04:24 UTC] [DEBUG   ] [STEP 006] ================================================================================
[2026-05-10 01:04:24 UTC] [INFO    ] [STEP 006] Implied |γ - 1|:    7.25e-44
[2026-05-10 01:04:24 UTC] [INFO    ] [STEP 006] Cassini bound:       2.30e-05
[2026-05-10 01:04:24 UTC] [INFO    ] [STEP 006] Margin to bound ratio: 3e+38x:1
[2026-05-10 01:04:24 UTC] [INFO    ] [STEP 006] Status:              Full Compliance
[2026-05-10 01:04:24 UTC] [DEBUG   ] [STEP 006] 
[2026-05-10 01:04:24 UTC] [DEBUG   ] [STEP 006] ================================================================================
[2026-05-10 01:04:24 UTC] [DEBUG   ] [STEP 006] SECTION: CONCLUSION
[2026-05-10 01:04:24 UTC] [DEBUG   ] [STEP 006] ================================================================================
[2026-05-10 01:04:24 UTC] [INFO    ] [STEP 006] TEP Viability:        Viable
[2026-05-10 01:04:24 UTC] [INFO    ] [STEP 006] Recommended β:        (4.64e-04 ± 2.32e-05)
[2026-05-10 01:04:24 UTC] [INFO    ] [STEP 006] PPN Compliance:       Full
[2026-05-10 01:04:24 UTC] [INFO    ] [STEP 006] Supporting Flybys:    4
[2026-05-10 01:04:24 UTC] [INFO    ] [STEP 006] Confidence Level:     HIGH
[2026-05-10 01:04:24 UTC] [INFO    ] [STEP 006] Rationale: Four independent detections all satisfying PPN constraints; fitted β values span two orders of magnitude, indicating model captures qualitative behavior while the ensemble β should be treated as a summary statistic
[2026-05-10 01:04:24 UTC] [INFO    ] [STEP 006] Physical Interpretation:
[2026-05-10 01:04:24 UTC] [INFO    ] [STEP 006]   The fitted β = 4.64e-04 implies a PPN γ deviation of 7.25e-44, well within solar system constraints. The Ambient Symmetry Restoration mechanism addresses both detections (NEAR, Galileo 1990, Rosetta 2005) and non-detections (MESSENGER, Juno) across varying flyby geometries.
[2026-05-10 01:04:24 UTC] [INFO    ] [STEP 006] Caveats and Limitations:
[2026-05-10 01:04:24 UTC] [INFO    ] [STEP 006]   • Analysis relies on literature anomaly values, not independent DSN data analysis
[2026-05-10 01:04:24 UTC] [INFO    ] [STEP 006]   • 4 flybys yielded successful fits: NEAR, Galileo_1990, Rosetta_2005, Cassini
[2026-05-10 01:04:24 UTC] [INFO    ] [STEP 006]   • Excluded or skipped flybys in current fit table: Galileo_1992, Rosetta_2007, MESSENGER_2005, Juno
[2026-05-10 01:04:24 UTC] [INFO    ] [STEP 006]   • Temporal Shear Suppression restoration phase-boundary factor derived from first-principles PREM integration (Step 015); independently validated by GNSS correlation
[2026-05-10 01:04:24 UTC] [INFO    ] [STEP 006]   • Null results at high altitude support restoration but do not independently constrain β
[2026-05-10 01:04:24 UTC] [DEBUG   ] [STEP 006] 
[2026-05-10 01:04:24 UTC] [DEBUG   ] [STEP 006] ================================================================================
[2026-05-10 01:04:24 UTC] [DEBUG   ] [STEP 006] SECTION: DATA PROVENANCE
[2026-05-10 01:04:24 UTC] [DEBUG   ] [STEP 006] ================================================================================
[2026-05-10 01:04:24 UTC] [INFO    ] [STEP 006] Trajectory Data:    NASA JPL Horizons ephemeris system
[2026-05-10 01:04:24 UTC] [INFO    ] [STEP 006] Anomaly Values:     Peer-reviewed literature (Anderson et al. 2008)
[2026-05-10 01:04:24 UTC] [INFO    ] [STEP 006] Measurement:        DSN Doppler tracking + JPL ODP
[2026-05-10 01:04:24 UTC] [INFO    ] [STEP 006] Analysis Date:      2026-05-09
[2026-05-10 01:04:24 UTC] [DEBUG   ] [STEP 006] 
[2026-05-10 01:04:24 UTC] [DEBUG   ] [STEP 006] ================================================================================
[2026-05-10 01:04:24 UTC] [DEBUG   ] [STEP 006] SECTION: SAVING FINAL REPORT
[2026-05-10 01:04:24 UTC] [DEBUG   ] [STEP 006] ================================================================================
[2026-05-10 01:04:24 UTC] [INFO    ] [STEP 006] ✓ Report complete
[2026-05-10 01:04:24 UTC] [INFO    ] [STEP 006] Final output saved to: /Users/matthewsmawfield/www/Temporal Equivalence Principle/TEP-EFA/results/step006_final_report.json
[2026-05-10 01:04:24 UTC] [INFO    ] [STEP 006]   Output: step006_final_report.json (Final comprehensive report)
[2026-05-10 01:04:24 UTC] [INFO    ] [STEP 006] 
[2026-05-10 01:04:24 UTC] [INFO    ] [STEP 006] ================================================================================
[2026-05-10 01:04:24 UTC] [INFO    ] [STEP 006] STEP SUMMARY: step_006_report
[2026-05-10 01:04:24 UTC] [INFO    ] [STEP 006] ================================================================================
[2026-05-10 01:04:24 UTC] [INFO    ] [STEP 006] Step Number: 006
[2026-05-10 01:04:24 UTC] [INFO    ] [STEP 006] Status: SUCCESS
[2026-05-10 01:04:24 UTC] [INFO    ] [STEP 006] Duration: 0.00s
[2026-05-10 01:04:24 UTC] [INFO    ] [STEP 006] Calculations Logged: 0
[2026-05-10 01:04:24 UTC] [INFO    ] [STEP 006] Output Files: 1
[2026-05-10 01:04:24 UTC] [INFO    ] [STEP 006] Log file: /Users/matthewsmawfield/www/Temporal Equivalence Principle/TEP-EFA/logs/step_006_report.log
[2026-05-10 01:04:24 UTC] [INFO    ] [STEP 006] 
[2026-05-10 01:04:24 UTC] [INFO    ] [STEP 006] Generated 1 output file(s):
[2026-05-10 01:04:24 UTC] [INFO    ] [STEP 006]   • step006_final_report.json: 22.12 KB - Final comprehensive report
[2026-05-10 01:04:24 UTC] [INFO    ] [STEP 006] ================================================================================
[2026-05-10 01:04:24 UTC] [INFO    ] [STEP 006] STEP 006 COMPLETE: SUCCESS
[2026-05-10 01:04:24 UTC] [INFO    ] [STEP 006] Provenance data saved to /Users/matthewsmawfield/www/Temporal Equivalence Principle/TEP-EFA/results/provenance/step_006_report_provenance.json
[2026-05-09 22:04:24 UTC] [INFO    ] [STEP 006] 
[2026-05-09 22:04:24 UTC] [INFO    ] [STEP 006] ================================================================================
[2026-05-09 22:04:24 UTC] [INFO    ] [STEP 006] EXECUTIVE SUMMARY
[2026-05-09 22:04:24 UTC] [INFO    ] [STEP 006] ================================================================================
[2026-05-09 22:04:24 UTC] [INFO    ] [STEP 006] Step: step_006_report (Step 006)
[2026-05-09 22:04:24 UTC] [INFO    ] [STEP 006] Status: SUCCESS
[2026-05-09 22:04:24 UTC] [INFO    ] [STEP 006] Duration: 0.00s
[2026-05-09 22:04:24 UTC] [INFO    ] [STEP 006] Calculations: 0
[2026-05-09 22:04:24 UTC] [INFO    ] [STEP 006] Output Files: 1
[2026-05-09 22:04:24 UTC] [INFO    ] [STEP 006] Key Outputs:
[2026-05-09 22:04:24 UTC] [INFO    ] [STEP 006]   - step006_final_report.json (22.12 KB)
[2026-05-09 22:04:24 UTC] [INFO    ] [STEP 006] ================================================================================
