[2026-05-10 01:02:44 UTC] [INFO    ] [STEP 035] LOGGER INITIALIZED: step_035_mission_od (Step 035)
[2026-05-10 01:02:44 UTC] [DEBUG   ] [STEP 035] Log file: /Users/matthewsmawfield/www/Temporal Equivalence Principle/TEP-EFA/logs/step_035_mission_od.log
[2026-05-10 01:02:44 UTC] [DEBUG   ] [STEP 035] Project root: /Users/matthewsmawfield/www/Temporal Equivalence Principle/TEP-EFA
[2026-05-10 01:02:44 UTC] [INFO    ] [STEP 035] ================================================================================
[2026-05-10 01:02:44 UTC] [INFO    ] [STEP 035] STEP 035: MISSION-SPECIFIC OD ABSORPTION
[2026-05-10 01:02:44 UTC] [INFO    ] [STEP 035] ================================================================================
[2026-05-10 01:02:44 UTC] [ERROR   ] [STEP 035] ✗ CRITICAL: F_OD cannot be computed without real mission OD configuration data
[2026-05-10 01:02:44 UTC] [ERROR   ] [STEP 035] ✗ Published literature references are available but do not contain quantitative filter parameters
[2026-05-10 01:02:44 UTC] [ERROR   ] [STEP 035] ✗ Defensible F_OD calculation requires:
[2026-05-10 01:02:44 UTC] [ERROR   ] [STEP 035] ✗   - Actual OD filter process noise covariance matrices
[2026-05-10 01:02:44 UTC] [ERROR   ] [STEP 035] ✗   - Tracking arc lengths and coverage for each flyby
[2026-05-10 01:02:44 UTC] [ERROR   ] [STEP 035] ✗   - Measurement noise models (Doppler, ranging, VLBI)
[2026-05-10 01:02:44 UTC] [ERROR   ] [STEP 035] ✗   - OD filter tuning parameters (state dimension, update intervals)
[2026-05-10 01:02:44 UTC] [ERROR   ] [STEP 035] ✗ These are only available in internal mission OD configuration files
[2026-05-10 01:02:44 UTC] [ERROR   ] [STEP 035] ✗ 
[2026-05-10 01:02:44 UTC] [ERROR   ] [STEP 035] ✗ To obtain real mission OD data:
[2026-05-10 01:02:44 UTC] [ERROR   ] [STEP 035] ✗   - Contact JPL Navigation and Ancillary Information Facility (NAIF)
[2026-05-10 01:02:44 UTC] [ERROR   ] [STEP 035] ✗   - Contact ESA Navigation and Ancillary Information Facility
[2026-05-10 01:02:44 UTC] [ERROR   ] [STEP 035] ✗   - Submit data access request with research justification
[2026-05-10 01:02:44 UTC] [ERROR   ] [STEP 035] ✗ 
[2026-05-10 01:02:44 UTC] [DEBUG   ] [STEP 035] 
[2026-05-10 01:02:44 UTC] [DEBUG   ] [STEP 035] --- AVAILABLE LITERATURE REFERENCES ---
[2026-05-10 01:02:44 UTC] [INFO    ] [STEP 035] Cassini:
[2026-05-10 01:02:44 UTC] [INFO    ] [STEP 035]   Citation: Antreasian et al. 2008, Orbit Determination Processes for Cassini-Huygens Navigation, AIAA Paper 2008-3433
[2026-05-10 01:02:44 UTC] [INFO    ] [STEP 035]   Status: Describes Cassini OD processes but does not provide quantitative filter parameters
[2026-05-10 01:02:44 UTC] [INFO    ] [STEP 035] Galileo_1990:
[2026-05-10 01:02:44 UTC] [INFO    ] [STEP 035]   Citation: Anderson et al. 1992, Space Science Reviews, Vol. 60, pp. 591-610 (includes Campbell et al.)
[2026-05-10 01:02:44 UTC] [INFO    ] [STEP 035]   Status: Describes Galileo tracking methodology but does not provide quantitative filter parameters
[2026-05-10 01:02:44 UTC] [INFO    ] [STEP 035] NEAR:
[2026-05-10 01:02:44 UTC] [INFO    ] [STEP 035]   Citation: Antreasian & Guinn 1998, AIAA/AAS Astrodynamics Specialist Conference, Paper 98-4287
[2026-05-10 01:02:44 UTC] [INFO    ] [STEP 035]   Status: Describes NEAR OD methodology but does not provide quantitative filter parameters
[2026-05-10 01:02:44 UTC] [INFO    ] [STEP 035] Rosetta_2005:
[2026-05-10 01:02:44 UTC] [INFO    ] [STEP 035]   Citation: Budnik & Morley 2007, Rosetta Navigation at Mars Swing-By, NTRS 20080012630
[2026-05-10 01:02:44 UTC] [INFO    ] [STEP 035]   Status: Describes Rosetta navigation methodology but does not provide quantitative filter parameters
[2026-05-10 01:02:44 UTC] [INFO    ] [STEP 035] Rosetta_2007:
[2026-05-10 01:02:44 UTC] [INFO    ] [STEP 035]   Citation: Budnik & Morley 2007, Rosetta Navigation at Mars Swing-By, NTRS 20080012630
[2026-05-10 01:02:44 UTC] [INFO    ] [STEP 035]   Status: Describes Rosetta navigation methodology but does not provide quantitative filter parameters
[2026-05-10 01:02:44 UTC] [INFO    ] [STEP 035] 
[2026-05-10 01:02:44 UTC] [INFO    ] [STEP 035] ================================================================================
[2026-05-10 01:02:44 UTC] [INFO    ] [STEP 035] STEP SUMMARY: step_035_mission_od
[2026-05-10 01:02:44 UTC] [INFO    ] [STEP 035] ================================================================================
[2026-05-10 01:02:44 UTC] [INFO    ] [STEP 035] Step Number: 035
[2026-05-10 01:02:44 UTC] [INFO    ] [STEP 035] Status: SUCCESS
[2026-05-10 01:02:44 UTC] [INFO    ] [STEP 035] Duration: 0.00s
[2026-05-10 01:02:44 UTC] [INFO    ] [STEP 035] Calculations Logged: 0
[2026-05-10 01:02:44 UTC] [INFO    ] [STEP 035] Output Files: 0
[2026-05-10 01:02:44 UTC] [INFO    ] [STEP 035] Log file: /Users/matthewsmawfield/www/Temporal Equivalence Principle/TEP-EFA/logs/step_035_mission_od.log
[2026-05-10 01:02:44 UTC] [INFO    ] [STEP 035] No output files generated
[2026-05-10 01:02:44 UTC] [INFO    ] [STEP 035] ================================================================================
[2026-05-10 01:02:44 UTC] [INFO    ] [STEP 035] STEP 035 COMPLETE: SUCCESS
[2026-05-10 01:02:44 UTC] [INFO    ] [STEP 035] Provenance data saved to /Users/matthewsmawfield/www/Temporal Equivalence Principle/TEP-EFA/results/provenance/step_035_mission_od_provenance.json
[2026-05-10 01:02:44 UTC] [INFO    ] [STEP 035] STEP 035 SKIPPED: Cannot compute defensible F_OD values without real mission OD configuration data
[2026-05-10 01:02:44 UTC] [INFO    ] [STEP 035] This is a known limitation - mission OD configuration data requires JPL/ESA archive access
 035] ================================================================================
[2026-05-09 22:02:44 UTC] [INFO    ] [STEP 035] Step: step_035_mission_od (Step 035)
[2026-05-09 22:02:44 UTC] [INFO    ] [STEP 035] Status: SUCCESS
[2026-05-09 22:02:44 UTC] [INFO    ] [STEP 035] Duration: 0.00s
[2026-05-09 22:02:44 UTC] [INFO    ] [STEP 035] Calculations: 0
[2026-05-09 22:02:44 UTC] [INFO    ] [STEP 035] Output Files: 0
[2026-05-09 22:02:44 UTC] [INFO    ] [STEP 035] ================================================================================
