[2026-05-10 01:02:44 UTC] [INFO    ] [STEP 033] LOGGER INITIALIZED: step_033_synthetic_dsn (Step 033)
[2026-05-10 01:02:44 UTC] [DEBUG   ] [STEP 033] Log file: /Users/matthewsmawfield/www/Temporal Equivalence Principle/TEP-EFA/logs/step_033_synthetic_dsn.log
[2026-05-10 01:02:44 UTC] [DEBUG   ] [STEP 033] Project root: /Users/matthewsmawfield/www/Temporal Equivalence Principle/TEP-EFA
[2026-05-10 01:02:44 UTC] [DEBUG   ] [STEP 033] 
[2026-05-10 01:02:44 UTC] [DEBUG   ] [STEP 033] ================================================================================
[2026-05-10 01:02:44 UTC] [DEBUG   ] [STEP 033] SECTION: STEP 033: SIMPLIFIED OD ABSORPTION ESTIMATION
[2026-05-10 01:02:44 UTC] [DEBUG   ] [STEP 033] ================================================================================
[2026-05-10 01:02:44 UTC] [DEBUG   ] [STEP 033] 
[2026-05-10 01:02:44 UTC] [DEBUG   ] [STEP 033] --- COMPUTING OD ABSORPTION: NEAR ---
[2026-05-10 01:02:44 UTC] [INFO    ] [STEP 033]   Altitude: 567.9 km, Velocity: 12.7 km/s
[2026-05-10 01:02:44 UTC] [INFO    ] [STEP 033]   F_OD = 0.488
[2026-05-10 01:02:44 UTC] [DEBUG   ] [STEP 033] 
[2026-05-10 01:02:44 UTC] [DEBUG   ] [STEP 033] --- COMPUTING OD ABSORPTION: Galileo_1990 ---
[2026-05-10 01:02:44 UTC] [INFO    ] [STEP 033]   Altitude: 972.3 km, Velocity: 13.7 km/s
[2026-05-10 01:02:44 UTC] [INFO    ] [STEP 033]   F_OD = 0.622
[2026-05-10 01:02:44 UTC] [DEBUG   ] [STEP 033] 
[2026-05-10 01:02:44 UTC] [DEBUG   ] [STEP 033] --- COMPUTING OD ABSORPTION: Cassini ---
[2026-05-10 01:02:44 UTC] [INFO    ] [STEP 033]   Altitude: 1197.3 km, Velocity: 19.0 km/s
[2026-05-10 01:02:44 UTC] [INFO    ] [STEP 033]   F_OD = 0.855
[2026-05-10 01:02:44 UTC] [DEBUG   ] [STEP 033] 
[2026-05-10 01:02:44 UTC] [DEBUG   ] [STEP 033] --- COMPUTING OD ABSORPTION: Rosetta_2005 ---
[2026-05-10 01:02:44 UTC] [INFO    ] [STEP 033]   Altitude: 1968.7 km, Velocity: 10.5 km/s
[2026-05-10 01:02:44 UTC] [INFO    ] [STEP 033]   F_OD = 0.536
[2026-05-10 01:02:44 UTC] [DEBUG   ] [STEP 033] 
[2026-05-10 01:02:44 UTC] [DEBUG   ] [STEP 033] --- COMPUTING OD ABSORPTION: Rosetta_2007 ---
[2026-05-10 01:02:44 UTC] [INFO    ] [STEP 033]   Altitude: 5429.9 km, Velocity: 12.5 km/s
[2026-05-10 01:02:44 UTC] [INFO    ] [STEP 033]   F_OD = 0.894
[2026-05-10 01:02:44 UTC] [INFO    ] [STEP 033] OD absorption factors saved to /Users/matthewsmawfield/www/Temporal Equivalence Principle/TEP-EFA/results/step033_synthetic_dsn.json
