[2026-05-12 21:23:17 UTC] [INFO    ] [STEP 018] LOGGER INITIALIZED: step_018_space_weather (Step 018)
[2026-05-12 21:23:17 UTC] [DEBUG   ] [STEP 018] Log file: /Users/matthewsmawfield/www/Temporal Equivalence Principle/TEP-EFA/logs/step_018_space_weather.log
[2026-05-12 21:23:17 UTC] [DEBUG   ] [STEP 018] Project root: /Users/matthewsmawfield/www/Temporal Equivalence Principle/TEP-EFA
[2026-05-12 21:23:17 UTC] [INFO    ] [STEP 018] ================================================================================
[2026-05-12 21:23:17 UTC] [INFO    ] [STEP 018] STEP 018: EMPIRICAL SPACE WEATHER CORRELATION
[2026-05-12 21:23:17 UTC] [INFO    ] [STEP 018] ================================================================================
[2026-05-12 21:23:17 UTC] [INFO    ] [STEP 018] Matching historical flybys to Celestrak SW-All data (Kp, F10.7)
[2026-05-12 21:23:17 UTC] [DEBUG   ] [STEP 018] 
[2026-05-12 21:23:17 UTC] [DEBUG   ] [STEP 018] ================================================================================
[2026-05-12 21:23:17 UTC] [DEBUG   ] [STEP 018] SECTION: CORRELATION RESULTS (EXPLORATORY ANALYSIS)
[2026-05-12 21:23:17 UTC] [DEBUG   ] [STEP 018] ================================================================================
[2026-05-12 21:23:17 UTC] [INFO    ] [STEP 018] Matched 2 flybys with fitted β values.
[2026-05-12 21:23:17 UTC] [INFO    ] [STEP 018] Pearson r against space-weather plasma index: 0.0000
[2026-05-12 21:23:17 UTC] [INFO    ] [STEP 018] 95% CI: [-1.000, 1.000]
[2026-05-12 21:23:17 UTC] [INFO    ] [STEP 018] P-value: 1.0000
[2026-05-12 21:23:17 UTC] [INFO    ] [STEP 018] Status: preliminary
[2026-05-12 21:23:17 UTC] [WARNING ] [STEP 018] ⚠ ============================================================
[2026-05-12 21:23:17 UTC] [WARNING ] [STEP 018] ⚠ SMALL SAMPLE WARNING (n≤4)
[2026-05-12 21:23:17 UTC] [WARNING ] [STEP 018] ⚠ ============================================================
[2026-05-12 21:23:17 UTC] [WARNING ] [STEP 018] ⚠ With n=4 primary detections:
[2026-05-12 21:23:17 UTC] [WARNING ] [STEP 018] ⚠ - Correlation analysis is underpowered (need n>10 for reliable r)
[2026-05-12 21:23:17 UTC] [WARNING ] [STEP 018] ⚠ - Chance probability of |r|>0.6 by coincidence is ~20%
[2026-05-12 21:23:17 UTC] [WARNING ] [STEP 018] ⚠ - This is HYPOTHESIS-GENERATING, not confirmatory
[2026-05-12 21:23:17 UTC] [WARNING ] [STEP 018] ⚠ - Any correlation claims require validation with future flybys
[2026-05-12 21:23:17 UTC] [WARNING ] [STEP 018] ⚠ ============================================================
[2026-05-12 21:23:17 UTC] [INFO    ] [STEP 018] Correlation not significant (p=1.00) - as expected with n=2
[2026-05-12 21:23:17 UTC] [INFO    ] [STEP 018] Interpretation: Insufficient data (n=2) for reliable correlation assessment
[2026-05-12 21:23:17 UTC] [INFO    ] [STEP 018] ✓ Space weather correlation isolated. Conformal parameters bridged. Report: /Users/matthewsmawfield/www/Temporal Equivalence Principle/TEP-EFA/results/step018_space_weather.json
[2026-05-12 21:23:17 UTC] [INFO    ] [STEP 018] 
[2026-05-12 21:23:17 UTC] [INFO    ] [STEP 018] ================================================================================
[2026-05-12 21:23:17 UTC] [INFO    ] [STEP 018] STEP SUMMARY: step_018_space_weather
[2026-05-12 21:23:17 UTC] [INFO    ] [STEP 018] ================================================================================
[2026-05-12 21:23:17 UTC] [INFO    ] [STEP 018] Step Number: 018
[2026-05-12 21:23:17 UTC] [INFO    ] [STEP 018] Status: SUCCESS
[2026-05-12 21:23:17 UTC] [INFO    ] [STEP 018] Duration: 0.00s
[2026-05-12 21:23:17 UTC] [INFO    ] [STEP 018] Calculations Logged: 0
[2026-05-12 21:23:17 UTC] [INFO    ] [STEP 018] Output Files: 0
[2026-05-12 21:23:17 UTC] [INFO    ] [STEP 018] Log file: /Users/matthewsmawfield/www/Temporal Equivalence Principle/TEP-EFA/logs/step_018_space_weather.log
[2026-05-12 21:23:17 UTC] [INFO    ] [STEP 018] No output files generated
[2026-05-12 21:23:17 UTC] [INFO    ] [STEP 018] ================================================================================
[2026-05-12 21:23:17 UTC] [INFO    ] [STEP 018] STEP 018 COMPLETE: SUCCESS
[2026-05-12 21:23:17 UTC] [INFO    ] [STEP 018] Provenance data saved to /Users/matthewsmawfield/www/Temporal Equivalence Principle/TEP-EFA/results/provenance/step_018_space_weather_provenance.json
[2026-05-12 18:23:17 UTC] [INFO    ] [STEP 018] 
[2026-05-12 18:23:17 UTC] [INFO    ] [STEP 018] ================================================================================
[2026-05-12 18:23:17 UTC] [INFO    ] [STEP 018] EXECUTIVE SUMMARY
[2026-05-12 18:23:17 UTC] [INFO    ] [STEP 018] ================================================================================
[2026-05-12 18:23:17 UTC] [INFO    ] [STEP 018] Step: step_018_space_weather (Step 018)
[2026-05-12 18:23:17 UTC] [INFO    ] [STEP 018] Status: SUCCESS
[2026-05-12 18:23:17 UTC] [INFO    ] [STEP 018] Duration: 0.00s
[2026-05-12 18:23:17 UTC] [INFO    ] [STEP 018] Calculations: 0
[2026-05-12 18:23:17 UTC] [INFO    ] [STEP 018] Output Files: 0
[2026-05-12 18:23:17 UTC] [INFO    ] [STEP 018] ================================================================================
