[2026-05-10 15:10:46 UTC] [INFO    ] [STEP 014] LOGGER INITIALIZED: step_014_sensitivity_analysis (Step 014)
[2026-05-10 15:10:46 UTC] [DEBUG   ] [STEP 014] Log file: /Users/matthewsmawfield/www/Temporal Equivalence Principle/TEP-EFA/logs/step_014_sensitivity_analysis.log
[2026-05-10 15:10:46 UTC] [DEBUG   ] [STEP 014] Project root: /Users/matthewsmawfield/www/Temporal Equivalence Principle/TEP-EFA
[2026-05-10 15:10:46 UTC] [INFO    ] [STEP 014] ================================================================================
[2026-05-10 15:10:46 UTC] [INFO    ] [STEP 014] STEP 014: SENSITIVITY ANALYSIS
[2026-05-10 15:10:46 UTC] [INFO    ] [STEP 014] ================================================================================
[2026-05-10 15:10:46 UTC] [INFO    ] [STEP 014] Loaded 8 flyby predictions
[2026-05-10 15:10:46 UTC] [DEBUG   ] [STEP 014] 
[2026-05-10 15:10:46 UTC] [DEBUG   ] [STEP 014] ================================================================================
[2026-05-10 15:10:46 UTC] [DEBUG   ] [STEP 014] SECTION: ONE-AT-A-TIME SENSITIVITY ANALYSIS
[2026-05-10 15:10:46 UTC] [DEBUG   ] [STEP 014] ================================================================================
[2026-05-10 15:10:46 UTC] [DEBUG   ] [STEP 014] 
[2026-05-10 15:10:46 UTC] [DEBUG   ] [STEP 014] --- Parameter: beta ---
[2026-05-10 15:10:46 UTC] [INFO    ] [STEP 014]   Avg sensitivity: 1.000
[2026-05-10 15:10:46 UTC] [INFO    ] [STEP 014]   Max impact: 1.000
[2026-05-10 15:10:46 UTC] [INFO    ] [STEP 014]   Assessment: high
[2026-05-10 15:10:46 UTC] [DEBUG   ] [STEP 014] 
[2026-05-10 15:10:46 UTC] [DEBUG   ] [STEP 014] --- Parameter: lambda_tep_km ---
[2026-05-10 15:10:46 UTC] [INFO    ] [STEP 014]   Avg sensitivity: 0.364
[2026-05-10 15:10:46 UTC] [INFO    ] [STEP 014]   Max impact: 0.486
[2026-05-10 15:10:46 UTC] [INFO    ] [STEP 014]   Assessment: moderate
[2026-05-10 15:10:46 UTC] [DEBUG   ] [STEP 014] 
[2026-05-10 15:10:46 UTC] [DEBUG   ] [STEP 014] --- Parameter: characteristic_suppression ---
[2026-05-10 15:10:46 UTC] [INFO    ] [STEP 014]   Avg sensitivity: 1.000
[2026-05-10 15:10:46 UTC] [INFO    ] [STEP 014]   Max impact: 1.000
[2026-05-10 15:10:46 UTC] [INFO    ] [STEP 014]   Assessment: high
[2026-05-10 15:10:46 UTC] [DEBUG   ] [STEP 014] 
[2026-05-10 15:10:46 UTC] [DEBUG   ] [STEP 014] --- Parameter: disformal_coupling ---
[2026-05-10 15:10:46 UTC] [INFO    ] [STEP 014]   Avg sensitivity: 0.050
[2026-05-10 15:10:46 UTC] [INFO    ] [STEP 014]   Max impact: 0.050
[2026-05-10 15:10:46 UTC] [INFO    ] [STEP 014]   Assessment: low
[2026-05-10 15:10:46 UTC] [DEBUG   ] [STEP 014] 
[2026-05-10 15:10:46 UTC] [DEBUG   ] [STEP 014] --- Parameter: j2 ---
[2026-05-10 15:10:46 UTC] [INFO    ] [STEP 014]   Avg sensitivity: 0.050
[2026-05-10 15:10:46 UTC] [INFO    ] [STEP 014]   Max impact: 0.050
[2026-05-10 15:10:46 UTC] [INFO    ] [STEP 014]   Assessment: low
[2026-05-10 15:10:46 UTC] [DEBUG   ] [STEP 014] 
[2026-05-10 15:10:46 UTC] [DEBUG   ] [STEP 014] --- Parameter: j3 ---
[2026-05-10 15:10:46 UTC] [INFO    ] [STEP 014]   Avg sensitivity: 0.050
[2026-05-10 15:10:46 UTC] [INFO    ] [STEP 014]   Max impact: 0.050
[2026-05-10 15:10:46 UTC] [INFO    ] [STEP 014]   Assessment: low
[2026-05-10 15:10:46 UTC] [DEBUG   ] [STEP 014] 
[2026-05-10 15:10:46 UTC] [DEBUG   ] [STEP 014] ================================================================================
[2026-05-10 15:10:46 UTC] [DEBUG   ] [STEP 014] SECTION: UNCERTAINTY BUDGET
[2026-05-10 15:10:46 UTC] [DEBUG   ] [STEP 014] ================================================================================
[2026-05-10 15:10:46 UTC] [DEBUG   ] [STEP 014] 
[2026-05-10 15:10:46 UTC] [DEBUG   ] [STEP 014] ================================================================================
[2026-05-10 15:10:46 UTC] [DEBUG   ] [STEP 014] SECTION: PARAMETER CORRELATION ANALYSIS
[2026-05-10 15:10:46 UTC] [DEBUG   ] [STEP 014] ================================================================================
[2026-05-10 15:10:46 UTC] [INFO    ] [STEP 014] Correlation (β vs altitude): r = -0.594, p = 0.291
[2026-05-10 15:10:46 UTC] [DEBUG   ] [STEP 014] 
[2026-05-10 15:10:46 UTC] [DEBUG   ] [STEP 014] ================================================================================
[2026-05-10 15:10:46 UTC] [DEBUG   ] [STEP 014] SECTION: PARAMETER IMPORTANCE RANKING
[2026-05-10 15:10:46 UTC] [DEBUG   ] [STEP 014] ================================================================================
[2026-05-10 15:10:46 UTC] [INFO    ] [STEP 014] 1. characteristic_suppression S = +1.000 (high)
[2026-05-10 15:10:46 UTC] [INFO    ] [STEP 014] 2. beta                 S = +1.000 (high)
[2026-05-10 15:10:46 UTC] [INFO    ] [STEP 014] 3. lambda_tep_km        S = +0.364 (moderate)
[2026-05-10 15:10:46 UTC] [INFO    ] [STEP 014] 4. disformal_coupling   S = +0.050 (low)
[2026-05-10 15:10:46 UTC] [INFO    ] [STEP 014] 5. j2                   S = +0.050 (low)
[2026-05-10 15:10:46 UTC] [INFO    ] [STEP 014] 6. j3                   S = +0.050 (low)
[2026-05-10 15:10:46 UTC] [INFO    ] [STEP 014] ✓ Sensitivity analysis complete. Saved to /Users/matthewsmawfield/www/Temporal Equivalence Principle/TEP-EFA/results/step014_sensitivity_analysis.json
[2026-05-10 15:10:46 UTC] [INFO    ] [STEP 014] 
[2026-05-10 15:10:46 UTC] [INFO    ] [STEP 014] ================================================================================
[2026-05-10 15:10:46 UTC] [INFO    ] [STEP 014] STEP SUMMARY: step_014_sensitivity_analysis
[2026-05-10 15:10:46 UTC] [INFO    ] [STEP 014] ================================================================================
[2026-05-10 15:10:46 UTC] [INFO    ] [STEP 014] Step Number: 014
[2026-05-10 15:10:46 UTC] [INFO    ] [STEP 014] Status: SUCCESS
[2026-05-10 15:10:46 UTC] [INFO    ] [STEP 014] Duration: 0.00s
[2026-05-10 15:10:46 UTC] [INFO    ] [STEP 014] Calculations Logged: 0
[2026-05-10 15:10:46 UTC] [INFO    ] [STEP 014] Output Files: 0
[2026-05-10 15:10:46 UTC] [INFO    ] [STEP 014] Log file: /Users/matthewsmawfield/www/Temporal Equivalence Principle/TEP-EFA/logs/step_014_sensitivity_analysis.log
[2026-05-10 15:10:46 UTC] [INFO    ] [STEP 014] No output files generated
[2026-05-10 15:10:46 UTC] [INFO    ] [STEP 014] ================================================================================
[2026-05-10 15:10:46 UTC] [INFO    ] [STEP 014] STEP 014 COMPLETE: SUCCESS
[2026-05-10 15:10:46 UTC] [INFO    ] [STEP 014] Provenance data saved to /Users/matthewsmawfield/www/Temporal Equivalence Principle/TEP-EFA/results/provenance/step_014_sensitivity_analysis_provenance.json
[2026-05-10 12:10:46 UTC] [INFO    ] [STEP 014] 
[2026-05-10 12:10:46 UTC] [INFO    ] [STEP 014] ================================================================================
[2026-05-10 12:10:46 UTC] [INFO    ] [STEP 014] EXECUTIVE SUMMARY
[2026-05-10 12:10:46 UTC] [INFO    ] [STEP 014] ================================================================================
[2026-05-10 12:10:46 UTC] [INFO    ] [STEP 014] Step: step_014_sensitivity_analysis (Step 014)
[2026-05-10 12:10:46 UTC] [INFO    ] [STEP 014] Status: SUCCESS
[2026-05-10 12:10:46 UTC] [INFO    ] [STEP 014] Duration: 0.00s
[2026-05-10 12:10:46 UTC] [INFO    ] [STEP 014] Calculations: 0
[2026-05-10 12:10:46 UTC] [INFO    ] [STEP 014] Output Files: 0
[2026-05-10 12:10:46 UTC] [INFO    ] [STEP 014] ================================================================================
