[2026-05-12 13:18:59 UTC] [INFO    ] [STEP 025] LOGGER INITIALIZED: step_025_corrected_uncertainty (Step 025)
[2026-05-12 13:18:59 UTC] [DEBUG   ] [STEP 025] Log file: /Users/matthewsmawfield/www/Temporal Equivalence Principle/TEP-EFA/logs/step_025_corrected_uncertainty.log
[2026-05-12 13:18:59 UTC] [DEBUG   ] [STEP 025] Project root: /Users/matthewsmawfield/www/Temporal Equivalence Principle/TEP-EFA
[2026-05-12 13:18:59 UTC] [INFO    ] [STEP 025] ================================================================================
[2026-05-12 13:18:59 UTC] [INFO    ] [STEP 025] STEP 025: CORRECTED SYSTEMATIC UNCERTAINTY CALCULATION
[2026-05-12 13:18:59 UTC] [INFO    ] [STEP 025] ================================================================================
[2026-05-12 13:18:59 UTC] [DEBUG   ] [STEP 025] 
[2026-05-12 13:18:59 UTC] [DEBUG   ] [STEP 025] ================================================================================
[2026-05-12 13:18:59 UTC] [DEBUG   ] [STEP 025] SECTION: ISSUE IDENTIFICATION
[2026-05-12 13:18:59 UTC] [DEBUG   ] [STEP 025] ================================================================================
[2026-05-12 13:18:59 UTC] [INFO    ] [STEP 025] Original manuscript claims:
[2026-05-12 13:18:59 UTC] [INFO    ] [STEP 025]   - '0.03% systematic uncertainty contribution'
[2026-05-12 13:18:59 UTC] [INFO    ] [STEP 025]   - '102% total relative uncertainty'
[2026-05-12 13:18:59 UTC] [INFO    ] [STEP 025] 
[2026-05-12 13:18:59 UTC] [INFO    ] [STEP 025] These are contradictory.
[2026-05-12 13:18:59 UTC] [INFO    ] [STEP 025] Root cause: Confusion between variance contributions and total relative uncertainty
[2026-05-12 13:18:59 UTC] [DEBUG   ] [STEP 025] 
[2026-05-12 13:18:59 UTC] [DEBUG   ] [STEP 025] ================================================================================
[2026-05-12 13:18:59 UTC] [DEBUG   ] [STEP 025] SECTION: CORRECTED UNCERTAINTY CALCULATION
[2026-05-12 13:18:59 UTC] [DEBUG   ] [STEP 025] ================================================================================
[2026-05-12 13:18:59 UTC] [INFO    ] [STEP 025] Corrected Uncertainty Budget:
[2026-05-12 13:18:59 UTC] [INFO    ] [STEP 025]   Statistical uncertainty: 5.00%
[2026-05-12 13:18:59 UTC] [INFO    ] [STEP 025]   Systematic uncertainty: 29.17%
[2026-05-12 13:18:59 UTC] [INFO    ] [STEP 025]   Heterogeneity uncertainty: 77.90%
[2026-05-12 13:18:59 UTC] [INFO    ] [STEP 025]   Total uncertainty: 83.34%
[2026-05-12 13:18:59 UTC] [INFO    ] [STEP 025] 
[2026-05-12 13:18:59 UTC] [INFO    ] [STEP 025] Variance Contributions:
[2026-05-12 13:18:59 UTC] [INFO    ] [STEP 025]   Statistical: 0.4%
[2026-05-12 13:18:59 UTC] [INFO    ] [STEP 025]   Systematic: 12.3%
[2026-05-12 13:18:59 UTC] [INFO    ] [STEP 025]   Heterogeneity: 87.4%
[2026-05-12 13:18:59 UTC] [INFO    ] [STEP 025]   Total: 100.0%
[2026-05-12 13:18:59 UTC] [INFO    ] [STEP 025] ✓ Corrected uncertainty calculation complete. Saved to /Users/matthewsmawfield/www/Temporal Equivalence Principle/TEP-EFA/results/step025_corrected_uncertainty.json
[2026-05-12 13:18:59 UTC] [INFO    ] [STEP 025]   Output: step025_corrected_uncertainty.json (Corrected uncertainty budget)
[2026-05-12 13:18:59 UTC] [INFO    ] [STEP 025] 
[2026-05-12 13:18:59 UTC] [INFO    ] [STEP 025] ================================================================================
[2026-05-12 13:18:59 UTC] [INFO    ] [STEP 025] STEP SUMMARY: step_025_corrected_uncertainty
[2026-05-12 13:18:59 UTC] [INFO    ] [STEP 025] ================================================================================
[2026-05-12 13:18:59 UTC] [INFO    ] [STEP 025] Step Number: 025
[2026-05-12 13:18:59 UTC] [INFO    ] [STEP 025] Status: SUCCESS
[2026-05-12 13:18:59 UTC] [INFO    ] [STEP 025] Duration: 0.00s
[2026-05-12 13:18:59 UTC] [INFO    ] [STEP 025] Calculations Logged: 0
[2026-05-12 13:18:59 UTC] [INFO    ] [STEP 025] Output Files: 1
[2026-05-12 13:18:59 UTC] [INFO    ] [STEP 025] Log file: /Users/matthewsmawfield/www/Temporal Equivalence Principle/TEP-EFA/logs/step_025_corrected_uncertainty.log
[2026-05-12 13:18:59 UTC] [INFO    ] [STEP 025] 
[2026-05-12 13:18:59 UTC] [INFO    ] [STEP 025] Generated 1 output file(s):
[2026-05-12 13:18:59 UTC] [INFO    ] [STEP 025]   • step025_corrected_uncertainty.json: 1.23 KB - Corrected uncertainty budget
[2026-05-12 13:18:59 UTC] [INFO    ] [STEP 025] ================================================================================
[2026-05-12 13:18:59 UTC] [INFO    ] [STEP 025] STEP 025 COMPLETE: SUCCESS
[2026-05-12 13:18:59 UTC] [INFO    ] [STEP 025] Provenance data saved to /Users/matthewsmawfield/www/Temporal Equivalence Principle/TEP-EFA/results/provenance/step_025_corrected_uncertainty_provenance.json
[2026-05-12 10:18:59 UTC] [INFO    ] [STEP 025] 
[2026-05-12 10:18:59 UTC] [INFO    ] [STEP 025] ================================================================================
[2026-05-12 10:18:59 UTC] [INFO    ] [STEP 025] EXECUTIVE SUMMARY
[2026-05-12 10:18:59 UTC] [INFO    ] [STEP 025] ================================================================================
[2026-05-12 10:18:59 UTC] [INFO    ] [STEP 025] Step: step_025_corrected_uncertainty (Step 025)
[2026-05-12 10:18:59 UTC] [INFO    ] [STEP 025] Status: SUCCESS
[2026-05-12 10:18:59 UTC] [INFO    ] [STEP 025] Duration: 0.00s
[2026-05-12 10:18:59 UTC] [INFO    ] [STEP 025] Calculations: 0
[2026-05-12 10:18:59 UTC] [INFO    ] [STEP 025] Output Files: 1
[2026-05-12 10:18:59 UTC] [INFO    ] [STEP 025] Key Outputs:
[2026-05-12 10:18:59 UTC] [INFO    ] [STEP 025]   - step025_corrected_uncertainty.json (1.23 KB)
[2026-05-12 10:18:59 UTC] [INFO    ] [STEP 025] ================================================================================
