[2026-05-10 01:02:54 UTC] [INFO    ] [STEP 026] LOGGER INITIALIZED: step_026_juno_dsn_reanalysis (Step 026)
[2026-05-10 01:02:54 UTC] [DEBUG   ] [STEP 026] Log file: /Users/matthewsmawfield/www/Temporal Equivalence Principle/TEP-EFA/logs/step_026_juno_dsn_reanalysis.log
[2026-05-10 01:02:54 UTC] [DEBUG   ] [STEP 026] Project root: /Users/matthewsmawfield/www/Temporal Equivalence Principle/TEP-EFA
[2026-05-10 01:02:54 UTC] [INFO    ] [STEP 026] ======================================================================
[2026-05-10 01:02:54 UTC] [INFO    ] [STEP 026] INCONCLUSIVE - Framework Ready
[2026-05-10 01:02:54 UTC] [INFO    ] [STEP 026] ======================================================================
[2026-05-10 01:02:54 UTC] [INFO    ] [STEP 026] Raw data download may be required.
[2026-05-10 01:02:54 UTC] [INFO    ] [STEP 026] See data/raw/dsn_tracking/Juno_2013/DOWNLOAD_INSTRUCTIONS.txt
[2026-05-10 01:02:54 UTC] [INFO    ] [STEP 026] 
[2026-05-10 01:02:54 UTC] [INFO    ] [STEP 026] ================================================================================
[2026-05-10 01:02:54 UTC] [INFO    ] [STEP 026] STEP SUMMARY: step_026_juno_dsn_reanalysis
[2026-05-10 01:02:54 UTC] [INFO    ] [STEP 026] ================================================================================
[2026-05-10 01:02:54 UTC] [INFO    ] [STEP 026] Step Number: 026
[2026-05-10 01:02:54 UTC] [INFO    ] [STEP 026] Status: SUCCESS
[2026-05-10 01:02:54 UTC] [INFO    ] [STEP 026] Duration: 0.00s
[2026-05-10 01:02:54 UTC] [INFO    ] [STEP 026] Calculations Logged: 0
[2026-05-10 01:02:54 UTC] [INFO    ] [STEP 026] Output Files: 0
[2026-05-10 01:02:54 UTC] [INFO    ] [STEP 026] Log file: /Users/matthewsmawfield/www/Temporal Equivalence Principle/TEP-EFA/logs/step_026_juno_dsn_reanalysis.log
[2026-05-10 01:02:54 UTC] [INFO    ] [STEP 026] No output files generated
[2026-05-10 01:02:54 UTC] [INFO    ] [STEP 026] ================================================================================
[2026-05-10 01:02:54 UTC] [INFO    ] [STEP 026] STEP 026 COMPLETE: SUCCESS
[2026-05-10 01:02:54 UTC] [INFO    ] [STEP 026] Provenance data saved to /Users/matthewsmawfield/www/Temporal Equivalence Principle/TEP-EFA/results/provenance/step_026_juno_dsn_reanalysis_provenance.json
[2026-05-09 22:02:54 UTC] [INFO    ] [STEP 026] 
[2026-05-09 22:02:54 UTC] [INFO    ] [STEP 026] ================================================================================
[2026-05-09 22:02:54 UTC] [INFO    ] [STEP 026] EXECUTIVE SUMMARY
[2026-05-09 22:02:54 UTC] [INFO    ] [STEP 026] ================================================================================
[2026-05-09 22:02:54 UTC] [INFO    ] [STEP 026] Step: step_026_juno_dsn_reanalysis (Step 026)
[2026-05-09 22:02:54 UTC] [INFO    ] [STEP 026] Status: SUCCESS
[2026-05-09 22:02:54 UTC] [INFO    ] [STEP 026] Duration: 0.00s
[2026-05-09 22:02:54 UTC] [INFO    ] [STEP 026] Calculations: 0
[2026-05-09 22:02:54 UTC] [INFO    ] [STEP 026] Output Files: 0
[2026-05-09 22:02:54 UTC] [INFO    ] [STEP 026] ================================================================================
