[2026-05-10 01:02:46 UTC] [INFO    ] [STEP 031] LOGGER INITIALIZED: step_031_two_level_hierarchical (Step 031)
[2026-05-10 01:02:46 UTC] [DEBUG   ] [STEP 031] Log file: /Users/matthewsmawfield/www/Temporal Equivalence Principle/TEP-EFA/logs/step_031_two_level_hierarchical.log
[2026-05-10 01:02:46 UTC] [DEBUG   ] [STEP 031] Project root: /Users/matthewsmawfield/www/Temporal Equivalence Principle/TEP-EFA
[2026-05-10 01:02:46 UTC] [DEBUG   ] [STEP 031] 
[2026-05-10 01:02:46 UTC] [DEBUG   ] [STEP 031] ================================================================================
[2026-05-10 01:02:46 UTC] [DEBUG   ] [STEP 031] SECTION: STEP 031: TWO-LEVEL HIERARCHICAL MODEL
[2026-05-10 01:02:46 UTC] [DEBUG   ] [STEP 031] ================================================================================
[2026-05-10 01:02:46 UTC] [WARNING ] [STEP 031] ⚠ Could not load F_OD factors from step 035: [Errno 2] No such file or directory: '/Users/matthewsmawfield/www/Temporal Equivalence Principle/TEP-EFA/results/step035_mission_od_absorption.json'
[2026-05-10 01:02:46 UTC] [INFO    ] [STEP 031] Galileo_1990 DEBUG:
[2026-05-10 01:02:46 UTC] [INFO    ] [STEP 031]   dv_tep_ref = 1.0539 mm/s
[2026-05-10 01:02:46 UTC] [INFO    ] [STEP 031]   dv_obs = 3.9200 mm/s
[2026-05-10 01:02:46 UTC] [INFO    ] [STEP 031]   G_traj = 1.4997
[2026-05-10 01:02:46 UTC] [INFO    ] [STEP 031]   S_earth = 0.7842
[2026-05-10 01:02:46 UTC] [INFO    ] [STEP 031]   F_OD = 1.0000
[2026-05-10 01:02:46 UTC] [INFO    ] [STEP 031]   F_plasma = 0.0000
[2026-05-10 01:02:46 UTC] [INFO    ] [STEP 031]   F_disf = 0.6953
[2026-05-10 01:02:46 UTC] [INFO    ] [STEP 031]   Product = 0.0000
[2026-05-10 01:02:46 UTC] [WARNING ] [STEP 031] ⚠ Missing sigma_mm_s for Rosetta_2007, skipping
[2026-05-10 01:02:46 UTC] [INFO    ] [STEP 031] Computed full deterministic factors for 4 flybys
[2026-05-10 01:02:46 UTC] [DEBUG   ] [STEP 031] 
[2026-05-10 01:02:46 UTC] [DEBUG   ] [STEP 031] ================================================================================
[2026-05-10 01:02:46 UTC] [DEBUG   ] [STEP 031] SECTION: TWO-LEVEL HIERARCHICAL MODEL INFERENCE
[2026-05-10 01:02:46 UTC] [DEBUG   ] [STEP 031] ================================================================================
[2026-05-10 01:02:46 UTC] [INFO    ] [STEP 031] Running 5000 steps with 64 walkers...
[2026-05-10 01:02:52 UTC] [DEBUG   ] [STEP 031] 
[2026-05-10 01:02:52 UTC] [DEBUG   ] [STEP 031] --- POSTERIOR STATISTICS ---
[2026-05-10 01:02:52 UTC] [INFO    ] [STEP 031] β₀ = 1.00e+00 ± 5.99e-01
[2026-05-10 01:02:52 UTC] [INFO    ] [STEP 031] σ = 5.25e+00 ± 1.52e+00
[2026-05-10 01:02:52 UTC] [DEBUG   ] [STEP 031] 
[2026-05-10 01:02:52 UTC] [DEBUG   ] [STEP 031] ================================================================================
[2026-05-10 01:02:52 UTC] [DEBUG   ] [STEP 031] SECTION: POSTERIOR PREDICTIVE CHECK
[2026-05-10 01:02:52 UTC] [DEBUG   ] [STEP 031] ================================================================================
[2026-05-10 01:02:52 UTC] [INFO    ] [STEP 031]   NEAR:
[2026-05-10 01:02:52 UTC] [INFO    ] [STEP 031]     G_traj: 2.946, S_earth: 0.868
[2026-05-10 01:02:52 UTC] [INFO    ] [STEP 031]     F_OD: 1.000, F_plasma: 0.000, F_disf: 0.661
[2026-05-10 01:02:52 UTC] [INFO    ] [STEP 031]     Obs: 13.46, Pred: 0.00, Res: +13.46, p: 1.000
[2026-05-10 01:02:52 UTC] [INFO    ] [STEP 031]   Galileo_1990:
[2026-05-10 01:02:52 UTC] [INFO    ] [STEP 031]     G_traj: 1.500, S_earth: 0.784
[2026-05-10 01:02:52 UTC] [INFO    ] [STEP 031]     F_OD: 1.000, F_plasma: 0.000, F_disf: 0.695
[2026-05-10 01:02:52 UTC] [INFO    ] [STEP 031]     Obs: 3.92, Pred: 0.00, Res: +3.92, p: 1.000
[2026-05-10 01:02:52 UTC] [INFO    ] [STEP 031]   Cassini:
[2026-05-10 01:02:52 UTC] [INFO    ] [STEP 031]     G_traj: 0.743, S_earth: 0.741
[2026-05-10 01:02:52 UTC] [INFO    ] [STEP 031]     F_OD: 1.000, F_plasma: 0.000, F_disf: 0.304
[2026-05-10 01:02:52 UTC] [INFO    ] [STEP 031]     Obs: 0.11, Pred: 0.00, Res: +0.11, p: 1.000
[2026-05-10 01:02:52 UTC] [INFO    ] [STEP 031]   Rosetta_2005:
[2026-05-10 01:02:52 UTC] [INFO    ] [STEP 031]     G_traj: 1.387, S_earth: 0.611
[2026-05-10 01:02:52 UTC] [INFO    ] [STEP 031]     F_OD: 1.000, F_plasma: 0.000, F_disf: 0.576
[2026-05-10 01:02:52 UTC] [INFO    ] [STEP 031]     Obs: 1.82, Pred: 0.00, Res: +1.82, p: 1.000
[2026-05-10 01:02:52 UTC] [INFO    ] [STEP 031] Results saved to /Users/matthewsmawfield/www/Temporal Equivalence Principle/TEP-EFA/results/step031_two_level_hierarchical.json
[2026-05-10 01:02:52 UTC] [INFO    ] [STEP 031]   Output: step031_two_level_hierarchical.json (Two-level hierarchical model results)
[2026-05-10 01:02:52 UTC] [INFO    ] [STEP 031] 
[2026-05-10 01:02:52 UTC] [INFO    ] [STEP 031] ================================================================================
[2026-05-10 01:02:52 UTC] [INFO    ] [STEP 031] STEP SUMMARY: step_031_two_level_hierarchical
[2026-05-10 01:02:52 UTC] [INFO    ] [STEP 031] ================================================================================
[2026-05-10 01:02:52 UTC] [INFO    ] [STEP 031] Step Number: 031
[2026-05-10 01:02:52 UTC] [INFO    ] [STEP 031] Status: SUCCESS
[2026-05-10 01:02:52 UTC] [INFO    ] [STEP 031] Duration: 5.64s
[2026-05-10 01:02:52 UTC] [INFO    ] [STEP 031] Calculations Logged: 0
[2026-05-10 01:02:52 UTC] [INFO    ] [STEP 031] Output Files: 1
[2026-05-10 01:02:52 UTC] [INFO    ] [STEP 031] Log file: /Users/matthewsmawfield/www/Temporal Equivalence Principle/TEP-EFA/logs/step_031_two_level_hierarchical.log
[2026-05-10 01:02:52 UTC] [INFO    ] [STEP 031] 
[2026-05-10 01:02:52 UTC] [INFO    ] [STEP 031] Generated 1 output file(s):
[2026-05-10 01:02:52 UTC] [INFO    ] [STEP 031]   • step031_two_level_hierarchical.json: 8.65 KB - Two-level hierarchical model results
[2026-05-10 01:02:52 UTC] [INFO    ] [STEP 031] ================================================================================
[2026-05-10 01:02:52 UTC] [INFO    ] [STEP 031] STEP 031 COMPLETE: SUCCESS
[2026-05-10 01:02:52 UTC] [INFO    ] [STEP 031] Provenance data saved to /Users/matthewsmawfield/www/Temporal Equivalence Principle/TEP-EFA/results/provenance/step_031_two_level_hierarchical_provenance.json
[2026-05-09 22:02:52 UTC] [INFO    ] [STEP 031] 
[2026-05-09 22:02:52 UTC] [INFO    ] [STEP 031] ================================================================================
[2026-05-09 22:02:52 UTC] [INFO    ] [STEP 031] EXECUTIVE SUMMARY
[2026-05-09 22:02:52 UTC] [INFO    ] [STEP 031] ================================================================================
[2026-05-09 22:02:52 UTC] [INFO    ] [STEP 031] Step: step_031_two_level_hierarchical (Step 031)
[2026-05-09 22:02:52 UTC] [INFO    ] [STEP 031] Status: SUCCESS
[2026-05-09 22:02:52 UTC] [INFO    ] [STEP 031] Duration: 5.64s
[2026-05-09 22:02:52 UTC] [INFO    ] [STEP 031] Calculations: 0
[2026-05-09 22:02:52 UTC] [INFO    ] [STEP 031] Output Files: 1
[2026-05-09 22:02:52 UTC] [INFO    ] [STEP 031] Key Outputs:
[2026-05-09 22:02:52 UTC] [INFO    ] [STEP 031]   - step031_two_level_hierarchical.json (8.65 KB)
[2026-05-09 22:02:52 UTC] [INFO    ] [STEP 031] ================================================================================
