[2026-05-11 09:06:14 UTC] [INFO    ] [STEP 029] LOGGER INITIALIZED: step_029_read_trk234 (Step 029)
[2026-05-11 09:06:14 UTC] [DEBUG   ] [STEP 029] Log file: /Users/matthewsmawfield/www/Temporal Equivalence Principle/TEP-EFA/logs/step_029_read_trk234.log
[2026-05-11 09:06:14 UTC] [DEBUG   ] [STEP 029] Project root: /Users/matthewsmawfield/www/Temporal Equivalence Principle/TEP-EFA
[2026-05-11 09:06:14 UTC] [INFO    ] [STEP 029] ================================================================================
[2026-05-11 09:06:14 UTC] [INFO    ] [STEP 029] STEP 029: READ TRK-2-34 DATA FORMAT
[2026-05-11 09:06:14 UTC] [INFO    ] [STEP 029] ================================================================================
[2026-05-11 09:06:14 UTC] [INFO    ] [STEP 029] Reading TRK-2-34 file: /Users/matthewsmawfield/www/Temporal Equivalence Principle/TEP-EFA/data/raw/dsn_tracking/MESSENGER_2005/NASA_PDS/151161600sc236dss15ddor_234.dat
[2026-05-11 09:06:14 UTC] [INFO    ] [STEP 029] File exists: True
[2026-05-11 09:06:14 UTC] [INFO    ] [STEP 029] Number of SFDUs: 0
[2026-05-11 09:06:14 UTC] [INFO    ] [STEP 029] Extracted 0 data points with Doppler/range data
[2026-05-11 09:06:14 UTC] [INFO    ] [STEP 029]   Output: step029_trk234_extracted.json (TRK-2-34 extraction status JSON)
[2026-05-11 09:06:14 UTC] [WARNING ] [STEP 029] ⚠ No Doppler/range records found - saved status to: /Users/matthewsmawfield/www/Temporal Equivalence Principle/TEP-EFA/results/step029_trk234_extracted.json
[2026-05-11 09:06:14 UTC] [INFO    ] [STEP 029] 
[2026-05-11 09:06:14 UTC] [INFO    ] [STEP 029] ================================================================================
[2026-05-11 09:06:14 UTC] [INFO    ] [STEP 029] STEP SUMMARY: step_029_read_trk234
[2026-05-11 09:06:14 UTC] [INFO    ] [STEP 029] ================================================================================
[2026-05-11 09:06:14 UTC] [INFO    ] [STEP 029] Step Number: 029
[2026-05-11 09:06:14 UTC] [INFO    ] [STEP 029] Status: PARTIAL
[2026-05-11 09:06:14 UTC] [INFO    ] [STEP 029] Duration: 0.00s
[2026-05-11 09:06:14 UTC] [INFO    ] [STEP 029] Calculations Logged: 0
[2026-05-11 09:06:14 UTC] [INFO    ] [STEP 029] Output Files: 1
[2026-05-11 09:06:14 UTC] [INFO    ] [STEP 029] Log file: /Users/matthewsmawfield/www/Temporal Equivalence Principle/TEP-EFA/logs/step_029_read_trk234.log
[2026-05-11 09:06:14 UTC] [INFO    ] [STEP 029] 
[2026-05-11 09:06:14 UTC] [INFO    ] [STEP 029] Generated 1 output file(s):
[2026-05-11 09:06:14 UTC] [INFO    ] [STEP 029]   • step029_trk234_extracted.json: 0.36 KB - TRK-2-34 extraction status JSON
[2026-05-11 09:06:14 UTC] [INFO    ] [STEP 029] ================================================================================
[2026-05-11 09:06:14 UTC] [INFO    ] [STEP 029] STEP 029 COMPLETE: PARTIAL
[2026-05-11 09:06:14 UTC] [INFO    ] [STEP 029] Provenance data saved to /Users/matthewsmawfield/www/Temporal Equivalence Principle/TEP-EFA/results/provenance/step_029_read_trk234_provenance.json
[2026-05-11 06:06:14 UTC] [INFO    ] [STEP 029] 
[2026-05-11 06:06:14 UTC] [INFO    ] [STEP 029] ================================================================================
[2026-05-11 06:06:14 UTC] [INFO    ] [STEP 029] EXECUTIVE SUMMARY
[2026-05-11 06:06:14 UTC] [INFO    ] [STEP 029] ================================================================================
[2026-05-11 06:06:14 UTC] [INFO    ] [STEP 029] Step: step_029_read_trk234 (Step 029)
[2026-05-11 06:06:14 UTC] [INFO    ] [STEP 029] Status: PARTIAL
[2026-05-11 06:06:14 UTC] [INFO    ] [STEP 029] Duration: 0.00s
[2026-05-11 06:06:14 UTC] [INFO    ] [STEP 029] Calculations: 0
[2026-05-11 06:06:14 UTC] [INFO    ] [STEP 029] Output Files: 1
[2026-05-11 06:06:14 UTC] [INFO    ] [STEP 029] Key Outputs:
[2026-05-11 06:06:14 UTC] [INFO    ] [STEP 029]   - step029_trk234_extracted.json (0.36 KB)
[2026-05-11 06:06:14 UTC] [INFO    ] [STEP 029] ================================================================================
