[2026-05-10 01:02:21 UTC] [INFO    ] [STEP 003] LOGGER INITIALIZED: step_003_dsn_data_ingestion (Step 003)
[2026-05-10 01:02:21 UTC] [DEBUG   ] [STEP 003] Log file: /Users/matthewsmawfield/www/Temporal Equivalence Principle/TEP-EFA/logs/step_003_dsn_data_ingestion.log
[2026-05-10 01:02:21 UTC] [DEBUG   ] [STEP 003] Project root: /Users/matthewsmawfield/www/Temporal Equivalence Principle/TEP-EFA
[2026-05-10 01:02:21 UTC] [INFO    ] [STEP 003] ================================================================================
[2026-05-10 01:02:21 UTC] [INFO    ] [STEP 003] STEP 003: DSN Data Request Workflow
[2026-05-10 01:02:21 UTC] [INFO    ] [STEP 003] ================================================================================
[2026-05-10 01:02:21 UTC] [INFO    ] [STEP 003] Generating actual data request packages for NASA/ESA archives
[2026-05-10 01:02:21 UTC] [DEBUG   ] [STEP 003] 
[2026-05-10 01:02:21 UTC] [DEBUG   ] [STEP 003] ================================================================================
[2026-05-10 01:02:21 UTC] [DEBUG   ] [STEP 003] SECTION: Configuration
[2026-05-10 01:02:21 UTC] [DEBUG   ] [STEP 003] ================================================================================
[2026-05-10 01:02:21 UTC] [DEBUG   ] [STEP 003]   PARAM: Number of missions = 5
[2026-05-10 01:02:21 UTC] [DEBUG   ] [STEP 003]   PARAM: Total data volume = 15.1 GB
[2026-05-10 01:02:21 UTC] [DEBUG   ] [STEP 003] Output directory: /Users/matthewsmawfield/www/Temporal Equivalence Principle/TEP-EFA/data/processed/dsn_requests
[2026-05-10 01:02:21 UTC] [INFO    ] [STEP 003] --------------------------------------------------------------------------------
[2026-05-10 01:02:21 UTC] [INFO    ] [STEP 003] Processing: NEAR_1998
[2026-05-10 01:02:21 UTC] [INFO    ] [STEP 003] --------------------------------------------------------------------------------
[2026-05-10 01:02:21 UTC] [INFO    ] [STEP 003] Agency: NASA
[2026-05-10 01:02:21 UTC] [INFO    ] [STEP 003] Data volume: 2.5 GB
[2026-05-10 01:02:21 UTC] [INFO    ] [STEP 003] ✓ Generated: step003_NASA_request_NEAR_1998.json
[2026-05-10 01:02:21 UTC] [INFO    ] [STEP 003]   Output: step003_NASA_request_NEAR_1998.json (DSN request for NEAR_1998)
[2026-05-10 01:02:21 UTC] [INFO    ] [STEP 003] --------------------------------------------------------------------------------
[2026-05-10 01:02:21 UTC] [INFO    ] [STEP 003] Processing: Galileo_1990
[2026-05-10 01:02:21 UTC] [INFO    ] [STEP 003] --------------------------------------------------------------------------------
[2026-05-10 01:02:21 UTC] [INFO    ] [STEP 003] Agency: NASA
[2026-05-10 01:02:21 UTC] [INFO    ] [STEP 003] Data volume: 1.8 GB
[2026-05-10 01:02:21 UTC] [INFO    ] [STEP 003] ✓ Generated: step003_NASA_request_Galileo_1990.json
[2026-05-10 01:02:21 UTC] [INFO    ] [STEP 003]   Output: step003_NASA_request_Galileo_1990.json (DSN request for Galileo_1990)
[2026-05-10 01:02:21 UTC] [INFO    ] [STEP 003] --------------------------------------------------------------------------------
[2026-05-10 01:02:21 UTC] [INFO    ] [STEP 003] Processing: Cassini_1999
[2026-05-10 01:02:21 UTC] [INFO    ] [STEP 003] --------------------------------------------------------------------------------
[2026-05-10 01:02:21 UTC] [INFO    ] [STEP 003] Agency: NASA
[2026-05-10 01:02:21 UTC] [INFO    ] [STEP 003] Data volume: 3.2 GB
[2026-05-10 01:02:21 UTC] [INFO    ] [STEP 003] ✓ Generated: step003_NASA_request_Cassini_1999.json
[2026-05-10 01:02:21 UTC] [INFO    ] [STEP 003]   Output: step003_NASA_request_Cassini_1999.json (DSN request for Cassini_1999)
[2026-05-10 01:02:21 UTC] [INFO    ] [STEP 003] --------------------------------------------------------------------------------
[2026-05-10 01:02:21 UTC] [INFO    ] [STEP 003] Processing: Juno_2013
[2026-05-10 01:02:21 UTC] [INFO    ] [STEP 003] --------------------------------------------------------------------------------
[2026-05-10 01:02:21 UTC] [INFO    ] [STEP 003] Agency: NASA
[2026-05-10 01:02:21 UTC] [INFO    ] [STEP 003] Data volume: 5.5 GB
[2026-05-10 01:02:21 UTC] [INFO    ] [STEP 003] ✓ Generated: step003_NASA_request_Juno_2013.json
[2026-05-10 01:02:21 UTC] [INFO    ] [STEP 003]   Output: step003_NASA_request_Juno_2013.json (DSN request for Juno_2013)
[2026-05-10 01:02:21 UTC] [INFO    ] [STEP 003] --------------------------------------------------------------------------------
[2026-05-10 01:02:21 UTC] [INFO    ] [STEP 003] Processing: Rosetta_2005
[2026-05-10 01:02:21 UTC] [INFO    ] [STEP 003] --------------------------------------------------------------------------------
[2026-05-10 01:02:21 UTC] [INFO    ] [STEP 003] Agency: ESA
[2026-05-10 01:02:21 UTC] [INFO    ] [STEP 003] Data volume: 2.1 GB
[2026-05-10 01:02:21 UTC] [INFO    ] [STEP 003] ✓ Generated: step003_ESA_request_Rosetta_2005.json
[2026-05-10 01:02:21 UTC] [INFO    ] [STEP 003]   Output: step003_ESA_request_Rosetta_2005.json (DSN request for Rosetta_2005)
[2026-05-10 01:02:21 UTC] [DEBUG   ] [STEP 003] 
[2026-05-10 01:02:21 UTC] [DEBUG   ] [STEP 003] ================================================================================
[2026-05-10 01:02:21 UTC] [DEBUG   ] [STEP 003] SECTION: SUMMARY
[2026-05-10 01:02:21 UTC] [DEBUG   ] [STEP 003] ================================================================================
[2026-05-10 01:02:21 UTC] [INFO    ] [STEP 003] Generated 5 request packages in: /Users/matthewsmawfield/www/Temporal Equivalence Principle/TEP-EFA/data/processed/dsn_requests
[2026-05-10 01:02:21 UTC] [INFO    ] [STEP 003] Total data volume: 15.1 GB
[2026-05-10 01:02:21 UTC] [INFO    ] [STEP 003] Next step: Submit requests to NASA/ESA archives
[2026-05-10 01:02:21 UTC] [INFO    ] [STEP 003] Timeline: 2-3 months for independent verification
[2026-05-10 01:02:21 UTC] [INFO    ] [STEP 003] 
[2026-05-10 01:02:21 UTC] [INFO    ] [STEP 003] ================================================================================
[2026-05-10 01:02:21 UTC] [INFO    ] [STEP 003] STEP SUMMARY: step_003_dsn_data_ingestion
[2026-05-10 01:02:21 UTC] [INFO    ] [STEP 003] ================================================================================
[2026-05-10 01:02:21 UTC] [INFO    ] [STEP 003] Step Number: 003
[2026-05-10 01:02:21 UTC] [INFO    ] [STEP 003] Status: SUCCESS
[2026-05-10 01:02:21 UTC] [INFO    ] [STEP 003] Duration: 0.00s
[2026-05-10 01:02:21 UTC] [INFO    ] [STEP 003] Calculations Logged: 0
[2026-05-10 01:02:21 UTC] [INFO    ] [STEP 003] Output Files: 5
[2026-05-10 01:02:21 UTC] [INFO    ] [STEP 003] Log file: /Users/matthewsmawfield/www/Temporal Equivalence Principle/TEP-EFA/logs/step_003_dsn_data_ingestion.log
[2026-05-10 01:02:21 UTC] [INFO    ] [STEP 003] 
[2026-05-10 01:02:21 UTC] [INFO    ] [STEP 003] Generated 5 output file(s):
[2026-05-10 01:02:21 UTC] [INFO    ] [STEP 003]   • step003_NASA_request_NEAR_1998.json: 1.13 KB - DSN request for NEAR_1998
[2026-05-10 01:02:21 UTC] [INFO    ] [STEP 003]   • step003_NASA_request_Galileo_1990.json: 1.13 KB - DSN request for Galileo_1990
[2026-05-10 01:02:21 UTC] [INFO    ] [STEP 003]   • step003_NASA_request_Cassini_1999.json: 1.13 KB - DSN request for Cassini_1999
[2026-05-10 01:02:21 UTC] [INFO    ] [STEP 003]   • step003_NASA_request_Juno_2013.json: 1.13 KB - DSN request for Juno_2013
[2026-05-10 01:02:21 UTC] [INFO    ] [STEP 003]   • step003_ESA_request_Rosetta_2005.json: 1.13 KB - DSN request for Rosetta_2005
[2026-05-10 01:02:21 UTC] [INFO    ] [STEP 003] ================================================================================
[2026-05-10 01:02:21 UTC] [INFO    ] [STEP 003] STEP 003 COMPLETE: SUCCESS
[2026-05-10 01:02:21 UTC] [INFO    ] [STEP 003] Provenance data saved to /Users/matthewsmawfield/www/Temporal Equivalence Principle/TEP-EFA/results/provenance/step_003_dsn_data_ingestion_provenance.json
[2026-05-09 22:02:21 UTC] [INFO    ] [STEP 003] 
[2026-05-09 22:02:21 UTC] [INFO    ] [STEP 003] ================================================================================
[2026-05-09 22:02:21 UTC] [INFO    ] [STEP 003] EXECUTIVE SUMMARY
[2026-05-09 22:02:21 UTC] [INFO    ] [STEP 003] ================================================================================
[2026-05-09 22:02:21 UTC] [INFO    ] [STEP 003] Step: step_003_dsn_data_ingestion (Step 003)
[2026-05-09 22:02:21 UTC] [INFO    ] [STEP 003] Status: SUCCESS
[2026-05-09 22:02:21 UTC] [INFO    ] [STEP 003] Duration: 0.00s
[2026-05-09 22:02:21 UTC] [INFO    ] [STEP 003] Calculations: 0
[2026-05-09 22:02:21 UTC] [INFO    ] [STEP 003] Output Files: 5
[2026-05-09 22:02:21 UTC] [INFO    ] [STEP 003] Key Outputs:
[2026-05-09 22:02:21 UTC] [INFO    ] [STEP 003]   - step003_NASA_request_NEAR_1998.json (1.13 KB)
[2026-05-09 22:02:21 UTC] [INFO    ] [STEP 003]   - step003_NASA_request_Galileo_1990.json (1.13 KB)
[2026-05-09 22:02:21 UTC] [INFO    ] [STEP 003]   - step003_NASA_request_Cassini_1999.json (1.13 KB)
[2026-05-09 22:02:21 UTC] [INFO    ] [STEP 003]   - step003_NASA_request_Juno_2013.json (1.13 KB)
[2026-05-09 22:02:21 UTC] [INFO    ] [STEP 003]   - step003_ESA_request_Rosetta_2005.json (1.13 KB)
[2026-05-09 22:02:21 UTC] [INFO    ] [STEP 003] ================================================================================
