[2026-05-10 01:01:28 UTC] [INFO    ] [STEP 001A] LOGGER INITIALIZED: step_001a_download_spice (Step 001A)
[2026-05-10 01:01:28 UTC] [DEBUG   ] [STEP 001A] Log file: /Users/matthewsmawfield/www/Temporal Equivalence Principle/TEP-EFA/logs/step_001a_download_spice.log
[2026-05-10 01:01:28 UTC] [DEBUG   ] [STEP 001A] Project root: /Users/matthewsmawfield/www/Temporal Equivalence Principle/TEP-EFA
[2026-05-10 01:01:28 UTC] [INFO    ] [STEP 001A] ================================================================================
[2026-05-10 01:01:28 UTC] [INFO    ] [STEP 001A] ROSETTA 2005/2007 SPICE KERNEL DOWNLOAD
[2026-05-10 01:01:28 UTC] [INFO    ] [STEP 001A] ================================================================================
[2026-05-10 01:01:28 UTC] [INFO    ] [STEP 001A] Source: ESA SPICE Service
[2026-05-10 01:01:28 UTC] [INFO    ] [STEP 001A] URL: https://spiftp.esac.esa.int/data/SPICE/ROSETTA/kernels/spk/
[2026-05-10 01:01:28 UTC] [INFO    ] [STEP 001A] Output directory: /Users/matthewsmawfield/www/Temporal Equivalence Principle/TEP-EFA/data/raw/spice_kernels
[2026-05-10 01:01:28 UTC] [DEBUG   ] [STEP 001A] 
[2026-05-10 01:01:28 UTC] [DEBUG   ] [STEP 001A] ================================================================================
[2026-05-10 01:01:28 UTC] [DEBUG   ] [STEP 001A] SECTION: Configuration
[2026-05-10 01:01:28 UTC] [DEBUG   ] [STEP 001A] ================================================================================
[2026-05-10 01:01:28 UTC] [DEBUG   ] [STEP 001A]   PARAM: ESA_SPICE_URL = https://spiftp.esac.esa.int/data/SPICE/ROSETTA/kernels/spk/
[2026-05-10 01:01:28 UTC] [DEBUG   ] [STEP 001A]   PARAM: KERNEL_DIR = /Users/matthewsmawfield/www/Temporal Equivalence Principle/TEP-EFA/data/raw/spice_kernels
[2026-05-10 01:01:28 UTC] [DEBUG   ] [STEP 001A]   PARAM: Number of kernels = 2
[2026-05-10 01:01:28 UTC] [DEBUG   ] [STEP 001A] Created output directory: /Users/matthewsmawfield/www/Temporal Equivalence Principle/TEP-EFA/data/raw/spice_kernels
[2026-05-10 01:01:28 UTC] [INFO    ] [STEP 001A] --------------------------------------------------------------------------------
[2026-05-10 01:01:28 UTC] [INFO    ] [STEP 001A] Mission: Rosetta_2005
[2026-05-10 01:01:28 UTC] [INFO    ] [STEP 001A] --------------------------------------------------------------------------------
[2026-05-10 01:01:28 UTC] [INFO    ] [STEP 001A] Description: 1st Earth flyby (March 4, 2005)
[2026-05-10 01:01:28 UTC] [INFO    ] [STEP 001A] Flyby date: 2005-03-04
[2026-05-10 01:01:28 UTC] [INFO    ] [STEP 001A] Perigee altitude: 1956 km
[2026-05-10 01:01:28 UTC] [INFO    ] [STEP 001A] Observed anomaly: 1.82 mm/s
[2026-05-10 01:01:28 UTC] [DEBUG   ] [STEP 001A] 
[2026-05-10 01:01:28 UTC] [DEBUG   ] [STEP 001A] ================================================================================
[2026-05-10 01:01:28 UTC] [DEBUG   ] [STEP 001A] SECTION: Downloading Rosetta_2005
[2026-05-10 01:01:28 UTC] [DEBUG   ] [STEP 001A] ================================================================================
[2026-05-10 01:01:28 UTC] [DEBUG   ] [STEP 001A]   PARAM: Filename = ORER_______________00031.BSP
[2026-05-10 01:01:28 UTC] [INFO    ] [STEP 001A]   → Downloading: ORER_______________00031.BSP
[2026-05-10 01:01:28 UTC] [DEBUG   ] [STEP 001A]   URL: https://spiftp.esac.esa.int/data/SPICE/ROSETTA/kernels/spk/ORER_______________00031.BSP
[2026-05-10 01:01:28 UTC] [DEBUG   ] [STEP 001A]   Output: /Users/matthewsmawfield/www/Temporal Equivalence Principle/TEP-EFA/data/raw/spice_kernels/ORER_______________00031.BSP
[2026-05-10 01:01:36 UTC] [INFO    ] [STEP 001A] ✓ Downloaded: ORER_______________00031.BSP (467,968 bytes in 8.40s)
[2026-05-10 01:01:36 UTC] [INFO    ] [STEP 001A]   Output: ORER_______________00031.BSP (SPICE BSP kernel file)
[2026-05-10 01:01:36 UTC] [INFO    ] [STEP 001A] --------------------------------------------------------------------------------
[2026-05-10 01:01:36 UTC] [INFO    ] [STEP 001A] Mission: Rosetta_2007
[2026-05-10 01:01:36 UTC] [INFO    ] [STEP 001A] --------------------------------------------------------------------------------
[2026-05-10 01:01:36 UTC] [INFO    ] [STEP 001A] Description: 2nd Earth flyby (November 13, 2007)
[2026-05-10 01:01:36 UTC] [INFO    ] [STEP 001A] Flyby date: 2007-11-13
[2026-05-10 01:01:36 UTC] [INFO    ] [STEP 001A] Perigee altitude: 5322 km
[2026-05-10 01:01:36 UTC] [INFO    ] [STEP 001A] Observed anomaly: 0.02 mm/s
[2026-05-10 01:01:36 UTC] [DEBUG   ] [STEP 001A] 
[2026-05-10 01:01:36 UTC] [DEBUG   ] [STEP 001A] ================================================================================
[2026-05-10 01:01:36 UTC] [DEBUG   ] [STEP 001A] SECTION: Downloading Rosetta_2007
[2026-05-10 01:01:36 UTC] [DEBUG   ] [STEP 001A] ================================================================================
[2026-05-10 01:01:36 UTC] [DEBUG   ] [STEP 001A]   PARAM: Filename = ORFR_______________00067.BSP
[2026-05-10 01:01:36 UTC] [INFO    ] [STEP 001A]   → Downloading: ORFR_______________00067.BSP
[2026-05-10 01:01:36 UTC] [DEBUG   ] [STEP 001A]   URL: https://spiftp.esac.esa.int/data/SPICE/ROSETTA/kernels/spk/ORFR_______________00067.BSP
[2026-05-10 01:01:36 UTC] [DEBUG   ] [STEP 001A]   Output: /Users/matthewsmawfield/www/Temporal Equivalence Principle/TEP-EFA/data/raw/spice_kernels/ORFR_______________00067.BSP
[2026-05-10 01:02:04 UTC] [INFO    ] [STEP 001A] ✓ Downloaded: ORFR_______________00067.BSP (2,164,736 bytes in 27.97s)
[2026-05-10 01:02:04 UTC] [INFO    ] [STEP 001A]   Output: ORFR_______________00067.BSP (SPICE BSP kernel file)
[2026-05-10 01:02:04 UTC] [DEBUG   ] [STEP 001A] 
[2026-05-10 01:02:04 UTC] [DEBUG   ] [STEP 001A] ================================================================================
[2026-05-10 01:02:04 UTC] [DEBUG   ] [STEP 001A] SECTION: DOWNLOAD SUMMARY
[2026-05-10 01:02:04 UTC] [DEBUG   ] [STEP 001A] ================================================================================
[2026-05-10 01:02:04 UTC] [INFO    ] [STEP 001A] Successfully downloaded: 2/2 kernels
[2026-05-10 01:02:04 UTC] [INFO    ] [STEP 001A] ✓ All kernels downloaded successfully!
[2026-05-10 01:02:04 UTC] [INFO    ] [STEP 001A] Next step: Run 'step_001b_spice_to_json.py' to convert BSP to JSON
[2026-05-10 01:02:04 UTC] [INFO    ] [STEP 001A] 
[2026-05-10 01:02:04 UTC] [INFO    ] [STEP 001A] ================================================================================
[2026-05-10 01:02:04 UTC] [INFO    ] [STEP 001A] STEP SUMMARY: step_001a_download_spice
[2026-05-10 01:02:04 UTC] [INFO    ] [STEP 001A] ================================================================================
[2026-05-10 01:02:04 UTC] [INFO    ] [STEP 001A] Step Number: 001A
[2026-05-10 01:02:04 UTC] [INFO    ] [STEP 001A] Status: SUCCESS
[2026-05-10 01:02:04 UTC] [INFO    ] [STEP 001A] Duration: 36.38s
[2026-05-10 01:02:04 UTC] [INFO    ] [STEP 001A] Calculations Logged: 0
[2026-05-10 01:02:04 UTC] [INFO    ] [STEP 001A] Output Files: 2
[2026-05-10 01:02:04 UTC] [INFO    ] [STEP 001A] Log file: /Users/matthewsmawfield/www/Temporal Equivalence Principle/TEP-EFA/logs/step_001a_download_spice.log
[2026-05-10 01:02:04 UTC] [INFO    ] [STEP 001A] 
[2026-05-10 01:02:04 UTC] [INFO    ] [STEP 001A] Generated 2 output file(s):
[2026-05-10 01:02:04 UTC] [INFO    ] [STEP 001A]   • ORER_______________00031.BSP: 457.00 KB - SPICE BSP kernel file
[2026-05-10 01:02:04 UTC] [INFO    ] [STEP 001A]   • ORFR_______________00067.BSP: 2114.00 KB - SPICE BSP kernel file
[2026-05-10 01:02:04 UTC] [INFO    ] [STEP 001A] ================================================================================
[2026-05-10 01:02:04 UTC] [INFO    ] [STEP 001A] STEP 001A COMPLETE: SUCCESS
[2026-05-10 01:02:04 UTC] [INFO    ] [STEP 001A] Provenance data saved to /Users/matthewsmawfield/www/Temporal Equivalence Principle/TEP-EFA/results/provenance/step_001a_download_spice_provenance.json
[2026-05-09 22:02:04 UTC] [INFO    ] [STEP 001A] 
[2026-05-09 22:02:04 UTC] [INFO    ] [STEP 001A] ================================================================================
[2026-05-09 22:02:04 UTC] [INFO    ] [STEP 001A] EXECUTIVE SUMMARY
[2026-05-09 22:02:04 UTC] [INFO    ] [STEP 001A] ================================================================================
[2026-05-09 22:02:04 UTC] [INFO    ] [STEP 001A] Step: step_001a_download_spice (Step 001A)
[2026-05-09 22:02:04 UTC] [INFO    ] [STEP 001A] Status: SUCCESS
[2026-05-09 22:02:04 UTC] [INFO    ] [STEP 001A] Duration: 36.38s
[2026-05-09 22:02:04 UTC] [INFO    ] [STEP 001A] Calculations: 0
[2026-05-09 22:02:04 UTC] [INFO    ] [STEP 001A] Output Files: 2
[2026-05-09 22:02:04 UTC] [INFO    ] [STEP 001A] Key Outputs:
[2026-05-09 22:02:04 UTC] [INFO    ] [STEP 001A]   - ORER_______________00031.BSP (457.00 KB)
[2026-05-09 22:02:04 UTC] [INFO    ] [STEP 001A]   - ORFR_______________00067.BSP (2114.00 KB)
[2026-05-09 22:02:04 UTC] [INFO    ] [STEP 001A] ================================================================================
