[2026-05-10 15:10:41 UTC] [INFO    ] [STEP 006] LOGGER INITIALIZED: step_006_dsn_framework (Step 006)
[2026-05-10 15:10:41 UTC] [DEBUG   ] [STEP 006] Log file: /Users/matthewsmawfield/www/Temporal Equivalence Principle/TEP-EFA/logs/step_006_dsn_framework.log
[2026-05-10 15:10:41 UTC] [DEBUG   ] [STEP 006] Project root: /Users/matthewsmawfield/www/Temporal Equivalence Principle/TEP-EFA
[2026-05-10 15:10:41 UTC] [INFO    ] [STEP 006] ✓ Found existing data for Juno_2013: 1 files
[2026-05-10 15:10:41 UTC] [DEBUG   ] [STEP 006] 
[2026-05-10 15:10:41 UTC] [DEBUG   ] [STEP 006] ================================================================================
[2026-05-10 15:10:41 UTC] [DEBUG   ] [STEP 006] SECTION: 2. DSN DATA PARSING
[2026-05-10 15:10:41 UTC] [DEBUG   ] [STEP 006] ================================================================================
[2026-05-10 15:10:41 UTC] [WARNING ] [STEP 006] ⚠ No valid DSN measurements extracted from available files
[2026-05-10 15:10:41 UTC] [INFO    ] [STEP 006] 
[2026-05-10 15:10:41 UTC] [INFO    ] [STEP 006] ================================================================================
[2026-05-10 15:10:41 UTC] [INFO    ] [STEP 006] STEP SUMMARY: step_006_dsn_framework
[2026-05-10 15:10:41 UTC] [INFO    ] [STEP 006] ================================================================================
[2026-05-10 15:10:41 UTC] [INFO    ] [STEP 006] Step Number: 006
[2026-05-10 15:10:41 UTC] [INFO    ] [STEP 006] Status: PARTIAL - NO VALID MEASUREMENTS
[2026-05-10 15:10:41 UTC] [INFO    ] [STEP 006] Duration: 0.00s
[2026-05-10 15:10:41 UTC] [INFO    ] [STEP 006] Calculations Logged: 0
[2026-05-10 15:10:41 UTC] [INFO    ] [STEP 006] Output Files: 0
[2026-05-10 15:10:41 UTC] [INFO    ] [STEP 006] Log file: /Users/matthewsmawfield/www/Temporal Equivalence Principle/TEP-EFA/logs/step_006_dsn_framework.log
[2026-05-10 15:10:41 UTC] [INFO    ] [STEP 006] No output files generated
[2026-05-10 15:10:41 UTC] [INFO    ] [STEP 006] ================================================================================
[2026-05-10 15:10:41 UTC] [INFO    ] [STEP 006] STEP 006 COMPLETE: PARTIAL - NO VALID MEASUREMENTS
[2026-05-10 15:10:41 UTC] [INFO    ] [STEP 006] Provenance data saved to /Users/matthewsmawfield/www/Temporal Equivalence Principle/TEP-EFA/results/provenance/step_006_dsn_framework_provenance.json
[2026-05-10 15:10:41 UTC] [DEBUG   ] [STEP 006] 
[2026-05-10 15:10:41 UTC] [DEBUG   ] [STEP 006] ================================================================================
[2026-05-10 15:10:41 UTC] [DEBUG   ] [STEP 006] SECTION: FINAL STATUS
[2026-05-10 15:10:41 UTC] [DEBUG   ] [STEP 006] ================================================================================
[2026-05-10 15:10:41 UTC] [INFO    ] [STEP 006] Mission analyzed: Juno_2013
[2026-05-10 15:10:41 UTC] [INFO    ] [STEP 006] Pipeline status: PARTIAL - NO VALID MEASUREMENTS
[2026-05-10 15:10:41 UTC] [INFO    ] [STEP 006] 
[2026-05-10 15:10:41 UTC] [INFO    ] [STEP 006] ================================================================================
[2026-05-10 15:10:41 UTC] [INFO    ] [STEP 006] STEP SUMMARY: step_006_dsn_framework
[2026-05-10 15:10:41 UTC] [INFO    ] [STEP 006] ================================================================================
[2026-05-10 15:10:41 UTC] [INFO    ] [STEP 006] Step Number: 006
[2026-05-10 15:10:41 UTC] [INFO    ] [STEP 006] Status: PARTIAL - NO VALID MEASUREMENTS
[2026-05-10 15:10:41 UTC] [INFO    ] [STEP 006] Duration: 0.00s
[2026-05-10 15:10:41 UTC] [INFO    ] [STEP 006] Calculations Logged: 0
[2026-05-10 15:10:41 UTC] [INFO    ] [STEP 006] Output Files: 0
[2026-05-10 15:10:41 UTC] [INFO    ] [STEP 006] Log file: /Users/matthewsmawfield/www/Temporal Equivalence Principle/TEP-EFA/logs/step_006_dsn_framework.log
[2026-05-10 15:10:41 UTC] [INFO    ] [STEP 006] No output files generated
[2026-05-10 15:10:41 UTC] [INFO    ] [STEP 006] ================================================================================
[2026-05-10 15:10:41 UTC] [INFO    ] [STEP 006] STEP 006 COMPLETE: PARTIAL - NO VALID MEASUREMENTS
[2026-05-10 15:10:41 UTC] [INFO    ] [STEP 006] Provenance data saved to /Users/matthewsmawfield/www/Temporal Equivalence Principle/TEP-EFA/results/provenance/step_006_dsn_framework_provenance.json
[2026-05-10 12:10:41 UTC] [INFO    ] [STEP 006] 
[2026-05-10 12:10:41 UTC] [INFO    ] [STEP 006] ================================================================================
[2026-05-10 12:10:41 UTC] [INFO    ] [STEP 006] EXECUTIVE SUMMARY
[2026-05-10 12:10:41 UTC] [INFO    ] [STEP 006] ================================================================================
[2026-05-10 12:10:41 UTC] [INFO    ] [STEP 006] Step: step_006_dsn_framework (Step 006)
[2026-05-10 12:10:41 UTC] [INFO    ] [STEP 006] Status: PARTIAL - NO VALID MEASUREMENTS
[2026-05-10 12:10:41 UTC] [INFO    ] [STEP 006] Duration: 0.00s
[2026-05-10 12:10:41 UTC] [INFO    ] [STEP 006] Calculations: 0
[2026-05-10 12:10:41 UTC] [INFO    ] [STEP 006] Output Files: 0
[2026-05-10 12:10:41 UTC] [INFO    ] [STEP 006] ================================================================================
