[2026-05-10 01:02:53 UTC] [INFO    ] [STEP 012] LOGGER INITIALIZED: step_012_saturation_model (Step 012)
[2026-05-10 01:02:53 UTC] [DEBUG   ] [STEP 012] Log file: /Users/matthewsmawfield/www/Temporal Equivalence Principle/TEP-EFA/logs/step_012_saturation_model.log
[2026-05-10 01:02:53 UTC] [DEBUG   ] [STEP 012] Project root: /Users/matthewsmawfield/www/Temporal Equivalence Principle/TEP-EFA
[2026-05-10 01:02:53 UTC] [DEBUG   ] [STEP 012] 
[2026-05-10 01:02:53 UTC] [DEBUG   ] [STEP 012] ================================================================================
[2026-05-10 01:02:53 UTC] [DEBUG   ] [STEP 012] SECTION: SATURATION MODEL ANALYSIS
[2026-05-10 01:02:53 UTC] [DEBUG   ] [STEP 012] ================================================================================
[2026-05-10 01:02:53 UTC] [DEBUG   ] [STEP 012] 
[2026-05-10 01:02:53 UTC] [DEBUG   ] [STEP 012] --- FLYBY SATURATION ANALYSIS ---
[2026-05-10 01:02:53 UTC] [INFO    ] [STEP 012] NEAR:
[2026-05-10 01:02:53 UTC] [INFO    ] [STEP 012]   Altitude: 568 km
[2026-05-10 01:02:53 UTC] [INFO    ] [STEP 012]   Density: 2.21e-15 g/cm³
[2026-05-10 01:02:53 UTC] [INFO    ] [STEP 012]   Saturation factor: 1.00e+00
[2026-05-10 01:02:53 UTC] [INFO    ] [STEP 012]   β_eff (no saturation): 1.00e-04
[2026-05-10 01:02:53 UTC] [INFO    ] [STEP 012]   β_eff (with saturation): 1.00e-04
[2026-05-10 01:02:53 UTC] [INFO    ] [STEP 012] Galileo_1990:
[2026-05-10 01:02:53 UTC] [INFO    ] [STEP 012]   Altitude: 972 km
[2026-05-10 01:02:53 UTC] [INFO    ] [STEP 012]   Density: 1.25e-16 g/cm³
[2026-05-10 01:02:53 UTC] [INFO    ] [STEP 012]   Saturation factor: 1.00e+00
[2026-05-10 01:02:53 UTC] [INFO    ] [STEP 012]   β_eff (no saturation): 1.00e-04
[2026-05-10 01:02:53 UTC] [INFO    ] [STEP 012]   β_eff (with saturation): 1.00e-04
[2026-05-10 01:02:53 UTC] [INFO    ] [STEP 012] Cassini:
[2026-05-10 01:02:53 UTC] [INFO    ] [STEP 012]   Altitude: 1197 km
[2026-05-10 01:02:53 UTC] [INFO    ] [STEP 012]   Density: 5.18e-18 g/cm³
[2026-05-10 01:02:53 UTC] [INFO    ] [STEP 012]   Saturation factor: 1.00e+00
[2026-05-10 01:02:53 UTC] [INFO    ] [STEP 012]   β_eff (no saturation): 1.00e-04
[2026-05-10 01:02:53 UTC] [INFO    ] [STEP 012]   β_eff (with saturation): 1.00e-04
[2026-05-10 01:02:53 UTC] [INFO    ] [STEP 012] Galileo_1992:
[2026-05-10 01:02:53 UTC] [INFO    ] [STEP 012]   Altitude: 310 km
[2026-05-10 01:02:53 UTC] [INFO    ] [STEP 012]   Density: 5.59e-14 g/cm³
[2026-05-10 01:02:53 UTC] [INFO    ] [STEP 012]   Saturation factor: 1.00e+00
[2026-05-10 01:02:53 UTC] [INFO    ] [STEP 012]   β_eff (no saturation): 1.00e-04
[2026-05-10 01:02:53 UTC] [INFO    ] [STEP 012]   β_eff (with saturation): 1.00e-04
[2026-05-10 01:02:53 UTC] [INFO    ] [STEP 012] Rosetta_2005:
[2026-05-10 01:02:53 UTC] [INFO    ] [STEP 012]   Altitude: 1969 km
[2026-05-10 01:02:53 UTC] [INFO    ] [STEP 012]   Density: 3.96e-19 g/cm³
[2026-05-10 01:02:53 UTC] [INFO    ] [STEP 012]   Saturation factor: 1.00e+00
[2026-05-10 01:02:53 UTC] [INFO    ] [STEP 012]   β_eff (no saturation): 1.00e-04
[2026-05-10 01:02:53 UTC] [INFO    ] [STEP 012]   β_eff (with saturation): 1.00e-04
[2026-05-10 01:02:53 UTC] [INFO    ] [STEP 012] Rosetta_2007:
[2026-05-10 01:02:53 UTC] [INFO    ] [STEP 012]   Altitude: 5430 km
[2026-05-10 01:02:53 UTC] [INFO    ] [STEP 012]   Density: 1.00e-20 g/cm³
[2026-05-10 01:02:53 UTC] [INFO    ] [STEP 012]   Saturation factor: 1.00e+00
[2026-05-10 01:02:53 UTC] [INFO    ] [STEP 012]   β_eff (no saturation): 1.00e-04
[2026-05-10 01:02:53 UTC] [INFO    ] [STEP 012]   β_eff (with saturation): 1.00e-04
[2026-05-10 01:02:53 UTC] [INFO    ] [STEP 012] MESSENGER_2005:
[2026-05-10 01:02:53 UTC] [INFO    ] [STEP 012]   Altitude: 2351 km
[2026-05-10 01:02:53 UTC] [INFO    ] [STEP 012]   Density: 1.11e-19 g/cm³
[2026-05-10 01:02:53 UTC] [INFO    ] [STEP 012]   Saturation factor: 1.00e+00
[2026-05-10 01:02:53 UTC] [INFO    ] [STEP 012]   β_eff (no saturation): 1.00e-04
[2026-05-10 01:02:53 UTC] [INFO    ] [STEP 012]   β_eff (with saturation): 1.00e-04
[2026-05-10 01:02:53 UTC] [INFO    ] [STEP 012] Juno:
[2026-05-10 01:02:53 UTC] [INFO    ] [STEP 012]   Altitude: 817 km
[2026-05-10 01:02:53 UTC] [INFO    ] [STEP 012]   Density: 3.52e-16 g/cm³
[2026-05-10 01:02:53 UTC] [INFO    ] [STEP 012]   Saturation factor: 1.00e+00
[2026-05-10 01:02:53 UTC] [INFO    ] [STEP 012]   β_eff (no saturation): 1.00e-04
[2026-05-10 01:02:53 UTC] [INFO    ] [STEP 012]   β_eff (with saturation): 1.00e-04
[2026-05-10 01:02:53 UTC] [DEBUG   ] [STEP 012] 
[2026-05-10 01:02:53 UTC] [DEBUG   ] [STEP 012] --- SUMMARY STATISTICS ---
[2026-05-10 01:02:53 UTC] [INFO    ] [STEP 012] Average saturation factor: 1.00e+00
[2026-05-10 01:02:53 UTC] [INFO    ] [STEP 012] Flybys in saturated regime (S < 0.5): 0/8
[2026-05-10 01:02:53 UTC] [DEBUG   ] [STEP 012] 
[2026-05-10 01:02:53 UTC] [DEBUG   ] [STEP 012] ================================================================================
[2026-05-10 01:02:53 UTC] [DEBUG   ] [STEP 012] SECTION: SAVING RESULTS
[2026-05-10 01:02:53 UTC] [DEBUG   ] [STEP 012] ================================================================================
[2026-05-10 01:02:53 UTC] [INFO    ] [STEP 012] Results saved to: /Users/matthewsmawfield/www/Temporal Equivalence Principle/TEP-EFA/results/step012_saturation_model.json
[2026-05-10 01:02:53 UTC] [INFO    ] [STEP 012] 
[2026-05-10 01:02:53 UTC] [INFO    ] [STEP 012] ================================================================================
[2026-05-10 01:02:53 UTC] [INFO    ] [STEP 012] STEP SUMMARY: step_012_saturation_model
[2026-05-10 01:02:53 UTC] [INFO    ] [STEP 012] ================================================================================
[2026-05-10 01:02:53 UTC] [INFO    ] [STEP 012] Step Number: 012
[2026-05-10 01:02:53 UTC] [INFO    ] [STEP 012] Status: SUCCESS
[2026-05-10 01:02:53 UTC] [INFO    ] [STEP 012] Duration: 0.00s
[2026-05-10 01:02:53 UTC] [INFO    ] [STEP 012] Calculations Logged: 0
[2026-05-10 01:02:53 UTC] [INFO    ] [STEP 012] Output Files: 0
[2026-05-10 01:02:53 UTC] [INFO    ] [STEP 012] Log file: /Users/matthewsmawfield/www/Temporal Equivalence Principle/TEP-EFA/logs/step_012_saturation_model.log
[2026-05-10 01:02:53 UTC] [INFO    ] [STEP 012] No output files generated
[2026-05-10 01:02:53 UTC] [INFO    ] [STEP 012] ================================================================================
[2026-05-10 01:02:53 UTC] [INFO    ] [STEP 012] STEP 012 COMPLETE: SUCCESS
[2026-05-10 01:02:53 UTC] [INFO    ] [STEP 012] Provenance data saved to /Users/matthewsmawfield/www/Temporal Equivalence Principle/TEP-EFA/results/provenance/step_012_saturation_model_provenance.json
[2026-05-09 22:02:53 UTC] [INFO    ] [STEP 012] 
[2026-05-09 22:02:53 UTC] [INFO    ] [STEP 012] ================================================================================
[2026-05-09 22:02:53 UTC] [INFO    ] [STEP 012] EXECUTIVE SUMMARY
[2026-05-09 22:02:53 UTC] [INFO    ] [STEP 012] ================================================================================
[2026-05-09 22:02:53 UTC] [INFO    ] [STEP 012] Step: step_012_saturation_model (Step 012)
[2026-05-09 22:02:53 UTC] [INFO    ] [STEP 012] Status: SUCCESS
[2026-05-09 22:02:53 UTC] [INFO    ] [STEP 012] Duration: 0.00s
[2026-05-09 22:02:53 UTC] [INFO    ] [STEP 012] Calculations: 0
[2026-05-09 22:02:53 UTC] [INFO    ] [STEP 012] Output Files: 0
[2026-05-09 22:02:53 UTC] [INFO    ] [STEP 012] ================================================================================
