[2026-05-10 15:10:50 UTC] [INFO    ] [STEP 017] LOGGER INITIALIZED: step_017_plasma_modulation (Step 017)
[2026-05-10 15:10:50 UTC] [DEBUG   ] [STEP 017] Log file: /Users/matthewsmawfield/www/Temporal Equivalence Principle/TEP-EFA/logs/step_017_plasma_modulation.log
[2026-05-10 15:10:50 UTC] [DEBUG   ] [STEP 017] Project root: /Users/matthewsmawfield/www/Temporal Equivalence Principle/TEP-EFA
[2026-05-10 15:10:50 UTC] [INFO    ] [STEP 017] Rosetta_2007:
[2026-05-10 15:10:50 UTC] [INFO    ] [STEP 017]   Altitude: 5430 km
[2026-05-10 15:10:50 UTC] [INFO    ] [STEP 017]   Plasma density: 5.38e-01 cm^-3
[2026-05-10 15:10:50 UTC] [INFO    ] [STEP 017]   Plasma screening factor: 0.000e+00
[2026-05-10 15:10:50 UTC] [INFO    ] [STEP 017]   Plasma sign factor: 1.000
[2026-05-10 15:10:50 UTC] [INFO    ] [STEP 017]   Solar activity: 1.0
[2026-05-10 15:10:50 UTC] [DEBUG   ] [STEP 017] 
[2026-05-10 15:10:50 UTC] [DEBUG   ] [STEP 017] --- CASSINI PLASMA MODULATION ANALYSIS ---
[2026-05-10 15:10:50 UTC] [INFO    ] [STEP 017] Cassini observed: +0.11 mm/s
[2026-05-10 15:10:50 UTC] [INFO    ] [STEP 017] Cassini predicted (disformal coupling): +0.321 mm/s
[2026-05-10 15:10:50 UTC] [INFO    ] [STEP 017] Plasma sign factor: 1.000
[2026-05-10 15:10:50 UTC] [INFO    ] [STEP 017] CONCLUSION: Disformal coupling mathematically dictates sign reversal; plasma is a secondary magnitude modulator.
[2026-05-10 15:10:50 UTC] [DEBUG   ] [STEP 017] 
[2026-05-10 15:10:50 UTC] [DEBUG   ] [STEP 017] ================================================================================
[2026-05-10 15:10:50 UTC] [DEBUG   ] [STEP 017] SECTION: SAVING RESULTS
[2026-05-10 15:10:50 UTC] [DEBUG   ] [STEP 017] ================================================================================
[2026-05-10 15:10:50 UTC] [INFO    ] [STEP 017] Results saved to: /Users/matthewsmawfield/www/Temporal Equivalence Principle/TEP-EFA/results/step017_plasma_modulation.json
[2026-05-10 15:10:50 UTC] [INFO    ] [STEP 017]   Output: step017_plasma_modulation.json (Plasma modulation factors)
[2026-05-10 15:10:50 UTC] [INFO    ] [STEP 017] 
[2026-05-10 15:10:50 UTC] [INFO    ] [STEP 017] ================================================================================
[2026-05-10 15:10:50 UTC] [INFO    ] [STEP 017] STEP SUMMARY: step_017_plasma_modulation
[2026-05-10 15:10:50 UTC] [INFO    ] [STEP 017] ================================================================================
[2026-05-10 15:10:50 UTC] [INFO    ] [STEP 017] Step Number: 017
[2026-05-10 15:10:50 UTC] [INFO    ] [STEP 017] Status: SUCCESS
[2026-05-10 15:10:50 UTC] [INFO    ] [STEP 017] Duration: 0.00s
[2026-05-10 15:10:50 UTC] [INFO    ] [STEP 017] Calculations Logged: 0
[2026-05-10 15:10:50 UTC] [INFO    ] [STEP 017] Output Files: 1
[2026-05-10 15:10:50 UTC] [INFO    ] [STEP 017] Log file: /Users/matthewsmawfield/www/Temporal Equivalence Principle/TEP-EFA/logs/step_017_plasma_modulation.log
[2026-05-10 15:10:50 UTC] [INFO    ] [STEP 017] 
[2026-05-10 15:10:50 UTC] [INFO    ] [STEP 017] Generated 1 output file(s):
[2026-05-10 15:10:50 UTC] [INFO    ] [STEP 017]   • step017_plasma_modulation.json: 4.06 KB - Plasma modulation factors
[2026-05-10 15:10:50 UTC] [INFO    ] [STEP 017] ================================================================================
[2026-05-10 15:10:50 UTC] [INFO    ] [STEP 017] STEP 017 COMPLETE: SUCCESS
[2026-05-10 15:10:50 UTC] [INFO    ] [STEP 017] Provenance data saved to /Users/matthewsmawfield/www/Temporal Equivalence Principle/TEP-EFA/results/provenance/step_017_plasma_modulation_provenance.json
[2026-05-10 12:10:50 UTC] [INFO    ] [STEP 017] 
[2026-05-10 12:10:50 UTC] [INFO    ] [STEP 017] ================================================================================
[2026-05-10 12:10:50 UTC] [INFO    ] [STEP 017] EXECUTIVE SUMMARY
[2026-05-10 12:10:50 UTC] [INFO    ] [STEP 017] ================================================================================
[2026-05-10 12:10:50 UTC] [INFO    ] [STEP 017] Step: step_017_plasma_modulation (Step 017)
[2026-05-10 12:10:50 UTC] [INFO    ] [STEP 017] Status: SUCCESS
[2026-05-10 12:10:50 UTC] [INFO    ] [STEP 017] Duration: 0.00s
[2026-05-10 12:10:50 UTC] [INFO    ] [STEP 017] Calculations: 0
[2026-05-10 12:10:50 UTC] [INFO    ] [STEP 017] Output Files: 1
[2026-05-10 12:10:50 UTC] [INFO    ] [STEP 017] Key Outputs:
[2026-05-10 12:10:50 UTC] [INFO    ] [STEP 017]   - step017_plasma_modulation.json (4.06 KB)
[2026-05-10 12:10:50 UTC] [INFO    ] [STEP 017] ================================================================================
