[2026-05-17 17:05:12 UTC] [INFO    ] [STEP 035] LOGGER INITIALIZED: step_035_cross_corpus_export (Step 035)
[2026-05-17 17:05:12 UTC] [DEBUG   ] [STEP 035] Log file: /Users/matthewsmawfield/www/Temporal Equivalence Principle/TEP-EFA/logs/step_035_cross_corpus_export.log
[2026-05-17 17:05:12 UTC] [DEBUG   ] [STEP 035] Project root: /Users/matthewsmawfield/www/Temporal Equivalence Principle/TEP-EFA
[2026-05-17 17:05:12 UTC] [INFO    ] [STEP 035] ================================================================================
[2026-05-17 17:05:12 UTC] [INFO    ] [STEP 035] STEP 035: TEP CROSS-CORPUS PARAMETER EXPORT
[2026-05-17 17:05:12 UTC] [INFO    ] [STEP 035] ================================================================================
[2026-05-17 17:05:12 UTC] [INFO    ] [STEP 035] Step 008 ensemble: beta=1.732539e-03 +/- 7.850735e-04, beta_eff=6.050698e-04, n_fits=4
[2026-05-17 17:05:12 UTC] [INFO    ] [STEP 035] Extracting verified constants across EFA steps...
[2026-05-17 17:05:12 UTC] [DEBUG   ] [STEP 035] 
[2026-05-17 17:05:12 UTC] [DEBUG   ] [STEP 035] ================================================================================
[2026-05-17 17:05:12 UTC] [DEBUG   ] [STEP 035] SECTION: EXPORT SUMMARY
[2026-05-17 17:05:12 UTC] [DEBUG   ] [STEP 035] ================================================================================
[2026-05-17 17:05:12 UTC] [INFO    ] [STEP 035] Export targets formatted:
[2026-05-17 17:05:12 UTC] [INFO    ] [STEP 035]  -> CLASS/CAMB (Cosmological Solvers)
[2026-05-17 17:05:12 UTC] [INFO    ] [STEP 035]  -> Gaia DR3 (Wide Binary Environment)
[2026-05-17 17:05:12 UTC] [INFO    ] [STEP 035] ✓ Final Manifest Saved: /Users/matthewsmawfield/www/Temporal Equivalence Principle/TEP-EFA/results/tep_universal_constants_manifest.json
[2026-05-17 17:05:12 UTC] [INFO    ] [STEP 035]   Output: tep_universal_constants_manifest.json (Cross-corpus universal constants manifest)
[2026-05-17 17:05:12 UTC] [INFO    ] [STEP 035] 
[2026-05-17 17:05:12 UTC] [INFO    ] [STEP 035] ================================================================================
[2026-05-17 17:05:12 UTC] [INFO    ] [STEP 035] STEP SUMMARY: step_035_cross_corpus_export
[2026-05-17 17:05:12 UTC] [INFO    ] [STEP 035] ================================================================================
[2026-05-17 17:05:12 UTC] [INFO    ] [STEP 035] Step Number: 035
[2026-05-17 17:05:12 UTC] [INFO    ] [STEP 035] Status: SUCCESS
[2026-05-17 17:05:12 UTC] [INFO    ] [STEP 035] Duration: 0.00s
[2026-05-17 17:05:12 UTC] [INFO    ] [STEP 035] Calculations Logged: 0
[2026-05-17 17:05:12 UTC] [INFO    ] [STEP 035] Output Files: 1
[2026-05-17 17:05:12 UTC] [INFO    ] [STEP 035] Log file: /Users/matthewsmawfield/www/Temporal Equivalence Principle/TEP-EFA/logs/step_035_cross_corpus_export.log
[2026-05-17 17:05:12 UTC] [INFO    ] [STEP 035] 
[2026-05-17 17:05:12 UTC] [INFO    ] [STEP 035] Generated 1 output file(s):
[2026-05-17 17:05:12 UTC] [INFO    ] [STEP 035]   • tep_universal_constants_manifest.json: 8.76 KB - Cross-corpus universal constants manifest
[2026-05-17 17:05:12 UTC] [INFO    ] [STEP 035] ================================================================================
[2026-05-17 17:05:12 UTC] [INFO    ] [STEP 035] STEP 035 COMPLETE: SUCCESS
[2026-05-17 17:05:12 UTC] [INFO    ] [STEP 035] Provenance data saved to /Users/matthewsmawfield/www/Temporal Equivalence Principle/TEP-EFA/results/provenance/step_035_cross_corpus_export_provenance.json
[2026-05-17 14:05:12 UTC] [INFO    ] [STEP 035] 
[2026-05-17 14:05:12 UTC] [INFO    ] [STEP 035] ================================================================================
[2026-05-17 14:05:12 UTC] [INFO    ] [STEP 035] EXECUTIVE SUMMARY
[2026-05-17 14:05:12 UTC] [INFO    ] [STEP 035] ================================================================================
[2026-05-17 14:05:12 UTC] [INFO    ] [STEP 035] Step: step_035_cross_corpus_export (Step 035)
[2026-05-17 14:05:12 UTC] [INFO    ] [STEP 035] Status: SUCCESS
[2026-05-17 14:05:12 UTC] [INFO    ] [STEP 035] Duration: 0.00s
[2026-05-17 14:05:12 UTC] [INFO    ] [STEP 035] Calculations: 0
[2026-05-17 14:05:12 UTC] [INFO    ] [STEP 035] Output Files: 1
[2026-05-17 14:05:12 UTC] [INFO    ] [STEP 035] Key Outputs:
[2026-05-17 14:05:12 UTC] [INFO    ] [STEP 035]   - tep_universal_constants_manifest.json (8.76 KB)
[2026-05-17 14:05:12 UTC] [INFO    ] [STEP 035] ================================================================================
