[2026-05-10 01:02:05 UTC] [INFO    ] [STEP 001B] LOGGER INITIALIZED: step_001b_spice_to_json (Step 001B)
[2026-05-10 01:02:05 UTC] [DEBUG   ] [STEP 001B] Log file: /Users/matthewsmawfield/www/Temporal Equivalence Principle/TEP-EFA/logs/step_001b_spice_to_json.log
[2026-05-10 01:02:05 UTC] [DEBUG   ] [STEP 001B] Project root: /Users/matthewsmawfield/www/Temporal Equivalence Principle/TEP-EFA
[2026-05-10 01:02:05 UTC] [INFO    ] [STEP 001B] ================================================================================
[2026-05-10 01:02:05 UTC] [INFO    ] [STEP 001B] ROSETTA SPICE KERNEL TO JSON CONVERTER
[2026-05-10 01:02:05 UTC] [INFO    ] [STEP 001B] ================================================================================
[2026-05-10 01:02:05 UTC] [INFO    ] [STEP 001B] Kernel directory: /Users/matthewsmawfield/www/Temporal Equivalence Principle/TEP-EFA/data/raw/spice_kernels
[2026-05-10 01:02:05 UTC] [INFO    ] [STEP 001B] Output directory: /Users/matthewsmawfield/www/Temporal Equivalence Principle/TEP-EFA/data/raw/flyby_trajectories
[2026-05-10 01:02:05 UTC] [DEBUG   ] [STEP 001B] 
[2026-05-10 01:02:05 UTC] [DEBUG   ] [STEP 001B] ================================================================================
[2026-05-10 01:02:05 UTC] [DEBUG   ] [STEP 001B] SECTION: Configuration
[2026-05-10 01:02:05 UTC] [DEBUG   ] [STEP 001B] ================================================================================
[2026-05-10 01:02:05 UTC] [DEBUG   ] [STEP 001B]   PARAM: KERNEL_DIR = /Users/matthewsmawfield/www/Temporal Equivalence Principle/TEP-EFA/data/raw/spice_kernels
[2026-05-10 01:02:05 UTC] [DEBUG   ] [STEP 001B]   PARAM: OUTPUT_DIR = /Users/matthewsmawfield/www/Temporal Equivalence Principle/TEP-EFA/data/raw/flyby_trajectories
[2026-05-10 01:02:05 UTC] [DEBUG   ] [STEP 001B]   PARAM: HAS_SPICE = True
[2026-05-10 01:02:05 UTC] [DEBUG   ] [STEP 001B]   PARAM: Number of flybys = 2
[2026-05-10 01:02:05 UTC] [DEBUG   ] [STEP 001B] Created directories
[2026-05-10 01:02:05 UTC] [DEBUG   ] [STEP 001B] Cleared existing SPICE kernels
[2026-05-10 01:02:05 UTC] [DEBUG   ] [STEP 001B] 
[2026-05-10 01:02:05 UTC] [DEBUG   ] [STEP 001B] ================================================================================
[2026-05-10 01:02:05 UTC] [DEBUG   ] [STEP 001B] SECTION: LOADING GENERIC KERNELS
[2026-05-10 01:02:05 UTC] [DEBUG   ] [STEP 001B] ================================================================================
[2026-05-10 01:02:05 UTC] [INFO    ] [STEP 001B] ✓ Leapseconds kernel already present: /Users/matthewsmawfield/www/Temporal Equivalence Principle/TEP-EFA/data/raw/spice_kernels/naif0012.tls
[2026-05-10 01:02:05 UTC] [INFO    ] [STEP 001B]   → Loading leapseconds kernel...
[2026-05-10 01:02:05 UTC] [INFO    ] [STEP 001B] ✓ Loaded: naif0012.tls
[2026-05-10 01:02:05 UTC] [INFO    ] [STEP 001B] --------------------------------------------------------------------------------
[2026-05-10 01:02:05 UTC] [INFO    ] [STEP 001B] Processing: Rosetta_2005
[2026-05-10 01:02:05 UTC] [INFO    ] [STEP 001B] --------------------------------------------------------------------------------
[2026-05-10 01:02:05 UTC] [INFO    ] [STEP 001B] Kernel: ORER_______________00031.BSP
[2026-05-10 01:02:05 UTC] [INFO    ] [STEP 001B] Flyby date: 2005-03-04
[2026-05-10 01:02:05 UTC] [INFO    ] [STEP 001B]   → Loading kernel...
[2026-05-10 01:02:05 UTC] [INFO    ] [STEP 001B]   → Extracting trajectory (±1 days)...
[2026-05-10 01:02:05 UTC] [INFO    ] [STEP 001B] Centered on perigee: 2005-03-04T22:10:00
[2026-05-10 01:02:05 UTC] [INFO    ] [STEP 001B]   → Saving to: /Users/matthewsmawfield/www/Temporal Equivalence Principle/TEP-EFA/data/raw/flyby_trajectories/Rosetta_2005_trajectory.json
[2026-05-10 01:02:05 UTC] [INFO    ] [STEP 001B] ✓ Saved: 31,361 bytes
[2026-05-10 01:02:05 UTC] [INFO    ] [STEP 001B] Perigee altitude: 1968.7 km
[2026-05-10 01:02:05 UTC] [INFO    ] [STEP 001B] Perigee velocity: 10.51 km/s
[2026-05-10 01:02:05 UTC] [INFO    ] [STEP 001B] Data points: 97
[2026-05-10 01:02:05 UTC] [INFO    ] [STEP 001B]   Output: Rosetta_2005_trajectory.json (Rosetta_2005 trajectory JSON)
[2026-05-10 01:02:05 UTC] [INFO    ] [STEP 001B] --------------------------------------------------------------------------------
[2026-05-10 01:02:05 UTC] [INFO    ] [STEP 001B] Processing: Rosetta_2007
[2026-05-10 01:02:05 UTC] [INFO    ] [STEP 001B] --------------------------------------------------------------------------------
[2026-05-10 01:02:05 UTC] [INFO    ] [STEP 001B] Kernel: ORFR_______________00067.BSP
[2026-05-10 01:02:05 UTC] [INFO    ] [STEP 001B] Flyby date: 2007-11-13
[2026-05-10 01:02:05 UTC] [INFO    ] [STEP 001B]   → Loading kernel...
[2026-05-10 01:02:05 UTC] [INFO    ] [STEP 001B]   → Extracting trajectory (±2 days)...
[2026-05-10 01:02:05 UTC] [INFO    ] [STEP 001B]   → Saving to: /Users/matthewsmawfield/www/Temporal Equivalence Principle/TEP-EFA/data/raw/flyby_trajectories/Rosetta_2007_trajectory.json
[2026-05-10 01:02:05 UTC] [INFO    ] [STEP 001B] ✓ Saved: 61,189 bytes
[2026-05-10 01:02:05 UTC] [INFO    ] [STEP 001B] Perigee altitude: 5429.9 km
[2026-05-10 01:02:05 UTC] [INFO    ] [STEP 001B] Perigee velocity: 12.46 km/s
[2026-05-10 01:02:05 UTC] [INFO    ] [STEP 001B] Data points: 193
[2026-05-10 01:02:05 UTC] [INFO    ] [STEP 001B]   Output: Rosetta_2007_trajectory.json (Rosetta_2007 trajectory JSON)
[2026-05-10 01:02:05 UTC] [DEBUG   ] [STEP 001B] 
[2026-05-10 01:02:05 UTC] [DEBUG   ] [STEP 001B] ================================================================================
[2026-05-10 01:02:05 UTC] [DEBUG   ] [STEP 001B] SECTION: CONVERSION SUMMARY
[2026-05-10 01:02:05 UTC] [DEBUG   ] [STEP 001B] ================================================================================
[2026-05-10 01:02:05 UTC] [INFO    ] [STEP 001B] Successfully converted: 2/2 flybys
[2026-05-10 01:02:05 UTC] [INFO    ] [STEP 001B] ✓ All SPICE kernels converted to JSON!
[2026-05-10 01:02:05 UTC] [INFO    ] [STEP 001B] Next steps:
[2026-05-10 01:02:05 UTC] [INFO    ] [STEP 001B]   1. Update 'step_001_data_ingestion.py' to include Rosetta 2005/2007
[2026-05-10 01:02:05 UTC] [INFO    ] [STEP 001B]   2. Update 'archival_flyby_catalog.json' processed_ephemeris_available = true
[2026-05-10 01:02:05 UTC] [INFO    ] [STEP 001B]   3. Re-run the pipeline with expanded dataset
[2026-05-10 01:02:05 UTC] [INFO    ] [STEP 001B] 
[2026-05-10 01:02:05 UTC] [INFO    ] [STEP 001B] ================================================================================
[2026-05-10 01:02:05 UTC] [INFO    ] [STEP 001B] STEP SUMMARY: step_001b_spice_to_json
[2026-05-10 01:02:05 UTC] [INFO    ] [STEP 001B] ================================================================================
[2026-05-10 01:02:05 UTC] [INFO    ] [STEP 001B] Step Number: 001B
[2026-05-10 01:02:05 UTC] [INFO    ] [STEP 001B] Status: SUCCESS
[2026-05-10 01:02:05 UTC] [INFO    ] [STEP 001B] Duration: 0.04s
[2026-05-10 01:02:05 UTC] [INFO    ] [STEP 001B] Calculations Logged: 0
[2026-05-10 01:02:05 UTC] [INFO    ] [STEP 001B] Output Files: 2
[2026-05-10 01:02:05 UTC] [INFO    ] [STEP 001B] Log file: /Users/matthewsmawfield/www/Temporal Equivalence Principle/TEP-EFA/logs/step_001b_spice_to_json.log
[2026-05-10 01:02:05 UTC] [INFO    ] [STEP 001B] 
[2026-05-10 01:02:05 UTC] [INFO    ] [STEP 001B] Generated 2 output file(s):
[2026-05-10 01:02:05 UTC] [INFO    ] [STEP 001B]   • Rosetta_2005_trajectory.json: 30.63 KB - Rosetta_2005 trajectory JSON
[2026-05-10 01:02:05 UTC] [INFO    ] [STEP 001B]   • Rosetta_2007_trajectory.json: 59.75 KB - Rosetta_2007 trajectory JSON
[2026-05-10 01:02:05 UTC] [INFO    ] [STEP 001B] ================================================================================
[2026-05-10 01:02:05 UTC] [INFO    ] [STEP 001B] STEP 001B COMPLETE: SUCCESS
[2026-05-10 01:02:05 UTC] [INFO    ] [STEP 001B] Provenance data saved to /Users/matthewsmawfield/www/Temporal Equivalence Principle/TEP-EFA/results/provenance/step_001b_spice_to_json_provenance.json
[2026-05-09 22:02:05 UTC] [INFO    ] [STEP 001B] 
[2026-05-09 22:02:05 UTC] [INFO    ] [STEP 001B] ================================================================================
[2026-05-09 22:02:05 UTC] [INFO    ] [STEP 001B] EXECUTIVE SUMMARY
[2026-05-09 22:02:05 UTC] [INFO    ] [STEP 001B] ================================================================================
[2026-05-09 22:02:05 UTC] [INFO    ] [STEP 001B] Step: step_001b_spice_to_json (Step 001B)
[2026-05-09 22:02:05 UTC] [INFO    ] [STEP 001B] Status: SUCCESS
[2026-05-09 22:02:05 UTC] [INFO    ] [STEP 001B] Duration: 0.04s
[2026-05-09 22:02:05 UTC] [INFO    ] [STEP 001B] Calculations: 0
[2026-05-09 22:02:05 UTC] [INFO    ] [STEP 001B] Output Files: 2
[2026-05-09 22:02:05 UTC] [INFO    ] [STEP 001B] Key Outputs:
[2026-05-09 22:02:05 UTC] [INFO    ] [STEP 001B]   - Rosetta_2005_trajectory.json (30.63 KB)
[2026-05-09 22:02:05 UTC] [INFO    ] [STEP 001B]   - Rosetta_2007_trajectory.json (59.75 KB)
[2026-05-09 22:02:05 UTC] [INFO    ] [STEP 001B] ================================================================================
