[2026-05-10 01:02:30 UTC] [INFO    ] [STEP 013] LOGGER INITIALIZED: step_013_hierarchical_bayesian (Step 013)
[2026-05-10 01:02:30 UTC] [DEBUG   ] [STEP 013] Log file: /Users/matthewsmawfield/www/Temporal Equivalence Principle/TEP-EFA/logs/step_013_hierarchical_bayesian.log
[2026-05-10 01:02:30 UTC] [DEBUG   ] [STEP 013] Project root: /Users/matthewsmawfield/www/Temporal Equivalence Principle/TEP-EFA
[2026-05-10 01:02:30 UTC] [DEBUG   ] [STEP 013] 
[2026-05-10 01:02:30 UTC] [DEBUG   ] [STEP 013] ================================================================================
[2026-05-10 01:02:30 UTC] [DEBUG   ] [STEP 013] SECTION: BUILDING HIERARCHICAL BAYESIAN MODEL
[2026-05-10 01:02:30 UTC] [DEBUG   ] [STEP 013] ================================================================================
[2026-05-10 01:02:30 UTC] [INFO    ] [STEP 013] Model structure:
[2026-05-10 01:02:30 UTC] [INFO    ] [STEP 013]   Level 1: Universal parameters (β_0, b_disf, σ, α_res)
[2026-05-10 01:02:30 UTC] [INFO    ] [STEP 013]   Level 2: Residual geometry modulations
[2026-05-10 01:02:30 UTC] [INFO    ] [STEP 013]   Level 3: Observations with measurement noise
[2026-05-10 01:02:30 UTC] [DEBUG   ] [STEP 013] 
[2026-05-10 01:02:30 UTC] [DEBUG   ] [STEP 013] --- PRIORS ---
[2026-05-10 01:02:30 UTC] [INFO    ] [STEP 013] β_0 ~ Normal(0.0001, 0.5×10⁻⁴)  # Theoretical prior
[2026-05-10 01:02:30 UTC] [INFO    ] [STEP 013] α_res ~ Normal(0, 0.1)  # Residual geometry modulation
[2026-05-10 01:02:30 UTC] [INFO    ] [STEP 013] Loaded 5 flybys with observations
[2026-05-10 01:02:30 UTC] [INFO    ] [STEP 013] Running 2000 steps with 32 walkers...
[2026-05-10 01:02:32 UTC] [DEBUG   ] [STEP 013] 
[2026-05-10 01:02:32 UTC] [DEBUG   ] [STEP 013] --- POSTERIOR STATISTICS ---
[2026-05-10 01:02:32 UTC] [INFO    ] [STEP 013] β_0 = 4.00e-04 ± 4.45e-05
[2026-05-10 01:02:32 UTC] [INFO    ] [STEP 013] σ = 5.07e-02 ± 3.64e-02
[2026-05-10 01:02:32 UTC] [INFO    ] [STEP 013] α_res = -0.430 ± 0.401
[2026-05-10 01:02:33 UTC] [INFO    ] [STEP 013] Corner plot saved to: /Users/matthewsmawfield/www/Temporal Equivalence Principle/TEP-EFA/results/step013_hierarchical_bayesian_corner.png
[2026-05-10 01:02:33 UTC] [INFO    ] [STEP 013]   Output: step013_hierarchical_bayesian_corner.png (Hierarchical Bayesian corner plot)
[2026-05-10 01:02:33 UTC] [DEBUG   ] [STEP 013] 
[2026-05-10 01:02:33 UTC] [DEBUG   ] [STEP 013] ================================================================================
[2026-05-10 01:02:33 UTC] [DEBUG   ] [STEP 013] SECTION: SAVING RESULTS
[2026-05-10 01:02:33 UTC] [DEBUG   ] [STEP 013] ================================================================================
[2026-05-10 01:02:33 UTC] [INFO    ] [STEP 013] Results saved to: /Users/matthewsmawfield/www/Temporal Equivalence Principle/TEP-EFA/results/step013_hierarchical_bayesian_results.json
[2026-05-10 01:02:33 UTC] [INFO    ] [STEP 013] 
[2026-05-10 01:02:33 UTC] [INFO    ] [STEP 013] ================================================================================
[2026-05-10 01:02:33 UTC] [INFO    ] [STEP 013] STEP SUMMARY: step_013_hierarchical_bayesian
[2026-05-10 01:02:33 UTC] [INFO    ] [STEP 013] ================================================================================
[2026-05-10 01:02:33 UTC] [INFO    ] [STEP 013] Step Number: 013
[2026-05-10 01:02:33 UTC] [INFO    ] [STEP 013] Status: SUCCESS
[2026-05-10 01:02:33 UTC] [INFO    ] [STEP 013] Duration: 0.00s
[2026-05-10 01:02:33 UTC] [INFO    ] [STEP 013] Calculations Logged: 0
[2026-05-10 01:02:33 UTC] [INFO    ] [STEP 013] Output Files: 1
[2026-05-10 01:02:33 UTC] [INFO    ] [STEP 013] Log file: /Users/matthewsmawfield/www/Temporal Equivalence Principle/TEP-EFA/logs/step_013_hierarchical_bayesian.log
[2026-05-10 01:02:33 UTC] [INFO    ] [STEP 013] 
[2026-05-10 01:02:33 UTC] [INFO    ] [STEP 013] Generated 1 output file(s):
[2026-05-10 01:02:33 UTC] [INFO    ] [STEP 013]   • step013_hierarchical_bayesian_corner.png: 148.07 KB - Hierarchical Bayesian corner plot
[2026-05-10 01:02:33 UTC] [INFO    ] [STEP 013] ================================================================================
[2026-05-10 01:02:33 UTC] [INFO    ] [STEP 013] STEP 013 COMPLETE: SUCCESS
[2026-05-10 01:02:33 UTC] [INFO    ] [STEP 013] Provenance data saved to /Users/matthewsmawfield/www/Temporal Equivalence Principle/TEP-EFA/results/provenance/step_013_hierarchical_bayesian_provenance.json
[2026-05-09 22:02:33 UTC] [INFO    ] [STEP 013] 
[2026-05-09 22:02:33 UTC] [INFO    ] [STEP 013] ================================================================================
[2026-05-09 22:02:33 UTC] [INFO    ] [STEP 013] EXECUTIVE SUMMARY
[2026-05-09 22:02:33 UTC] [INFO    ] [STEP 013] ================================================================================
[2026-05-09 22:02:33 UTC] [INFO    ] [STEP 013] Step: step_013_hierarchical_bayesian (Step 013)
[2026-05-09 22:02:33 UTC] [INFO    ] [STEP 013] Status: SUCCESS
[2026-05-09 22:02:33 UTC] [INFO    ] [STEP 013] Duration: 0.00s
[2026-05-09 22:02:33 UTC] [INFO    ] [STEP 013] Calculations: 0
[2026-05-09 22:02:33 UTC] [INFO    ] [STEP 013] Output Files: 1
[2026-05-09 22:02:33 UTC] [INFO    ] [STEP 013] Key Outputs:
[2026-05-09 22:02:33 UTC] [INFO    ] [STEP 013]   - step013_hierarchical_bayesian_corner.png (148.07 KB)
[2026-05-09 22:02:33 UTC] [INFO    ] [STEP 013] ================================================================================
