[2026-05-10 01:02:35 UTC] [INFO    ] [STEP 017] LOGGER INITIALIZED: step_017_3d_field_integration (Step 017)
[2026-05-10 01:02:35 UTC] [DEBUG   ] [STEP 017] Log file: /Users/matthewsmawfield/www/Temporal Equivalence Principle/TEP-EFA/logs/step_017_3d_field_integration.log
[2026-05-10 01:02:35 UTC] [DEBUG   ] [STEP 017] Project root: /Users/matthewsmawfield/www/Temporal Equivalence Principle/TEP-EFA
[2026-05-10 01:02:35 UTC] [DEBUG   ] [STEP 017] 
[2026-05-10 01:02:35 UTC] [DEBUG   ] [STEP 017] --- INTEGRATION PARAMETERS ---
[2026-05-10 01:02:35 UTC] [INFO    ] [STEP 017] β = 1.00e-04
[2026-05-10 01:02:35 UTC] [INFO    ] [STEP 017] J2 = 1.08e-03
[2026-05-10 01:02:35 UTC] [DEBUG   ] [STEP 017] 
[2026-05-10 01:02:35 UTC] [DEBUG   ] [STEP 017] --- TRAJECTORY INTEGRATION ---
[2026-05-10 01:02:35 UTC] [INFO    ] [STEP 017] Processing NEAR...
[2026-05-10 01:02:35 UTC] [INFO    ] [STEP 017]   3D integration: 0.0000 mm/s
[2026-05-10 01:02:35 UTC] [INFO    ] [STEP 017]   Simplified: 0.0000 mm/s
[2026-05-10 01:02:35 UTC] [INFO    ] [STEP 017]   Current: 4.2357 mm/s
[2026-05-10 01:02:35 UTC] [INFO    ] [STEP 017]   Ratio: 1.00
[2026-05-10 01:02:35 UTC] [INFO    ] [STEP 017] Processing Galileo_1990...
[2026-05-10 01:02:35 UTC] [INFO    ] [STEP 017]   3D integration: 0.0000 mm/s
[2026-05-10 01:02:35 UTC] [INFO    ] [STEP 017]   Simplified: 0.0000 mm/s
[2026-05-10 01:02:35 UTC] [INFO    ] [STEP 017]   Current: 1.0539 mm/s
[2026-05-10 01:02:35 UTC] [INFO    ] [STEP 017]   Ratio: 1.00
[2026-05-10 01:02:35 UTC] [INFO    ] [STEP 017] Processing Cassini...
[2026-05-10 01:02:35 UTC] [INFO    ] [STEP 017]   3D integration: 0.0000 mm/s
[2026-05-10 01:02:35 UTC] [INFO    ] [STEP 017]   Simplified: 0.0000 mm/s
[2026-05-10 01:02:35 UTC] [INFO    ] [STEP 017]   Current: 0.3207 mm/s
[2026-05-10 01:02:35 UTC] [INFO    ] [STEP 017]   Ratio: 1.00
[2026-05-10 01:02:35 UTC] [INFO    ] [STEP 017] Processing Rosetta_2005...
[2026-05-10 01:02:35 UTC] [INFO    ] [STEP 017]   3D integration: 0.0000 mm/s
[2026-05-10 01:02:35 UTC] [INFO    ] [STEP 017]   Simplified: 0.0000 mm/s
[2026-05-10 01:02:35 UTC] [INFO    ] [STEP 017]   Current: 1.6027 mm/s
[2026-05-10 01:02:35 UTC] [INFO    ] [STEP 017]   Ratio: 1.00
[2026-05-10 01:02:35 UTC] [INFO    ] [STEP 017] Processing Rosetta_2007...
[2026-05-10 01:02:35 UTC] [INFO    ] [STEP 017]   3D integration: 0.0000 mm/s
[2026-05-10 01:02:35 UTC] [INFO    ] [STEP 017]   Simplified: 0.0000 mm/s
[2026-05-10 01:02:35 UTC] [INFO    ] [STEP 017]   Current: 0.0447 mm/s
[2026-05-10 01:02:35 UTC] [INFO    ] [STEP 017]   Ratio: 1.00
[2026-05-10 01:02:35 UTC] [DEBUG   ] [STEP 017] 
[2026-05-10 01:02:35 UTC] [DEBUG   ] [STEP 017] ================================================================================
[2026-05-10 01:02:35 UTC] [DEBUG   ] [STEP 017] SECTION: SAVING RESULTS
[2026-05-10 01:02:35 UTC] [DEBUG   ] [STEP 017] ================================================================================
[2026-05-10 01:02:35 UTC] [INFO    ] [STEP 017] Results saved to: /Users/matthewsmawfield/www/Temporal Equivalence Principle/TEP-EFA/results/step017_3d_field_integration_results.json
[2026-05-10 01:02:35 UTC] [INFO    ] [STEP 017] 
[2026-05-10 01:02:35 UTC] [INFO    ] [STEP 017] ================================================================================
[2026-05-10 01:02:35 UTC] [INFO    ] [STEP 017] STEP SUMMARY: step_017_3d_field_integration
[2026-05-10 01:02:35 UTC] [INFO    ] [STEP 017] ================================================================================
[2026-05-10 01:02:35 UTC] [INFO    ] [STEP 017] Step Number: 017
[2026-05-10 01:02:35 UTC] [INFO    ] [STEP 017] Status: SUCCESS
[2026-05-10 01:02:35 UTC] [INFO    ] [STEP 017] Duration: 0.00s
[2026-05-10 01:02:35 UTC] [INFO    ] [STEP 017] Calculations Logged: 0
[2026-05-10 01:02:35 UTC] [INFO    ] [STEP 017] Output Files: 0
[2026-05-10 01:02:35 UTC] [INFO    ] [STEP 017] Log file: /Users/matthewsmawfield/www/Temporal Equivalence Principle/TEP-EFA/logs/step_017_3d_field_integration.log
[2026-05-10 01:02:35 UTC] [INFO    ] [STEP 017] No output files generated
[2026-05-10 01:02:35 UTC] [INFO    ] [STEP 017] ================================================================================
[2026-05-10 01:02:35 UTC] [INFO    ] [STEP 017] STEP 017 COMPLETE: SUCCESS
[2026-05-10 01:02:35 UTC] [INFO    ] [STEP 017] Provenance data saved to /Users/matthewsmawfield/www/Temporal Equivalence Principle/TEP-EFA/results/provenance/step_017_3d_field_integration_provenance.json
[2026-05-09 22:02:35 UTC] [INFO    ] [STEP 017] 
[2026-05-09 22:02:35 UTC] [INFO    ] [STEP 017] ================================================================================
[2026-05-09 22:02:35 UTC] [INFO    ] [STEP 017] EXECUTIVE SUMMARY
[2026-05-09 22:02:35 UTC] [INFO    ] [STEP 017] ================================================================================
[2026-05-09 22:02:35 UTC] [INFO    ] [STEP 017] Step: step_017_3d_field_integration (Step 017)
[2026-05-09 22:02:35 UTC] [INFO    ] [STEP 017] Status: SUCCESS
[2026-05-09 22:02:35 UTC] [INFO    ] [STEP 017] Duration: 0.00s
[2026-05-09 22:02:35 UTC] [INFO    ] [STEP 017] Calculations: 0
[2026-05-09 22:02:35 UTC] [INFO    ] [STEP 017] Output Files: 0
[2026-05-09 22:02:35 UTC] [INFO    ] [STEP 017] ================================================================================
