[2026-05-10 02:44:42 UTC] [INFO    ] [STEP 034] LOGGER INITIALIZED: step_034_plasma_environment (Step 034)
[2026-05-10 02:44:42 UTC] [DEBUG   ] [STEP 034] Log file: /Users/matthewsmawfield/www/Temporal Equivalence Principle/TEP-EFA/logs/step_034_plasma_environment.log
[2026-05-10 02:44:42 UTC] [DEBUG   ] [STEP 034] Project root: /Users/matthewsmawfield/www/Temporal Equivalence Principle/TEP-EFA
[2026-05-10 02:44:42 UTC] [INFO    ] [STEP 034] Loaded IRI trajectory profiles from step_027
[2026-05-10 02:44:42 UTC] [INFO    ] [STEP 034] ================================================================================
[2026-05-10 02:44:42 UTC] [INFO    ] [STEP 034] STEP 034: PLASMA ENVIRONMENT RECONSTRUCTION
[2026-05-10 02:44:42 UTC] [INFO    ] [STEP 034] ================================================================================
[2026-05-10 02:44:42 UTC] [INFO    ] [STEP 034] Using REAL historical solar activity data
[2026-05-10 02:44:42 UTC] [INFO    ] [STEP 034] F10.7 from NOAA PSL archive (1948-present)
[2026-05-10 02:44:42 UTC] [INFO    ] [STEP 034] Kp from GFZ archive (1932-present)
[2026-05-10 02:44:42 UTC] [INFO    ] [STEP 034] IRI model electron density profiles from step_027 (continuous trajectory data)
[2026-05-10 02:44:42 UTC] [INFO    ] [STEP 034] Plasma screening using Debye physics: λ_D = sqrt(ε₀ k_B T_e / (n_e e²))
[2026-05-10 02:44:42 UTC] [INFO    ] [STEP 034] Screening factor: S = exp(-λ_TEP / λ_D) with λ_TEP = 4000 km
[2026-05-10 02:44:42 UTC] [INFO    ] [STEP 034] Debye screening properly implemented from plasma physics
[2026-05-10 02:44:42 UTC] [INFO    ] [STEP 034] Computing F_plasma factors from IRI electron density profiles
[2026-05-10 02:44:42 UTC] [INFO    ] [STEP 034] Fetching historical F10.7 data from NOAA PSL...
[2026-05-10 02:44:44 UTC] [INFO    ] [STEP 034] ✓ Fetched 922 historical F10.7 data points from NOAA PSL
[2026-05-10 02:44:44 UTC] [INFO    ] [STEP 034] Fetching historical Kp data from GFZ...
[2026-05-10 02:44:46 UTC] [INFO    ] [STEP 034] ✓ Fetched 34462 historical Kp data points from GFZ
[2026-05-10 02:44:46 UTC] [INFO    ] [STEP 034] NEAR:
[2026-05-10 02:44:46 UTC] [INFO    ] [STEP 034]   n_e = 135428.9 ± 0.1 cm³
[2026-05-10 02:44:46 UTC] [INFO    ] [STEP 034]   F10.7 = 934.0 ± 0.1 sfu
[2026-05-10 02:44:46 UTC] [INFO    ] [STEP 034]   Activity = high
[2026-05-10 02:44:46 UTC] [INFO    ] [STEP 034]   F_screening = 0.0000 ± 0.3000
[2026-05-10 02:44:46 UTC] [INFO    ] [STEP 034]   F_sign = 1.0 ± 0.2
[2026-05-10 02:44:46 UTC] [INFO    ] [STEP 034]   Combined uncertainty: ±40%
[2026-05-10 02:44:46 UTC] [INFO    ] [STEP 034]   Data source: IRI_model_step_027
[2026-05-10 02:44:46 UTC] [INFO    ] [STEP 034] Galileo_1990:
[2026-05-10 02:44:46 UTC] [INFO    ] [STEP 034]   n_e = 48933.4 ± 0.1 cm³
[2026-05-10 02:44:46 UTC] [INFO    ] [STEP 034]   F10.7 = 2049.0 ± 0.1 sfu
[2026-05-10 02:44:46 UTC] [INFO    ] [STEP 034]   Activity = high
[2026-05-10 02:44:46 UTC] [INFO    ] [STEP 034]   F_screening = 0.0000 ± 0.3000
[2026-05-10 02:44:46 UTC] [INFO    ] [STEP 034]   F_sign = 1.0 ± 0.2
[2026-05-10 02:44:46 UTC] [INFO    ] [STEP 034]   Combined uncertainty: ±40%
[2026-05-10 02:44:46 UTC] [INFO    ] [STEP 034]   Data source: IRI_model_step_027
[2026-05-10 02:44:46 UTC] [INFO    ] [STEP 034] Cassini:
[2026-05-10 02:44:46 UTC] [INFO    ] [STEP 034]   n_e = 13620.0 ± 0.1 cm³
[2026-05-10 02:44:46 UTC] [INFO    ] [STEP 034]   F10.7 = 1708.0 ± 0.1 sfu
[2026-05-10 02:44:46 UTC] [INFO    ] [STEP 034]   Activity = high
[2026-05-10 02:44:46 UTC] [INFO    ] [STEP 034]   F_screening = 0.0000 ± 0.3000
[2026-05-10 02:44:46 UTC] [INFO    ] [STEP 034]   F_sign = 1.0 ± 0.2
[2026-05-10 02:44:46 UTC] [INFO    ] [STEP 034]   Combined uncertainty: ±40%
[2026-05-10 02:44:46 UTC] [INFO    ] [STEP 034]   Data source: IRI_model_step_027
[2026-05-10 02:44:46 UTC] [INFO    ] [STEP 034] Rosetta_2005:
[2026-05-10 02:44:46 UTC] [INFO    ] [STEP 034]   n_e = 2328.1 ± 0.1 cm³
[2026-05-10 02:44:46 UTC] [INFO    ] [STEP 034]   F10.7 = 899.0 ± 0.1 sfu
[2026-05-10 02:44:46 UTC] [INFO    ] [STEP 034]   Activity = high
[2026-05-10 02:44:46 UTC] [INFO    ] [STEP 034]   F_screening = 0.0000 ± 0.3000
[2026-05-10 02:44:46 UTC] [INFO    ] [STEP 034]   F_sign = 1.0 ± 0.2
[2026-05-10 02:44:46 UTC] [INFO    ] [STEP 034]   Combined uncertainty: ±40%
[2026-05-10 02:44:46 UTC] [INFO    ] [STEP 034]   Data source: IRI_model_step_027
[2026-05-10 02:44:46 UTC] [INFO    ] [STEP 034] Rosetta_2007:
[2026-05-10 02:44:46 UTC] [INFO    ] [STEP 034]   n_e = 432.7 ± 0.1 cm³
[2026-05-10 02:44:46 UTC] [INFO    ] [STEP 034]   F10.7 = 696.0 ± 0.1 sfu
[2026-05-10 02:44:46 UTC] [INFO    ] [STEP 034]   Activity = high
[2026-05-10 02:44:46 UTC] [INFO    ] [STEP 034]   F_screening = 0.0000 ± 0.3000
[2026-05-10 02:44:46 UTC] [INFO    ] [STEP 034]   F_sign = 1.0 ± 0.2
[2026-05-10 02:44:46 UTC] [INFO    ] [STEP 034]   Combined uncertainty: ±40%
[2026-05-10 02:44:46 UTC] [INFO    ] [STEP 034]   Data source: IRI_model_step_027
[2026-05-10 02:44:46 UTC] [INFO    ] [STEP 034] Plasma environment reconstruction saved to /Users/matthewsmawfield/www/Temporal Equivalence Principle/TEP-EFA/results/step034_plasma_environment.json
[2026-05-10 02:44:46 UTC] [INFO    ] [STEP 034]   Output: step034_plasma_environment.json (Plasma environment reconstruction)
[2026-05-10 02:44:46 UTC] [DEBUG   ] [STEP 034] 
[2026-05-10 02:44:46 UTC] [DEBUG   ] [STEP 034] --- SUMMARY ---
[2026-05-10 02:44:46 UTC] [INFO    ] [STEP 034] Flybys with non-trivial plasma screening: NEAR, Galileo_1990, Cassini, Rosetta_2005, Rosetta_2007
[2026-05-10 02:44:46 UTC] [INFO    ] [STEP 034] 
[2026-05-10 02:44:46 UTC] [INFO    ] [STEP 034] ================================================================================
[2026-05-10 02:44:46 UTC] [INFO    ] [STEP 034] STEP SUMMARY: step_034_plasma_environment
[2026-05-10 02:44:46 UTC] [INFO    ] [STEP 034] ================================================================================
[2026-05-10 02:44:46 UTC] [INFO    ] [STEP 034] Step Number: 034
[2026-05-10 02:44:46 UTC] [INFO    ] [STEP 034] Status: SUCCESS
[2026-05-10 02:44:46 UTC] [INFO    ] [STEP 034] Duration: 0.00s
[2026-05-10 02:44:46 UTC] [INFO    ] [STEP 034] Calculations Logged: 0
[2026-05-10 02:44:46 UTC] [INFO    ] [STEP 034] Output Files: 1
[2026-05-10 02:44:46 UTC] [INFO    ] [STEP 034] Log file: /Users/matthewsmawfield/www/Temporal Equivalence Principle/TEP-EFA/logs/step_034_plasma_environment.log
[2026-05-10 02:44:46 UTC] [INFO    ] [STEP 034] 
[2026-05-10 02:44:46 UTC] [INFO    ] [STEP 034] Generated 1 output file(s):
[2026-05-10 02:44:46 UTC] [INFO    ] [STEP 034]   • step034_plasma_environment.json: 5.97 KB - Plasma environment reconstruction
[2026-05-10 02:44:46 UTC] [INFO    ] [STEP 034] ================================================================================
[2026-05-10 02:44:46 UTC] [INFO    ] [STEP 034] STEP 034 COMPLETE: SUCCESS
[2026-05-10 02:44:46 UTC] [INFO    ] [STEP 034] Provenance data saved to /Users/matthewsmawfield/www/Temporal Equivalence Principle/TEP-EFA/results/provenance/step_034_plasma_environment_provenance.json
[2026-05-09 23:44:46 UTC] [INFO    ] [STEP 034] 
[2026-05-09 23:44:46 UTC] [INFO    ] [STEP 034] ================================================================================
[2026-05-09 23:44:46 UTC] [INFO    ] [STEP 034] EXECUTIVE SUMMARY
[2026-05-09 23:44:46 UTC] [INFO    ] [STEP 034] ================================================================================
[2026-05-09 23:44:46 UTC] [INFO    ] [STEP 034] Step: step_034_plasma_environment (Step 034)
[2026-05-09 23:44:46 UTC] [INFO    ] [STEP 034] Status: SUCCESS
[2026-05-09 23:44:46 UTC] [INFO    ] [STEP 034] Duration: 0.00s
[2026-05-09 23:44:46 UTC] [INFO    ] [STEP 034] Calculations: 0
[2026-05-09 23:44:46 UTC] [INFO    ] [STEP 034] Output Files: 1
[2026-05-09 23:44:46 UTC] [INFO    ] [STEP 034] Key Outputs:
[2026-05-09 23:44:46 UTC] [INFO    ] [STEP 034]   - step034_plasma_environment.json (5.97 KB)
[2026-05-09 23:44:46 UTC] [INFO    ] [STEP 034] ================================================================================
