[2026-05-17 12:30:32 UTC] [INFO    ] [STEP 019] LOGGER INITIALIZED: step_019_3d_field_integration (Step 019)
[2026-05-17 12:30:32 UTC] [DEBUG   ] [STEP 019] Log file: /Users/matthewsmawfield/www/Temporal Equivalence Principle/TEP-EFA/logs/step_019_3d_field_integration.log
[2026-05-17 12:30:32 UTC] [DEBUG   ] [STEP 019] Project root: /Users/matthewsmawfield/www/Temporal Equivalence Principle/TEP-EFA
[2026-05-17 12:30:32 UTC] [DEBUG   ] [STEP 019] 
[2026-05-17 12:30:32 UTC] [DEBUG   ] [STEP 019] --- INTEGRATION PARAMETERS ---
[2026-05-17 12:30:32 UTC] [INFO    ] [STEP 019] β = 1.00e-04
[2026-05-17 12:30:32 UTC] [INFO    ] [STEP 019] J2 = 1.08e-03
[2026-05-17 12:30:32 UTC] [DEBUG   ] [STEP 019] 
[2026-05-17 12:30:32 UTC] [DEBUG   ] [STEP 019] --- TRAJECTORY INTEGRATION ---
[2026-05-17 12:30:32 UTC] [WARNING ] [STEP 019] ⚠ Using idealized analytic hypoflyby paths (metadata.trajectory_source); results are diagnostic only, not mission-true arcs.
[2026-05-17 12:30:32 UTC] [INFO    ] [STEP 019] Processing NEAR...
[2026-05-17 12:30:32 UTC] [INFO    ] [STEP 019]   3D integration: 8.6821 mm/s
[2026-05-17 12:30:32 UTC] [INFO    ] [STEP 019]   Simplified: 6.8923 mm/s
[2026-05-17 12:30:32 UTC] [INFO    ] [STEP 019]   Current: 1.5864 mm/s
[2026-05-17 12:30:32 UTC] [INFO    ] [STEP 019]   Ratio: 1.26
[2026-05-17 12:30:32 UTC] [INFO    ] [STEP 019] Processing Galileo_1990...
[2026-05-17 12:30:32 UTC] [INFO    ] [STEP 019]   3D integration: 8.3876 mm/s
[2026-05-17 12:30:32 UTC] [INFO    ] [STEP 019]   Simplified: 6.3604 mm/s
[2026-05-17 12:30:32 UTC] [INFO    ] [STEP 019]   Current: 0.1987 mm/s
[2026-05-17 12:30:32 UTC] [INFO    ] [STEP 019]   Ratio: 1.32
[2026-05-17 12:30:32 UTC] [INFO    ] [STEP 019] Processing Cassini...
[2026-05-17 12:30:32 UTC] [INFO    ] [STEP 019]   3D integration: 8.2323 mm/s
[2026-05-17 12:30:32 UTC] [INFO    ] [STEP 019]   Simplified: 6.0921 mm/s
[2026-05-17 12:30:32 UTC] [INFO    ] [STEP 019]   Current: -0.0119 mm/s
[2026-05-17 12:30:32 UTC] [INFO    ] [STEP 019]   Ratio: 1.35
[2026-05-17 12:30:32 UTC] [INFO    ] [STEP 019] Processing Rosetta_2005...
[2026-05-17 12:30:32 UTC] [INFO    ] [STEP 019]   3D integration: 7.7407 mm/s
[2026-05-17 12:30:32 UTC] [INFO    ] [STEP 019]   Simplified: 5.2954 mm/s
[2026-05-17 12:30:32 UTC] [INFO    ] [STEP 019]   Current: 0.3212 mm/s
[2026-05-17 12:30:32 UTC] [INFO    ] [STEP 019]   Ratio: 1.46
[2026-05-17 12:30:32 UTC] [INFO    ] [STEP 019] Processing Rosetta_2007...
[2026-05-17 12:30:32 UTC] [INFO    ] [STEP 019]   3D integration: 6.1050 mm/s
[2026-05-17 12:30:32 UTC] [INFO    ] [STEP 019]   Simplified: 3.1468 mm/s
[2026-05-17 12:30:32 UTC] [INFO    ] [STEP 019]   Current: 0.0001 mm/s
[2026-05-17 12:30:32 UTC] [INFO    ] [STEP 019]   Ratio: 1.94
[2026-05-17 12:30:32 UTC] [INFO    ] [STEP 019] Processing Stardust...
[2026-05-17 12:30:32 UTC] [INFO    ] [STEP 019]   3D integration: 5.8966 mm/s
[2026-05-17 12:30:32 UTC] [INFO    ] [STEP 019]   Simplified: 2.9218 mm/s
[2026-05-17 12:30:32 UTC] [INFO    ] [STEP 019]   Current: -0.0003 mm/s
[2026-05-17 12:30:32 UTC] [INFO    ] [STEP 019]   Ratio: 2.02
[2026-05-17 12:30:32 UTC] [INFO    ] [STEP 019] Processing OSIRIS-REx...
[2026-05-17 12:30:32 UTC] [INFO    ] [STEP 019]   3D integration: 3.5475 mm/s
[2026-05-17 12:30:32 UTC] [INFO    ] [STEP 019]   Simplified: 1.0194 mm/s
[2026-05-17 12:30:32 UTC] [INFO    ] [STEP 019]   Current: 0.0000 mm/s
[2026-05-17 12:30:32 UTC] [INFO    ] [STEP 019]   Ratio: 3.48
[2026-05-17 12:30:32 UTC] [INFO    ] [STEP 019] Processing BepiColombo...
[2026-05-17 12:30:32 UTC] [INFO    ] [STEP 019]   3D integration: 4.2288 mm/s
[2026-05-17 12:30:32 UTC] [INFO    ] [STEP 019]   Simplified: 1.4598 mm/s
[2026-05-17 12:30:32 UTC] [INFO    ] [STEP 019]   Current: -0.0000 mm/s
[2026-05-17 12:30:32 UTC] [INFO    ] [STEP 019]   Ratio: 2.90
[2026-05-17 12:30:32 UTC] [DEBUG   ] [STEP 019] 
[2026-05-17 12:30:32 UTC] [DEBUG   ] [STEP 019] ================================================================================
[2026-05-17 12:30:32 UTC] [DEBUG   ] [STEP 019] SECTION: SAVING RESULTS
[2026-05-17 12:30:32 UTC] [DEBUG   ] [STEP 019] ================================================================================
[2026-05-17 12:30:32 UTC] [INFO    ] [STEP 019] Results saved to: /Users/matthewsmawfield/www/Temporal Equivalence Principle/TEP-EFA/results/step019_3d_field_integration_results.json
[2026-05-17 12:30:32 UTC] [INFO    ] [STEP 019] 
[2026-05-17 12:30:32 UTC] [INFO    ] [STEP 019] ================================================================================
[2026-05-17 12:30:32 UTC] [INFO    ] [STEP 019] STEP SUMMARY: step_019_3d_field_integration
[2026-05-17 12:30:32 UTC] [INFO    ] [STEP 019] ================================================================================
[2026-05-17 12:30:32 UTC] [INFO    ] [STEP 019] Step Number: 019
[2026-05-17 12:30:32 UTC] [INFO    ] [STEP 019] Status: SUCCESS
[2026-05-17 12:30:32 UTC] [INFO    ] [STEP 019] Duration: 0.00s
[2026-05-17 12:30:32 UTC] [INFO    ] [STEP 019] Calculations Logged: 0
[2026-05-17 12:30:32 UTC] [INFO    ] [STEP 019] Output Files: 0
[2026-05-17 12:30:32 UTC] [INFO    ] [STEP 019] Log file: /Users/matthewsmawfield/www/Temporal Equivalence Principle/TEP-EFA/logs/step_019_3d_field_integration.log
[2026-05-17 12:30:32 UTC] [INFO    ] [STEP 019] No output files generated
[2026-05-17 12:30:32 UTC] [INFO    ] [STEP 019] ================================================================================
[2026-05-17 12:30:32 UTC] [INFO    ] [STEP 019] STEP 019 COMPLETE: SUCCESS
[2026-05-17 12:30:32 UTC] [INFO    ] [STEP 019] Provenance data saved to /Users/matthewsmawfield/www/Temporal Equivalence Principle/TEP-EFA/results/provenance/step_019_3d_field_integration_provenance.json
[2026-05-17 09:30:32 UTC] [INFO    ] [STEP 019] 
[2026-05-17 09:30:32 UTC] [INFO    ] [STEP 019] ================================================================================
[2026-05-17 09:30:32 UTC] [INFO    ] [STEP 019] EXECUTIVE SUMMARY
[2026-05-17 09:30:32 UTC] [INFO    ] [STEP 019] ================================================================================
[2026-05-17 09:30:32 UTC] [INFO    ] [STEP 019] Step: step_019_3d_field_integration (Step 019)
[2026-05-17 09:30:32 UTC] [INFO    ] [STEP 019] Status: SUCCESS
[2026-05-17 09:30:32 UTC] [INFO    ] [STEP 019] Duration: 0.00s
[2026-05-17 09:30:32 UTC] [INFO    ] [STEP 019] Calculations: 0
[2026-05-17 09:30:32 UTC] [INFO    ] [STEP 019] Output Files: 0
[2026-05-17 09:30:32 UTC] [INFO    ] [STEP 019] ================================================================================
