[2026-05-10 22:21:47 UTC] [INFO    ] [STEP 039] LOGGER INITIALIZED: step_039_flyby_prediction_table (Step 039)
[2026-05-10 22:21:47 UTC] [DEBUG   ] [STEP 039] Log file: /Users/matthewsmawfield/www/Temporal Equivalence Principle/TEP-EFA/logs/step_039_flyby_prediction_table.log
[2026-05-10 22:21:47 UTC] [DEBUG   ] [STEP 039] Project root: /Users/matthewsmawfield/www/Temporal Equivalence Principle/TEP-EFA
[2026-05-10 22:21:47 UTC] [INFO    ] [STEP 039] ================================================================================
[2026-05-10 22:21:47 UTC] [INFO    ] [STEP 039] STEP 039: PER-FLYBY POST-OD PREDICTION AND CLASSIFICATION TABLE
[2026-05-10 22:21:47 UTC] [INFO    ] [STEP 039] ================================================================================
[2026-05-10 22:21:47 UTC] [INFO    ] [STEP 039] Universal beta = 4.635226e-04 ± 2.317774e-05
[2026-05-10 22:21:47 UTC] [INFO    ] [STEP 039] Scale factor (beta^(3/4)) = 3.1590
[2026-05-10 22:21:47 UTC] [INFO    ] [STEP 039] Relative uncertainty on raw prediction = 0.0375
[2026-05-10 22:21:47 UTC] [INFO    ] [STEP 039] NEAR                 | obs=   13.46 | raw=  13.381 | FOD=  0.85 | post=  11.374 | true_positive
[2026-05-10 22:21:47 UTC] [INFO    ] [STEP 039] Galileo 1990         | obs=    3.92 | raw=   3.329 | FOD=  0.85 | post=    2.83 | true_positive
[2026-05-10 22:21:47 UTC] [INFO    ] [STEP 039] Rosetta 2005         | obs=    1.82 | raw=   5.063 | FOD=   0.5 | post=   2.531 | true_positive
[2026-05-10 22:21:47 UTC] [INFO    ] [STEP 039] Cassini              | obs=    0.11 | raw=   1.013 | FOD=  0.85 | post=   0.861 | true_positive
[2026-05-10 22:21:47 UTC] [INFO    ] [STEP 039] Galileo 1992         | obs=     0.0 | raw=   0.686 | FOD=  0.85 | post=   0.583 | false_negative
[2026-05-10 22:21:47 UTC] [INFO    ] [STEP 039] MESSENGER            | obs=     0.0 | raw=   0.074 | FOD=   0.5 | post=   0.037 | true_null
[2026-05-10 22:21:47 UTC] [INFO    ] [STEP 039] Rosetta 2009         | obs=     0.0 | raw=    None | FOD=  None | post=    None | insufficient_data
[2026-05-10 22:21:47 UTC] [INFO    ] [STEP 039] Juno                 | obs=     0.0 | raw=   1.157 | FOD=   0.7 | post=    0.81 | false_negative
[2026-05-10 22:21:47 UTC] [INFO    ] [STEP 039] Rosetta 2007         | obs=    0.02 | raw=   0.141 | FOD=   0.5 | post=   0.071 | true_null
[2026-05-10 22:21:47 UTC] [INFO    ] [STEP 039] Stardust             | obs=     0.0 | raw=    None | FOD=  None | post=    None | true_null
[2026-05-10 22:21:47 UTC] [INFO    ] [STEP 039] OSIRIS-REx           | obs=     0.0 | raw=    None | FOD=  None | post=    None | true_null
[2026-05-10 22:21:47 UTC] [INFO    ] [STEP 039] BepiColombo          | obs=     0.0 | raw=    None | FOD=  None | post=    None | true_null
[2026-05-10 22:21:47 UTC] [INFO    ] [STEP 039] 
[2026-05-10 22:21:47 UTC] [INFO    ] [STEP 039] Classification summary:
[2026-05-10 22:21:47 UTC] [INFO    ] [STEP 039]   true_positive            : 4
[2026-05-10 22:21:47 UTC] [INFO    ] [STEP 039]   true_null                : 5
[2026-05-10 22:21:47 UTC] [INFO    ] [STEP 039]   suppressed_positive      : 0
[2026-05-10 22:21:47 UTC] [INFO    ] [STEP 039]   false_positive           : 0
[2026-05-10 22:21:47 UTC] [INFO    ] [STEP 039]   false_negative           : 2
[2026-05-10 22:21:47 UTC] [INFO    ] [STEP 039] 
[2026-05-10 22:21:47 UTC] [INFO    ] [STEP 039] Output written to: /Users/matthewsmawfield/www/Temporal Equivalence Principle/TEP-EFA/results/step039_flyby_prediction_table.json
[2026-05-10 22:21:47 UTC] [INFO    ] [STEP 039] 
[2026-05-10 22:21:47 UTC] [INFO    ] [STEP 039] ================================================================================
[2026-05-10 22:21:47 UTC] [INFO    ] [STEP 039] STEP SUMMARY: step_039_flyby_prediction_table
[2026-05-10 22:21:47 UTC] [INFO    ] [STEP 039] ================================================================================
[2026-05-10 22:21:47 UTC] [INFO    ] [STEP 039] Step Number: 039
[2026-05-10 22:21:47 UTC] [INFO    ] [STEP 039] Status: SUCCESS
[2026-05-10 22:21:47 UTC] [INFO    ] [STEP 039] Duration: 12.00s
[2026-05-10 22:21:47 UTC] [INFO    ] [STEP 039] Calculations Logged: 0
[2026-05-10 22:21:47 UTC] [INFO    ] [STEP 039] Output Files: 0
[2026-05-10 22:21:47 UTC] [INFO    ] [STEP 039] Log file: /Users/matthewsmawfield/www/Temporal Equivalence Principle/TEP-EFA/logs/step_039_flyby_prediction_table.log
[2026-05-10 22:21:47 UTC] [INFO    ] [STEP 039] No output files generated
[2026-05-10 22:21:47 UTC] [INFO    ] [STEP 039] ================================================================================
[2026-05-10 22:21:47 UTC] [INFO    ] [STEP 039] STEP 039 COMPLETE: SUCCESS
[2026-05-10 22:21:47 UTC] [INFO    ] [STEP 039] Provenance data saved to /Users/matthewsmawfield/www/Temporal Equivalence Principle/TEP-EFA/results/provenance/step_039_flyby_prediction_table_provenance.json
[2026-05-10 19:21:47 UTC] [INFO    ] [STEP 039] 
[2026-05-10 19:21:47 UTC] [INFO    ] [STEP 039] ================================================================================
[2026-05-10 19:21:47 UTC] [INFO    ] [STEP 039] EXECUTIVE SUMMARY
[2026-05-10 19:21:47 UTC] [INFO    ] [STEP 039] ================================================================================
[2026-05-10 19:21:47 UTC] [INFO    ] [STEP 039] Step: step_039_flyby_prediction_table (Step 039)
[2026-05-10 19:21:47 UTC] [INFO    ] [STEP 039] Status: SUCCESS
[2026-05-10 19:21:47 UTC] [INFO    ] [STEP 039] Duration: 12.00s
[2026-05-10 19:21:47 UTC] [INFO    ] [STEP 039] Calculations: 0
[2026-05-10 19:21:47 UTC] [INFO    ] [STEP 039] Output Files: 0
[2026-05-10 19:21:47 UTC] [INFO    ] [STEP 039] ================================================================================
