[2026-05-10 01:02:53 UTC] [INFO    ] [STEP 009B] LOGGER INITIALIZED: step_009b_read_trk234_data (Step 009B)
[2026-05-10 01:02:53 UTC] [DEBUG   ] [STEP 009B] Log file: /Users/matthewsmawfield/www/Temporal Equivalence Principle/TEP-EFA/logs/step_009b_read_trk234_data.log
[2026-05-10 01:02:53 UTC] [DEBUG   ] [STEP 009B] Project root: /Users/matthewsmawfield/www/Temporal Equivalence Principle/TEP-EFA
[2026-05-10 01:02:53 UTC] [INFO    ] [STEP 009B] ================================================================================
[2026-05-10 01:02:53 UTC] [INFO    ] [STEP 009B] STEP 009b: READ TRK-2-34 DATA FORMAT
[2026-05-10 01:02:53 UTC] [INFO    ] [STEP 009B] ================================================================================
[2026-05-10 01:02:53 UTC] [INFO    ] [STEP 009B] Reading TRK-2-34 file: /Users/matthewsmawfield/www/Temporal Equivalence Principle/TEP-EFA/data/raw/dsn_tracking/MESSENGER_2005/NASA_PDS/151161600sc236dss15ddor_234.dat
[2026-05-10 01:02:53 UTC] [INFO    ] [STEP 009B] File exists: True
[2026-05-10 01:02:53 UTC] [INFO    ] [STEP 009B] Number of SFDUs: 0
[2026-05-10 01:02:53 UTC] [INFO    ] [STEP 009B] Extracted 0 data points with Doppler/range data
[2026-05-10 01:02:53 UTC] [INFO    ] [STEP 009B]   Output: step009b_trk234_extracted.json (TRK-2-34 extraction status JSON)
[2026-05-10 01:02:53 UTC] [WARNING ] [STEP 009B] ⚠ No Doppler/range records found - saved status to: /Users/matthewsmawfield/www/Temporal Equivalence Principle/TEP-EFA/results/step009b_trk234_extracted.json
[2026-05-10 01:02:53 UTC] [INFO    ] [STEP 009B] 
[2026-05-10 01:02:53 UTC] [INFO    ] [STEP 009B] ================================================================================
[2026-05-10 01:02:53 UTC] [INFO    ] [STEP 009B] STEP SUMMARY: step_009b_read_trk234_data
[2026-05-10 01:02:53 UTC] [INFO    ] [STEP 009B] ================================================================================
[2026-05-10 01:02:53 UTC] [INFO    ] [STEP 009B] Step Number: 009B
[2026-05-10 01:02:53 UTC] [INFO    ] [STEP 009B] Status: PARTIAL
[2026-05-10 01:02:53 UTC] [INFO    ] [STEP 009B] Duration: 0.00s
[2026-05-10 01:02:53 UTC] [INFO    ] [STEP 009B] Calculations Logged: 0
[2026-05-10 01:02:53 UTC] [INFO    ] [STEP 009B] Output Files: 1
[2026-05-10 01:02:53 UTC] [INFO    ] [STEP 009B] Log file: /Users/matthewsmawfield/www/Temporal Equivalence Principle/TEP-EFA/logs/step_009b_read_trk234_data.log
[2026-05-10 01:02:53 UTC] [INFO    ] [STEP 009B] 
[2026-05-10 01:02:53 UTC] [INFO    ] [STEP 009B] Generated 1 output file(s):
[2026-05-10 01:02:53 UTC] [INFO    ] [STEP 009B]   • step009b_trk234_extracted.json: 0.36 KB - TRK-2-34 extraction status JSON
[2026-05-10 01:02:53 UTC] [INFO    ] [STEP 009B] ================================================================================
[2026-05-10 01:02:53 UTC] [INFO    ] [STEP 009B] STEP 009B COMPLETE: PARTIAL
[2026-05-10 01:02:53 UTC] [INFO    ] [STEP 009B] Provenance data saved to /Users/matthewsmawfield/www/Temporal Equivalence Principle/TEP-EFA/results/provenance/step_009b_read_trk234_data_provenance.json
[2026-05-09 22:02:53 UTC] [INFO    ] [STEP 009B] 
[2026-05-09 22:02:53 UTC] [INFO    ] [STEP 009B] ================================================================================
[2026-05-09 22:02:53 UTC] [INFO    ] [STEP 009B] EXECUTIVE SUMMARY
[2026-05-09 22:02:53 UTC] [INFO    ] [STEP 009B] ================================================================================
[2026-05-09 22:02:53 UTC] [INFO    ] [STEP 009B] Step: step_009b_read_trk234_data (Step 009B)
[2026-05-09 22:02:53 UTC] [INFO    ] [STEP 009B] Status: PARTIAL
[2026-05-09 22:02:53 UTC] [INFO    ] [STEP 009B] Duration: 0.00s
[2026-05-09 22:02:53 UTC] [INFO    ] [STEP 009B] Calculations: 0
[2026-05-09 22:02:53 UTC] [INFO    ] [STEP 009B] Output Files: 1
[2026-05-09 22:02:53 UTC] [INFO    ] [STEP 009B] Key Outputs:
[2026-05-09 22:02:53 UTC] [INFO    ] [STEP 009B]   - step009b_trk234_extracted.json (0.36 KB)
[2026-05-09 22:02:53 UTC] [INFO    ] [STEP 009B] ================================================================================
