[2026-05-13 12:00:44 UTC] [INFO    ] [STEP 037] LOGGER INITIALIZED: step_037_visualizations (Step 037)
[2026-05-13 12:00:44 UTC] [DEBUG   ] [STEP 037] Log file: /Users/matthewsmawfield/www/Temporal Equivalence Principle/TEP-EFA/logs/step_037_visualizations.log
[2026-05-13 12:00:44 UTC] [DEBUG   ] [STEP 037] Project root: /Users/matthewsmawfield/www/Temporal Equivalence Principle/TEP-EFA
[2026-05-13 12:00:44 UTC] [INFO    ] [STEP 037] ================================================================================
[2026-05-13 12:00:44 UTC] [INFO    ] [STEP 037] STEP 037: VISUALIZATION GENERATION
[2026-05-13 12:00:44 UTC] [INFO    ] [STEP 037] ================================================================================
[2026-05-13 12:00:44 UTC] [INFO    ] [STEP 037] Output directory: /Users/matthewsmawfield/www/Temporal Equivalence Principle/TEP-EFA/results
[2026-05-13 12:00:44 UTC] [DEBUG   ] [STEP 037] 
[2026-05-13 12:00:44 UTC] [DEBUG   ] [STEP 037] ================================================================================
[2026-05-13 12:00:44 UTC] [DEBUG   ] [STEP 037] SECTION: GENERATING PUBLICATION FIGURES
[2026-05-13 12:00:44 UTC] [DEBUG   ] [STEP 037] ================================================================================
[2026-05-13 12:00:44 UTC] [DEBUG   ] [STEP 037] Loading fitting data from step008_fitting_results.json
[2026-05-13 12:00:44 UTC] [DEBUG   ] [STEP 037] Loading predictions data from step007_tep_predictions.json
[2026-05-13 12:00:44 UTC] [INFO    ] [STEP 037] ✓ Data loaded successfully
[2026-05-13 12:00:44 UTC] [INFO    ] [STEP 037] --------------------------------------------------------------------------------
[2026-05-13 12:00:44 UTC] [INFO    ] [STEP 037] Figure 1: Altitude vs Anomaly correlation
[2026-05-13 12:00:44 UTC] [INFO    ] [STEP 037] --------------------------------------------------------------------------------
[2026-05-13 12:00:45 UTC] [INFO    ] [STEP 037] ✓ Generated: /Users/matthewsmawfield/www/Temporal Equivalence Principle/TEP-EFA/results/step037_figure1_altitude_anomaly.png
[2026-05-13 12:00:45 UTC] [INFO    ] [STEP 037]   Output: step037_figure1_altitude_anomaly.png (Altitude vs Anomaly figure)
[2026-05-13 12:00:45 UTC] [INFO    ] [STEP 037] --------------------------------------------------------------------------------
[2026-05-13 12:00:45 UTC] [INFO    ] [STEP 037] Figure 2: Fitted β comparison
[2026-05-13 12:00:45 UTC] [INFO    ] [STEP 037] --------------------------------------------------------------------------------
[2026-05-13 12:00:45 UTC] [INFO    ] [STEP 037] ✓ Generated: /Users/matthewsmawfield/www/Temporal Equivalence Principle/TEP-EFA/results/step037_figure2_beta_comparison.png
[2026-05-13 12:00:45 UTC] [INFO    ] [STEP 037]   Output: step037_figure2_beta_comparison.png (Fitted beta comparison figure)
[2026-05-13 12:00:45 UTC] [INFO    ] [STEP 037] --------------------------------------------------------------------------------
[2026-05-13 12:00:45 UTC] [INFO    ] [STEP 037] Figure 3: PPN constraint analysis
[2026-05-13 12:00:45 UTC] [INFO    ] [STEP 037] --------------------------------------------------------------------------------
[2026-05-13 12:00:45 UTC] [INFO    ] [STEP 037] ✓ Generated: /Users/matthewsmawfield/www/Temporal Equivalence Principle/TEP-EFA/results/step037_figure3_ppn_constraints.png
[2026-05-13 12:00:45 UTC] [INFO    ] [STEP 037]   Output: step037_figure3_ppn_constraints.png (PPN constraint figure)
[2026-05-13 12:00:45 UTC] [INFO    ] [STEP 037] --------------------------------------------------------------------------------
[2026-05-13 12:00:45 UTC] [INFO    ] [STEP 037] Figure 4: Temporal screening profile
[2026-05-13 12:00:45 UTC] [INFO    ] [STEP 037] --------------------------------------------------------------------------------
[2026-05-13 12:00:46 UTC] [INFO    ] [STEP 037] ✓ Generated: /Users/matthewsmawfield/www/Temporal Equivalence Principle/TEP-EFA/results/step037_figure4_screening_profile.png
[2026-05-13 12:00:46 UTC] [INFO    ] [STEP 037]   Output: step037_figure4_screening_profile.png (Screening profile figure)
[2026-05-13 12:00:46 UTC] [INFO    ] [STEP 037] ✓ All figures generated successfully
[2026-05-13 12:00:46 UTC] [INFO    ] [STEP 037] 
[2026-05-13 12:00:46 UTC] [INFO    ] [STEP 037] ================================================================================
[2026-05-13 12:00:46 UTC] [INFO    ] [STEP 037] STEP SUMMARY: step_037_visualizations
[2026-05-13 12:00:46 UTC] [INFO    ] [STEP 037] ================================================================================
[2026-05-13 12:00:46 UTC] [INFO    ] [STEP 037] Step Number: 037
[2026-05-13 12:00:46 UTC] [INFO    ] [STEP 037] Status: SUCCESS
[2026-05-13 12:00:46 UTC] [INFO    ] [STEP 037] Duration: 1.05s
[2026-05-13 12:00:46 UTC] [INFO    ] [STEP 037] Calculations Logged: 0
[2026-05-13 12:00:46 UTC] [INFO    ] [STEP 037] Output Files: 4
[2026-05-13 12:00:46 UTC] [INFO    ] [STEP 037] Log file: /Users/matthewsmawfield/www/Temporal Equivalence Principle/TEP-EFA/logs/step_037_visualizations.log
[2026-05-13 12:00:46 UTC] [INFO    ] [STEP 037] 
[2026-05-13 12:00:46 UTC] [INFO    ] [STEP 037] Generated 4 output file(s):
[2026-05-13 12:00:46 UTC] [INFO    ] [STEP 037]   • step037_figure1_altitude_anomaly.png: 406.29 KB - Altitude vs Anomaly figure
[2026-05-13 12:00:46 UTC] [INFO    ] [STEP 037]   • step037_figure2_beta_comparison.png: 138.37 KB - Fitted beta comparison figure
[2026-05-13 12:00:46 UTC] [INFO    ] [STEP 037]   • step037_figure3_ppn_constraints.png: 154.74 KB - PPN constraint figure
[2026-05-13 12:00:46 UTC] [INFO    ] [STEP 037]   • step037_figure4_screening_profile.png: 192.39 KB - Screening profile figure
[2026-05-13 12:00:46 UTC] [INFO    ] [STEP 037] ================================================================================
[2026-05-13 12:00:46 UTC] [INFO    ] [STEP 037] STEP 037 COMPLETE: SUCCESS
[2026-05-13 12:00:46 UTC] [INFO    ] [STEP 037] Provenance data saved to /Users/matthewsmawfield/www/Temporal Equivalence Principle/TEP-EFA/results/provenance/step_037_visualizations_provenance.json
[2026-05-13 09:00:46 UTC] [INFO    ] [STEP 037] 
[2026-05-13 09:00:46 UTC] [INFO    ] [STEP 037] ================================================================================
[2026-05-13 09:00:46 UTC] [INFO    ] [STEP 037] EXECUTIVE SUMMARY
[2026-05-13 09:00:46 UTC] [INFO    ] [STEP 037] ================================================================================
[2026-05-13 09:00:46 UTC] [INFO    ] [STEP 037] Step: step_037_visualizations (Step 037)
[2026-05-13 09:00:46 UTC] [INFO    ] [STEP 037] Status: SUCCESS
[2026-05-13 09:00:46 UTC] [INFO    ] [STEP 037] Duration: 1.05s
[2026-05-13 09:00:46 UTC] [INFO    ] [STEP 037] Calculations: 0
[2026-05-13 09:00:46 UTC] [INFO    ] [STEP 037] Output Files: 4
[2026-05-13 09:00:46 UTC] [INFO    ] [STEP 037] Key Outputs:
[2026-05-13 09:00:46 UTC] [INFO    ] [STEP 037]   - step037_figure1_altitude_anomaly.png (406.29 KB)
[2026-05-13 09:00:46 UTC] [INFO    ] [STEP 037]   - step037_figure2_beta_comparison.png (138.37 KB)
[2026-05-13 09:00:46 UTC] [INFO    ] [STEP 037]   - step037_figure3_ppn_constraints.png (154.74 KB)
[2026-05-13 09:00:46 UTC] [INFO    ] [STEP 037]   - step037_figure4_screening_profile.png (192.39 KB)
[2026-05-13 09:00:46 UTC] [INFO    ] [STEP 037] ================================================================================
