[2026-05-13 11:58:03 UTC] [INFO    ] [STEP 028] LOGGER INITIALIZED: step_028_dsn_processing (Step 028)
[2026-05-13 11:58:03 UTC] [DEBUG   ] [STEP 028] Log file: /Users/matthewsmawfield/www/Temporal Equivalence Principle/TEP-EFA/logs/step_028_dsn_processing.log
[2026-05-13 11:58:03 UTC] [DEBUG   ] [STEP 028] Project root: /Users/matthewsmawfield/www/Temporal Equivalence Principle/TEP-EFA
[2026-05-13 11:58:03 UTC] [INFO    ] [STEP 028] ================================================================================
[2026-05-13 11:58:03 UTC] [INFO    ] [STEP 028] STEP 028: DSN RAW DATA PROCESSING WITH MINIMAL ORBIT DETERMINATION
[2026-05-13 11:58:03 UTC] [INFO    ] [STEP 028] ================================================================================
[2026-05-13 11:58:03 UTC] [INFO    ] [STEP 028] Objective: Process raw DSN tracking data to recover TEP signals
[2026-05-13 11:58:03 UTC] [DEBUG   ] [STEP 028] 
[2026-05-13 11:58:03 UTC] [DEBUG   ] [STEP 028] ================================================================================
[2026-05-13 11:58:03 UTC] [DEBUG   ] [STEP 028] SECTION: DATA AVAILABILITY
[2026-05-13 11:58:03 UTC] [DEBUG   ] [STEP 028] ================================================================================
[2026-05-13 11:58:03 UTC] [INFO    ] [STEP 028] ✓ NEAR_1998            NEAR-A-ES-4-EAR-VELOC-3-V1.0
[2026-05-13 11:58:03 UTC] [INFO    ] [STEP 028] ✓ Galileo_1990         GO-A-ES-5-SA-VISIB-2-V1.0
[2026-05-13 11:58:03 UTC] [INFO    ] [STEP 028] ✓ Galileo_1992         GO-A-ES-5-SA-VISIB-2-V1.0
[2026-05-13 11:58:03 UTC] [INFO    ] [STEP 028] ✓ Cassini_1999         CO-E/S/J/S-S-RPWS-4-FSW-10SEC-V1.0
[2026-05-13 11:58:03 UTC] [INFO    ] [STEP 028] ✓ MESSENGER_2005       MESS-E/V/H-RSS-1-EDS-V1.0
[2026-05-13 11:58:03 UTC] [INFO    ] [STEP 028] ✓ Juno_2013            JNO-J-E/J/SDC-2-EDR-L0-V1.0
[2026-05-13 11:58:03 UTC] [INFO    ] [STEP 028] ✓ Rosetta_2005         RO-X-ESAC-5-ESA1-ATT-V1.0
[2026-05-13 11:58:03 UTC] [WARNING ] [STEP 028] ⚠ Rosetta_2007         Not available
[2026-05-13 11:58:03 UTC] [INFO    ] [STEP 028] ✓ Stardust_2001        SDU-A-RSS-1-Trajectory-2004-V1.0
[2026-05-13 11:58:03 UTC] [INFO    ] [STEP 028] Total available: 8/9 missions
[2026-05-13 11:58:03 UTC] [DEBUG   ] [STEP 028] 
[2026-05-13 11:58:03 UTC] [DEBUG   ] [STEP 028] ================================================================================
[2026-05-13 11:58:03 UTC] [DEBUG   ] [STEP 028] SECTION: TEP PREDICTIONS
[2026-05-13 11:58:03 UTC] [DEBUG   ] [STEP 028] ================================================================================
[2026-05-13 11:58:03 UTC] [INFO    ] [STEP 028] Loaded TEP predictions for 8 flybys
[2026-05-13 11:58:03 UTC] [DEBUG   ] [STEP 028] 
[2026-05-13 11:58:03 UTC] [DEBUG   ] [STEP 028] ================================================================================
[2026-05-13 11:58:03 UTC] [DEBUG   ] [STEP 028] SECTION: PDS INGEST
[2026-05-13 11:58:03 UTC] [DEBUG   ] [STEP 028] ================================================================================
[2026-05-13 11:58:30 UTC] [INFO    ] [STEP 028] NEAR_1998: ingest status no_indexed_products (0 files)
[2026-05-13 11:58:38 UTC] [INFO    ] [STEP 028] Galileo_1990: ingest status no_indexed_products (0 files)
[2026-05-13 11:58:45 UTC] [INFO    ] [STEP 028] Galileo_1992: ingest status no_indexed_products (0 files)
[2026-05-13 11:58:52 UTC] [INFO    ] [STEP 028] Cassini_1999: ingest status no_indexed_products (0 files)
[2026-05-13 11:59:34 UTC] [INFO    ] [STEP 028] MESSENGER_2005: ingest status no_indexed_products (0 files)
[2026-05-13 11:59:40 UTC] [INFO    ] [STEP 028] Juno_2013: ingest status no_indexed_products (0 files)
[2026-05-13 11:59:45 UTC] [INFO    ] [STEP 028] Rosetta_2005: ingest status no_indexed_products (0 files)
[2026-05-13 11:59:45 UTC] [DEBUG   ] [STEP 028] 
[2026-05-13 11:59:45 UTC] [DEBUG   ] [STEP 028] ================================================================================
[2026-05-13 11:59:45 UTC] [DEBUG   ] [STEP 028] SECTION: DSN DATA PROCESSING
[2026-05-13 11:59:45 UTC] [DEBUG   ] [STEP 028] ================================================================================
[2026-05-13 11:59:45 UTC] [INFO    ] [STEP 028] Processing missions with available raw DSN data
[2026-05-13 11:59:45 UTC] [DEBUG   ] [STEP 028] 
[2026-05-13 11:59:45 UTC] [DEBUG   ] [STEP 028] --- Processing NEAR_1998 ---
[2026-05-13 11:59:45 UTC] [INFO    ] [STEP 028] No local DSN tracking product found under: /Users/matthewsmawfield/www/Temporal Equivalence Principle/TEP-EFA/data/raw/dsn_tracking/NEAR_1998
[2026-05-13 11:59:45 UTC] [INFO    ] [STEP 028] Raw DSN data must be downloaded from NASA PDS first
[2026-05-13 11:59:45 UTC] [INFO    ] [STEP 028] Use download script: bash download_dsn_data.sh
[2026-05-13 11:59:45 UTC] [DEBUG   ] [STEP 028] 
[2026-05-13 11:59:45 UTC] [DEBUG   ] [STEP 028] --- Processing Galileo_1990 ---
[2026-05-13 11:59:45 UTC] [INFO    ] [STEP 028] No local DSN tracking product found under: /Users/matthewsmawfield/www/Temporal Equivalence Principle/TEP-EFA/data/raw/dsn_tracking/Galileo_1990
[2026-05-13 11:59:45 UTC] [INFO    ] [STEP 028] Raw DSN data must be downloaded from NASA PDS first
[2026-05-13 11:59:45 UTC] [INFO    ] [STEP 028] Use download script: bash download_dsn_data.sh
[2026-05-13 11:59:45 UTC] [DEBUG   ] [STEP 028] 
[2026-05-13 11:59:45 UTC] [DEBUG   ] [STEP 028] --- Processing Galileo_1992 ---
[2026-05-13 11:59:45 UTC] [INFO    ] [STEP 028] No local DSN tracking product found under: /Users/matthewsmawfield/www/Temporal Equivalence Principle/TEP-EFA/data/raw/dsn_tracking/Galileo_1992
[2026-05-13 11:59:45 UTC] [INFO    ] [STEP 028] Raw DSN data must be downloaded from NASA PDS first
[2026-05-13 11:59:45 UTC] [INFO    ] [STEP 028] Use download script: bash download_dsn_data.sh
[2026-05-13 11:59:45 UTC] [DEBUG   ] [STEP 028] 
[2026-05-13 11:59:45 UTC] [DEBUG   ] [STEP 028] --- Processing Cassini_1999 ---
[2026-05-13 11:59:45 UTC] [INFO    ] [STEP 028] No local DSN tracking product found under: /Users/matthewsmawfield/www/Temporal Equivalence Principle/TEP-EFA/data/raw/dsn_tracking/Cassini_1999
[2026-05-13 11:59:45 UTC] [INFO    ] [STEP 028] Raw DSN data must be downloaded from NASA PDS first
[2026-05-13 11:59:45 UTC] [INFO    ] [STEP 028] Use download script: bash download_dsn_data.sh
[2026-05-13 11:59:45 UTC] [DEBUG   ] [STEP 028] 
[2026-05-13 11:59:45 UTC] [DEBUG   ] [STEP 028] --- Processing MESSENGER_2005 ---
[2026-05-13 11:59:45 UTC] [INFO    ] [STEP 028] No local DSN tracking product found under: /Users/matthewsmawfield/www/Temporal Equivalence Principle/TEP-EFA/data/raw/dsn_tracking/MESSENGER_2005
[2026-05-13 11:59:45 UTC] [INFO    ] [STEP 028] Raw DSN data must be downloaded from NASA PDS first
[2026-05-13 11:59:45 UTC] [INFO    ] [STEP 028] Use download script: bash download_dsn_data.sh
[2026-05-13 11:59:45 UTC] [DEBUG   ] [STEP 028] 
[2026-05-13 11:59:45 UTC] [DEBUG   ] [STEP 028] --- Processing Juno_2013 ---
[2026-05-13 11:59:45 UTC] [INFO    ] [STEP 028] No local DSN tracking product found under: /Users/matthewsmawfield/www/Temporal Equivalence Principle/TEP-EFA/data/raw/dsn_tracking/Juno_2013
[2026-05-13 11:59:45 UTC] [INFO    ] [STEP 028] Raw DSN data must be downloaded from NASA PDS first
[2026-05-13 11:59:45 UTC] [INFO    ] [STEP 028] Use download script: bash download_dsn_data.sh
[2026-05-13 11:59:45 UTC] [DEBUG   ] [STEP 028] 
[2026-05-13 11:59:45 UTC] [DEBUG   ] [STEP 028] --- Processing Rosetta_2005 ---
[2026-05-13 11:59:45 UTC] [INFO    ] [STEP 028] No local DSN tracking product found under: /Users/matthewsmawfield/www/Temporal Equivalence Principle/TEP-EFA/data/raw/dsn_tracking/Rosetta_2005
[2026-05-13 11:59:45 UTC] [INFO    ] [STEP 028] Raw DSN data must be downloaded from NASA PDS first
[2026-05-13 11:59:45 UTC] [INFO    ] [STEP 028] Use download script: bash download_dsn_data.sh
[2026-05-13 11:59:45 UTC] [DEBUG   ] [STEP 028] 
[2026-05-13 11:59:45 UTC] [DEBUG   ] [STEP 028] --- Processing Stardust_2001 ---
[2026-05-13 11:59:45 UTC] [DEBUG   ] [STEP 028] 
[2026-05-13 11:59:45 UTC] [DEBUG   ] [STEP 028] ================================================================================
[2026-05-13 11:59:45 UTC] [DEBUG   ] [STEP 028] SECTION: SAVING RESULTS
[2026-05-13 11:59:45 UTC] [DEBUG   ] [STEP 028] ================================================================================
[2026-05-13 11:59:45 UTC] [WARNING ] [STEP 028] ⚠ No DSN data available - saved status to: /Users/matthewsmawfield/www/Temporal Equivalence Principle/TEP-EFA/results/step028_dsn_analysis.json
[2026-05-13 11:59:45 UTC] [INFO    ] [STEP 028] 
[2026-05-13 11:59:45 UTC] [INFO    ] [STEP 028] ================================================================================
[2026-05-13 11:59:45 UTC] [INFO    ] [STEP 028] STEP SUMMARY: step_028_dsn_processing
[2026-05-13 11:59:45 UTC] [INFO    ] [STEP 028] ================================================================================
[2026-05-13 11:59:45 UTC] [INFO    ] [STEP 028] Step Number: 028
[2026-05-13 11:59:45 UTC] [INFO    ] [STEP 028] Status: PARTIAL
[2026-05-13 11:59:45 UTC] [INFO    ] [STEP 028] Duration: 1.70m
[2026-05-13 11:59:45 UTC] [INFO    ] [STEP 028] Calculations Logged: 0
[2026-05-13 11:59:45 UTC] [INFO    ] [STEP 028] Output Files: 0
[2026-05-13 11:59:45 UTC] [INFO    ] [STEP 028] Log file: /Users/matthewsmawfield/www/Temporal Equivalence Principle/TEP-EFA/logs/step_028_dsn_processing.log
[2026-05-13 11:59:45 UTC] [INFO    ] [STEP 028] No output files generated
[2026-05-13 11:59:45 UTC] [INFO    ] [STEP 028] ================================================================================
[2026-05-13 11:59:45 UTC] [INFO    ] [STEP 028] STEP 028 COMPLETE: PARTIAL
[2026-05-13 11:59:45 UTC] [INFO    ] [STEP 028] Provenance data saved to /Users/matthewsmawfield/www/Temporal Equivalence Principle/TEP-EFA/results/provenance/step_028_dsn_processing_provenance.json
[2026-05-13 08:59:45 UTC] [INFO    ] [STEP 028] 
[2026-05-13 08:59:45 UTC] [INFO    ] [STEP 028] ================================================================================
[2026-05-13 08:59:45 UTC] [INFO    ] [STEP 028] EXECUTIVE SUMMARY
[2026-05-13 08:59:45 UTC] [INFO    ] [STEP 028] ================================================================================
[2026-05-13 08:59:45 UTC] [INFO    ] [STEP 028] Step: step_028_dsn_processing (Step 028)
[2026-05-13 08:59:45 UTC] [INFO    ] [STEP 028] Status: PARTIAL
[2026-05-13 08:59:45 UTC] [INFO    ] [STEP 028] Duration: 1.70m
[2026-05-13 08:59:45 UTC] [INFO    ] [STEP 028] Calculations: 0
[2026-05-13 08:59:45 UTC] [INFO    ] [STEP 028] Output Files: 0
[2026-05-13 08:59:45 UTC] [INFO    ] [STEP 028] ================================================================================
