[2026-05-10 01:02:34 UTC] [INFO    ] [STEP 022] LOGGER INITIALIZED: step_022_space_weather_correlation (Step 022)
[2026-05-10 01:02:34 UTC] [DEBUG   ] [STEP 022] Log file: /Users/matthewsmawfield/www/Temporal Equivalence Principle/TEP-EFA/logs/step_022_space_weather_correlation.log
[2026-05-10 01:02:34 UTC] [DEBUG   ] [STEP 022] Project root: /Users/matthewsmawfield/www/Temporal Equivalence Principle/TEP-EFA
[2026-05-10 01:02:34 UTC] [INFO    ] [STEP 022] ================================================================================
[2026-05-10 01:02:34 UTC] [INFO    ] [STEP 022] STEP 022: EMPIRICAL SPACE WEATHER CORRELATION
[2026-05-10 01:02:34 UTC] [INFO    ] [STEP 022] ================================================================================
[2026-05-10 01:02:34 UTC] [INFO    ] [STEP 022] Matching historical flybys to Celestrak SW-All data (Kp, F10.7)
[2026-05-10 01:02:34 UTC] [DEBUG   ] [STEP 022] 
[2026-05-10 01:02:34 UTC] [DEBUG   ] [STEP 022] ================================================================================
[2026-05-10 01:02:34 UTC] [DEBUG   ] [STEP 022] SECTION: CORRELATION RESULTS (EXPLORATORY ANALYSIS)
[2026-05-10 01:02:34 UTC] [DEBUG   ] [STEP 022] ================================================================================
[2026-05-10 01:02:34 UTC] [INFO    ] [STEP 022] Matched 2 flybys with fitted β values.
[2026-05-10 01:02:34 UTC] [INFO    ] [STEP 022] Pearson r against space-weather plasma index: 0.0000
[2026-05-10 01:02:34 UTC] [INFO    ] [STEP 022] 95% CI: [-1.000, 1.000]
[2026-05-10 01:02:34 UTC] [INFO    ] [STEP 022] P-value: 1.0000
[2026-05-10 01:02:34 UTC] [INFO    ] [STEP 022] Status: exploratory_hypothesis_generating
[2026-05-10 01:02:34 UTC] [WARNING ] [STEP 022] ⚠ ============================================================
[2026-05-10 01:02:34 UTC] [WARNING ] [STEP 022] ⚠ SMALL SAMPLE WARNING (n≤4)
[2026-05-10 01:02:34 UTC] [WARNING ] [STEP 022] ⚠ ============================================================
[2026-05-10 01:02:34 UTC] [WARNING ] [STEP 022] ⚠ With n=4 primary detections:
[2026-05-10 01:02:34 UTC] [WARNING ] [STEP 022] ⚠ - Correlation analysis is underpowered (need n>10 for reliable r)
[2026-05-10 01:02:34 UTC] [WARNING ] [STEP 022] ⚠ - Chance probability of |r|>0.6 by coincidence is ~20%
[2026-05-10 01:02:34 UTC] [WARNING ] [STEP 022] ⚠ - This is HYPOTHESIS-GENERATING, not confirmatory
[2026-05-10 01:02:34 UTC] [WARNING ] [STEP 022] ⚠ - Any correlation claims require validation with future flybys
[2026-05-10 01:02:34 UTC] [WARNING ] [STEP 022] ⚠ ============================================================
[2026-05-10 01:02:34 UTC] [INFO    ] [STEP 022] Correlation not significant (p=1.00) - as expected with n=2
[2026-05-10 01:02:34 UTC] [INFO    ] [STEP 022] Interpretation: Insufficient data (n=2) for reliable correlation assessment
[2026-05-10 01:02:34 UTC] [INFO    ] [STEP 022] ✓ Space weather correlation isolated. Conformal parameters bridged. Report: /Users/matthewsmawfield/www/Temporal Equivalence Principle/TEP-EFA/results/step022_space_weather.json
[2026-05-10 01:02:34 UTC] [INFO    ] [STEP 022] 
[2026-05-10 01:02:34 UTC] [INFO    ] [STEP 022] ================================================================================
[2026-05-10 01:02:34 UTC] [INFO    ] [STEP 022] STEP SUMMARY: step_022_space_weather_correlation
[2026-05-10 01:02:34 UTC] [INFO    ] [STEP 022] ================================================================================
[2026-05-10 01:02:34 UTC] [INFO    ] [STEP 022] Step Number: 022
[2026-05-10 01:02:34 UTC] [INFO    ] [STEP 022] Status: SUCCESS
[2026-05-10 01:02:34 UTC] [INFO    ] [STEP 022] Duration: 0.00s
[2026-05-10 01:02:34 UTC] [INFO    ] [STEP 022] Calculations Logged: 0
[2026-05-10 01:02:34 UTC] [INFO    ] [STEP 022] Output Files: 0
[2026-05-10 01:02:34 UTC] [INFO    ] [STEP 022] Log file: /Users/matthewsmawfield/www/Temporal Equivalence Principle/TEP-EFA/logs/step_022_space_weather_correlation.log
[2026-05-10 01:02:34 UTC] [INFO    ] [STEP 022] No output files generated
[2026-05-10 01:02:34 UTC] [INFO    ] [STEP 022] ================================================================================
[2026-05-10 01:02:34 UTC] [INFO    ] [STEP 022] STEP 022 COMPLETE: SUCCESS
[2026-05-10 01:02:34 UTC] [INFO    ] [STEP 022] Provenance data saved to /Users/matthewsmawfield/www/Temporal Equivalence Principle/TEP-EFA/results/provenance/step_022_space_weather_correlation_provenance.json
[2026-05-09 22:02:34 UTC] [INFO    ] [STEP 022] 
[2026-05-09 22:02:34 UTC] [INFO    ] [STEP 022] ================================================================================
[2026-05-09 22:02:34 UTC] [INFO    ] [STEP 022] EXECUTIVE SUMMARY
[2026-05-09 22:02:34 UTC] [INFO    ] [STEP 022] ================================================================================
[2026-05-09 22:02:34 UTC] [INFO    ] [STEP 022] Step: step_022_space_weather_correlation (Step 022)
[2026-05-09 22:02:34 UTC] [INFO    ] [STEP 022] Status: SUCCESS
[2026-05-09 22:02:34 UTC] [INFO    ] [STEP 022] Duration: 0.00s
[2026-05-09 22:02:34 UTC] [INFO    ] [STEP 022] Calculations: 0
[2026-05-09 22:02:34 UTC] [INFO    ] [STEP 022] Output Files: 0
[2026-05-09 22:02:34 UTC] [INFO    ] [STEP 022] ================================================================================
