[2026-05-13 12:00:44 UTC] [INFO    ] [STEP 040A] LOGGER INITIALIZED: step_040a_extract_3d_vectors (Step 040A)
[2026-05-13 12:00:44 UTC] [DEBUG   ] [STEP 040A] Log file: /Users/matthewsmawfield/www/Temporal Equivalence Principle/TEP-EFA/logs/step_040a_extract_3d_vectors.log
[2026-05-13 12:00:44 UTC] [DEBUG   ] [STEP 040A] Project root: /Users/matthewsmawfield/www/Temporal Equivalence Principle/TEP-EFA
[2026-05-13 12:00:44 UTC] [INFO    ] [STEP 040A] ================================================================================
[2026-05-13 12:00:44 UTC] [INFO    ] [STEP 040A] STEP 040a: EXTRACT 3D STATE VECTORS FROM JPL HORIZONS RAW DATA
[2026-05-13 12:00:44 UTC] [INFO    ] [STEP 040A] ================================================================================
[2026-05-13 12:00:44 UTC] [DEBUG   ] [STEP 040A] 
[2026-05-13 12:00:44 UTC] [DEBUG   ] [STEP 040A] --- Processing NEAR ---
[2026-05-13 12:00:44 UTC] [INFO    ] [STEP 040A]   Parsed 301 data points
[2026-05-13 12:00:44 UTC] [INFO    ] [STEP 040A]   Perigee: RA=280.17 deg, Dec=32.53 deg
[2026-05-13 12:00:44 UTC] [INFO    ] [STEP 040A]   Range: 6910.6 km, Altitude: 532.5 km
[2026-05-13 12:00:44 UTC] [INFO    ] [STEP 040A]   Speed (equatorial): 12.71 km/s
[2026-05-13 12:00:44 UTC] [INFO    ] [STEP 040A]   Velocity (ecliptic): [-3.48, -10.50, -6.27] km/s
[2026-05-13 12:00:44 UTC] [DEBUG   ] [STEP 040A] 
[2026-05-13 12:00:44 UTC] [DEBUG   ] [STEP 040A] --- Processing Galileo_1990 ---
[2026-05-13 12:00:44 UTC] [INFO    ] [STEP 040A]   Parsed 301 data points
[2026-05-13 12:00:44 UTC] [INFO    ] [STEP 040A]   Perigee: RA=319.85 deg, Dec=23.92 deg
[2026-05-13 12:00:44 UTC] [INFO    ] [STEP 040A]   Range: 7340.7 km, Altitude: 962.6 km
[2026-05-13 12:00:44 UTC] [INFO    ] [STEP 040A]   Speed (equatorial): 13.70 km/s
[2026-05-13 12:00:44 UTC] [INFO    ] [STEP 040A]   Velocity (ecliptic): [-5.33, -12.58, -0.96] km/s
[2026-05-13 12:00:44 UTC] [DEBUG   ] [STEP 040A] 
[2026-05-13 12:00:44 UTC] [DEBUG   ] [STEP 040A] --- Processing Galileo_1992 ---
[2026-05-13 12:00:44 UTC] [INFO    ] [STEP 040A]   Parsed 301 data points
[2026-05-13 12:00:44 UTC] [INFO    ] [STEP 040A]   Perigee: RA=178.67 deg, Dec=-8.63 deg
[2026-05-13 12:00:44 UTC] [INFO    ] [STEP 040A]   Range: 101069.2 km, Altitude: 94691.1 km
[2026-05-13 12:00:44 UTC] [INFO    ] [STEP 040A]   Speed (equatorial): 9.31 km/s
[2026-05-13 12:00:44 UTC] [INFO    ] [STEP 040A]   Velocity (ecliptic): [-9.23, +0.52, -1.09] km/s
[2026-05-13 12:00:44 UTC] [DEBUG   ] [STEP 040A] 
[2026-05-13 12:00:44 UTC] [DEBUG   ] [STEP 040A] --- Processing Cassini ---
[2026-05-13 12:00:44 UTC] [INFO    ] [STEP 040A]   Parsed 301 data points
[2026-05-13 12:00:44 UTC] [INFO    ] [STEP 040A]   Perigee: RA=245.58 deg, Dec=-22.85 deg
[2026-05-13 12:00:44 UTC] [INFO    ] [STEP 040A]   Range: 7563.8 km, Altitude: 1185.7 km
[2026-05-13 12:00:44 UTC] [INFO    ] [STEP 040A]   Speed (equatorial): 18.89 km/s
[2026-05-13 12:00:44 UTC] [INFO    ] [STEP 040A]   Velocity (ecliptic): [+17.83, -6.20, -0.61] km/s
[2026-05-13 12:00:44 UTC] [DEBUG   ] [STEP 040A] 
[2026-05-13 12:00:44 UTC] [DEBUG   ] [STEP 040A] --- Processing Rosetta_2005 ---
[2026-05-13 12:00:44 UTC] [INFO    ] [STEP 040A]   Parsed 361 data points
[2026-05-13 12:00:44 UTC] [INFO    ] [STEP 040A]   Perigee: RA=22.77 deg, Dec=20.71 deg
[2026-05-13 12:00:44 UTC] [INFO    ] [STEP 040A]   Range: 8333.8 km, Altitude: 1955.6 km
[2026-05-13 12:00:44 UTC] [INFO    ] [STEP 040A]   Speed (equatorial): 10.51 km/s
[2026-05-13 12:00:44 UTC] [INFO    ] [STEP 040A]   Velocity (ecliptic): [+5.12, -9.08, -1.29] km/s
[2026-05-13 12:00:44 UTC] [DEBUG   ] [STEP 040A] 
[2026-05-13 12:00:44 UTC] [DEBUG   ] [STEP 040A] --- Processing Rosetta_2007 ---
[2026-05-13 12:00:44 UTC] [INFO    ] [STEP 040A]   Parsed 241 data points
[2026-05-13 12:00:44 UTC] [INFO    ] [STEP 040A]   Perigee: RA=45.12 deg, Dec=8.74 deg
[2026-05-13 12:00:44 UTC] [INFO    ] [STEP 040A]   Range: 382697.6 km, Altitude: 376319.5 km
[2026-05-13 12:00:44 UTC] [INFO    ] [STEP 040A]   Speed (equatorial): 9.47 km/s
[2026-05-13 12:00:44 UTC] [INFO    ] [STEP 040A]   Velocity (ecliptic): [-6.45, -6.86, +1.04] km/s
[2026-05-13 12:00:44 UTC] [DEBUG   ] [STEP 040A] 
[2026-05-13 12:00:44 UTC] [DEBUG   ] [STEP 040A] --- Processing Rosetta_2009 ---
[2026-05-13 12:00:44 UTC] [INFO    ] [STEP 040A]   Parsed 241 data points
[2026-05-13 12:00:44 UTC] [INFO    ] [STEP 040A]   Perigee: RA=276.40 deg, Dec=-7.44 deg
[2026-05-13 12:00:44 UTC] [INFO    ] [STEP 040A]   Range: 8862.2 km, Altitude: 2484.0 km
[2026-05-13 12:00:44 UTC] [INFO    ] [STEP 040A]   Speed (equatorial): 13.32 km/s
[2026-05-13 12:00:44 UTC] [INFO    ] [STEP 040A]   Velocity (ecliptic): [-12.05, -0.09, +5.66] km/s
[2026-05-13 12:00:44 UTC] [DEBUG   ] [STEP 040A] 
[2026-05-13 12:00:44 UTC] [DEBUG   ] [STEP 040A] --- Processing MESSENGER_2005 ---
[2026-05-13 12:00:44 UTC] [INFO    ] [STEP 040A]   Parsed 361 data points
[2026-05-13 12:00:44 UTC] [INFO    ] [STEP 040A]   Perigee: RA=348.06 deg, Dec=46.95 deg
[2026-05-13 12:00:44 UTC] [INFO    ] [STEP 040A]   Range: 8713.9 km, Altitude: 2335.8 km
[2026-05-13 12:00:44 UTC] [INFO    ] [STEP 040A]   Speed (equatorial): 10.36 km/s
[2026-05-13 12:00:44 UTC] [INFO    ] [STEP 040A]   Velocity (ecliptic): [-2.20, -9.30, +4.00] km/s
[2026-05-13 12:00:44 UTC] [DEBUG   ] [STEP 040A] 
[2026-05-13 12:00:44 UTC] [DEBUG   ] [STEP 040A] --- Processing Juno ---
[2026-05-13 12:00:44 UTC] [INFO    ] [STEP 040A]   Parsed 301 data points
[2026-05-13 12:00:44 UTC] [INFO    ] [STEP 040A]   Perigee: RA=339.73 deg, Dec=-35.85 deg
[2026-05-13 12:00:44 UTC] [INFO    ] [STEP 040A]   Range: 6940.4 km, Altitude: 562.2 km
[2026-05-13 12:00:44 UTC] [INFO    ] [STEP 040A]   Speed (equatorial): 14.86 km/s
[2026-05-13 12:00:44 UTC] [INFO    ] [STEP 040A]   Velocity (ecliptic): [+8.29, +12.14, +2.20] km/s
[2026-05-13 12:00:44 UTC] [DEBUG   ] [STEP 040A] 
[2026-05-13 12:00:44 UTC] [DEBUG   ] [STEP 040A] --- Processing Stardust ---
[2026-05-13 12:00:44 UTC] [INFO    ] [STEP 040A]   Parsed 361 data points
[2026-05-13 12:00:44 UTC] [INFO    ] [STEP 040A]   Perigee: RA=323.46 deg, Dec=-40.31 deg
[2026-05-13 12:00:44 UTC] [INFO    ] [STEP 040A]   Range: 12379.5 km, Altitude: 6001.4 km
[2026-05-13 12:00:44 UTC] [INFO    ] [STEP 040A]   Speed (equatorial): 10.30 km/s
[2026-05-13 12:00:44 UTC] [INFO    ] [STEP 040A]   Velocity (ecliptic): [-6.98, -7.31, +1.99] km/s
[2026-05-13 12:00:44 UTC] [DEBUG   ] [STEP 040A] 
[2026-05-13 12:00:44 UTC] [DEBUG   ] [STEP 040A] --- Processing OSIRIS-REx ---
[2026-05-13 12:00:44 UTC] [INFO    ] [STEP 040A]   Parsed 361 data points
[2026-05-13 12:00:44 UTC] [INFO    ] [STEP 040A]   Perigee: RA=166.94 deg, Dec=-74.43 deg
[2026-05-13 12:00:44 UTC] [INFO    ] [STEP 040A]   Range: 23592.8 km, Altitude: 17214.6 km
[2026-05-13 12:00:44 UTC] [INFO    ] [STEP 040A]   Speed (equatorial): 8.52 km/s
[2026-05-13 12:00:44 UTC] [INFO    ] [STEP 040A]   Velocity (ecliptic): [-8.19, -0.12, +2.36] km/s
[2026-05-13 12:00:44 UTC] [DEBUG   ] [STEP 040A] 
[2026-05-13 12:00:44 UTC] [DEBUG   ] [STEP 040A] --- Processing BepiColombo ---
[2026-05-13 12:00:44 UTC] [INFO    ] [STEP 040A]   Parsed 361 data points
[2026-05-13 12:00:44 UTC] [INFO    ] [STEP 040A]   Perigee: RA=146.30 deg, Dec=1.21 deg
[2026-05-13 12:00:44 UTC] [INFO    ] [STEP 040A]   Range: 139692.7 km, Altitude: 133314.5 km
[2026-05-13 12:00:44 UTC] [INFO    ] [STEP 040A]   Speed (equatorial): 4.64 km/s
[2026-05-13 12:00:44 UTC] [INFO    ] [STEP 040A]   Velocity (ecliptic): [-3.22, +3.22, -0.90] km/s
[2026-05-13 12:00:44 UTC] [DEBUG   ] [STEP 040A] 
[2026-05-13 12:00:44 UTC] [DEBUG   ] [STEP 040A] --- Processing BepiColombo_2021 ---
[2026-05-13 12:00:44 UTC] [INFO    ] [STEP 040A]   Parsed 361 data points
[2026-05-13 12:00:44 UTC] [INFO    ] [STEP 040A]   Perigee: RA=174.22 deg, Dec=3.56 deg
[2026-05-13 12:00:44 UTC] [INFO    ] [STEP 040A]   Range: 187845249.8 km, Altitude: 187838871.7 km
[2026-05-13 12:00:44 UTC] [INFO    ] [STEP 040A]   Speed (equatorial): 40.58 km/s
[2026-05-13 12:00:44 UTC] [INFO    ] [STEP 040A]   Velocity (ecliptic): [+9.79, -39.33, -2.08] km/s
[2026-05-13 12:00:44 UTC] [DEBUG   ] [STEP 040A] 
[2026-05-13 12:00:44 UTC] [DEBUG   ] [STEP 040A] ================================================================================
[2026-05-13 12:00:44 UTC] [DEBUG   ] [STEP 040A] SECTION: SUMMARY
[2026-05-13 12:00:44 UTC] [DEBUG   ] [STEP 040A] ================================================================================
[2026-05-13 12:00:44 UTC] [INFO    ] [STEP 040A] Successfully processed: 13
[2026-05-13 12:00:44 UTC] [INFO    ] [STEP 040A] Failed: 0
[2026-05-13 12:00:44 UTC] [INFO    ] [STEP 040A] Saved 3D state vectors to: /Users/matthewsmawfield/www/Temporal Equivalence Principle/TEP-EFA/results/step040a_3d_state_vectors.json
[2026-05-13 12:00:44 UTC] [INFO    ] [STEP 040A] 
[2026-05-13 12:00:44 UTC] [INFO    ] [STEP 040A] ================================================================================
[2026-05-13 12:00:44 UTC] [INFO    ] [STEP 040A] STEP SUMMARY: step_040a_extract_3d_vectors
[2026-05-13 12:00:44 UTC] [INFO    ] [STEP 040A] ================================================================================
[2026-05-13 12:00:44 UTC] [INFO    ] [STEP 040A] Step Number: 040A
[2026-05-13 12:00:44 UTC] [INFO    ] [STEP 040A] Status: SUCCESS
[2026-05-13 12:00:44 UTC] [INFO    ] [STEP 040A] Duration: 0.00s
[2026-05-13 12:00:44 UTC] [INFO    ] [STEP 040A] Calculations Logged: 0
[2026-05-13 12:00:44 UTC] [INFO    ] [STEP 040A] Output Files: 0
[2026-05-13 12:00:44 UTC] [INFO    ] [STEP 040A] Log file: /Users/matthewsmawfield/www/Temporal Equivalence Principle/TEP-EFA/logs/step_040a_extract_3d_vectors.log
[2026-05-13 12:00:44 UTC] [INFO    ] [STEP 040A] No output files generated
[2026-05-13 12:00:44 UTC] [INFO    ] [STEP 040A] ================================================================================
[2026-05-13 12:00:44 UTC] [INFO    ] [STEP 040A] STEP 040A COMPLETE: SUCCESS
[2026-05-13 12:00:44 UTC] [INFO    ] [STEP 040A] Provenance data saved to /Users/matthewsmawfield/www/Temporal Equivalence Principle/TEP-EFA/results/provenance/step_040a_extract_3d_vectors_provenance.json
[2026-05-13 09:00:44 UTC] [INFO    ] [STEP 040A] 
[2026-05-13 09:00:44 UTC] [INFO    ] [STEP 040A] ================================================================================
[2026-05-13 09:00:44 UTC] [INFO    ] [STEP 040A] EXECUTIVE SUMMARY
[2026-05-13 09:00:44 UTC] [INFO    ] [STEP 040A] ================================================================================
[2026-05-13 09:00:44 UTC] [INFO    ] [STEP 040A] Step: step_040a_extract_3d_vectors (Step 040A)
[2026-05-13 09:00:44 UTC] [INFO    ] [STEP 040A] Status: SUCCESS
[2026-05-13 09:00:44 UTC] [INFO    ] [STEP 040A] Duration: 0.00s
[2026-05-13 09:00:44 UTC] [INFO    ] [STEP 040A] Calculations: 0
[2026-05-13 09:00:44 UTC] [INFO    ] [STEP 040A] Output Files: 0
[2026-05-13 09:00:44 UTC] [INFO    ] [STEP 040A] ================================================================================
