[2026-05-12 21:24:25 UTC] [INFO    ] [STEP 034] LOGGER INITIALIZED: step_034_covariant_holonomy (Step 034)
[2026-05-12 21:24:25 UTC] [DEBUG   ] [STEP 034] Log file: /Users/matthewsmawfield/www/Temporal Equivalence Principle/TEP-EFA/logs/step_034_covariant_holonomy.log
[2026-05-12 21:24:25 UTC] [DEBUG   ] [STEP 034] Project root: /Users/matthewsmawfield/www/Temporal Equivalence Principle/TEP-EFA
[2026-05-12 21:24:25 UTC] [INFO    ] [STEP 034] ================================================================================
[2026-05-12 21:24:25 UTC] [INFO    ] [STEP 034] STEP 034: COVARIANT TEMPORAL SHEAR IMPULSE
[2026-05-12 21:24:25 UTC] [INFO    ] [STEP 034] ================================================================================
[2026-05-12 21:24:25 UTC] [INFO    ] [STEP 034] Computing exact metric time-transport non-closure (temporal shear impulse) around DSN tracking loop.
[2026-05-12 21:24:25 UTC] [INFO    ] [STEP 034] Using GW170817 multi-messenger disformal bound: (B/A)|grad phi|^2 = 1e-15
[2026-05-12 21:24:25 UTC] [DEBUG   ] [STEP 034] 
[2026-05-12 21:24:25 UTC] [DEBUG   ] [STEP 034] ================================================================================
[2026-05-12 21:24:25 UTC] [DEBUG   ] [STEP 034] SECTION: TEMPORAL SHEAR IMPULSE OBSERVABLES
[2026-05-12 21:24:25 UTC] [DEBUG   ] [STEP 034] ================================================================================
[2026-05-12 21:24:25 UTC] [INFO    ] [STEP 034] Loop proper-time non-closure (H): 0.02 femtoseconds
[2026-05-12 21:24:25 UTC] [INFO    ] [STEP 034] Apparent kinematic velocity mismatch: 0.000150 mm/s
[2026-05-12 21:24:25 UTC] [DEBUG   ] [STEP 034] 
[2026-05-12 21:24:25 UTC] [DEBUG   ] [STEP 034] --- THEORETICAL VERIFICATION ---
[2026-05-12 21:24:25 UTC] [INFO    ] [STEP 034] ✓ The covariant ray-trace confirms that a disformal metric perturbation bounded 
[2026-05-12 21:24:25 UTC] [INFO    ] [STEP 034] ✓ by GW170817 yields femtosecond-scale temporal shear impulse on planetary baselines.
[2026-05-12 21:24:25 UTC] [INFO    ] [STEP 034] ✓ This physically isolates the conformal gradient (classical scalar force) as the 
[2026-05-12 21:24:25 UTC] [INFO    ] [STEP 034] ✓ dominant driver of the mm/s-scale Flyby Anomaly, preserving theoretical purity.
[2026-05-12 21:24:25 UTC] [INFO    ] [STEP 034] Exported temporal shear impulse verification to /Users/matthewsmawfield/www/Temporal Equivalence Principle/TEP-EFA/results/step034_holonomy_results.json
[2026-05-12 21:24:25 UTC] [INFO    ] [STEP 034] 
[2026-05-12 21:24:25 UTC] [INFO    ] [STEP 034] ================================================================================
[2026-05-12 21:24:25 UTC] [INFO    ] [STEP 034] STEP SUMMARY: step_034_covariant_holonomy
[2026-05-12 21:24:25 UTC] [INFO    ] [STEP 034] ================================================================================
[2026-05-12 21:24:25 UTC] [INFO    ] [STEP 034] Step Number: 034
[2026-05-12 21:24:25 UTC] [INFO    ] [STEP 034] Status: SUCCESS
[2026-05-12 21:24:25 UTC] [INFO    ] [STEP 034] Duration: 0.00s
[2026-05-12 21:24:25 UTC] [INFO    ] [STEP 034] Calculations Logged: 0
[2026-05-12 21:24:25 UTC] [INFO    ] [STEP 034] Output Files: 0
[2026-05-12 21:24:25 UTC] [INFO    ] [STEP 034] Log file: /Users/matthewsmawfield/www/Temporal Equivalence Principle/TEP-EFA/logs/step_034_covariant_holonomy.log
[2026-05-12 21:24:25 UTC] [INFO    ] [STEP 034] No output files generated
[2026-05-12 21:24:25 UTC] [INFO    ] [STEP 034] ================================================================================
[2026-05-12 21:24:25 UTC] [INFO    ] [STEP 034] STEP 034 COMPLETE: SUCCESS
[2026-05-12 21:24:25 UTC] [INFO    ] [STEP 034] Provenance data saved to /Users/matthewsmawfield/www/Temporal Equivalence Principle/TEP-EFA/results/provenance/step_034_covariant_holonomy_provenance.json
[2026-05-12 18:24:25 UTC] [INFO    ] [STEP 034] 
[2026-05-12 18:24:25 UTC] [INFO    ] [STEP 034] ================================================================================
[2026-05-12 18:24:25 UTC] [INFO    ] [STEP 034] EXECUTIVE SUMMARY
[2026-05-12 18:24:25 UTC] [INFO    ] [STEP 034] ================================================================================
[2026-05-12 18:24:25 UTC] [INFO    ] [STEP 034] Step: step_034_covariant_holonomy (Step 034)
[2026-05-12 18:24:25 UTC] [INFO    ] [STEP 034] Status: SUCCESS
[2026-05-12 18:24:25 UTC] [INFO    ] [STEP 034] Duration: 0.00s
[2026-05-12 18:24:25 UTC] [INFO    ] [STEP 034] Calculations: 0
[2026-05-12 18:24:25 UTC] [INFO    ] [STEP 034] Output Files: 0
[2026-05-12 18:24:25 UTC] [INFO    ] [STEP 034] ================================================================================
