[2026-05-10 01:02:57 UTC] [INFO    ] [STEP 026] LOGGER INITIALIZED: step_026_tep_suppression (Step 026)
[2026-05-10 01:02:57 UTC] [DEBUG   ] [STEP 026] Log file: /Users/matthewsmawfield/www/Temporal Equivalence Principle/TEP-EFA/logs/step_026_tep_suppression.log
[2026-05-10 01:02:57 UTC] [DEBUG   ] [STEP 026] Project root: /Users/matthewsmawfield/www/Temporal Equivalence Principle/TEP-EFA
[2026-05-10 01:02:57 UTC] [INFO    ] [STEP 026] ================================================================================
[2026-05-10 01:02:57 UTC] [INFO    ] [STEP 026] STEP 026: TEP SUPPRESSION ANALYSIS
[2026-05-10 01:02:57 UTC] [INFO    ] [STEP 026] ================================================================================
[2026-05-10 01:02:57 UTC] [INFO    ] [STEP 026] Testing hypothesis: Modern OD filters TEP signals
[2026-05-10 01:02:57 UTC] [DEBUG   ] [STEP 026] 
[2026-05-10 01:02:57 UTC] [DEBUG   ] [STEP 026] ================================================================================
[2026-05-10 01:02:57 UTC] [DEBUG   ] [STEP 026] SECTION: LOADING FITTING RESULTS
[2026-05-10 01:02:57 UTC] [DEBUG   ] [STEP 026] ================================================================================
[2026-05-10 01:02:57 UTC] [DEBUG   ] [STEP 026] Loading from: /Users/matthewsmawfield/www/Temporal Equivalence Principle/TEP-EFA/results/step005_fitting_results.json
[2026-05-10 01:02:57 UTC] [INFO    ] [STEP 026] ✓ Results loaded successfully
[2026-05-10 01:02:57 UTC] [DEBUG   ] [STEP 026] 
[2026-05-10 01:02:57 UTC] [DEBUG   ] [STEP 026] ================================================================================
[2026-05-10 01:02:57 UTC] [DEBUG   ] [STEP 026] SECTION: RUNNING SUPPRESSION ANALYSIS
[2026-05-10 01:02:57 UTC] [DEBUG   ] [STEP 026] ================================================================================
[2026-05-10 01:02:58 UTC] [DEBUG   ] [STEP 026] 
[2026-05-10 01:02:58 UTC] [DEBUG   ] [STEP 026] ================================================================================
[2026-05-10 01:02:58 UTC] [DEBUG   ] [STEP 026] SECTION: INDIVIDUAL MISSION ANALYSIS
[2026-05-10 01:02:58 UTC] [DEBUG   ] [STEP 026] ================================================================================
[2026-05-10 01:02:58 UTC] [INFO    ] [STEP 026] Mission              Std OD (mm/s)   TEP Pred (mm/s)    Status                   
[2026-05-10 01:02:58 UTC] [INFO    ] [STEP 026] NEAR_1998                      0.00              0.00 OK                       
[2026-05-10 01:02:58 UTC] [INFO    ] [STEP 026] Galileo_1990                   3.92              7.86 OK                       
[2026-05-10 01:02:58 UTC] [INFO    ] [STEP 026] Galileo_1992                   0.00             24.69 TEP SUPPRESSED           
[2026-05-10 01:02:58 UTC] [INFO    ] [STEP 026] Cassini_1999                   0.00              0.00 OK                       
[2026-05-10 01:02:58 UTC] [INFO    ] [STEP 026] Rosetta_2005                   1.82              3.88 OK                       
[2026-05-10 01:02:58 UTC] [INFO    ] [STEP 026] Rosetta_2007                   0.02              0.08 OK                       
[2026-05-10 01:02:58 UTC] [INFO    ] [STEP 026] Rosetta_2009                   0.00              2.77 TEP SUPPRESSED           
[2026-05-10 01:02:58 UTC] [INFO    ] [STEP 026] MESSENGER_2005                 0.00              3.25 TEP SUPPRESSED           
[2026-05-10 01:02:58 UTC] [INFO    ] [STEP 026] Juno_2013                      0.00              0.00 OK                       
[2026-05-10 01:02:58 UTC] [INFO    ] [STEP 026] Stardust_2001                  0.00              0.00 OK                       
[2026-05-10 01:02:58 UTC] [INFO    ] [STEP 026] OSIRIS-REx_2017                0.00              0.00 OK                       
[2026-05-10 01:02:58 UTC] [INFO    ] [STEP 026] BepiColombo_2020               0.00              0.00 OK                       
[2026-05-10 01:02:58 UTC] [DEBUG   ] [STEP 026] 
[2026-05-10 01:02:58 UTC] [DEBUG   ] [STEP 026] ================================================================================
[2026-05-10 01:02:58 UTC] [DEBUG   ] [STEP 026] SECTION: SUMMARY
[2026-05-10 01:02:58 UTC] [DEBUG   ] [STEP 026] ================================================================================
[2026-05-10 01:02:58 UTC] [INFO    ] [STEP 026] Total missions: 12
[2026-05-10 01:02:58 UTC] [INFO    ] [STEP 026] TEP-predicted detectable: 5
[2026-05-10 01:02:58 UTC] [INFO    ] [STEP 026] Likely suppressed: 3
[2026-05-10 01:02:58 UTC] [DEBUG   ] [STEP 026] 
[2026-05-10 01:02:58 UTC] [DEBUG   ] [STEP 026] --- CONCLUSION ---
[2026-05-10 01:02:58 UTC] [INFO    ] [STEP 026] Evidence strong: 3 missions show null results where TEP predicts detectable signals. Modern OD likely filters TEP by treating it as systematic error. Raw DSN re-analysis with minimal OD recommended.
[2026-05-10 01:02:58 UTC] [DEBUG   ] [STEP 026] 
[2026-05-10 01:02:58 UTC] [DEBUG   ] [STEP 026] ================================================================================
[2026-05-10 01:02:58 UTC] [DEBUG   ] [STEP 026] SECTION: SAVING SUPPRESSION ANALYSIS REPORT
[2026-05-10 01:02:58 UTC] [DEBUG   ] [STEP 026] ================================================================================
[2026-05-10 01:02:58 UTC] [INFO    ] [STEP 026] ✓ Report saved to: /Users/matthewsmawfield/www/Temporal Equivalence Principle/TEP-EFA/results/step026_tep_suppression_analysis.json
[2026-05-10 01:02:58 UTC] [INFO    ] [STEP 026]   Output: step026_tep_suppression_analysis.json (TEP suppression analysis report)
[2026-05-10 01:02:58 UTC] [INFO    ] [STEP 026] 
[2026-05-10 01:02:58 UTC] [INFO    ] [STEP 026] ================================================================================
[2026-05-10 01:02:58 UTC] [INFO    ] [STEP 026] STEP SUMMARY: step_026_tep_suppression
[2026-05-10 01:02:58 UTC] [INFO    ] [STEP 026] ================================================================================
[2026-05-10 01:02:58 UTC] [INFO    ] [STEP 026] Step Number: 026
[2026-05-10 01:02:58 UTC] [INFO    ] [STEP 026] Status: SUCCESS
[2026-05-10 01:02:58 UTC] [INFO    ] [STEP 026] Duration: 0.44s
[2026-05-10 01:02:58 UTC] [INFO    ] [STEP 026] Calculations Logged: 0
[2026-05-10 01:02:58 UTC] [INFO    ] [STEP 026] Output Files: 1
[2026-05-10 01:02:58 UTC] [INFO    ] [STEP 026] Log file: /Users/matthewsmawfield/www/Temporal Equivalence Principle/TEP-EFA/logs/step_026_tep_suppression.log
[2026-05-10 01:02:58 UTC] [INFO    ] [STEP 026] 
[2026-05-10 01:02:58 UTC] [INFO    ] [STEP 026] Generated 1 output file(s):
[2026-05-10 01:02:58 UTC] [INFO    ] [STEP 026]   • step026_tep_suppression_analysis.json: 9.09 KB - TEP suppression analysis report
[2026-05-10 01:02:58 UTC] [INFO    ] [STEP 026] ================================================================================
[2026-05-10 01:02:58 UTC] [INFO    ] [STEP 026] STEP 026 COMPLETE: SUCCESS
[2026-05-10 01:02:58 UTC] [INFO    ] [STEP 026] Provenance data saved to /Users/matthewsmawfield/www/Temporal Equivalence Principle/TEP-EFA/results/provenance/step_026_tep_suppression_provenance.json
[2026-05-09 22:02:58 UTC] [INFO    ] [STEP 026] 
[2026-05-09 22:02:58 UTC] [INFO    ] [STEP 026] ================================================================================
[2026-05-09 22:02:58 UTC] [INFO    ] [STEP 026] EXECUTIVE SUMMARY
[2026-05-09 22:02:58 UTC] [INFO    ] [STEP 026] ================================================================================
[2026-05-09 22:02:58 UTC] [INFO    ] [STEP 026] Step: step_026_tep_suppression (Step 026)
[2026-05-09 22:02:58 UTC] [INFO    ] [STEP 026] Status: SUCCESS
[2026-05-09 22:02:58 UTC] [INFO    ] [STEP 026] Duration: 0.44s
[2026-05-09 22:02:58 UTC] [INFO    ] [STEP 026] Calculations: 0
[2026-05-09 22:02:58 UTC] [INFO    ] [STEP 026] Output Files: 1
[2026-05-09 22:02:58 UTC] [INFO    ] [STEP 026] Key Outputs:
[2026-05-09 22:02:58 UTC] [INFO    ] [STEP 026]   - step026_tep_suppression_analysis.json (9.09 KB)
[2026-05-09 22:02:58 UTC] [INFO    ] [STEP 026] ================================================================================
