[2026-05-13 12:00:44 UTC] [INFO    ] [STEP 040] LOGGER INITIALIZED: step_040_cosmographic_shear (Step 040)
[2026-05-13 12:00:44 UTC] [DEBUG   ] [STEP 040] Log file: /Users/matthewsmawfield/www/Temporal Equivalence Principle/TEP-EFA/logs/step_040_cosmographic_shear.log
[2026-05-13 12:00:44 UTC] [DEBUG   ] [STEP 040] Project root: /Users/matthewsmawfield/www/Temporal Equivalence Principle/TEP-EFA
[2026-05-13 12:00:44 UTC] [INFO    ] [STEP 040] ================================================================================
[2026-05-13 12:00:44 UTC] [INFO    ] [STEP 040] STEP 040: COSMOGRAPHIC TEMPORAL SHEAR MODULATION TEST
[2026-05-13 12:00:44 UTC] [INFO    ] [STEP 040] ================================================================================
[2026-05-13 12:00:44 UTC] [INFO    ] [STEP 040] Testing TEP prediction: temporal shear depends on Earth-Moon
[2026-05-13 12:00:44 UTC] [INFO    ] [STEP 040] orbital velocity, heliocentric distance, and CMB dipole direction.
[2026-05-13 12:00:44 UTC] [INFO    ] [STEP 040] Loaded 13 flybys from catalog
[2026-05-13 12:00:44 UTC] [INFO    ] [STEP 040] Loaded 13 3D state vectors from step_040a
[2026-05-13 12:00:44 UTC] [DEBUG   ] [STEP 040] 
[2026-05-13 12:00:44 UTC] [DEBUG   ] [STEP 040] ================================================================================
[2026-05-13 12:00:44 UTC] [DEBUG   ] [STEP 040] SECTION: COMPUTING COSMOGRAPHIC MODULATION FOR EACH FLYBY
[2026-05-13 12:00:44 UTC] [DEBUG   ] [STEP 040] ================================================================================
[2026-05-13 12:00:44 UTC] [DEBUG   ] [STEP 040] 
[2026-05-13 12:00:44 UTC] [DEBUG   ] [STEP 040] --- NEAR ---
[2026-05-13 12:00:44 UTC] [INFO    ] [STEP 040] Date: 1998-01-23
[2026-05-13 12:00:44 UTC] [INFO    ] [STEP 040]   Heliocentric distance: 0.9843 AU
[2026-05-13 12:00:44 UTC] [INFO    ] [STEP 040]   Ecliptic longitude: 122.78 deg
[2026-05-13 12:00:44 UTC] [INFO    ] [STEP 040]   Earth orbital speed: 30.26 km/s
[2026-05-13 12:00:44 UTC] [INFO    ] [STEP 040]   Using 3D state vector: speed = 12.71 km/s
[2026-05-13 12:00:44 UTC] [INFO    ] [STEP 040]     ecliptic velocity: [-3.48, -10.50, -6.27] km/s
[2026-05-13 12:00:44 UTC] [INFO    ] [STEP 040]   Sun UCD saturation radius: 0.0019 AU
[2026-05-13 12:00:44 UTC] [INFO    ] [STEP 040]   Heliocentric modulation proxy: 1.0323
[2026-05-13 12:00:44 UTC] [INFO    ] [STEP 040]   Earth radial velocity: 0.17 km/s
[2026-05-13 12:00:44 UTC] [INFO    ] [STEP 040]   SC-orbital alignment: +0.674
[2026-05-13 12:00:44 UTC] [INFO    ] [STEP 040]   Earth orbital v along CMB dipole: 22.47 km/s
[2026-05-13 12:00:44 UTC] [INFO    ] [STEP 040]   SC v along CMB dipole: 1.06 km/s
[2026-05-13 12:00:44 UTC] [INFO    ] [STEP 040]   Total v along CMB dipole: 23.53 km/s
[2026-05-13 12:00:44 UTC] [INFO    ] [STEP 040]   CMB modulation factor: 0.0636
[2026-05-13 12:00:44 UTC] [INFO    ] [STEP 040]   SC-CMB cos(theta): +0.083
[2026-05-13 12:00:44 UTC] [INFO    ] [STEP 040]   Observed: 13.46 mm/s, Predicted: 2.036 mm/s
[2026-05-13 12:00:44 UTC] [INFO    ] [STEP 040]   Ratio (obs/pred): 6.61, Difference: 11.42 mm/s
[2026-05-13 12:00:44 UTC] [DEBUG   ] [STEP 040] 
[2026-05-13 12:00:44 UTC] [DEBUG   ] [STEP 040] --- Galileo_1990 ---
[2026-05-13 12:00:44 UTC] [INFO    ] [STEP 040] Date: 1990-12-08
[2026-05-13 12:00:44 UTC] [INFO    ] [STEP 040]   Heliocentric distance: 0.9851 AU
[2026-05-13 12:00:44 UTC] [INFO    ] [STEP 040]   Ecliptic longitude: 75.63 deg
[2026-05-13 12:00:44 UTC] [INFO    ] [STEP 040]   Earth orbital speed: 30.23 km/s
[2026-05-13 12:00:44 UTC] [INFO    ] [STEP 040]   Using 3D state vector: speed = 13.70 km/s
[2026-05-13 12:00:44 UTC] [INFO    ] [STEP 040]     ecliptic velocity: [-5.33, -12.58, -0.96] km/s
[2026-05-13 12:00:44 UTC] [INFO    ] [STEP 040]   Sun UCD saturation radius: 0.0019 AU
[2026-05-13 12:00:44 UTC] [INFO    ] [STEP 040]   Heliocentric modulation proxy: 1.0305
[2026-05-13 12:00:44 UTC] [INFO    ] [STEP 040]   Earth radial velocity: -0.23 km/s
[2026-05-13 12:00:44 UTC] [INFO    ] [STEP 040]   SC-orbital alignment: +0.157
[2026-05-13 12:00:44 UTC] [INFO    ] [STEP 040]   Earth orbital v along CMB dipole: 29.52 km/s
[2026-05-13 12:00:44 UTC] [INFO    ] [STEP 040]   SC v along CMB dipole: 2.21 km/s
[2026-05-13 12:00:44 UTC] [INFO    ] [STEP 040]   Total v along CMB dipole: 31.73 km/s
[2026-05-13 12:00:44 UTC] [INFO    ] [STEP 040]   CMB modulation factor: 0.0858
[2026-05-13 12:00:44 UTC] [INFO    ] [STEP 040]   SC-CMB cos(theta): +0.161
[2026-05-13 12:00:44 UTC] [INFO    ] [STEP 040]   Observed: 3.92 mm/s, Predicted: 0.319 mm/s
[2026-05-13 12:00:44 UTC] [INFO    ] [STEP 040]   Ratio (obs/pred): 12.30, Difference: 3.60 mm/s
[2026-05-13 12:00:44 UTC] [DEBUG   ] [STEP 040] 
[2026-05-13 12:00:44 UTC] [DEBUG   ] [STEP 040] --- Cassini ---
[2026-05-13 12:00:44 UTC] [INFO    ] [STEP 040] Date: 1999-08-18
[2026-05-13 12:00:44 UTC] [INFO    ] [STEP 040]   Heliocentric distance: 1.0124 AU
[2026-05-13 12:00:44 UTC] [INFO    ] [STEP 040]   Ecliptic longitude: 324.64 deg
[2026-05-13 12:00:44 UTC] [INFO    ] [STEP 040]   Earth orbital speed: 29.42 km/s
[2026-05-13 12:00:44 UTC] [INFO    ] [STEP 040]   Using 3D state vector: speed = 18.89 km/s
[2026-05-13 12:00:44 UTC] [INFO    ] [STEP 040]     ecliptic velocity: [+17.83, -6.20, -0.61] km/s
[2026-05-13 12:00:44 UTC] [INFO    ] [STEP 040]   Sun UCD saturation radius: 0.0019 AU
[2026-05-13 12:00:44 UTC] [INFO    ] [STEP 040]   Heliocentric modulation proxy: 0.9757
[2026-05-13 12:00:44 UTC] [INFO    ] [STEP 040]   Earth radial velocity: -0.33 km/s
[2026-05-13 12:00:44 UTC] [INFO    ] [STEP 040]   SC-orbital alignment: +0.268
[2026-05-13 12:00:44 UTC] [INFO    ] [STEP 040]   Earth orbital v along CMB dipole: -12.82 km/s
[2026-05-13 12:00:44 UTC] [INFO    ] [STEP 040]   SC v along CMB dipole: -18.77 km/s
[2026-05-13 12:00:44 UTC] [INFO    ] [STEP 040]   Total v along CMB dipole: -31.59 km/s
[2026-05-13 12:00:44 UTC] [INFO    ] [STEP 040]   CMB modulation factor: -0.0854
[2026-05-13 12:00:44 UTC] [INFO    ] [STEP 040]   SC-CMB cos(theta): -0.994
[2026-05-13 12:00:44 UTC] [INFO    ] [STEP 040]   Observed: 0.11 mm/s, Predicted: -0.022 mm/s
[2026-05-13 12:00:44 UTC] [INFO    ] [STEP 040]   Ratio (obs/pred): -4.99, Difference: 0.13 mm/s
[2026-05-13 12:00:44 UTC] [DEBUG   ] [STEP 040] 
[2026-05-13 12:00:44 UTC] [DEBUG   ] [STEP 040] --- Galileo_1992 ---
[2026-05-13 12:00:44 UTC] [INFO    ] [STEP 040] Date: 1992-12-08
[2026-05-13 12:00:44 UTC] [INFO    ] [STEP 040]   Heliocentric distance: 0.9850 AU
[2026-05-13 12:00:44 UTC] [INFO    ] [STEP 040]   Ecliptic longitude: 76.15 deg
[2026-05-13 12:00:44 UTC] [INFO    ] [STEP 040]   Earth orbital speed: 30.23 km/s
[2026-05-13 12:00:44 UTC] [INFO    ] [STEP 040]   Using 3D state vector: speed = 9.31 km/s
[2026-05-13 12:00:44 UTC] [INFO    ] [STEP 040]     ecliptic velocity: [-9.23, +0.52, -1.09] km/s
[2026-05-13 12:00:44 UTC] [INFO    ] [STEP 040]   Sun UCD saturation radius: 0.0019 AU
[2026-05-13 12:00:44 UTC] [INFO    ] [STEP 040]   Heliocentric modulation proxy: 1.0306
[2026-05-13 12:00:44 UTC] [INFO    ] [STEP 040]   Earth radial velocity: -0.22 km/s
[2026-05-13 12:00:44 UTC] [INFO    ] [STEP 040]   SC-orbital alignment: +0.977
[2026-05-13 12:00:44 UTC] [INFO    ] [STEP 040]   Earth orbital v along CMB dipole: 29.55 km/s
[2026-05-13 12:00:44 UTC] [INFO    ] [STEP 040]   SC v along CMB dipole: 9.12 km/s
[2026-05-13 12:00:44 UTC] [INFO    ] [STEP 040]   Total v along CMB dipole: 38.66 km/s
[2026-05-13 12:00:44 UTC] [INFO    ] [STEP 040]   CMB modulation factor: 0.1046
[2026-05-13 12:00:44 UTC] [INFO    ] [STEP 040]   SC-CMB cos(theta): +0.979
[2026-05-13 12:00:44 UTC] [INFO    ] [STEP 040]   Observed: 0.00 mm/s, Predicted: 0.003 mm/s
[2026-05-13 12:00:44 UTC] [INFO    ] [STEP 040]   Ratio (obs/pred): 0.00, Difference: -0.00 mm/s
[2026-05-13 12:00:44 UTC] [DEBUG   ] [STEP 040] 
[2026-05-13 12:00:44 UTC] [DEBUG   ] [STEP 040] --- Rosetta_2005 ---
[2026-05-13 12:00:44 UTC] [INFO    ] [STEP 040] Date: 2005-03-04
[2026-05-13 12:00:44 UTC] [INFO    ] [STEP 040]   Heliocentric distance: 0.9916 AU
[2026-05-13 12:00:44 UTC] [INFO    ] [STEP 040]   Ecliptic longitude: 163.52 deg
[2026-05-13 12:00:44 UTC] [INFO    ] [STEP 040]   Earth orbital speed: 30.04 km/s
[2026-05-13 12:00:44 UTC] [INFO    ] [STEP 040]   Using 3D state vector: speed = 10.51 km/s
[2026-05-13 12:00:44 UTC] [INFO    ] [STEP 040]     ecliptic velocity: [+5.12, -9.08, -1.29] km/s
[2026-05-13 12:00:44 UTC] [INFO    ] [STEP 040]   Sun UCD saturation radius: 0.0019 AU
[2026-05-13 12:00:44 UTC] [INFO    ] [STEP 040]   Heliocentric modulation proxy: 1.0170
[2026-05-13 12:00:44 UTC] [INFO    ] [STEP 040]   Earth radial velocity: 0.43 km/s
[2026-05-13 12:00:44 UTC] [INFO    ] [STEP 040]   SC-orbital alignment: +0.680
[2026-05-13 12:00:44 UTC] [INFO    ] [STEP 040]   Earth orbital v along CMB dipole: 4.60 km/s
[2026-05-13 12:00:44 UTC] [INFO    ] [STEP 040]   SC v along CMB dipole: -7.10 km/s
[2026-05-13 12:00:44 UTC] [INFO    ] [STEP 040]   Total v along CMB dipole: -2.51 km/s
[2026-05-13 12:00:44 UTC] [INFO    ] [STEP 040]   CMB modulation factor: -0.0068
[2026-05-13 12:00:44 UTC] [INFO    ] [STEP 040]   SC-CMB cos(theta): -0.676
[2026-05-13 12:00:44 UTC] [INFO    ] [STEP 040]   Observed: 1.82 mm/s, Predicted: 0.515 mm/s
[2026-05-13 12:00:44 UTC] [INFO    ] [STEP 040]   Ratio (obs/pred): 3.54, Difference: 1.31 mm/s
[2026-05-13 12:00:44 UTC] [DEBUG   ] [STEP 040] 
[2026-05-13 12:00:44 UTC] [DEBUG   ] [STEP 040] --- Rosetta_2007 ---
[2026-05-13 12:00:44 UTC] [INFO    ] [STEP 040] Date: 2007-11-13
[2026-05-13 12:00:44 UTC] [INFO    ] [STEP 040]   Heliocentric distance: 0.9897 AU
[2026-05-13 12:00:44 UTC] [INFO    ] [STEP 040]   Ecliptic longitude: 50.22 deg
[2026-05-13 12:00:44 UTC] [INFO    ] [STEP 040]   Earth orbital speed: 30.09 km/s
[2026-05-13 12:00:44 UTC] [INFO    ] [STEP 040]   Using 3D state vector: speed = 9.47 km/s
[2026-05-13 12:00:44 UTC] [INFO    ] [STEP 040]     ecliptic velocity: [-6.45, -6.86, +1.04] km/s
[2026-05-13 12:00:44 UTC] [INFO    ] [STEP 040]   Sun UCD saturation radius: 0.0019 AU
[2026-05-13 12:00:44 UTC] [INFO    ] [STEP 040]   Heliocentric modulation proxy: 1.0209
[2026-05-13 12:00:44 UTC] [INFO    ] [STEP 040]   Earth radial velocity: -0.40 km/s
[2026-05-13 12:00:44 UTC] [INFO    ] [STEP 040]   SC-orbital alignment: +0.073
[2026-05-13 12:00:44 UTC] [INFO    ] [STEP 040]   Earth orbital v along CMB dipole: 25.39 km/s
[2026-05-13 12:00:44 UTC] [INFO    ] [STEP 040]   SC v along CMB dipole: 4.59 km/s
[2026-05-13 12:00:44 UTC] [INFO    ] [STEP 040]   Total v along CMB dipole: 29.99 km/s
[2026-05-13 12:00:44 UTC] [INFO    ] [STEP 040]   CMB modulation factor: 0.0811
[2026-05-13 12:00:44 UTC] [INFO    ] [STEP 040]   SC-CMB cos(theta): +0.485
[2026-05-13 12:00:44 UTC] [INFO    ] [STEP 040]   Observed: 0.02 mm/s, Predicted: 0.000 mm/s
[2026-05-13 12:00:44 UTC] [INFO    ] [STEP 040]   Ratio (obs/pred): 282.87, Difference: 0.02 mm/s
[2026-05-13 12:00:44 UTC] [DEBUG   ] [STEP 040] 
[2026-05-13 12:00:44 UTC] [DEBUG   ] [STEP 040] --- Rosetta_2009 ---
[2026-05-13 12:00:44 UTC] [INFO    ] [STEP 040] Date: 2009-11-13
[2026-05-13 12:00:44 UTC] [INFO    ] [STEP 040]   Heliocentric distance: 0.9896 AU
[2026-05-13 12:00:44 UTC] [INFO    ] [STEP 040]   Ecliptic longitude: 50.74 deg
[2026-05-13 12:00:44 UTC] [INFO    ] [STEP 040]   Earth orbital speed: 30.10 km/s
[2026-05-13 12:00:44 UTC] [INFO    ] [STEP 040]   Using 3D state vector: speed = 13.32 km/s
[2026-05-13 12:00:44 UTC] [INFO    ] [STEP 040]     ecliptic velocity: [-12.05, -0.09, +5.66] km/s
[2026-05-13 12:00:44 UTC] [INFO    ] [STEP 040]   Sun UCD saturation radius: 0.0019 AU
[2026-05-13 12:00:44 UTC] [INFO    ] [STEP 040]   Heliocentric modulation proxy: 1.0212
[2026-05-13 12:00:44 UTC] [INFO    ] [STEP 040]   Earth radial velocity: -0.39 km/s
[2026-05-13 12:00:44 UTC] [INFO    ] [STEP 040]   SC-orbital alignment: +0.704
[2026-05-13 12:00:44 UTC] [INFO    ] [STEP 040]   Earth orbital v along CMB dipole: 25.53 km/s
[2026-05-13 12:00:44 UTC] [INFO    ] [STEP 040]   SC v along CMB dipole: 11.52 km/s
[2026-05-13 12:00:44 UTC] [INFO    ] [STEP 040]   Total v along CMB dipole: 37.05 km/s
[2026-05-13 12:00:44 UTC] [INFO    ] [STEP 040]   CMB modulation factor: 0.1002
[2026-05-13 12:00:44 UTC] [INFO    ] [STEP 040]   SC-CMB cos(theta): +0.865
[2026-05-13 12:00:44 UTC] [INFO    ] [STEP 040]   No prediction available or zero prediction
[2026-05-13 12:00:44 UTC] [DEBUG   ] [STEP 040] 
[2026-05-13 12:00:44 UTC] [DEBUG   ] [STEP 040] --- MESSENGER_2005 ---
[2026-05-13 12:00:44 UTC] [INFO    ] [STEP 040] Date: 2005-08-02
[2026-05-13 12:00:44 UTC] [INFO    ] [STEP 040]   Heliocentric distance: 1.0148 AU
[2026-05-13 12:00:44 UTC] [INFO    ] [STEP 040]   Ecliptic longitude: 309.82 deg
[2026-05-13 12:00:44 UTC] [INFO    ] [STEP 040]   Earth orbital speed: 29.35 km/s
[2026-05-13 12:00:44 UTC] [INFO    ] [STEP 040]   Using 3D state vector: speed = 10.36 km/s
[2026-05-13 12:00:44 UTC] [INFO    ] [STEP 040]     ecliptic velocity: [-2.20, -9.30, +4.00] km/s
[2026-05-13 12:00:44 UTC] [INFO    ] [STEP 040]   Sun UCD saturation radius: 0.0019 AU
[2026-05-13 12:00:44 UTC] [INFO    ] [STEP 040]   Heliocentric modulation proxy: 0.9710
[2026-05-13 12:00:44 UTC] [INFO    ] [STEP 040]   Earth radial velocity: -0.23 km/s
[2026-05-13 12:00:44 UTC] [INFO    ] [STEP 040]   SC-orbital alignment: -0.742
[2026-05-13 12:00:44 UTC] [INFO    ] [STEP 040]   Earth orbital v along CMB dipole: -19.04 km/s
[2026-05-13 12:00:44 UTC] [INFO    ] [STEP 040]   SC v along CMB dipole: -0.19 km/s
[2026-05-13 12:00:44 UTC] [INFO    ] [STEP 040]   Total v along CMB dipole: -19.23 km/s
[2026-05-13 12:00:44 UTC] [INFO    ] [STEP 040]   CMB modulation factor: -0.0520
[2026-05-13 12:00:44 UTC] [INFO    ] [STEP 040]   SC-CMB cos(theta): -0.018
[2026-05-13 12:00:44 UTC] [INFO    ] [STEP 040]   Observed: 0.00 mm/s, Predicted: 0.000 mm/s
[2026-05-13 12:00:44 UTC] [INFO    ] [STEP 040]   Ratio (obs/pred): 0.00, Difference: -0.00 mm/s
[2026-05-13 12:00:44 UTC] [DEBUG   ] [STEP 040] 
[2026-05-13 12:00:44 UTC] [DEBUG   ] [STEP 040] --- Juno ---
[2026-05-13 12:00:44 UTC] [INFO    ] [STEP 040] Date: 2013-10-09
[2026-05-13 12:00:44 UTC] [INFO    ] [STEP 040]   Heliocentric distance: 0.9989 AU
[2026-05-13 12:00:44 UTC] [INFO    ] [STEP 040]   Ecliptic longitude: 15.87 deg
[2026-05-13 12:00:44 UTC] [INFO    ] [STEP 040]   Earth orbital speed: 29.82 km/s
[2026-05-13 12:00:44 UTC] [INFO    ] [STEP 040]   Using 3D state vector: speed = 14.86 km/s
[2026-05-13 12:00:44 UTC] [INFO    ] [STEP 040]     ecliptic velocity: [+8.29, +12.14, +2.20] km/s
[2026-05-13 12:00:44 UTC] [INFO    ] [STEP 040]   Sun UCD saturation radius: 0.0019 AU
[2026-05-13 12:00:44 UTC] [INFO    ] [STEP 040]   Heliocentric modulation proxy: 1.0023
[2026-05-13 12:00:44 UTC] [INFO    ] [STEP 040]   Earth radial velocity: -0.50 km/s
[2026-05-13 12:00:44 UTC] [INFO    ] [STEP 040]   SC-orbital alignment: +0.621
[2026-05-13 12:00:44 UTC] [INFO    ] [STEP 040]   Earth orbital v along CMB dipole: 12.44 km/s
[2026-05-13 12:00:44 UTC] [INFO    ] [STEP 040]   SC v along CMB dipole: -5.21 km/s
[2026-05-13 12:00:44 UTC] [INFO    ] [STEP 040]   Total v along CMB dipole: 7.23 km/s
[2026-05-13 12:00:44 UTC] [INFO    ] [STEP 040]   CMB modulation factor: 0.0195
[2026-05-13 12:00:44 UTC] [INFO    ] [STEP 040]   SC-CMB cos(theta): -0.351
[2026-05-13 12:00:44 UTC] [INFO    ] [STEP 040]   Observed: 0.00 mm/s, Predicted: 0.026 mm/s
[2026-05-13 12:00:44 UTC] [INFO    ] [STEP 040]   Ratio (obs/pred): 0.00, Difference: -0.03 mm/s
[2026-05-13 12:00:44 UTC] [DEBUG   ] [STEP 040] 
[2026-05-13 12:00:44 UTC] [DEBUG   ] [STEP 040] --- Stardust ---
[2026-05-13 12:00:44 UTC] [INFO    ] [STEP 040] Date: 2001-01-15
[2026-05-13 12:00:44 UTC] [INFO    ] [STEP 040]   Heliocentric distance: 0.9836 AU
[2026-05-13 12:00:44 UTC] [INFO    ] [STEP 040]   Ecliptic longitude: 114.91 deg
[2026-05-13 12:00:44 UTC] [INFO    ] [STEP 040]   Earth orbital speed: 30.28 km/s
[2026-05-13 12:00:44 UTC] [INFO    ] [STEP 040]   Using 3D state vector: speed = 10.30 km/s
[2026-05-13 12:00:44 UTC] [INFO    ] [STEP 040]     ecliptic velocity: [-6.98, -7.31, +1.99] km/s
[2026-05-13 12:00:44 UTC] [INFO    ] [STEP 040]   Sun UCD saturation radius: 0.0019 AU
[2026-05-13 12:00:44 UTC] [INFO    ] [STEP 040]   Heliocentric modulation proxy: 1.0335
[2026-05-13 12:00:44 UTC] [INFO    ] [STEP 040]   Earth radial velocity: 0.10 km/s
[2026-05-13 12:00:44 UTC] [INFO    ] [STEP 040]   SC-orbital alignment: +0.912
[2026-05-13 12:00:44 UTC] [INFO    ] [STEP 040]   Earth orbital v along CMB dipole: 24.90 km/s
[2026-05-13 12:00:44 UTC] [INFO    ] [STEP 040]   SC v along CMB dipole: 4.98 km/s
[2026-05-13 12:00:44 UTC] [INFO    ] [STEP 040]   Total v along CMB dipole: 29.88 km/s
[2026-05-13 12:00:44 UTC] [INFO    ] [STEP 040]   CMB modulation factor: 0.0808
[2026-05-13 12:00:44 UTC] [INFO    ] [STEP 040]   SC-CMB cos(theta): +0.483
[2026-05-13 12:00:44 UTC] [INFO    ] [STEP 040]   No prediction available or zero prediction
[2026-05-13 12:00:44 UTC] [DEBUG   ] [STEP 040] 
[2026-05-13 12:00:44 UTC] [DEBUG   ] [STEP 040] --- OSIRIS-REx ---
[2026-05-13 12:00:44 UTC] [INFO    ] [STEP 040] Date: 2017-09-22
[2026-05-13 12:00:44 UTC] [INFO    ] [STEP 040]   Heliocentric distance: 1.0037 AU
[2026-05-13 12:00:44 UTC] [INFO    ] [STEP 040]   Ecliptic longitude: 359.19 deg
[2026-05-13 12:00:44 UTC] [INFO    ] [STEP 040]   Earth orbital speed: 29.67 km/s
[2026-05-13 12:00:44 UTC] [INFO    ] [STEP 040]   Using 3D state vector: speed = 8.52 km/s
[2026-05-13 12:00:44 UTC] [INFO    ] [STEP 040]     ecliptic velocity: [-8.19, -0.12, +2.36] km/s
[2026-05-13 12:00:44 UTC] [INFO    ] [STEP 040]   Sun UCD saturation radius: 0.0019 AU
[2026-05-13 12:00:44 UTC] [INFO    ] [STEP 040]   Heliocentric modulation proxy: 0.9926
[2026-05-13 12:00:44 UTC] [INFO    ] [STEP 040]   Earth radial velocity: -0.48 km/s
[2026-05-13 12:00:44 UTC] [INFO    ] [STEP 040]   SC-orbital alignment: -0.011
[2026-05-13 12:00:44 UTC] [INFO    ] [STEP 040]   Earth orbital v along CMB dipole: 4.29 km/s
[2026-05-13 12:00:44 UTC] [INFO    ] [STEP 040]   SC v along CMB dipole: 7.85 km/s
[2026-05-13 12:00:44 UTC] [INFO    ] [STEP 040]   Total v along CMB dipole: 12.14 km/s
[2026-05-13 12:00:44 UTC] [INFO    ] [STEP 040]   CMB modulation factor: 0.0328
[2026-05-13 12:00:44 UTC] [INFO    ] [STEP 040]   SC-CMB cos(theta): +0.922
[2026-05-13 12:00:44 UTC] [INFO    ] [STEP 040]   No prediction available or zero prediction
[2026-05-13 12:00:44 UTC] [DEBUG   ] [STEP 040] 
[2026-05-13 12:00:44 UTC] [DEBUG   ] [STEP 040] --- BepiColombo ---
[2026-05-13 12:00:44 UTC] [INFO    ] [STEP 040] Date: 2020-04-10
[2026-05-13 12:00:44 UTC] [INFO    ] [STEP 040]   Heliocentric distance: 1.0020 AU
[2026-05-13 12:00:44 UTC] [INFO    ] [STEP 040]   Ecliptic longitude: 200.59 deg
[2026-05-13 12:00:44 UTC] [INFO    ] [STEP 040]   Earth orbital speed: 29.73 km/s
[2026-05-13 12:00:44 UTC] [INFO    ] [STEP 040]   Using 3D state vector: speed = 4.64 km/s
[2026-05-13 12:00:44 UTC] [INFO    ] [STEP 040]     ecliptic velocity: [-3.22, +3.22, -0.90] km/s
[2026-05-13 12:00:44 UTC] [INFO    ] [STEP 040]   Sun UCD saturation radius: 0.0019 AU
[2026-05-13 12:00:44 UTC] [INFO    ] [STEP 040]   Heliocentric modulation proxy: 0.9961
[2026-05-13 12:00:44 UTC] [INFO    ] [STEP 040]   Earth radial velocity: 0.49 km/s
[2026-05-13 12:00:44 UTC] [INFO    ] [STEP 040]   SC-orbital alignment: -0.887
[2026-05-13 12:00:44 UTC] [INFO    ] [STEP 040]   Earth orbital v along CMB dipole: -13.68 km/s
[2026-05-13 12:00:44 UTC] [INFO    ] [STEP 040]   SC v along CMB dipole: 3.92 km/s
[2026-05-13 12:00:44 UTC] [INFO    ] [STEP 040]   Total v along CMB dipole: -9.76 km/s
[2026-05-13 12:00:44 UTC] [INFO    ] [STEP 040]   CMB modulation factor: -0.0264
[2026-05-13 12:00:44 UTC] [INFO    ] [STEP 040]   SC-CMB cos(theta): +0.844
[2026-05-13 12:00:44 UTC] [INFO    ] [STEP 040]   No prediction available or zero prediction
[2026-05-13 12:00:44 UTC] [DEBUG   ] [STEP 040] 
[2026-05-13 12:00:44 UTC] [DEBUG   ] [STEP 040] --- BepiColombo_2021 ---
[2026-05-13 12:00:44 UTC] [INFO    ] [STEP 040] Date: 2021-08-10
[2026-05-13 12:00:44 UTC] [INFO    ] [STEP 040]   Heliocentric distance: 1.0136 AU
[2026-05-13 12:00:44 UTC] [INFO    ] [STEP 040]   Ecliptic longitude: 317.61 deg
[2026-05-13 12:00:44 UTC] [INFO    ] [STEP 040]   Earth orbital speed: 29.38 km/s
[2026-05-13 12:00:44 UTC] [INFO    ] [STEP 040]   Using 3D state vector: speed = 40.58 km/s
[2026-05-13 12:00:44 UTC] [INFO    ] [STEP 040]     ecliptic velocity: [+9.79, -39.33, -2.08] km/s
[2026-05-13 12:00:44 UTC] [INFO    ] [STEP 040]   Sun UCD saturation radius: 0.0019 AU
[2026-05-13 12:00:44 UTC] [INFO    ] [STEP 040]   Heliocentric modulation proxy: 0.9733
[2026-05-13 12:00:44 UTC] [INFO    ] [STEP 040]   Earth radial velocity: -0.28 km/s
[2026-05-13 12:00:44 UTC] [INFO    ] [STEP 040]   SC-orbital alignment: -0.561
[2026-05-13 12:00:44 UTC] [INFO    ] [STEP 040]   Earth orbital v along CMB dipole: -15.91 km/s
[2026-05-13 12:00:44 UTC] [INFO    ] [STEP 040]   SC v along CMB dipole: -18.82 km/s
[2026-05-13 12:00:44 UTC] [INFO    ] [STEP 040]   Total v along CMB dipole: -34.73 km/s
[2026-05-13 12:00:44 UTC] [INFO    ] [STEP 040]   CMB modulation factor: -0.0939
[2026-05-13 12:00:44 UTC] [INFO    ] [STEP 040]   SC-CMB cos(theta): -0.464
[2026-05-13 12:00:44 UTC] [INFO    ] [STEP 040]   No prediction available or zero prediction
[2026-05-13 12:00:44 UTC] [DEBUG   ] [STEP 040] 
[2026-05-13 12:00:44 UTC] [DEBUG   ] [STEP 040] ================================================================================
[2026-05-13 12:00:44 UTC] [DEBUG   ] [STEP 040] SECTION: CORRELATION ANALYSIS
[2026-05-13 12:00:44 UTC] [DEBUG   ] [STEP 040] ================================================================================
[2026-05-13 12:00:44 UTC] [INFO    ] [STEP 040] Usable flybys for correlation: 8
[2026-05-13 12:00:44 UTC] [INFO    ] [STEP 040]   Ratio vs Heliocentric Distance: r=-0.217, p=0.606, n=8
[2026-05-13 12:00:44 UTC] [INFO    ] [STEP 040]   Ratio vs Heliocentric Modulation: r=+0.214, p=0.611, n=8
[2026-05-13 12:00:44 UTC] [INFO    ] [STEP 040]   Ratio vs Radial Velocity: r=-0.287, p=0.491, n=8
[2026-05-13 12:00:44 UTC] [INFO    ] [STEP 040]   Ratio vs CMB Modulation Factor: r=+0.350, p=0.395, n=8
[2026-05-13 12:00:44 UTC] [INFO    ] [STEP 040]   Ratio vs CMB Solar Modulation: r=+0.350, p=0.395, n=8
[2026-05-13 12:00:44 UTC] [INFO    ] [STEP 040]   Ratio vs Earth Orbital Speed: r=+0.216, p=0.608, n=8
[2026-05-13 12:00:44 UTC] [INFO    ] [STEP 040]   Ratio vs Earth CMB Projection: r=+0.326, p=0.430, n=8
[2026-05-13 12:00:44 UTC] [INFO    ] [STEP 040]   Ratio vs SC-Orbital Alignment: r=-0.199, p=0.637, n=8
[2026-05-13 12:00:44 UTC] [INFO    ] [STEP 040]   Ratio vs SC-CMB cos(theta): r=+0.353, p=0.391, n=8
[2026-05-13 12:00:44 UTC] [INFO    ] [STEP 040]   Ratio vs SC-CMB Projection: r=+0.326, p=0.431, n=8
[2026-05-13 12:00:44 UTC] [INFO    ] [STEP 040]   Ratio vs CMB Disformal Enhancement: r=+0.506, p=0.200, n=8
[2026-05-13 12:00:44 UTC] [INFO    ] [STEP 040]   Difference vs Heliocentric Distance: r=-0.478, p=0.231, n=8
[2026-05-13 12:00:44 UTC] [INFO    ] [STEP 040]   Difference vs CMB Modulation Factor: r=+0.301, p=0.469, n=8
[2026-05-13 12:00:44 UTC] [INFO    ] [STEP 040]   Difference vs CMB Solar Modulation: r=+0.301, p=0.469, n=8
[2026-05-13 12:00:44 UTC] [INFO    ] [STEP 040]   Difference vs Earth CMB Projection: r=+0.335, p=0.417, n=8
[2026-05-13 12:00:44 UTC] [INFO    ] [STEP 040]   Difference vs SC-Orbital Alignment: r=+0.242, p=0.564, n=8
[2026-05-13 12:00:44 UTC] [INFO    ] [STEP 040]   Difference vs SC-CMB cos(theta): r=+0.069, p=0.871, n=8
[2026-05-13 12:00:44 UTC] [INFO    ] [STEP 040]   Difference vs CMB Disformal Enhancement: r=-0.166, p=0.695, n=8
[2026-05-13 12:00:44 UTC] [DEBUG   ] [STEP 040] 
[2026-05-13 12:00:44 UTC] [DEBUG   ] [STEP 040] ================================================================================
[2026-05-13 12:00:44 UTC] [DEBUG   ] [STEP 040] SECTION: MULTIVARIATE GEOMETRIC REGRESSION
[2026-05-13 12:00:44 UTC] [DEBUG   ] [STEP 040] ================================================================================
[2026-05-13 12:00:44 UTC] [INFO    ] [STEP 040] Model: ratio = b0 + b1*SC-CMB_cos + b2*Earth-CMB_proj/30 + b3*SC-orbital
[2026-05-13 12:00:44 UTC] [INFO    ] [STEP 040] Coefficients: b0=+31.535, b1=-12.495, b2=+114.374, b3=-113.481
[2026-05-13 12:00:44 UTC] [INFO    ] [STEP 040] R^2 = 0.3317, Adjusted R^2 = -0.1694
[2026-05-13 12:00:44 UTC] [INFO    ] [STEP 040] Residual std: 75.906 (original: 92.855, reduction: 18.3%)
[2026-05-13 12:00:44 UTC] [DEBUG   ] [STEP 040] 
[2026-05-13 12:00:44 UTC] [DEBUG   ] [STEP 040] ================================================================================
[2026-05-13 12:00:44 UTC] [DEBUG   ] [STEP 040] SECTION: BOTH-ALIGNED DIRECTIONAL CONSISTENCY TEST
[2026-05-13 12:00:44 UTC] [DEBUG   ] [STEP 040] ================================================================================
[2026-05-13 12:00:44 UTC] [INFO    ] [STEP 040] Both-aligned flag correlation: r = +0.408, p = 0.315
[2026-05-13 12:00:44 UTC] [INFO    ] [STEP 040] Aligned flybys (n=4): ratios = ['6.61', '12.30', '0.00', '282.87']
[2026-05-13 12:00:44 UTC] [INFO    ] [STEP 040] Unaligned flybys (n=4): ratios = ['-4.99', '3.54', '0.00', '0.00']
[2026-05-13 12:00:44 UTC] [INFO    ] [STEP 040] Mann-Whitney U (aligned > unaligned): U=14, p=0.057 (exact)
[2026-05-13 12:00:44 UTC] [INFO    ] [STEP 040] Same-direction flag correlation: r = +0.222, p = 0.596
[2026-05-13 12:00:44 UTC] [DEBUG   ] [STEP 040] 
[2026-05-13 12:00:44 UTC] [DEBUG   ] [STEP 040] ================================================================================
[2026-05-13 12:00:44 UTC] [DEBUG   ] [STEP 040] SECTION: OPTIMAL WEIGHTED COMBINATION
[2026-05-13 12:00:44 UTC] [DEBUG   ] [STEP 040] ================================================================================
[2026-05-13 12:00:44 UTC] [INFO    ] [STEP 040] Optimal model: E = SC-CMB_cos(theta) + 0.650 * Earth-CMB_proj/30
[2026-05-13 12:00:44 UTC] [INFO    ] [STEP 040] Correlation: r = +0.372, p = 0.364
[2026-05-13 12:00:44 UTC] [DEBUG   ] [STEP 040] 
[2026-05-13 12:00:44 UTC] [DEBUG   ] [STEP 040] ================================================================================
[2026-05-13 12:00:44 UTC] [DEBUG   ] [STEP 040] SECTION: SUMMARY TABLE
[2026-05-13 12:00:44 UTC] [DEBUG   ] [STEP 040] ================================================================================
[2026-05-13 12:00:44 UTC] [INFO    ] [STEP 040] Mission            r_AU  v_rad  v_E,cmb  sc_cmb  sc_orb  align     Obs    Pred   Ratio    Geom
[2026-05-13 12:00:44 UTC] [INFO    ] [STEP 040] ---------------------------------------------------------------------------------------------------------
[2026-05-13 12:00:44 UTC] [INFO    ] [STEP 040] NEAR             1998-01-23    0.984  +0.17    22.5     1.1  +0.674    YES   13.46   2.036    6.61   39.66
[2026-05-13 12:00:44 UTC] [INFO    ] [STEP 040] Galileo_1990     1990-12-08    0.985  -0.23    29.5     2.2  +0.157    YES    3.92   0.319   12.30  124.30
[2026-05-13 12:00:44 UTC] [INFO    ] [STEP 040] Cassini          1999-08-18    1.012  -0.33   -12.8   -18.8  +0.268     no    0.11  -0.022   -4.99  -35.33
[2026-05-13 12:00:44 UTC] [INFO    ] [STEP 040] Galileo_1992     1992-12-08    0.985  -0.22    29.5     9.1  +0.977    YES    0.00   0.003    0.00   21.03
[2026-05-13 12:00:44 UTC] [INFO    ] [STEP 040] Rosetta_2005     2005-03-04    0.992  +0.43     4.6    -7.1  +0.680     no    1.82   0.515    3.54  -19.69
[2026-05-13 12:00:44 UTC] [INFO    ] [STEP 040] Rosetta_2007     2007-11-13    0.990  -0.40    25.4     4.6  +0.073    YES    0.02   0.000  282.87  114.04
[2026-05-13 12:00:44 UTC] [INFO    ] [STEP 040] MESSENGER_2005   2005-08-02    1.015  -0.23   -19.0    -0.2  -0.742     no    0.00   0.000    0.00   43.40
[2026-05-13 12:00:44 UTC] [INFO    ] [STEP 040] Juno             2013-10-09    0.999  -0.50    12.4    -5.2  +0.621     no    0.00   0.026    0.00   12.92
[2026-05-13 12:00:44 UTC] [DEBUG   ] [STEP 040] 
[2026-05-13 12:00:44 UTC] [DEBUG   ] [STEP 040] ================================================================================
[2026-05-13 12:00:44 UTC] [DEBUG   ] [STEP 040] SECTION: BEST CORRELATION
[2026-05-13 12:00:44 UTC] [DEBUG   ] [STEP 040] ================================================================================
[2026-05-13 12:00:44 UTC] [INFO    ] [STEP 040] Test: Ratio vs CMB Disformal Enhancement
[2026-05-13 12:00:44 UTC] [INFO    ] [STEP 040] Pearson r = +0.506
[2026-05-13 12:00:44 UTC] [INFO    ] [STEP 040] p-value = 0.200
[2026-05-13 12:00:44 UTC] [INFO    ] [STEP 040] Result: Not statistically significant (small sample)
[2026-05-13 12:00:44 UTC] [INFO    ] [STEP 040] 
Results saved to: /Users/matthewsmawfield/www/Temporal Equivalence Principle/TEP-EFA/results/step040_cosmographic_shear.json
[2026-05-13 12:00:44 UTC] [INFO    ] [STEP 040] 
[2026-05-13 12:00:44 UTC] [INFO    ] [STEP 040] ================================================================================
[2026-05-13 12:00:44 UTC] [INFO    ] [STEP 040] STEP SUMMARY: step_040_cosmographic_shear
[2026-05-13 12:00:44 UTC] [INFO    ] [STEP 040] ================================================================================
[2026-05-13 12:00:44 UTC] [INFO    ] [STEP 040] Step Number: 040
[2026-05-13 12:00:44 UTC] [INFO    ] [STEP 040] Status: SUCCESS
[2026-05-13 12:00:44 UTC] [INFO    ] [STEP 040] Duration: 0.00s
[2026-05-13 12:00:44 UTC] [INFO    ] [STEP 040] Calculations Logged: 0
[2026-05-13 12:00:44 UTC] [INFO    ] [STEP 040] Output Files: 0
[2026-05-13 12:00:44 UTC] [INFO    ] [STEP 040] Log file: /Users/matthewsmawfield/www/Temporal Equivalence Principle/TEP-EFA/logs/step_040_cosmographic_shear.log
[2026-05-13 12:00:44 UTC] [INFO    ] [STEP 040] No output files generated
[2026-05-13 12:00:44 UTC] [INFO    ] [STEP 040] ================================================================================
[2026-05-13 12:00:44 UTC] [INFO    ] [STEP 040] STEP 040 COMPLETE: SUCCESS
[2026-05-13 12:00:44 UTC] [INFO    ] [STEP 040] Provenance data saved to /Users/matthewsmawfield/www/Temporal Equivalence Principle/TEP-EFA/results/provenance/step_040_cosmographic_shear_provenance.json
[2026-05-13 09:00:44 UTC] [INFO    ] [STEP 040] 
[2026-05-13 09:00:44 UTC] [INFO    ] [STEP 040] ================================================================================
[2026-05-13 09:00:44 UTC] [INFO    ] [STEP 040] EXECUTIVE SUMMARY
[2026-05-13 09:00:44 UTC] [INFO    ] [STEP 040] ================================================================================
[2026-05-13 09:00:44 UTC] [INFO    ] [STEP 040] Step: step_040_cosmographic_shear (Step 040)
[2026-05-13 09:00:44 UTC] [INFO    ] [STEP 040] Status: SUCCESS
[2026-05-13 09:00:44 UTC] [INFO    ] [STEP 040] Duration: 0.00s
[2026-05-13 09:00:44 UTC] [INFO    ] [STEP 040] Calculations: 0
[2026-05-13 09:00:44 UTC] [INFO    ] [STEP 040] Output Files: 0
[2026-05-13 09:00:44 UTC] [INFO    ] [STEP 040] ================================================================================
