[2026-05-10 01:02:22 UTC] [INFO    ] [STEP 003] LOGGER INITIALIZED: step_003_dsn_framework (Step 003)
[2026-05-10 01:02:22 UTC] [DEBUG   ] [STEP 003] Log file: /Users/matthewsmawfield/www/Temporal Equivalence Principle/TEP-EFA/logs/step_003_dsn_framework.log
[2026-05-10 01:02:22 UTC] [DEBUG   ] [STEP 003] Project root: /Users/matthewsmawfield/www/Temporal Equivalence Principle/TEP-EFA
[2026-05-10 01:02:22 UTC] [INFO    ] [STEP 003] ✓ Found existing data for Juno_2013: 1 files
[2026-05-10 01:02:22 UTC] [DEBUG   ] [STEP 003] 
[2026-05-10 01:02:22 UTC] [DEBUG   ] [STEP 003] ================================================================================
[2026-05-10 01:02:22 UTC] [DEBUG   ] [STEP 003] SECTION: 2. DSN DATA PARSING
[2026-05-10 01:02:22 UTC] [DEBUG   ] [STEP 003] ================================================================================
[2026-05-10 01:02:22 UTC] [WARNING ] [STEP 003] ⚠ No valid DSN measurements extracted from available files
[2026-05-10 01:02:22 UTC] [INFO    ] [STEP 003] 
[2026-05-10 01:02:22 UTC] [INFO    ] [STEP 003] ================================================================================
[2026-05-10 01:02:22 UTC] [INFO    ] [STEP 003] STEP SUMMARY: step_003_dsn_framework
[2026-05-10 01:02:22 UTC] [INFO    ] [STEP 003] ================================================================================
[2026-05-10 01:02:22 UTC] [INFO    ] [STEP 003] Step Number: 003
[2026-05-10 01:02:22 UTC] [INFO    ] [STEP 003] Status: PARTIAL - NO VALID MEASUREMENTS
[2026-05-10 01:02:22 UTC] [INFO    ] [STEP 003] Duration: 0.00s
[2026-05-10 01:02:22 UTC] [INFO    ] [STEP 003] Calculations Logged: 0
[2026-05-10 01:02:22 UTC] [INFO    ] [STEP 003] Output Files: 0
[2026-05-10 01:02:22 UTC] [INFO    ] [STEP 003] Log file: /Users/matthewsmawfield/www/Temporal Equivalence Principle/TEP-EFA/logs/step_003_dsn_framework.log
[2026-05-10 01:02:22 UTC] [INFO    ] [STEP 003] No output files generated
[2026-05-10 01:02:22 UTC] [INFO    ] [STEP 003] ================================================================================
[2026-05-10 01:02:22 UTC] [INFO    ] [STEP 003] STEP 003 COMPLETE: PARTIAL - NO VALID MEASUREMENTS
[2026-05-10 01:02:22 UTC] [INFO    ] [STEP 003] Provenance data saved to /Users/matthewsmawfield/www/Temporal Equivalence Principle/TEP-EFA/results/provenance/step_003_dsn_framework_provenance.json
[2026-05-10 01:02:22 UTC] [DEBUG   ] [STEP 003] 
[2026-05-10 01:02:22 UTC] [DEBUG   ] [STEP 003] ================================================================================
[2026-05-10 01:02:22 UTC] [DEBUG   ] [STEP 003] SECTION: FINAL STATUS
[2026-05-10 01:02:22 UTC] [DEBUG   ] [STEP 003] ================================================================================
[2026-05-10 01:02:22 UTC] [INFO    ] [STEP 003] Mission analyzed: Juno_2013
[2026-05-10 01:02:22 UTC] [INFO    ] [STEP 003] Pipeline status: PARTIAL - NO VALID MEASUREMENTS
[2026-05-10 01:02:22 UTC] [INFO    ] [STEP 003] 
[2026-05-10 01:02:22 UTC] [INFO    ] [STEP 003] ================================================================================
[2026-05-10 01:02:22 UTC] [INFO    ] [STEP 003] STEP SUMMARY: step_003_dsn_framework
[2026-05-10 01:02:22 UTC] [INFO    ] [STEP 003] ================================================================================
[2026-05-10 01:02:22 UTC] [INFO    ] [STEP 003] Step Number: 003
[2026-05-10 01:02:22 UTC] [INFO    ] [STEP 003] Status: PARTIAL - NO VALID MEASUREMENTS
[2026-05-10 01:02:22 UTC] [INFO    ] [STEP 003] Duration: 0.00s
[2026-05-10 01:02:22 UTC] [INFO    ] [STEP 003] Calculations Logged: 0
[2026-05-10 01:02:22 UTC] [INFO    ] [STEP 003] Output Files: 0
[2026-05-10 01:02:22 UTC] [INFO    ] [STEP 003] Log file: /Users/matthewsmawfield/www/Temporal Equivalence Principle/TEP-EFA/logs/step_003_dsn_framework.log
[2026-05-10 01:02:22 UTC] [INFO    ] [STEP 003] No output files generated
[2026-05-10 01:02:22 UTC] [INFO    ] [STEP 003] ================================================================================
[2026-05-10 01:02:22 UTC] [INFO    ] [STEP 003] STEP 003 COMPLETE: PARTIAL - NO VALID MEASUREMENTS
[2026-05-10 01:02:22 UTC] [INFO    ] [STEP 003] Provenance data saved to /Users/matthewsmawfield/www/Temporal Equivalence Principle/TEP-EFA/results/provenance/step_003_dsn_framework_provenance.json
[2026-05-09 22:02:22 UTC] [INFO    ] [STEP 003] 
[2026-05-09 22:02:22 UTC] [INFO    ] [STEP 003] ================================================================================
[2026-05-09 22:02:22 UTC] [INFO    ] [STEP 003] EXECUTIVE SUMMARY
[2026-05-09 22:02:22 UTC] [INFO    ] [STEP 003] ================================================================================
[2026-05-09 22:02:22 UTC] [INFO    ] [STEP 003] Step: step_003_dsn_framework (Step 003)
[2026-05-09 22:02:22 UTC] [INFO    ] [STEP 003] Status: PARTIAL - NO VALID MEASUREMENTS
[2026-05-09 22:02:22 UTC] [INFO    ] [STEP 003] Duration: 0.00s
[2026-05-09 22:02:22 UTC] [INFO    ] [STEP 003] Calculations: 0
[2026-05-09 22:02:22 UTC] [INFO    ] [STEP 003] Output Files: 0
[2026-05-09 22:02:22 UTC] [INFO    ] [STEP 003] ================================================================================
