[2026-05-12 21:22:53 UTC] [INFO    ] [STEP 002] LOGGER INITIALIZED: step_002_archival_data_mining (Step 002)
[2026-05-12 21:22:53 UTC] [DEBUG   ] [STEP 002] Log file: /Users/matthewsmawfield/www/Temporal Equivalence Principle/TEP-EFA/logs/step_002_archival_data_mining.log
[2026-05-12 21:22:53 UTC] [DEBUG   ] [STEP 002] Project root: /Users/matthewsmawfield/www/Temporal Equivalence Principle/TEP-EFA
[2026-05-12 21:22:53 UTC] [INFO    ] [STEP 002] ================================================================================
[2026-05-12 21:22:53 UTC] [INFO    ] [STEP 002] ARCHIVAL DATA MINING - EXPANDING THE SAMPLE
[2026-05-12 21:22:53 UTC] [INFO    ] [STEP 002] ================================================================================
[2026-05-12 21:22:53 UTC] [DEBUG   ] [STEP 002] 
[2026-05-12 21:22:53 UTC] [DEBUG   ] [STEP 002] ================================================================================
[2026-05-12 21:22:53 UTC] [DEBUG   ] [STEP 002] SECTION: SAMPLE SIZE EXPANSION ANALYSIS
[2026-05-12 21:22:53 UTC] [DEBUG   ] [STEP 002] ================================================================================
[2026-05-12 21:22:53 UTC] [INFO    ] [STEP 002] Total catalog: 15 flybys
[2026-05-12 21:22:53 UTC] [INFO    ] [STEP 002] Usable for analysis: 13
[2026-05-12 21:22:53 UTC] [DEBUG   ] [STEP 002] 
[2026-05-12 21:22:53 UTC] [DEBUG   ] [STEP 002] --- HONEST ASSESSMENT ---
[2026-05-12 21:22:53 UTC] [INFO    ] [STEP 002] Significant detections: 2 (n=2) → Direct β constraints
[2026-05-12 21:22:53 UTC] [INFO    ] [STEP 002] Marginal detections: 2 (n=2) → Weak β constraints
[2026-05-12 21:22:53 UTC] [INFO    ] [STEP 002] Null detections: 5 → Screening threshold ONLY
[2026-05-12 21:22:53 UTC] [INFO    ] [STEP 002] Predicted nulls: 6 → Screening validation ONLY
[2026-05-12 21:22:53 UTC] [DEBUG   ] [STEP 002] 
[2026-05-12 21:22:53 UTC] [DEBUG   ] [STEP 002] --- EFFECTIVE SAMPLE SIZES ---
[2026-05-12 21:22:53 UTC] [INFO    ] [STEP 002] For β fitting: n=4 (unchanged from canonical n=3)
[2026-05-12 21:22:53 UTC] [INFO    ] [STEP 002] For screening threshold: n=13 (improved from n=3)
[2026-05-12 21:22:53 UTC] [INFO    ] [STEP 002] Weighted effective n: 5.1 (includes constraint weighting)
[2026-05-12 21:22:53 UTC] [INFO    ] [STEP 002] Detection Categories:
[2026-05-12 21:22:53 UTC] [INFO    ] [STEP 002]   Significant: 2
[2026-05-12 21:22:53 UTC] [INFO    ] [STEP 002]   Marginal: 2
[2026-05-12 21:22:53 UTC] [INFO    ] [STEP 002]   Null: 5
[2026-05-12 21:22:53 UTC] [INFO    ] [STEP 002]   Predicted null: 6
[2026-05-12 21:22:53 UTC] [DEBUG   ] [STEP 002] 
[2026-05-12 21:22:53 UTC] [DEBUG   ] [STEP 002] ================================================================================
[2026-05-12 21:22:53 UTC] [DEBUG   ] [STEP 002] SECTION: SMALL SAMPLE STATISTICAL METHODS
[2026-05-12 21:22:53 UTC] [DEBUG   ] [STEP 002] ================================================================================
[2026-05-12 21:22:53 UTC] [DEBUG   ] [STEP 002] 
[2026-05-12 21:22:53 UTC] [DEBUG   ] [STEP 002] --- Power Analysis for Future Missions ---
[2026-05-12 21:22:53 UTC] [INFO    ] [STEP 002] +1 missions: σ_β = 5.00e-05, power = 1.00
[2026-05-12 21:22:53 UTC] [INFO    ] [STEP 002] +2 missions: σ_β = 5.00e-05, power = 1.00
[2026-05-12 21:22:53 UTC] [INFO    ] [STEP 002] +3 missions: σ_β = 5.00e-05, power = 1.00
[2026-05-12 21:22:53 UTC] [INFO    ] [STEP 002] +5 missions: σ_β = 5.00e-05, power = 1.00
[2026-05-12 21:22:53 UTC] [INFO    ] [STEP 002] +10 missions: σ_β = 5.00e-05, power = 1.00
[2026-05-12 21:22:53 UTC] [INFO    ] [STEP 002] Recommendation: 1 additional missions needed for 80% power
[2026-05-12 21:22:53 UTC] [DEBUG   ] [STEP 002] 
[2026-05-12 21:22:53 UTC] [DEBUG   ] [STEP 002] ================================================================================
[2026-05-12 21:22:53 UTC] [DEBUG   ] [STEP 002] SECTION: EXPORTING CATALOG
[2026-05-12 21:22:53 UTC] [DEBUG   ] [STEP 002] ================================================================================
[2026-05-12 21:22:53 UTC] [INFO    ] [STEP 002] ✓ Exported catalog to: /Users/matthewsmawfield/www/Temporal Equivalence Principle/TEP-EFA/results/step003_archival_flyby_catalog.json
[2026-05-12 21:22:53 UTC] [INFO    ] [STEP 002] Total entries: 15
[2026-05-12 21:22:53 UTC] [INFO    ] [STEP 002] Usable entries: 13
[2026-05-12 21:22:53 UTC] [INFO    ] [STEP 002]   Output: step003_archival_flyby_catalog.json (Archival flyby catalog with metadata)
[2026-05-12 21:22:53 UTC] [DEBUG   ] [STEP 002] 
[2026-05-12 21:22:53 UTC] [DEBUG   ] [STEP 002] ================================================================================
[2026-05-12 21:22:53 UTC] [DEBUG   ] [STEP 002] SECTION: DATA MINING REPORT
[2026-05-12 21:22:53 UTC] [DEBUG   ] [STEP 002] ================================================================================
[2026-05-12 21:22:53 UTC] [INFO    ] [STEP 002] 
ARCHIVAL DATA MINING REPORT
===========================

Sample Size Expansion:
  Total catalog: 15 flybys
  Usable for analysis: 13

HONEST ASSESSMENT OF STATISTICAL POWER:
  ✓ Dataset expanded from n=3 to n=13 flybys
  ✗ BUT: Effective sample for β fitting remains n=4
  ✓ Screening threshold confidence improved (n=13)

Breakdown by Contribution:
  Significant detections: 2 → Direct β constraints
    (NEAR: 13.46 mm/s, Galileo 1990: 3.92 mm/s)
  Marginal detections: 2 → Weak β constraints  
    (Cassini: 0.11 mm/s, Rosetta 2005: 1.82 mm/s)
  Null detections: 5 → Screening threshold ONLY
    (Provide upper bounds, not β constraints)
  Predicted nulls: 6 → Screening validation
    (Confirm altitude dependence, no β information)

Key Finding:
  The 100× scatter in β (I² ≈ 100%) demonstrates that:
  - 3-4 measurements is insufficient for precise parameter estimation
  - Systematic differences between missions dominate
  - Model incompleteness contributes to scatter (see Step 004)

What the Expansion Actually Achieved:
  1. Consistent with: Temporal Shear Suppression screening threshold at ~2500 km
  2. Supported: Altitude dependence of TEP effects  
  3. CONSTRAINED: Upper bounds on coupling from null results
  4. DID NOT: Improve precision of β fitting (still n=3 effective)

Recommendations:
  - For β precision: Need 3-5 additional low-altitude detections
  - For screening model: Current dataset is sufficient
  - Priority: Raw DSN reanalysis (Step 003 framework)

[2026-05-12 21:22:53 UTC] [INFO    ] [STEP 002] 
[2026-05-12 21:22:53 UTC] [INFO    ] [STEP 002] ================================================================================
[2026-05-12 21:22:53 UTC] [INFO    ] [STEP 002] STEP SUMMARY: step_002_archival_data_mining
[2026-05-12 21:22:53 UTC] [INFO    ] [STEP 002] ================================================================================
[2026-05-12 21:22:53 UTC] [INFO    ] [STEP 002] Step Number: 002
[2026-05-12 21:22:53 UTC] [INFO    ] [STEP 002] Status: SUCCESS
[2026-05-12 21:22:53 UTC] [INFO    ] [STEP 002] Duration: 0.00s
[2026-05-12 21:22:53 UTC] [INFO    ] [STEP 002] Calculations Logged: 0
[2026-05-12 21:22:53 UTC] [INFO    ] [STEP 002] Output Files: 1
[2026-05-12 21:22:53 UTC] [INFO    ] [STEP 002] Log file: /Users/matthewsmawfield/www/Temporal Equivalence Principle/TEP-EFA/logs/step_002_archival_data_mining.log
[2026-05-12 21:22:53 UTC] [INFO    ] [STEP 002] 
[2026-05-12 21:22:53 UTC] [INFO    ] [STEP 002] Generated 1 output file(s):
[2026-05-12 21:22:53 UTC] [INFO    ] [STEP 002]   • step003_archival_flyby_catalog.json: 14.65 KB - Archival flyby catalog with metadata
[2026-05-12 21:22:53 UTC] [INFO    ] [STEP 002] ================================================================================
[2026-05-12 21:22:53 UTC] [INFO    ] [STEP 002] STEP 002 COMPLETE: SUCCESS
[2026-05-12 21:22:53 UTC] [INFO    ] [STEP 002] Provenance data saved to /Users/matthewsmawfield/www/Temporal Equivalence Principle/TEP-EFA/results/provenance/step_002_archival_data_mining_provenance.json
[2026-05-12 18:22:53 UTC] [INFO    ] [STEP 002] 
[2026-05-12 18:22:53 UTC] [INFO    ] [STEP 002] ================================================================================
[2026-05-12 18:22:53 UTC] [INFO    ] [STEP 002] EXECUTIVE SUMMARY
[2026-05-12 18:22:53 UTC] [INFO    ] [STEP 002] ================================================================================
[2026-05-12 18:22:53 UTC] [INFO    ] [STEP 002] Step: step_002_archival_data_mining (Step 002)
[2026-05-12 18:22:53 UTC] [INFO    ] [STEP 002] Status: SUCCESS
[2026-05-12 18:22:53 UTC] [INFO    ] [STEP 002] Duration: 0.00s
[2026-05-12 18:22:53 UTC] [INFO    ] [STEP 002] Calculations: 0
[2026-05-12 18:22:53 UTC] [INFO    ] [STEP 002] Output Files: 1
[2026-05-12 18:22:53 UTC] [INFO    ] [STEP 002] Key Outputs:
[2026-05-12 18:22:53 UTC] [INFO    ] [STEP 002]   - step003_archival_flyby_catalog.json (14.65 KB)
[2026-05-12 18:22:53 UTC] [INFO    ] [STEP 002] ================================================================================
