[2026-05-17 19:33:03 UTC] [INFO    ] [STEP 027] LOGGER INITIALIZED: step_027_claim_consistency_audit (Step 027)
[2026-05-17 19:33:03 UTC] [DEBUG   ] [STEP 027] Log file: /Users/matthewsmawfield/www/Temporal Equivalence Principle/TEP-EFA/logs/step_027_claim_consistency_audit.log
[2026-05-17 19:33:03 UTC] [DEBUG   ] [STEP 027] Project root: /Users/matthewsmawfield/www/Temporal Equivalence Principle/TEP-EFA
[2026-05-17 19:33:03 UTC] [INFO    ] [STEP 027] ================================================================================
[2026-05-17 19:33:03 UTC] [INFO    ] [STEP 027] STEP 027: CLAIM CONSISTENCY AUDIT
[2026-05-17 19:33:03 UTC] [INFO    ] [STEP 027] ================================================================================
[2026-05-17 19:33:03 UTC] [DEBUG   ] [STEP 027] PROVENANCE: Dependency on step_007_tep_model (results)
[2026-05-17 19:33:03 UTC] [DEBUG   ] [STEP 027] PROVENANCE: Dependency on step_009_variance_analysis (results)
[2026-05-17 19:33:03 UTC] [DEBUG   ] [STEP 027] PROVENANCE: Dependency on step_026_stable_model_comparison (results)
[2026-05-17 19:33:03 UTC] [DEBUG   ] [STEP 027] PROVENANCE: Dependency on step_039_flyby_prediction_table (results)
[2026-05-17 19:33:03 UTC] [INFO    ] [STEP 027] Synchronized publication artifacts:
[2026-05-17 19:33:03 UTC] [INFO    ] [STEP 027]   - site/components/5_results.html
[2026-05-17 19:33:03 UTC] [INFO    ] [STEP 027] ======================================================================
[2026-05-17 19:33:03 UTC] [INFO    ] [STEP 027] CLAIM CONSISTENCY AUDIT
[2026-05-17 19:33:03 UTC] [INFO    ] [STEP 027] ======================================================================
[2026-05-17 19:33:03 UTC] [INFO    ] [v_trans consistency]... 
[2026-05-17 19:33:03 UTC] [INFO    ] [STEP 027] ✓ PASS
[2026-05-17 19:33:03 UTC] [INFO    ] [Cassini status consistency]... 
[2026-05-17 19:33:03 UTC] [INFO    ] [STEP 027] ✓ PASS
[2026-05-17 19:33:03 UTC] [INFO    ] [Disformal sign rule consistency]... 
[2026-05-17 19:33:03 UTC] [INFO    ] [STEP 027] ✓ PASS
[2026-05-17 19:33:03 UTC] [INFO    ] [F_OD placeholder check]... 
[2026-05-17 19:33:03 UTC] [INFO    ] [STEP 027] ✓ PASS
[2026-05-17 19:33:03 UTC] [INFO    ] [F_plasma placeholder check]... 
[2026-05-17 19:33:03 UTC] [INFO    ] [STEP 027] ✓ PASS
[2026-05-17 19:33:03 UTC] [INFO    ] [Pipeline output presence]... 
[2026-05-17 19:33:03 UTC] [INFO    ] [STEP 027] ✓ PASS
[2026-05-17 19:33:03 UTC] [INFO    ] [Cross-mission holdout mandatory (Step 013)]... 
[2026-05-17 19:33:03 UTC] [INFO    ] [STEP 027] ✓ PASS
[2026-05-17 19:33:03 UTC] [INFO    ] [Stale marker scan]... 
[2026-05-17 19:33:03 UTC] [INFO    ] [STEP 027] ✓ PASS
[2026-05-17 19:33:03 UTC] [INFO    ] [Model comparison table]... 
[2026-05-17 19:33:03 UTC] [INFO    ] [STEP 027] ✓ PASS
[2026-05-17 19:33:03 UTC] [INFO    ] [Variance decomposition]... 
[2026-05-17 19:33:03 UTC] [INFO    ] [STEP 027] ✓ PASS
[2026-05-17 19:33:03 UTC] [INFO    ] [Component table]... 
[2026-05-17 19:33:03 UTC] [INFO    ] [STEP 027] ✓ PASS
[2026-05-17 19:33:03 UTC] [INFO    ] [Discussion Table 8 (mechanisms)]... 
[2026-05-17 19:33:03 UTC] [INFO    ] [STEP 027] ✓ PASS
[2026-05-17 19:33:03 UTC] [INFO    ] [Reproduction checklist]... 
[2026-05-17 19:33:03 UTC] [INFO    ] [STEP 027] ✓ PASS
[2026-05-17 19:33:03 UTC] [INFO    ] [Table 3 values]... 
[2026-05-17 19:33:03 UTC] [INFO    ] [STEP 027] ✓ PASS
[2026-05-17 19:33:03 UTC] [INFO    ] [Evidence framing]... 
[2026-05-17 19:33:03 UTC] [INFO    ] [STEP 027] ✓ PASS
[2026-05-17 19:33:03 UTC] [INFO    ] [ΔBIC prose consistency]... 
[2026-05-17 19:33:03 UTC] [INFO    ] [STEP 027] ✓ PASS
[2026-05-17 19:33:03 UTC] [INFO    ] [STEP 027] 
======================================================================
[2026-05-17 19:33:03 UTC] [INFO    ] [STEP 027] ALL AUDITS PASSED - Manuscript and pipeline are consistent
[2026-05-17 19:33:03 UTC] [INFO    ] [STEP 027] ======================================================================
[2026-05-17 19:33:03 UTC] [INFO    ] [STEP 027]   Output: step027_claim_consistency_audit.json (machine-readable claim consistency audit report)
[2026-05-17 19:33:03 UTC] [INFO    ] [STEP 027] 
[2026-05-17 19:33:03 UTC] [INFO    ] [STEP 027] ================================================================================
[2026-05-17 19:33:03 UTC] [INFO    ] [STEP 027] STEP SUMMARY: step_027_claim_consistency_audit
[2026-05-17 19:33:03 UTC] [INFO    ] [STEP 027] ================================================================================
[2026-05-17 19:33:03 UTC] [INFO    ] [STEP 027] Step Number: 027
[2026-05-17 19:33:03 UTC] [INFO    ] [STEP 027] Status: SUCCESS
[2026-05-17 19:33:03 UTC] [INFO    ] [STEP 027] Duration: 0.18s
[2026-05-17 19:33:03 UTC] [INFO    ] [STEP 027] Calculations Logged: 0
[2026-05-17 19:33:03 UTC] [INFO    ] [STEP 027] Output Files: 1
[2026-05-17 19:33:03 UTC] [INFO    ] [STEP 027] Log file: /Users/matthewsmawfield/www/Temporal Equivalence Principle/TEP-EFA/logs/step_027_claim_consistency_audit.log
[2026-05-17 19:33:03 UTC] [INFO    ] [STEP 027] 
[2026-05-17 19:33:03 UTC] [INFO    ] [STEP 027] Generated 1 output file(s):
[2026-05-17 19:33:03 UTC] [INFO    ] [STEP 027]   • step027_claim_consistency_audit.json: 2.42 KB - machine-readable claim consistency audit report
[2026-05-17 19:33:03 UTC] [INFO    ] [STEP 027] ================================================================================
[2026-05-17 19:33:03 UTC] [INFO    ] [STEP 027] STEP 027 COMPLETE: SUCCESS
[2026-05-17 19:33:03 UTC] [INFO    ] [STEP 027] Provenance data saved to /Users/matthewsmawfield/www/Temporal Equivalence Principle/TEP-EFA/results/provenance/step_027_claim_consistency_audit_provenance.json
[2026-05-17 16:33:03 UTC] [INFO    ] [STEP 027] 
[2026-05-17 16:33:03 UTC] [INFO    ] [STEP 027] ================================================================================
[2026-05-17 16:33:03 UTC] [INFO    ] [STEP 027] EXECUTIVE SUMMARY
[2026-05-17 16:33:03 UTC] [INFO    ] [STEP 027] ================================================================================
[2026-05-17 16:33:03 UTC] [INFO    ] [STEP 027] Step: step_027_claim_consistency_audit (Step 027)
[2026-05-17 16:33:03 UTC] [INFO    ] [STEP 027] Status: SUCCESS
[2026-05-17 16:33:03 UTC] [INFO    ] [STEP 027] Duration: 0.18s
[2026-05-17 16:33:03 UTC] [INFO    ] [STEP 027] Calculations: 0
[2026-05-17 16:33:03 UTC] [INFO    ] [STEP 027] Output Files: 1
[2026-05-17 16:33:03 UTC] [INFO    ] [STEP 027] Key Outputs:
[2026-05-17 16:33:03 UTC] [INFO    ] [STEP 027]   - step027_claim_consistency_audit.json (2.42 KB)
[2026-05-17 16:33:03 UTC] [INFO    ] [STEP 027] ================================================================================
