[2026-05-10 01:02:22 UTC] [INFO    ] [STEP 004] LOGGER INITIALIZED: step_004_tep_model (Step 004)
[2026-05-10 01:02:22 UTC] [DEBUG   ] [STEP 004] Log file: /Users/matthewsmawfield/www/Temporal Equivalence Principle/TEP-EFA/logs/step_004_tep_model.log
[2026-05-10 01:02:22 UTC] [DEBUG   ] [STEP 004] Project root: /Users/matthewsmawfield/www/Temporal Equivalence Principle/TEP-EFA
[2026-05-10 01:02:22 UTC] [INFO    ] [STEP 004] ================================================================================
[2026-05-10 01:02:22 UTC] [INFO    ] [STEP 004] STEP 004: TEP TEMPORAL TOPOLOGY MODEL
[2026-05-10 01:02:22 UTC] [INFO    ] [STEP 004] ================================================================================
[2026-05-10 01:02:22 UTC] [INFO    ] [STEP 004] Loaded 15 flybys from archival catalog
[2026-05-10 01:02:22 UTC] [INFO    ] [STEP 004] --------------------------------------------------------------------------------
[2026-05-10 01:02:22 UTC] [INFO    ] [STEP 004] Predicting: NEAR
[2026-05-10 01:02:22 UTC] [INFO    ] [STEP 004] --------------------------------------------------------------------------------
[2026-05-10 01:02:22 UTC] [INFO    ] [STEP 004]   Predicted Δv: 4.2357 mm/s
[2026-05-10 01:02:22 UTC] [INFO    ] [STEP 004]   Observed Δv:  13.46 mm/s
[2026-05-10 01:02:22 UTC] [INFO    ] [STEP 004] --------------------------------------------------------------------------------
[2026-05-10 01:02:22 UTC] [INFO    ] [STEP 004] Predicting: Galileo_1990
[2026-05-10 01:02:22 UTC] [INFO    ] [STEP 004] --------------------------------------------------------------------------------
[2026-05-10 01:02:22 UTC] [INFO    ] [STEP 004]   Predicted Δv: 1.0539 mm/s
[2026-05-10 01:02:22 UTC] [INFO    ] [STEP 004]   Observed Δv:  3.92 mm/s
[2026-05-10 01:02:22 UTC] [INFO    ] [STEP 004] --------------------------------------------------------------------------------
[2026-05-10 01:02:22 UTC] [INFO    ] [STEP 004] Predicting: Cassini
[2026-05-10 01:02:22 UTC] [INFO    ] [STEP 004] --------------------------------------------------------------------------------
[2026-05-10 01:02:22 UTC] [INFO    ] [STEP 004]   Predicted Δv: 0.3207 mm/s
[2026-05-10 01:02:22 UTC] [INFO    ] [STEP 004]   Observed Δv:  0.11 mm/s
[2026-05-10 01:02:22 UTC] [INFO    ] [STEP 004] --------------------------------------------------------------------------------
[2026-05-10 01:02:22 UTC] [INFO    ] [STEP 004] Predicting: Galileo_1992
[2026-05-10 01:02:22 UTC] [INFO    ] [STEP 004] --------------------------------------------------------------------------------
[2026-05-10 01:02:22 UTC] [INFO    ] [STEP 004]   Predicted Δv: 0.2173 mm/s
[2026-05-10 01:02:22 UTC] [INFO    ] [STEP 004]   Observed Δv:  0.00 mm/s
[2026-05-10 01:02:22 UTC] [INFO    ] [STEP 004] --------------------------------------------------------------------------------
[2026-05-10 01:02:22 UTC] [INFO    ] [STEP 004] Predicting: Rosetta_2005
[2026-05-10 01:02:22 UTC] [INFO    ] [STEP 004] --------------------------------------------------------------------------------
[2026-05-10 01:02:22 UTC] [INFO    ] [STEP 004]   Predicted Δv: 1.6027 mm/s
[2026-05-10 01:02:22 UTC] [INFO    ] [STEP 004]   Observed Δv:  1.82 mm/s
[2026-05-10 01:02:22 UTC] [INFO    ] [STEP 004] --------------------------------------------------------------------------------
[2026-05-10 01:02:22 UTC] [INFO    ] [STEP 004] Predicting: Rosetta_2007
[2026-05-10 01:02:22 UTC] [INFO    ] [STEP 004] --------------------------------------------------------------------------------
[2026-05-10 01:02:22 UTC] [INFO    ] [STEP 004]   Predicted Δv: 0.0447 mm/s
[2026-05-10 01:02:22 UTC] [INFO    ] [STEP 004]   Observed Δv:  0.02 mm/s
[2026-05-10 01:02:22 UTC] [INFO    ] [STEP 004] --------------------------------------------------------------------------------
[2026-05-10 01:02:22 UTC] [INFO    ] [STEP 004] Predicting: Rosetta_2009
[2026-05-10 01:02:22 UTC] [INFO    ] [STEP 004] --------------------------------------------------------------------------------
[2026-05-10 01:02:22 UTC] [WARNING ] [STEP 004] ⚠   Skipping Rosetta_2009: Insufficient geometry data for Rosetta_2009 (no ephemeris or catalog declinations).
[2026-05-10 01:02:22 UTC] [INFO    ] [STEP 004] --------------------------------------------------------------------------------
[2026-05-10 01:02:22 UTC] [INFO    ] [STEP 004] Predicting: MESSENGER_2005
[2026-05-10 01:02:22 UTC] [INFO    ] [STEP 004] --------------------------------------------------------------------------------
[2026-05-10 01:02:22 UTC] [INFO    ] [STEP 004]   Predicted Δv: 0.0235 mm/s
[2026-05-10 01:02:22 UTC] [INFO    ] [STEP 004]   Observed Δv:  0.00 mm/s
[2026-05-10 01:02:22 UTC] [INFO    ] [STEP 004] --------------------------------------------------------------------------------
[2026-05-10 01:02:22 UTC] [INFO    ] [STEP 004] Predicting: Juno
[2026-05-10 01:02:22 UTC] [INFO    ] [STEP 004] --------------------------------------------------------------------------------
[2026-05-10 01:02:22 UTC] [INFO    ] [STEP 004]   Predicted Δv: 0.3663 mm/s
[2026-05-10 01:02:22 UTC] [INFO    ] [STEP 004]   Observed Δv:  0.00 mm/s
[2026-05-10 01:02:22 UTC] [INFO    ] [STEP 004] --------------------------------------------------------------------------------
[2026-05-10 01:02:22 UTC] [INFO    ] [STEP 004] Predicting: Stardust
[2026-05-10 01:02:22 UTC] [INFO    ] [STEP 004] --------------------------------------------------------------------------------
[2026-05-10 01:02:22 UTC] [WARNING ] [STEP 004] ⚠   Skipping Stardust: Insufficient geometry data for Stardust (no ephemeris or catalog declinations).
[2026-05-10 01:02:22 UTC] [INFO    ] [STEP 004] --------------------------------------------------------------------------------
[2026-05-10 01:02:22 UTC] [INFO    ] [STEP 004] Predicting: OSIRIS-REx
[2026-05-10 01:02:22 UTC] [INFO    ] [STEP 004] --------------------------------------------------------------------------------
[2026-05-10 01:02:22 UTC] [WARNING ] [STEP 004] ⚠   Skipping OSIRIS-REx: Insufficient geometry data for OSIRIS-REx (no ephemeris or catalog declinations).
[2026-05-10 01:02:22 UTC] [INFO    ] [STEP 004] --------------------------------------------------------------------------------
[2026-05-10 01:02:22 UTC] [INFO    ] [STEP 004] Predicting: BepiColombo
[2026-05-10 01:02:22 UTC] [INFO    ] [STEP 004] --------------------------------------------------------------------------------
[2026-05-10 01:02:22 UTC] [WARNING ] [STEP 004] ⚠   Skipping BepiColombo: Insufficient geometry data for BepiColombo (no ephemeris or catalog declinations).
[2026-05-10 01:02:22 UTC] [INFO    ] [STEP 004] --------------------------------------------------------------------------------
[2026-05-10 01:02:22 UTC] [INFO    ] [STEP 004] Predicting: BepiColombo_2021
[2026-05-10 01:02:22 UTC] [INFO    ] [STEP 004] --------------------------------------------------------------------------------
[2026-05-10 01:02:22 UTC] [WARNING ] [STEP 004] ⚠   Skipping BepiColombo_2021: Insufficient geometry data for BepiColombo_2021 (no ephemeris or catalog declinations).
[2026-05-10 01:02:22 UTC] [INFO    ] [STEP 004] --------------------------------------------------------------------------------
[2026-05-10 01:02:22 UTC] [INFO    ] [STEP 004] Predicting: JUICE
[2026-05-10 01:02:22 UTC] [INFO    ] [STEP 004] --------------------------------------------------------------------------------
[2026-05-10 01:02:22 UTC] [WARNING ] [STEP 004] ⚠   Skipping JUICE: Insufficient geometry data for JUICE (no ephemeris or catalog declinations).
[2026-05-10 01:02:22 UTC] [INFO    ] [STEP 004] --------------------------------------------------------------------------------
[2026-05-10 01:02:22 UTC] [INFO    ] [STEP 004] Predicting: Europa_Clipper
[2026-05-10 01:02:22 UTC] [INFO    ] [STEP 004] --------------------------------------------------------------------------------
[2026-05-10 01:02:22 UTC] [WARNING ] [STEP 004] ⚠   Skipping Europa_Clipper: Insufficient geometry data for Europa_Clipper (no ephemeris or catalog declinations).
[2026-05-10 01:02:22 UTC] [INFO    ] [STEP 004] ✓ Saved 8 predictions to: /Users/matthewsmawfield/www/Temporal Equivalence Principle/TEP-EFA/results/step004_tep_predictions.json
[2026-05-10 01:02:22 UTC] [INFO    ] [STEP 004]   Output: step004_tep_predictions.json (TEP predictions)
[2026-05-10 01:02:22 UTC] [INFO    ] [STEP 004] 
[2026-05-10 01:02:22 UTC] [INFO    ] [STEP 004] ================================================================================
[2026-05-10 01:02:22 UTC] [INFO    ] [STEP 004] STEP SUMMARY: step_004_tep_model
[2026-05-10 01:02:22 UTC] [INFO    ] [STEP 004] ================================================================================
[2026-05-10 01:02:22 UTC] [INFO    ] [STEP 004] Step Number: 004
[2026-05-10 01:02:22 UTC] [INFO    ] [STEP 004] Status: SUCCESS
[2026-05-10 01:02:22 UTC] [INFO    ] [STEP 004] Duration: 0.00s
[2026-05-10 01:02:22 UTC] [INFO    ] [STEP 004] Calculations Logged: 0
[2026-05-10 01:02:22 UTC] [INFO    ] [STEP 004] Output Files: 1
[2026-05-10 01:02:22 UTC] [INFO    ] [STEP 004] Log file: /Users/matthewsmawfield/www/Temporal Equivalence Principle/TEP-EFA/logs/step_004_tep_model.log
[2026-05-10 01:02:22 UTC] [INFO    ] [STEP 004] 
[2026-05-10 01:02:22 UTC] [INFO    ] [STEP 004] Generated 1 output file(s):
[2026-05-10 01:02:22 UTC] [INFO    ] [STEP 004]   • step004_tep_predictions.json: 7.25 KB - TEP predictions
[2026-05-10 01:02:22 UTC] [INFO    ] [STEP 004] ================================================================================
[2026-05-10 01:02:22 UTC] [INFO    ] [STEP 004] STEP 004 COMPLETE: SUCCESS
[2026-05-10 01:02:22 UTC] [INFO    ] [STEP 004] Provenance data saved to /Users/matthewsmawfield/www/Temporal Equivalence Principle/TEP-EFA/results/provenance/step_004_tep_model_provenance.json
[2026-05-09 22:02:22 UTC] [INFO    ] [STEP 004] 
[2026-05-09 22:02:22 UTC] [INFO    ] [STEP 004] ================================================================================
[2026-05-09 22:02:22 UTC] [INFO    ] [STEP 004] EXECUTIVE SUMMARY
[2026-05-09 22:02:22 UTC] [INFO    ] [STEP 004] ================================================================================
[2026-05-09 22:02:22 UTC] [INFO    ] [STEP 004] Step: step_004_tep_model (Step 004)
[2026-05-09 22:02:22 UTC] [INFO    ] [STEP 004] Status: SUCCESS
[2026-05-09 22:02:22 UTC] [INFO    ] [STEP 004] Duration: 0.00s
[2026-05-09 22:02:22 UTC] [INFO    ] [STEP 004] Calculations: 0
[2026-05-09 22:02:22 UTC] [INFO    ] [STEP 004] Output Files: 1
[2026-05-09 22:02:22 UTC] [INFO    ] [STEP 004] Key Outputs:
[2026-05-09 22:02:22 UTC] [INFO    ] [STEP 004]   - step004_tep_predictions.json (7.25 KB)
[2026-05-09 22:02:22 UTC] [INFO    ] [STEP 004] ================================================================================
