[2026-05-17 12:27:14 UTC] [INFO    ] [STEP 003] LOGGER INITIALIZED: step_003_archival_data_mining (Step 003)
[2026-05-17 12:27:14 UTC] [DEBUG   ] [STEP 003] Log file: /Users/matthewsmawfield/www/Temporal Equivalence Principle/TEP-EFA/logs/step_003_archival_data_mining.log
[2026-05-17 12:27:14 UTC] [DEBUG   ] [STEP 003] Project root: /Users/matthewsmawfield/www/Temporal Equivalence Principle/TEP-EFA
[2026-05-17 12:27:14 UTC] [DEBUG   ] [STEP 003] 
[2026-05-17 12:27:14 UTC] [DEBUG   ] [STEP 003] ================================================================================
[2026-05-17 12:27:14 UTC] [DEBUG   ] [STEP 003] SECTION: LITERATURE VALUE VALIDATION
[2026-05-17 12:27:14 UTC] [DEBUG   ] [STEP 003] ================================================================================
[2026-05-17 12:27:14 UTC] [INFO    ] [STEP 003] ✓   ✓ All literature values match Anderson et al. (2008)
[2026-05-17 12:27:14 UTC] [DEBUG   ] [STEP 003] 
[2026-05-17 12:27:14 UTC] [DEBUG   ] [STEP 003] ================================================================================
[2026-05-17 12:27:14 UTC] [DEBUG   ] [STEP 003] SECTION: SAMPLE SIZE EXPANSION ANALYSIS
[2026-05-17 12:27:14 UTC] [DEBUG   ] [STEP 003] ================================================================================
[2026-05-17 12:27:14 UTC] [INFO    ] [STEP 003] Total catalog: 14 flybys
[2026-05-17 12:27:14 UTC] [INFO    ] [STEP 003] Usable for analysis: 12
[2026-05-17 12:27:14 UTC] [DEBUG   ] [STEP 003] 
[2026-05-17 12:27:14 UTC] [DEBUG   ] [STEP 003] --- HONEST ASSESSMENT ---
[2026-05-17 12:27:14 UTC] [INFO    ] [STEP 003] Significant detections: 2 (n=2) → Direct β constraints
[2026-05-17 12:27:14 UTC] [INFO    ] [STEP 003] Marginal detections: 2 (n=2) → Weak β constraints
[2026-05-17 12:27:14 UTC] [INFO    ] [STEP 003] Null detections: 5 → Screening threshold ONLY
[2026-05-17 12:27:14 UTC] [INFO    ] [STEP 003] Predicted nulls: 5 → Screening validation ONLY
[2026-05-17 12:27:14 UTC] [DEBUG   ] [STEP 003] 
[2026-05-17 12:27:14 UTC] [DEBUG   ] [STEP 003] --- EFFECTIVE SAMPLE SIZES ---
[2026-05-17 12:27:14 UTC] [INFO    ] [STEP 003] For β fitting: n=4 (unchanged from canonical n=3)
[2026-05-17 12:27:14 UTC] [INFO    ] [STEP 003] For screening threshold: n=12 (improved from n=3)
[2026-05-17 12:27:14 UTC] [INFO    ] [STEP 003] Weighted effective n: 5.0 (includes constraint weighting)
[2026-05-17 12:27:14 UTC] [INFO    ] [STEP 003] Detection Categories:
[2026-05-17 12:27:14 UTC] [INFO    ] [STEP 003]   Significant: 2
[2026-05-17 12:27:14 UTC] [INFO    ] [STEP 003]   Marginal: 2
[2026-05-17 12:27:14 UTC] [INFO    ] [STEP 003]   Null: 5
[2026-05-17 12:27:14 UTC] [INFO    ] [STEP 003]   Predicted null: 5
[2026-05-17 12:27:14 UTC] [DEBUG   ] [STEP 003] 
[2026-05-17 12:27:14 UTC] [DEBUG   ] [STEP 003] ================================================================================
[2026-05-17 12:27:14 UTC] [DEBUG   ] [STEP 003] SECTION: SMALL SAMPLE STATISTICAL METHODS
[2026-05-17 12:27:14 UTC] [DEBUG   ] [STEP 003] ================================================================================
[2026-05-17 12:27:14 UTC] [DEBUG   ] [STEP 003] 
[2026-05-17 12:27:14 UTC] [DEBUG   ] [STEP 003] --- Power Analysis for Future Missions ---
[2026-05-17 12:27:14 UTC] [INFO    ] [STEP 003] +1 missions: σ_β = 5.00e-05, power = 1.00
[2026-05-17 12:27:14 UTC] [INFO    ] [STEP 003] +2 missions: σ_β = 5.00e-05, power = 1.00
[2026-05-17 12:27:14 UTC] [INFO    ] [STEP 003] +3 missions: σ_β = 5.00e-05, power = 1.00
[2026-05-17 12:27:14 UTC] [INFO    ] [STEP 003] +5 missions: σ_β = 5.00e-05, power = 1.00
[2026-05-17 12:27:14 UTC] [INFO    ] [STEP 003] +10 missions: σ_β = 5.00e-05, power = 1.00
[2026-05-17 12:27:14 UTC] [INFO    ] [STEP 003] Recommendation: 1 additional missions needed for 80% power
[2026-05-17 12:27:14 UTC] [DEBUG   ] [STEP 003] 
[2026-05-17 12:27:14 UTC] [DEBUG   ] [STEP 003] ================================================================================
[2026-05-17 12:27:14 UTC] [DEBUG   ] [STEP 003] SECTION: EXPORTING CATALOG
[2026-05-17 12:27:14 UTC] [DEBUG   ] [STEP 003] ================================================================================
[2026-05-17 12:27:14 UTC] [INFO    ] [STEP 003] ✓ Exported catalog to: /Users/matthewsmawfield/www/Temporal Equivalence Principle/TEP-EFA/results/step003_archival_flyby_catalog.json
[2026-05-17 12:27:14 UTC] [INFO    ] [STEP 003] Total entries: 14
[2026-05-17 12:27:14 UTC] [INFO    ] [STEP 003] Usable entries: 12
[2026-05-17 12:27:14 UTC] [INFO    ] [STEP 003]   Output: step003_archival_flyby_catalog.json (Archival flyby catalog with metadata)
[2026-05-17 12:27:14 UTC] [DEBUG   ] [STEP 003] 
[2026-05-17 12:27:14 UTC] [DEBUG   ] [STEP 003] ================================================================================
[2026-05-17 12:27:14 UTC] [DEBUG   ] [STEP 003] SECTION: DATA MINING REPORT
[2026-05-17 12:27:14 UTC] [DEBUG   ] [STEP 003] ================================================================================
[2026-05-17 12:27:14 UTC] [INFO    ] [STEP 003] 
ARCHIVAL DATA MINING REPORT
===========================

Sample Size Expansion:
  Total catalog: 14 flybys
  Usable for analysis: 12

HONEST ASSESSMENT OF STATISTICAL POWER:
  ✓ Dataset expanded from n=3 to n=12 flybys
  ✗ BUT: Effective sample for β fitting remains n=4
  ✓ Screening threshold confidence improved (n=12)

Breakdown by Contribution:
  Significant detections: 2 → Direct β constraints
    (NEAR: 13.46 mm/s, Galileo 1990: 3.92 mm/s)
  Marginal detections: 2 → Weak β constraints  
    (Cassini: 0.11 mm/s, Rosetta 2005: 1.82 mm/s)
  Null detections: 5 → Screening threshold ONLY
    (Provide upper bounds, not β constraints)
  Predicted nulls: 5 → Screening validation
    (Confirm altitude dependence, no β information)

Key Finding:
  The 100× scatter in β (I² ≈ 100%) demonstrates that:
  - 3-4 measurements is insufficient for precise parameter estimation
  - Systematic differences between missions dominate
  - Model incompleteness contributes to scatter (see Step 004)

What the Expansion Actually Achieved:
  1. Consistent with: Temporal Topology screening threshold at ~2500 km
  2. Supported: Altitude dependence of TEP effects  
  3. CONSTRAINED: Upper bounds on coupling from null results
  4. DID NOT: Improve precision of β fitting (still n=3 effective)

Recommendations:
  - For β precision: Need 3-5 additional low-altitude detections
  - For screening model: Current dataset is sufficient
  - Priority: Raw DSN reanalysis (Step 003 framework)

[2026-05-17 12:27:14 UTC] [INFO    ] [STEP 003] 
[2026-05-17 12:27:14 UTC] [INFO    ] [STEP 003] ================================================================================
[2026-05-17 12:27:14 UTC] [INFO    ] [STEP 003] STEP SUMMARY: step_003_archival_data_mining
[2026-05-17 12:27:14 UTC] [INFO    ] [STEP 003] ================================================================================
[2026-05-17 12:27:14 UTC] [INFO    ] [STEP 003] Step Number: 003
[2026-05-17 12:27:14 UTC] [INFO    ] [STEP 003] Status: SUCCESS
[2026-05-17 12:27:14 UTC] [INFO    ] [STEP 003] Duration: 0.00s
[2026-05-17 12:27:14 UTC] [INFO    ] [STEP 003] Calculations Logged: 0
[2026-05-17 12:27:14 UTC] [INFO    ] [STEP 003] Output Files: 1
[2026-05-17 12:27:14 UTC] [INFO    ] [STEP 003] Log file: /Users/matthewsmawfield/www/Temporal Equivalence Principle/TEP-EFA/logs/step_003_archival_data_mining.log
[2026-05-17 12:27:14 UTC] [INFO    ] [STEP 003] 
[2026-05-17 12:27:14 UTC] [INFO    ] [STEP 003] Generated 1 output file(s):
[2026-05-17 12:27:14 UTC] [INFO    ] [STEP 003]   • step003_archival_flyby_catalog.json: 14.14 KB - Archival flyby catalog with metadata
[2026-05-17 12:27:14 UTC] [INFO    ] [STEP 003] ================================================================================
[2026-05-17 12:27:14 UTC] [INFO    ] [STEP 003] STEP 003 COMPLETE: SUCCESS
[2026-05-17 12:27:14 UTC] [INFO    ] [STEP 003] Provenance data saved to /Users/matthewsmawfield/www/Temporal Equivalence Principle/TEP-EFA/results/provenance/step_003_archival_data_mining_provenance.json
[2026-05-17 09:27:14 UTC] [INFO    ] [STEP 003] 
[2026-05-17 09:27:14 UTC] [INFO    ] [STEP 003] ================================================================================
[2026-05-17 09:27:14 UTC] [INFO    ] [STEP 003] EXECUTIVE SUMMARY
[2026-05-17 09:27:14 UTC] [INFO    ] [STEP 003] ================================================================================
[2026-05-17 09:27:14 UTC] [INFO    ] [STEP 003] Step: step_003_archival_data_mining (Step 003)
[2026-05-17 09:27:14 UTC] [INFO    ] [STEP 003] Status: SUCCESS
[2026-05-17 09:27:14 UTC] [INFO    ] [STEP 003] Duration: 0.00s
[2026-05-17 09:27:14 UTC] [INFO    ] [STEP 003] Calculations: 0
[2026-05-17 09:27:14 UTC] [INFO    ] [STEP 003] Output Files: 1
[2026-05-17 09:27:14 UTC] [INFO    ] [STEP 003] Key Outputs:
[2026-05-17 09:27:14 UTC] [INFO    ] [STEP 003]   - step003_archival_flyby_catalog.json (14.14 KB)
[2026-05-17 09:27:14 UTC] [INFO    ] [STEP 003] ================================================================================
