[2026-05-10 01:02:34 UTC] [INFO    ] [STEP 015] LOGGER INITIALIZED: step_015_plasma_modulation (Step 015)
[2026-05-10 01:02:34 UTC] [DEBUG   ] [STEP 015] Log file: /Users/matthewsmawfield/www/Temporal Equivalence Principle/TEP-EFA/logs/step_015_plasma_modulation.log
[2026-05-10 01:02:34 UTC] [DEBUG   ] [STEP 015] Project root: /Users/matthewsmawfield/www/Temporal Equivalence Principle/TEP-EFA
[2026-05-10 01:02:34 UTC] [WARNING ] [STEP 015] ⚠ IRI profiles not found, falling back to Chapman layer
[2026-05-10 01:02:34 UTC] [DEBUG   ] [STEP 015] 
[2026-05-10 01:02:34 UTC] [DEBUG   ] [STEP 015] --- PLASMA DENSITY ANALYSIS ---
[2026-05-10 01:02:34 UTC] [INFO    ] [STEP 015] NEAR:
[2026-05-10 01:02:34 UTC] [INFO    ] [STEP 015]   Altitude: 568 km
[2026-05-10 01:02:34 UTC] [INFO    ] [STEP 015]   Plasma density: 6.43e+03 cm^-3
[2026-05-10 01:02:34 UTC] [INFO    ] [STEP 015]   Plasma screening factor: 0.000e+00
[2026-05-10 01:02:34 UTC] [INFO    ] [STEP 015]   Plasma sign factor: -0.206
[2026-05-10 01:02:34 UTC] [INFO    ] [STEP 015]   Solar activity: 0.5
[2026-05-10 01:02:34 UTC] [INFO    ] [STEP 015] Galileo_1990:
[2026-05-10 01:02:34 UTC] [INFO    ] [STEP 015]   Altitude: 972 km
[2026-05-10 01:02:34 UTC] [INFO    ] [STEP 015]   Plasma density: 2.02e+03 cm^-3
[2026-05-10 01:02:34 UTC] [INFO    ] [STEP 015]   Plasma screening factor: 0.000e+00
[2026-05-10 01:02:34 UTC] [INFO    ] [STEP 015]   Plasma sign factor: -0.125
[2026-05-10 01:02:34 UTC] [INFO    ] [STEP 015]   Solar activity: 1.5
[2026-05-10 01:02:34 UTC] [INFO    ] [STEP 015] Cassini:
[2026-05-10 01:02:34 UTC] [INFO    ] [STEP 015]   Altitude: 1197 km
[2026-05-10 01:02:34 UTC] [INFO    ] [STEP 015]   Plasma density: 1.97e+02 cm^-3
[2026-05-10 01:02:34 UTC] [INFO    ] [STEP 015]   Plasma screening factor: 0.000e+00
[2026-05-10 01:02:34 UTC] [INFO    ] [STEP 015]   Plasma sign factor: 1.000
[2026-05-10 01:02:34 UTC] [INFO    ] [STEP 015]   Solar activity: 0.5
[2026-05-10 01:02:34 UTC] [INFO    ] [STEP 015] Rosetta_2005:
[2026-05-10 01:02:34 UTC] [INFO    ] [STEP 015]   Altitude: 1969 km
[2026-05-10 01:02:34 UTC] [INFO    ] [STEP 015]   Plasma density: 4.22e+01 cm^-3
[2026-05-10 01:02:34 UTC] [INFO    ] [STEP 015]   Plasma screening factor: 0.000e+00
[2026-05-10 01:02:34 UTC] [INFO    ] [STEP 015]   Plasma sign factor: 1.000
[2026-05-10 01:02:34 UTC] [INFO    ] [STEP 015]   Solar activity: 1.0
[2026-05-10 01:02:34 UTC] [INFO    ] [STEP 015] Rosetta_2007:
[2026-05-10 01:02:34 UTC] [INFO    ] [STEP 015]   Altitude: 5430 km
[2026-05-10 01:02:34 UTC] [INFO    ] [STEP 015]   Plasma density: 5.38e-01 cm^-3
[2026-05-10 01:02:34 UTC] [INFO    ] [STEP 015]   Plasma screening factor: 0.000e+00
[2026-05-10 01:02:34 UTC] [INFO    ] [STEP 015]   Plasma sign factor: 1.000
[2026-05-10 01:02:34 UTC] [INFO    ] [STEP 015]   Solar activity: 1.0
[2026-05-10 01:02:34 UTC] [DEBUG   ] [STEP 015] 
[2026-05-10 01:02:34 UTC] [DEBUG   ] [STEP 015] --- CASSINI PLASMA MODULATION ANALYSIS ---
[2026-05-10 01:02:34 UTC] [INFO    ] [STEP 015] Cassini observed: +0.11 mm/s
[2026-05-10 01:02:34 UTC] [INFO    ] [STEP 015] Cassini predicted (disformal coupling): +0.321 mm/s
[2026-05-10 01:02:34 UTC] [INFO    ] [STEP 015] Plasma sign factor: 1.000
[2026-05-10 01:02:34 UTC] [INFO    ] [STEP 015] CONCLUSION: Disformal coupling mathematically dictates sign reversal; plasma is a secondary magnitude modulator.
[2026-05-10 01:02:34 UTC] [DEBUG   ] [STEP 015] 
[2026-05-10 01:02:34 UTC] [DEBUG   ] [STEP 015] ================================================================================
[2026-05-10 01:02:34 UTC] [DEBUG   ] [STEP 015] SECTION: SAVING RESULTS
[2026-05-10 01:02:34 UTC] [DEBUG   ] [STEP 015] ================================================================================
[2026-05-10 01:02:34 UTC] [INFO    ] [STEP 015] Results saved to: /Users/matthewsmawfield/www/Temporal Equivalence Principle/TEP-EFA/results/step015_plasma_modulation.json
[2026-05-10 01:02:34 UTC] [INFO    ] [STEP 015]   Output: step015_plasma_modulation.json (Plasma modulation factors)
[2026-05-10 01:02:34 UTC] [INFO    ] [STEP 015] 
[2026-05-10 01:02:34 UTC] [INFO    ] [STEP 015] ================================================================================
[2026-05-10 01:02:34 UTC] [INFO    ] [STEP 015] STEP SUMMARY: step_015_plasma_modulation
[2026-05-10 01:02:34 UTC] [INFO    ] [STEP 015] ================================================================================
[2026-05-10 01:02:34 UTC] [INFO    ] [STEP 015] Step Number: 015
[2026-05-10 01:02:34 UTC] [INFO    ] [STEP 015] Status: SUCCESS
[2026-05-10 01:02:34 UTC] [INFO    ] [STEP 015] Duration: 0.00s
[2026-05-10 01:02:34 UTC] [INFO    ] [STEP 015] Calculations Logged: 0
[2026-05-10 01:02:34 UTC] [INFO    ] [STEP 015] Output Files: 1
[2026-05-10 01:02:34 UTC] [INFO    ] [STEP 015] Log file: /Users/matthewsmawfield/www/Temporal Equivalence Principle/TEP-EFA/logs/step_015_plasma_modulation.log
[2026-05-10 01:02:34 UTC] [INFO    ] [STEP 015] 
[2026-05-10 01:02:34 UTC] [INFO    ] [STEP 015] Generated 1 output file(s):
[2026-05-10 01:02:34 UTC] [INFO    ] [STEP 015]   • step015_plasma_modulation.json: 1.03 KB - Plasma modulation factors
[2026-05-10 01:02:34 UTC] [INFO    ] [STEP 015] ================================================================================
[2026-05-10 01:02:34 UTC] [INFO    ] [STEP 015] STEP 015 COMPLETE: SUCCESS
[2026-05-10 01:02:34 UTC] [INFO    ] [STEP 015] Provenance data saved to /Users/matthewsmawfield/www/Temporal Equivalence Principle/TEP-EFA/results/provenance/step_015_plasma_modulation_provenance.json
[2026-05-09 22:02:34 UTC] [INFO    ] [STEP 015] 
[2026-05-09 22:02:34 UTC] [INFO    ] [STEP 015] ================================================================================
[2026-05-09 22:02:34 UTC] [INFO    ] [STEP 015] EXECUTIVE SUMMARY
[2026-05-09 22:02:34 UTC] [INFO    ] [STEP 015] ================================================================================
[2026-05-09 22:02:34 UTC] [INFO    ] [STEP 015] Step: step_015_plasma_modulation (Step 015)
[2026-05-09 22:02:34 UTC] [INFO    ] [STEP 015] Status: SUCCESS
[2026-05-09 22:02:34 UTC] [INFO    ] [STEP 015] Duration: 0.00s
[2026-05-09 22:02:34 UTC] [INFO    ] [STEP 015] Calculations: 0
[2026-05-09 22:02:34 UTC] [INFO    ] [STEP 015] Output Files: 1
[2026-05-09 22:02:34 UTC] [INFO    ] [STEP 015] Key Outputs:
[2026-05-09 22:02:34 UTC] [INFO    ] [STEP 015]   - step015_plasma_modulation.json (1.03 KB)
[2026-05-09 22:02:34 UTC] [INFO    ] [STEP 015] ================================================================================
