[2026-05-10 01:02:28 UTC] [INFO    ] [STEP 020] LOGGER INITIALIZED: step_020_sensitivity_analysis (Step 020)
[2026-05-10 01:02:28 UTC] [DEBUG   ] [STEP 020] Log file: /Users/matthewsmawfield/www/Temporal Equivalence Principle/TEP-EFA/logs/step_020_sensitivity_analysis.log
[2026-05-10 01:02:28 UTC] [DEBUG   ] [STEP 020] Project root: /Users/matthewsmawfield/www/Temporal Equivalence Principle/TEP-EFA
[2026-05-10 01:02:28 UTC] [INFO    ] [STEP 020] ================================================================================
[2026-05-10 01:02:28 UTC] [INFO    ] [STEP 020] STEP 020: SENSITIVITY ANALYSIS
[2026-05-10 01:02:28 UTC] [INFO    ] [STEP 020] ================================================================================
[2026-05-10 01:02:28 UTC] [INFO    ] [STEP 020] Loaded 8 flyby predictions
[2026-05-10 01:02:28 UTC] [DEBUG   ] [STEP 020] 
[2026-05-10 01:02:28 UTC] [DEBUG   ] [STEP 020] ================================================================================
[2026-05-10 01:02:28 UTC] [DEBUG   ] [STEP 020] SECTION: ONE-AT-A-TIME SENSITIVITY ANALYSIS
[2026-05-10 01:02:28 UTC] [DEBUG   ] [STEP 020] ================================================================================
[2026-05-10 01:02:28 UTC] [DEBUG   ] [STEP 020] 
[2026-05-10 01:02:28 UTC] [DEBUG   ] [STEP 020] --- Parameter: beta ---
[2026-05-10 01:02:28 UTC] [INFO    ] [STEP 020]   Avg sensitivity: 1.000
[2026-05-10 01:02:28 UTC] [INFO    ] [STEP 020]   Max impact: 1.000
[2026-05-10 01:02:28 UTC] [INFO    ] [STEP 020]   Assessment: high
[2026-05-10 01:02:28 UTC] [DEBUG   ] [STEP 020] 
[2026-05-10 01:02:28 UTC] [DEBUG   ] [STEP 020] --- Parameter: lambda_tep_km ---
[2026-05-10 01:02:28 UTC] [INFO    ] [STEP 020]   Avg sensitivity: 0.364
[2026-05-10 01:02:28 UTC] [INFO    ] [STEP 020]   Max impact: 0.486
[2026-05-10 01:02:28 UTC] [INFO    ] [STEP 020]   Assessment: moderate
[2026-05-10 01:02:28 UTC] [DEBUG   ] [STEP 020] 
[2026-05-10 01:02:28 UTC] [DEBUG   ] [STEP 020] --- Parameter: characteristic_suppression ---
[2026-05-10 01:02:28 UTC] [INFO    ] [STEP 020]   Avg sensitivity: 1.000
[2026-05-10 01:02:28 UTC] [INFO    ] [STEP 020]   Max impact: 1.000
[2026-05-10 01:02:28 UTC] [INFO    ] [STEP 020]   Assessment: high
[2026-05-10 01:02:28 UTC] [DEBUG   ] [STEP 020] 
[2026-05-10 01:02:28 UTC] [DEBUG   ] [STEP 020] --- Parameter: disformal_coupling ---
[2026-05-10 01:02:28 UTC] [INFO    ] [STEP 020]   Avg sensitivity: 0.050
[2026-05-10 01:02:28 UTC] [INFO    ] [STEP 020]   Max impact: 0.050
[2026-05-10 01:02:28 UTC] [INFO    ] [STEP 020]   Assessment: low
[2026-05-10 01:02:28 UTC] [DEBUG   ] [STEP 020] 
[2026-05-10 01:02:28 UTC] [DEBUG   ] [STEP 020] --- Parameter: j2 ---
[2026-05-10 01:02:28 UTC] [INFO    ] [STEP 020]   Avg sensitivity: 0.050
[2026-05-10 01:02:28 UTC] [INFO    ] [STEP 020]   Max impact: 0.050
[2026-05-10 01:02:28 UTC] [INFO    ] [STEP 020]   Assessment: low
[2026-05-10 01:02:28 UTC] [DEBUG   ] [STEP 020] 
[2026-05-10 01:02:28 UTC] [DEBUG   ] [STEP 020] --- Parameter: j3 ---
[2026-05-10 01:02:28 UTC] [INFO    ] [STEP 020]   Avg sensitivity: 0.050
[2026-05-10 01:02:28 UTC] [INFO    ] [STEP 020]   Max impact: 0.050
[2026-05-10 01:02:28 UTC] [INFO    ] [STEP 020]   Assessment: low
[2026-05-10 01:02:28 UTC] [DEBUG   ] [STEP 020] 
[2026-05-10 01:02:28 UTC] [DEBUG   ] [STEP 020] ================================================================================
[2026-05-10 01:02:28 UTC] [DEBUG   ] [STEP 020] SECTION: UNCERTAINTY BUDGET
[2026-05-10 01:02:28 UTC] [DEBUG   ] [STEP 020] ================================================================================
[2026-05-10 01:02:28 UTC] [INFO    ] [STEP 020] Total fractional uncertainty: 53.3%
[2026-05-10 01:02:28 UTC] [INFO    ] [STEP 020] Breakdown:
[2026-05-10 01:02:28 UTC] [INFO    ] [STEP 020]   beta                :  88.0%
[2026-05-10 01:02:28 UTC] [INFO    ] [STEP 020]   lambda_tep_km       :  10.3%
[2026-05-10 01:02:28 UTC] [INFO    ] [STEP 020]   disformal_coupling  :   0.9%
[2026-05-10 01:02:28 UTC] [INFO    ] [STEP 020]   characteristic_suppression:   0.9%
[2026-05-10 01:02:28 UTC] [INFO    ] [STEP 020]   j3                  :   0.0%
[2026-05-10 01:02:28 UTC] [INFO    ] [STEP 020]   j2                  :   0.0%
[2026-05-10 01:02:28 UTC] [DEBUG   ] [STEP 020] 
[2026-05-10 01:02:28 UTC] [DEBUG   ] [STEP 020] ================================================================================
[2026-05-10 01:02:28 UTC] [DEBUG   ] [STEP 020] SECTION: PARAMETER CORRELATION ANALYSIS
[2026-05-10 01:02:28 UTC] [DEBUG   ] [STEP 020] ================================================================================
[2026-05-10 01:02:28 UTC] [INFO    ] [STEP 020] Correlation (β vs altitude): r = -0.594, p = 0.291
[2026-05-10 01:02:28 UTC] [DEBUG   ] [STEP 020] 
[2026-05-10 01:02:28 UTC] [DEBUG   ] [STEP 020] ================================================================================
[2026-05-10 01:02:28 UTC] [DEBUG   ] [STEP 020] SECTION: PARAMETER IMPORTANCE RANKING
[2026-05-10 01:02:28 UTC] [DEBUG   ] [STEP 020] ================================================================================
[2026-05-10 01:02:28 UTC] [INFO    ] [STEP 020] 1. characteristic_suppression S = +1.000 (high)
[2026-05-10 01:02:28 UTC] [INFO    ] [STEP 020] 2. beta                 S = +1.000 (high)
[2026-05-10 01:02:28 UTC] [INFO    ] [STEP 020] 3. lambda_tep_km        S = +0.364 (moderate)
[2026-05-10 01:02:28 UTC] [INFO    ] [STEP 020] 4. disformal_coupling   S = +0.050 (low)
[2026-05-10 01:02:28 UTC] [INFO    ] [STEP 020] 5. j2                   S = +0.050 (low)
[2026-05-10 01:02:28 UTC] [INFO    ] [STEP 020] 6. j3                   S = +0.050 (low)
[2026-05-10 01:02:28 UTC] [INFO    ] [STEP 020] ✓ Sensitivity analysis complete. Saved to /Users/matthewsmawfield/www/Temporal Equivalence Principle/TEP-EFA/results/step020_sensitivity_analysis.json
[2026-05-10 01:02:28 UTC] [INFO    ] [STEP 020] 
[2026-05-10 01:02:28 UTC] [INFO    ] [STEP 020] ================================================================================
[2026-05-10 01:02:28 UTC] [INFO    ] [STEP 020] STEP SUMMARY: step_020_sensitivity_analysis
[2026-05-10 01:02:28 UTC] [INFO    ] [STEP 020] ================================================================================
[2026-05-10 01:02:28 UTC] [INFO    ] [STEP 020] Step Number: 020
[2026-05-10 01:02:28 UTC] [INFO    ] [STEP 020] Status: SUCCESS
[2026-05-10 01:02:28 UTC] [INFO    ] [STEP 020] Duration: 0.00s
[2026-05-10 01:02:28 UTC] [INFO    ] [STEP 020] Calculations Logged: 0
[2026-05-10 01:02:28 UTC] [INFO    ] [STEP 020] Output Files: 0
[2026-05-10 01:02:28 UTC] [INFO    ] [STEP 020] Log file: /Users/matthewsmawfield/www/Temporal Equivalence Principle/TEP-EFA/logs/step_020_sensitivity_analysis.log
[2026-05-10 01:02:28 UTC] [INFO    ] [STEP 020] No output files generated
[2026-05-10 01:02:28 UTC] [INFO    ] [STEP 020] ================================================================================
[2026-05-10 01:02:28 UTC] [INFO    ] [STEP 020] STEP 020 COMPLETE: SUCCESS
[2026-05-10 01:02:28 UTC] [INFO    ] [STEP 020] Provenance data saved to /Users/matthewsmawfield/www/Temporal Equivalence Principle/TEP-EFA/results/provenance/step_020_sensitivity_analysis_provenance.json
[2026-05-09 22:02:28 UTC] [INFO    ] [STEP 020] 
[2026-05-09 22:02:28 UTC] [INFO    ] [STEP 020] ================================================================================
[2026-05-09 22:02:28 UTC] [INFO    ] [STEP 020] EXECUTIVE SUMMARY
[2026-05-09 22:02:28 UTC] [INFO    ] [STEP 020] ================================================================================
[2026-05-09 22:02:28 UTC] [INFO    ] [STEP 020] Step: step_020_sensitivity_analysis (Step 020)
[2026-05-09 22:02:28 UTC] [INFO    ] [STEP 020] Status: SUCCESS
[2026-05-09 22:02:28 UTC] [INFO    ] [STEP 020] Duration: 0.00s
[2026-05-09 22:02:28 UTC] [INFO    ] [STEP 020] Calculations: 0
[2026-05-09 22:02:28 UTC] [INFO    ] [STEP 020] Output Files: 0
[2026-05-09 22:02:28 UTC] [INFO    ] [STEP 020] ================================================================================
