[2026-05-10 01:02:35 UTC] [INFO    ] [STEP 018] LOGGER INITIALIZED: step_018_enhanced_bayesian (Step 018)
[2026-05-10 01:02:35 UTC] [DEBUG   ] [STEP 018] Log file: /Users/matthewsmawfield/www/Temporal Equivalence Principle/TEP-EFA/logs/step_018_enhanced_bayesian.log
[2026-05-10 01:02:35 UTC] [DEBUG   ] [STEP 018] Project root: /Users/matthewsmawfield/www/Temporal Equivalence Principle/TEP-EFA
[2026-05-10 01:02:35 UTC] [WARNING ] [STEP 018] ⚠ Missing uncertainty for Rosetta_2007, skipping
[2026-05-10 01:02:35 UTC] [INFO    ] [STEP 018] Loaded 4 flybys with observations
[2026-05-10 01:02:35 UTC] [INFO    ] [STEP 018] ================================================================================
[2026-05-10 01:02:35 UTC] [INFO    ] [STEP 018] STEP 018: ENHANCED BAYESIAN ANALYSIS
[2026-05-10 01:02:35 UTC] [INFO    ] [STEP 018] ================================================================================
[2026-05-10 01:02:35 UTC] [INFO    ] [STEP 018] Using emcee for MCMC sampling
[2026-05-10 01:02:35 UTC] [INFO    ] [STEP 018] Running burn-in...
[2026-05-10 01:02:36 UTC] [INFO    ] [STEP 018] Running production chain...
[2026-05-10 01:02:38 UTC] [DEBUG   ] [STEP 018] 
[2026-05-10 01:02:38 UTC] [DEBUG   ] [STEP 018] ================================================================================
[2026-05-10 01:02:38 UTC] [DEBUG   ] [STEP 018] SECTION: POSTERIOR RESULTS
[2026-05-10 01:02:38 UTC] [DEBUG   ] [STEP 018] ================================================================================
[2026-05-10 01:02:38 UTC] [INFO    ] [STEP 018] β (coupling constant):
[2026-05-10 01:02:38 UTC] [INFO    ] [STEP 018]   Median: 1.77e-04
[2026-05-10 01:02:38 UTC] [INFO    ] [STEP 018]   68% CI: [1.42e-04, 2.35e-04]
[2026-05-10 01:02:38 UTC] [INFO    ] [STEP 018]   95% CI: [1.07e-04, 2.96e-04]
[2026-05-10 01:02:38 UTC] [INFO    ] [STEP 018] 
Systematic uncertainty:
[2026-05-10 01:02:38 UTC] [INFO    ] [STEP 018]   Median: 1.575 mm/s
[2026-05-10 01:02:38 UTC] [INFO    ] [STEP 018] 
Disformal coupling strength:
[2026-05-10 01:02:38 UTC] [INFO    ] [STEP 018]   Median: 1.134
[2026-05-10 01:02:38 UTC] [INFO    ] [STEP 018]   68% CI: [0.447, 1.728]
[2026-05-10 01:02:38 UTC] [DEBUG   ] [STEP 018] 
[2026-05-10 01:02:38 UTC] [DEBUG   ] [STEP 018] ================================================================================
[2026-05-10 01:02:38 UTC] [DEBUG   ] [STEP 018] SECTION: MODEL COMPARISON
[2026-05-10 01:02:38 UTC] [DEBUG   ] [STEP 018] ================================================================================
[2026-05-10 01:02:38 UTC] [INFO    ] [STEP 018] AIC: TEP=20.1, Null=1830098.7, Empirical=6.0
[2026-05-10 01:02:38 UTC] [INFO    ] [STEP 018] Best model (AIC): Empirical
[2026-05-10 01:02:38 UTC] [INFO    ] [STEP 018] Akaike weights: TEP=0.001, Null=0.000, Empirical=0.999
[2026-05-10 01:02:38 UTC] [INFO    ] [STEP 018] ✓ Enhanced Bayesian analysis complete. Saved to /Users/matthewsmawfield/www/Temporal Equivalence Principle/TEP-EFA/results/step018_enhanced_bayesian.json
[2026-05-10 01:02:38 UTC] [INFO    ] [STEP 018] 
[2026-05-10 01:02:38 UTC] [INFO    ] [STEP 018] ================================================================================
[2026-05-10 01:02:38 UTC] [INFO    ] [STEP 018] STEP SUMMARY: step_018_enhanced_bayesian
[2026-05-10 01:02:38 UTC] [INFO    ] [STEP 018] ================================================================================
[2026-05-10 01:02:38 UTC] [INFO    ] [STEP 018] Step Number: 018
[2026-05-10 01:02:38 UTC] [INFO    ] [STEP 018] Status: SUCCESS
[2026-05-10 01:02:38 UTC] [INFO    ] [STEP 018] Duration: 0.00s
[2026-05-10 01:02:38 UTC] [INFO    ] [STEP 018] Calculations Logged: 0
[2026-05-10 01:02:38 UTC] [INFO    ] [STEP 018] Output Files: 0
[2026-05-10 01:02:38 UTC] [INFO    ] [STEP 018] Log file: /Users/matthewsmawfield/www/Temporal Equivalence Principle/TEP-EFA/logs/step_018_enhanced_bayesian.log
[2026-05-10 01:02:38 UTC] [INFO    ] [STEP 018] No output files generated
[2026-05-10 01:02:38 UTC] [INFO    ] [STEP 018] ================================================================================
[2026-05-10 01:02:38 UTC] [INFO    ] [STEP 018] STEP 018 COMPLETE: SUCCESS
[2026-05-10 01:02:38 UTC] [INFO    ] [STEP 018] Provenance data saved to /Users/matthewsmawfield/www/Temporal Equivalence Principle/TEP-EFA/results/provenance/step_018_enhanced_bayesian_provenance.json
[2026-05-09 22:02:38 UTC] [INFO    ] [STEP 018] 
[2026-05-09 22:02:38 UTC] [INFO    ] [STEP 018] ================================================================================
[2026-05-09 22:02:38 UTC] [INFO    ] [STEP 018] EXECUTIVE SUMMARY
[2026-05-09 22:02:38 UTC] [INFO    ] [STEP 018] ================================================================================
[2026-05-09 22:02:38 UTC] [INFO    ] [STEP 018] Step: step_018_enhanced_bayesian (Step 018)
[2026-05-09 22:02:38 UTC] [INFO    ] [STEP 018] Status: SUCCESS
[2026-05-09 22:02:38 UTC] [INFO    ] [STEP 018] Duration: 0.00s
[2026-05-09 22:02:38 UTC] [INFO    ] [STEP 018] Calculations: 0
[2026-05-09 22:02:38 UTC] [INFO    ] [STEP 018] Output Files: 0
[2026-05-09 22:02:38 UTC] [INFO    ] [STEP 018] ================================================================================
