[2026-05-11 09:06:15 UTC] [INFO    ] [STEP 030] LOGGER INITIALIZED: step_030_juno_reanalysis (Step 030)
[2026-05-11 09:06:15 UTC] [DEBUG   ] [STEP 030] Log file: /Users/matthewsmawfield/www/Temporal Equivalence Principle/TEP-EFA/logs/step_030_juno_reanalysis.log
[2026-05-11 09:06:15 UTC] [DEBUG   ] [STEP 030] Project root: /Users/matthewsmawfield/www/Temporal Equivalence Principle/TEP-EFA
[2026-05-11 09:06:15 UTC] [INFO    ] [STEP 030] ======================================================================
[2026-05-11 09:06:15 UTC] [INFO    ] [STEP 030] INCONCLUSIVE - Framework Ready
[2026-05-11 09:06:15 UTC] [INFO    ] [STEP 030] ======================================================================
[2026-05-11 09:06:15 UTC] [INFO    ] [STEP 030] Raw data download may be required.
[2026-05-11 09:06:15 UTC] [INFO    ] [STEP 030] See data/raw/dsn_tracking/Juno_2013/DOWNLOAD_INSTRUCTIONS.txt
[2026-05-11 09:06:15 UTC] [INFO    ] [STEP 030] 
[2026-05-11 09:06:15 UTC] [INFO    ] [STEP 030] ================================================================================
[2026-05-11 09:06:15 UTC] [INFO    ] [STEP 030] STEP SUMMARY: step_030_juno_reanalysis
[2026-05-11 09:06:15 UTC] [INFO    ] [STEP 030] ================================================================================
[2026-05-11 09:06:15 UTC] [INFO    ] [STEP 030] Step Number: 030
[2026-05-11 09:06:15 UTC] [INFO    ] [STEP 030] Status: SUCCESS
[2026-05-11 09:06:15 UTC] [INFO    ] [STEP 030] Duration: 0.00s
[2026-05-11 09:06:15 UTC] [INFO    ] [STEP 030] Calculations Logged: 0
[2026-05-11 09:06:15 UTC] [INFO    ] [STEP 030] Output Files: 0
[2026-05-11 09:06:15 UTC] [INFO    ] [STEP 030] Log file: /Users/matthewsmawfield/www/Temporal Equivalence Principle/TEP-EFA/logs/step_030_juno_reanalysis.log
[2026-05-11 09:06:15 UTC] [INFO    ] [STEP 030] No output files generated
[2026-05-11 09:06:15 UTC] [INFO    ] [STEP 030] ================================================================================
[2026-05-11 09:06:15 UTC] [INFO    ] [STEP 030] STEP 030 COMPLETE: SUCCESS
[2026-05-11 09:06:15 UTC] [INFO    ] [STEP 030] Provenance data saved to /Users/matthewsmawfield/www/Temporal Equivalence Principle/TEP-EFA/results/provenance/step_030_juno_reanalysis_provenance.json
[2026-05-11 06:06:15 UTC] [INFO    ] [STEP 030] 
[2026-05-11 06:06:15 UTC] [INFO    ] [STEP 030] ================================================================================
[2026-05-11 06:06:15 UTC] [INFO    ] [STEP 030] EXECUTIVE SUMMARY
[2026-05-11 06:06:15 UTC] [INFO    ] [STEP 030] ================================================================================
[2026-05-11 06:06:15 UTC] [INFO    ] [STEP 030] Step: step_030_juno_reanalysis (Step 030)
[2026-05-11 06:06:15 UTC] [INFO    ] [STEP 030] Status: SUCCESS
[2026-05-11 06:06:15 UTC] [INFO    ] [STEP 030] Duration: 0.00s
[2026-05-11 06:06:15 UTC] [INFO    ] [STEP 030] Calculations: 0
[2026-05-11 06:06:15 UTC] [INFO    ] [STEP 030] Output Files: 0
[2026-05-11 06:06:15 UTC] [INFO    ] [STEP 030] ================================================================================
