[2026-05-10 01:04:24 UTC] [INFO    ] [STEP 027] LOGGER INITIALIZED: step_027_covariant_holonomy (Step 027)
[2026-05-10 01:04:24 UTC] [DEBUG   ] [STEP 027] Log file: /Users/matthewsmawfield/www/Temporal Equivalence Principle/TEP-EFA/logs/step_027_covariant_holonomy.log
[2026-05-10 01:04:24 UTC] [DEBUG   ] [STEP 027] Project root: /Users/matthewsmawfield/www/Temporal Equivalence Principle/TEP-EFA
[2026-05-10 01:04:24 UTC] [INFO    ] [STEP 027] ================================================================================
[2026-05-10 01:04:24 UTC] [INFO    ] [STEP 027] STEP 027: COVARIANT SYNCHRONIZATION HOLONOMY
[2026-05-10 01:04:24 UTC] [INFO    ] [STEP 027] ================================================================================
[2026-05-10 01:04:24 UTC] [INFO    ] [STEP 027] Computing exact metric time-transport non-closure (Holonomy) around DSN tracking loop.
[2026-05-10 01:04:24 UTC] [INFO    ] [STEP 027] Using GW170817 multi-messenger disformal bound: (B/A)|grad phi|^2 = 1e-15
[2026-05-10 01:04:24 UTC] [DEBUG   ] [STEP 027] 
[2026-05-10 01:04:24 UTC] [DEBUG   ] [STEP 027] ================================================================================
[2026-05-10 01:04:24 UTC] [DEBUG   ] [STEP 027] SECTION: HOLONOMY OBSERVABLES
[2026-05-10 01:04:24 UTC] [DEBUG   ] [STEP 027] ================================================================================
[2026-05-10 01:04:24 UTC] [INFO    ] [STEP 027] Loop proper-time non-closure (H): 0.02 femtoseconds
[2026-05-10 01:04:24 UTC] [INFO    ] [STEP 027] Apparent kinematic velocity mismatch: 0.000150 mm/s
[2026-05-10 01:04:24 UTC] [DEBUG   ] [STEP 027] 
[2026-05-10 01:04:24 UTC] [DEBUG   ] [STEP 027] --- THEORETICAL VERIFICATION ---
[2026-05-10 01:04:24 UTC] [INFO    ] [STEP 027] ✓ The covariant ray-trace confirms that a disformal metric perturbation bounded 
[2026-05-10 01:04:24 UTC] [INFO    ] [STEP 027] ✓ by GW170817 yields femtosecond-scale holonomy on planetary baselines.
[2026-05-10 01:04:24 UTC] [INFO    ] [STEP 027] ✓ This physically isolates the conformal gradient (classical scalar force) as the 
[2026-05-10 01:04:24 UTC] [INFO    ] [STEP 027] ✓ dominant driver of the mm/s-scale Flyby Anomaly, preserving theoretical purity.
[2026-05-10 01:04:24 UTC] [INFO    ] [STEP 027] Exported holonomy verification to /Users/matthewsmawfield/www/Temporal Equivalence Principle/TEP-EFA/results/step027_holonomy_results.json
[2026-05-10 01:04:24 UTC] [INFO    ] [STEP 027] 
[2026-05-10 01:04:24 UTC] [INFO    ] [STEP 027] ================================================================================
[2026-05-10 01:04:24 UTC] [INFO    ] [STEP 027] STEP SUMMARY: step_027_covariant_holonomy
[2026-05-10 01:04:24 UTC] [INFO    ] [STEP 027] ================================================================================
[2026-05-10 01:04:24 UTC] [INFO    ] [STEP 027] Step Number: 027
[2026-05-10 01:04:24 UTC] [INFO    ] [STEP 027] Status: SUCCESS
[2026-05-10 01:04:24 UTC] [INFO    ] [STEP 027] Duration: 0.00s
[2026-05-10 01:04:24 UTC] [INFO    ] [STEP 027] Calculations Logged: 0
[2026-05-10 01:04:24 UTC] [INFO    ] [STEP 027] Output Files: 0
[2026-05-10 01:04:24 UTC] [INFO    ] [STEP 027] Log file: /Users/matthewsmawfield/www/Temporal Equivalence Principle/TEP-EFA/logs/step_027_covariant_holonomy.log
[2026-05-10 01:04:24 UTC] [INFO    ] [STEP 027] No output files generated
[2026-05-10 01:04:24 UTC] [INFO    ] [STEP 027] ================================================================================
[2026-05-10 01:04:24 UTC] [INFO    ] [STEP 027] STEP 027 COMPLETE: SUCCESS
[2026-05-10 01:04:24 UTC] [INFO    ] [STEP 027] Provenance data saved to /Users/matthewsmawfield/www/Temporal Equivalence Principle/TEP-EFA/results/provenance/step_027_covariant_holonomy_provenance.json
[2026-05-09 22:04:24 UTC] [INFO    ] [STEP 027] 
[2026-05-09 22:04:24 UTC] [INFO    ] [STEP 027] ================================================================================
[2026-05-09 22:04:24 UTC] [INFO    ] [STEP 027] EXECUTIVE SUMMARY
[2026-05-09 22:04:24 UTC] [INFO    ] [STEP 027] ================================================================================
[2026-05-09 22:04:24 UTC] [INFO    ] [STEP 027] Step: step_027_covariant_holonomy (Step 027)
[2026-05-09 22:04:24 UTC] [INFO    ] [STEP 027] Status: SUCCESS
[2026-05-09 22:04:24 UTC] [INFO    ] [STEP 027] Duration: 0.00s
[2026-05-09 22:04:24 UTC] [INFO    ] [STEP 027] Calculations: 0
[2026-05-09 22:04:24 UTC] [INFO    ] [STEP 027] Output Files: 0
[2026-05-09 22:04:24 UTC] [INFO    ] [STEP 027] ================================================================================
