[2026-05-17 12:27:15 UTC] [INFO    ] [STEP 038] LOGGER INITIALIZED: step_038_extract_3d_vectors (Step 038)
[2026-05-17 12:27:15 UTC] [DEBUG   ] [STEP 038] Log file: /Users/matthewsmawfield/www/Temporal Equivalence Principle/TEP-EFA/logs/step_038_extract_3d_vectors.log
[2026-05-17 12:27:15 UTC] [DEBUG   ] [STEP 038] Project root: /Users/matthewsmawfield/www/Temporal Equivalence Principle/TEP-EFA
[2026-05-17 12:27:15 UTC] [INFO    ] [STEP 038] ================================================================================
[2026-05-17 12:27:15 UTC] [INFO    ] [STEP 038] STEP 038: EXTRACT 3D STATE VECTORS FROM JPL HORIZONS RAW DATA
[2026-05-17 12:27:15 UTC] [INFO    ] [STEP 038] ================================================================================
[2026-05-17 12:27:15 UTC] [INFO    ] [STEP 038] Loaded 12 flyby-date anchors from step003_archival_flyby_catalog.json for perigee search
[2026-05-17 12:27:15 UTC] [DEBUG   ] [STEP 038] 
[2026-05-17 12:27:15 UTC] [DEBUG   ] [STEP 038] --- Processing NEAR ---
[2026-05-17 12:27:15 UTC] [INFO    ] [STEP 038]   Parsed 4320 data points
[2026-05-17 12:27:15 UTC] [INFO    ] [STEP 038]   Perigee: RA=280.17 deg, Dec=32.53 deg
[2026-05-17 12:27:15 UTC] [INFO    ] [STEP 038]   Range: 6910.6 km, Altitude: 532.5 km
[2026-05-17 12:27:15 UTC] [INFO    ] [STEP 038]   Speed (equatorial): 12.71 km/s
[2026-05-17 12:27:15 UTC] [INFO    ] [STEP 038]   Velocity (ecliptic): [-3.48, -10.50, -6.27] km/s
[2026-05-17 12:27:15 UTC] [DEBUG   ] [STEP 038] 
[2026-05-17 12:27:15 UTC] [DEBUG   ] [STEP 038] --- Processing Galileo_1990 ---
[2026-05-17 12:27:15 UTC] [INFO    ] [STEP 038]   Parsed 4320 data points
[2026-05-17 12:27:15 UTC] [INFO    ] [STEP 038]   Perigee: RA=319.85 deg, Dec=23.92 deg
[2026-05-17 12:27:15 UTC] [INFO    ] [STEP 038]   Range: 7340.7 km, Altitude: 962.6 km
[2026-05-17 12:27:15 UTC] [INFO    ] [STEP 038]   Speed (equatorial): 13.70 km/s
[2026-05-17 12:27:15 UTC] [INFO    ] [STEP 038]   Velocity (ecliptic): [-5.33, -12.58, -0.96] km/s
[2026-05-17 12:27:15 UTC] [DEBUG   ] [STEP 038] 
[2026-05-17 12:27:15 UTC] [DEBUG   ] [STEP 038] --- Processing Galileo_1992 ---
[2026-05-17 12:27:15 UTC] [INFO    ] [STEP 038]   Parsed 4320 data points
[2026-05-17 12:27:15 UTC] [INFO    ] [STEP 038]   Perigee: RA=302.61 deg, Dec=-32.42 deg
[2026-05-17 12:27:15 UTC] [INFO    ] [STEP 038]   Range: 6681.5 km, Altitude: 303.3 km
[2026-05-17 12:27:15 UTC] [INFO    ] [STEP 038]   Speed (equatorial): 14.02 km/s
[2026-05-17 12:27:15 UTC] [INFO    ] [STEP 038]   Velocity (ecliptic): [-12.59, -5.22, -3.32] km/s
[2026-05-17 12:27:15 UTC] [DEBUG   ] [STEP 038] 
[2026-05-17 12:27:15 UTC] [DEBUG   ] [STEP 038] --- Processing Cassini ---
[2026-05-17 12:27:15 UTC] [INFO    ] [STEP 038]   Parsed 4320 data points
[2026-05-17 12:27:15 UTC] [INFO    ] [STEP 038]   Perigee: RA=245.58 deg, Dec=-22.85 deg
[2026-05-17 12:27:15 UTC] [INFO    ] [STEP 038]   Range: 7563.8 km, Altitude: 1185.7 km
[2026-05-17 12:27:15 UTC] [INFO    ] [STEP 038]   Speed (equatorial): 18.89 km/s
[2026-05-17 12:27:15 UTC] [INFO    ] [STEP 038]   Velocity (ecliptic): [+17.83, -6.20, -0.61] km/s
[2026-05-17 12:27:15 UTC] [DEBUG   ] [STEP 038] 
[2026-05-17 12:27:15 UTC] [DEBUG   ] [STEP 038] --- Processing Rosetta_2005 ---
[2026-05-17 12:27:15 UTC] [INFO    ] [STEP 038]   Parsed 4320 data points
[2026-05-17 12:27:15 UTC] [INFO    ] [STEP 038]   Perigee: RA=22.77 deg, Dec=20.71 deg
[2026-05-17 12:27:15 UTC] [INFO    ] [STEP 038]   Range: 8333.8 km, Altitude: 1955.6 km
[2026-05-17 12:27:15 UTC] [INFO    ] [STEP 038]   Speed (equatorial): 10.51 km/s
[2026-05-17 12:27:15 UTC] [INFO    ] [STEP 038]   Velocity (ecliptic): [+5.12, -9.08, -1.29] km/s
[2026-05-17 12:27:15 UTC] [DEBUG   ] [STEP 038] 
[2026-05-17 12:27:15 UTC] [DEBUG   ] [STEP 038] --- Processing Rosetta_2007 ---
[2026-05-17 12:27:15 UTC] [INFO    ] [STEP 038]   Parsed 4320 data points
[2026-05-17 12:27:15 UTC] [INFO    ] [STEP 038]   Perigee: RA=304.23 deg, Dec=-64.75 deg
[2026-05-17 12:27:15 UTC] [INFO    ] [STEP 038]   Range: 11681.1 km, Altitude: 5303.0 km
[2026-05-17 12:27:15 UTC] [INFO    ] [STEP 038]   Speed (equatorial): 12.40 km/s
[2026-05-17 12:27:15 UTC] [INFO    ] [STEP 038]   Velocity (ecliptic): [-9.58, -6.88, +3.83] km/s
[2026-05-17 12:27:15 UTC] [DEBUG   ] [STEP 038] 
[2026-05-17 12:27:15 UTC] [DEBUG   ] [STEP 038] --- Processing Rosetta_2009 ---
[2026-05-17 12:27:15 UTC] [INFO    ] [STEP 038]   Parsed 4320 data points
[2026-05-17 12:27:15 UTC] [INFO    ] [STEP 038]   Perigee: RA=276.40 deg, Dec=-7.44 deg
[2026-05-17 12:27:15 UTC] [INFO    ] [STEP 038]   Range: 8862.2 km, Altitude: 2484.0 km
[2026-05-17 12:27:15 UTC] [INFO    ] [STEP 038]   Speed (equatorial): 13.32 km/s
[2026-05-17 12:27:15 UTC] [INFO    ] [STEP 038]   Velocity (ecliptic): [-12.05, -0.09, +5.66] km/s
[2026-05-17 12:27:15 UTC] [DEBUG   ] [STEP 038] 
[2026-05-17 12:27:15 UTC] [DEBUG   ] [STEP 038] --- Processing MESSENGER_2005 ---
[2026-05-17 12:27:15 UTC] [INFO    ] [STEP 038]   Parsed 4320 data points
[2026-05-17 12:27:15 UTC] [INFO    ] [STEP 038]   Perigee: RA=348.06 deg, Dec=46.95 deg
[2026-05-17 12:27:15 UTC] [INFO    ] [STEP 038]   Range: 8713.9 km, Altitude: 2335.8 km
[2026-05-17 12:27:15 UTC] [INFO    ] [STEP 038]   Speed (equatorial): 10.36 km/s
[2026-05-17 12:27:15 UTC] [INFO    ] [STEP 038]   Velocity (ecliptic): [-2.20, -9.30, +4.00] km/s
[2026-05-17 12:27:15 UTC] [DEBUG   ] [STEP 038] 
[2026-05-17 12:27:15 UTC] [DEBUG   ] [STEP 038] --- Processing Juno ---
[2026-05-17 12:27:15 UTC] [INFO    ] [STEP 038]   Parsed 4320 data points
[2026-05-17 12:27:15 UTC] [INFO    ] [STEP 038]   Perigee: RA=339.73 deg, Dec=-35.85 deg
[2026-05-17 12:27:15 UTC] [INFO    ] [STEP 038]   Range: 6940.4 km, Altitude: 562.2 km
[2026-05-17 12:27:15 UTC] [INFO    ] [STEP 038]   Speed (equatorial): 14.86 km/s
[2026-05-17 12:27:15 UTC] [INFO    ] [STEP 038]   Velocity (ecliptic): [+8.29, +12.14, +2.20] km/s
[2026-05-17 12:27:15 UTC] [DEBUG   ] [STEP 038] 
[2026-05-17 12:27:15 UTC] [DEBUG   ] [STEP 038] --- Processing Stardust ---
[2026-05-17 12:27:15 UTC] [INFO    ] [STEP 038]   Parsed 4320 data points
[2026-05-17 12:27:15 UTC] [INFO    ] [STEP 038]   Perigee: RA=323.46 deg, Dec=-40.31 deg
[2026-05-17 12:27:15 UTC] [INFO    ] [STEP 038]   Range: 12379.5 km, Altitude: 6001.4 km
[2026-05-17 12:27:15 UTC] [INFO    ] [STEP 038]   Speed (equatorial): 10.30 km/s
[2026-05-17 12:27:15 UTC] [INFO    ] [STEP 038]   Velocity (ecliptic): [-6.98, -7.31, +1.99] km/s
[2026-05-17 12:27:15 UTC] [DEBUG   ] [STEP 038] 
[2026-05-17 12:27:15 UTC] [DEBUG   ] [STEP 038] --- Processing OSIRIS-REx ---
[2026-05-17 12:27:15 UTC] [INFO    ] [STEP 038]   Parsed 4320 data points
[2026-05-17 12:27:15 UTC] [INFO    ] [STEP 038]   Perigee: RA=166.94 deg, Dec=-74.43 deg
[2026-05-17 12:27:15 UTC] [INFO    ] [STEP 038]   Range: 23592.8 km, Altitude: 17214.6 km
[2026-05-17 12:27:15 UTC] [INFO    ] [STEP 038]   Speed (equatorial): 8.52 km/s
[2026-05-17 12:27:15 UTC] [INFO    ] [STEP 038]   Velocity (ecliptic): [-8.19, -0.12, +2.36] km/s
[2026-05-17 12:27:15 UTC] [DEBUG   ] [STEP 038] 
[2026-05-17 12:27:15 UTC] [DEBUG   ] [STEP 038] --- Processing BepiColombo ---
[2026-05-17 12:27:15 UTC] [INFO    ] [STEP 038]   Parsed 4320 data points
[2026-05-17 12:27:15 UTC] [INFO    ] [STEP 038]   Perigee: RA=257.88 deg, Dec=-19.59 deg
[2026-05-17 12:27:15 UTC] [INFO    ] [STEP 038]   Range: 19062.5 km, Altitude: 12684.3 km
[2026-05-17 12:27:15 UTC] [INFO    ] [STEP 038]   Speed (equatorial): 7.59 km/s
[2026-05-17 12:27:15 UTC] [INFO    ] [STEP 038]   Velocity (ecliptic): [-7.32, +1.39, -1.46] km/s
[2026-05-17 12:27:15 UTC] [DEBUG   ] [STEP 038] 
[2026-05-17 12:27:15 UTC] [DEBUG   ] [STEP 038] ================================================================================
[2026-05-17 12:27:15 UTC] [DEBUG   ] [STEP 038] SECTION: SUMMARY
[2026-05-17 12:27:15 UTC] [DEBUG   ] [STEP 038] ================================================================================
[2026-05-17 12:27:15 UTC] [INFO    ] [STEP 038] Successfully processed: 12
[2026-05-17 12:27:15 UTC] [INFO    ] [STEP 038] Failed: 0
[2026-05-17 12:27:15 UTC] [INFO    ] [STEP 038] Saved 3D state vectors to: /Users/matthewsmawfield/www/Temporal Equivalence Principle/TEP-EFA/results/step038_3d_state_vectors.json
[2026-05-17 12:27:16 UTC] [INFO    ] [STEP 038] Saved trajectory time series to: /Users/matthewsmawfield/www/Temporal Equivalence Principle/TEP-EFA/results/step038_trajectory_series.json
[2026-05-17 12:27:16 UTC] [INFO    ] [STEP 038] 
[2026-05-17 12:27:16 UTC] [INFO    ] [STEP 038] ================================================================================
[2026-05-17 12:27:16 UTC] [INFO    ] [STEP 038] STEP SUMMARY: step_038_extract_3d_vectors
[2026-05-17 12:27:16 UTC] [INFO    ] [STEP 038] ================================================================================
[2026-05-17 12:27:16 UTC] [INFO    ] [STEP 038] Step Number: 038
[2026-05-17 12:27:16 UTC] [INFO    ] [STEP 038] Status: SUCCESS
[2026-05-17 12:27:16 UTC] [INFO    ] [STEP 038] Duration: 0.00s
[2026-05-17 12:27:16 UTC] [INFO    ] [STEP 038] Calculations Logged: 0
[2026-05-17 12:27:16 UTC] [INFO    ] [STEP 038] Output Files: 0
[2026-05-17 12:27:16 UTC] [INFO    ] [STEP 038] Log file: /Users/matthewsmawfield/www/Temporal Equivalence Principle/TEP-EFA/logs/step_038_extract_3d_vectors.log
[2026-05-17 12:27:16 UTC] [INFO    ] [STEP 038] No output files generated
[2026-05-17 12:27:16 UTC] [INFO    ] [STEP 038] ================================================================================
[2026-05-17 12:27:16 UTC] [INFO    ] [STEP 038] STEP 038 COMPLETE: SUCCESS
[2026-05-17 12:27:16 UTC] [INFO    ] [STEP 038] Provenance data saved to /Users/matthewsmawfield/www/Temporal Equivalence Principle/TEP-EFA/results/provenance/step_038_extract_3d_vectors_provenance.json
[2026-05-17 09:27:16 UTC] [INFO    ] [STEP 038] 
[2026-05-17 09:27:16 UTC] [INFO    ] [STEP 038] ================================================================================
[2026-05-17 09:27:16 UTC] [INFO    ] [STEP 038] EXECUTIVE SUMMARY
[2026-05-17 09:27:16 UTC] [INFO    ] [STEP 038] ================================================================================
[2026-05-17 09:27:16 UTC] [INFO    ] [STEP 038] Step: step_038_extract_3d_vectors (Step 038)
[2026-05-17 09:27:16 UTC] [INFO    ] [STEP 038] Status: SUCCESS
[2026-05-17 09:27:16 UTC] [INFO    ] [STEP 038] Duration: 0.00s
[2026-05-17 09:27:16 UTC] [INFO    ] [STEP 038] Calculations: 0
[2026-05-17 09:27:16 UTC] [INFO    ] [STEP 038] Output Files: 0
[2026-05-17 09:27:16 UTC] [INFO    ] [STEP 038] ================================================================================
