[2026-05-10 01:02:23 UTC] [INFO    ] [STEP 005] LOGGER INITIALIZED: step_005_fitting (Step 005)
[2026-05-10 01:02:23 UTC] [DEBUG   ] [STEP 005] Log file: /Users/matthewsmawfield/www/Temporal Equivalence Principle/TEP-EFA/logs/step_005_fitting.log
[2026-05-10 01:02:23 UTC] [DEBUG   ] [STEP 005] Project root: /Users/matthewsmawfield/www/Temporal Equivalence Principle/TEP-EFA
[2026-05-10 01:02:23 UTC] [INFO    ] [STEP 005] ================================================================================
[2026-05-10 01:02:23 UTC] [INFO    ] [STEP 005] STEP 005: TEP PARAMETER FITTING
[2026-05-10 01:02:23 UTC] [INFO    ] [STEP 005] ================================================================================
[2026-05-10 01:02:23 UTC] [DEBUG   ] [STEP 005] 
[2026-05-10 01:02:23 UTC] [DEBUG   ] [STEP 005] ================================================================================
[2026-05-10 01:02:23 UTC] [DEBUG   ] [STEP 005] SECTION: FITTING β PARAMETER
[2026-05-10 01:02:23 UTC] [DEBUG   ] [STEP 005] ================================================================================
[2026-05-10 01:02:23 UTC] [INFO    ] [STEP 005] Fitting β parameter for 8 flybys
[2026-05-10 01:02:23 UTC] [INFO    ] [STEP 005] 
[2026-05-10 01:02:23 UTC] [INFO    ] [STEP 005] Scientific Context:
[2026-05-10 01:02:23 UTC] [INFO    ] [STEP 005]   The TEP coupling parameter β quantifies the strength of the conformal coupling
[2026-05-10 01:02:23 UTC] [INFO    ] [STEP 005]   between matter and the Temporal Topology scalar field. It is determined by fitting
[2026-05-10 01:02:23 UTC] [INFO    ] [STEP 005]   the predicted velocity anomaly from the scalar force model to the observed
[2026-05-10 01:02:23 UTC] [INFO    ] [STEP 005]   Doppler measurements from NASA's Deep Space Network.
[2026-05-10 01:02:23 UTC] [INFO    ] [STEP 005] 
[2026-05-10 01:02:23 UTC] [INFO    ] [STEP 005] Selection Criterion (a priori, S/N > 2):
[2026-05-10 01:02:23 UTC] [INFO    ] [STEP 005]   Flybys are included in fitting only if the observed anomaly has signal-to-noise
[2026-05-10 01:02:23 UTC] [INFO    ] [STEP 005]   ratio ≥ 2. This prevents confirmation bias by excluding marginal detections.
[2026-05-10 01:02:23 UTC] [INFO    ] [STEP 005]   Current analysis: Will show count after fitting completes.
[2026-05-10 01:02:23 UTC] [INFO    ] [STEP 005]   Note: NEAR, Rosetta_2005, and Cassini often excluded due to sign mismatch
[2026-05-10 01:02:23 UTC] [INFO    ] [STEP 005]   (model prediction has opposite sign to observed anomaly).
[2026-05-10 01:02:23 UTC] [INFO    ] [STEP 005] --------------------------------------------------------------------------------
[2026-05-10 01:02:23 UTC] [INFO    ] [STEP 005] Processing: NEAR
[2026-05-10 01:02:23 UTC] [INFO    ] [STEP 005] --------------------------------------------------------------------------------
[2026-05-10 01:02:23 UTC] [INFO    ] [STEP 005] Observed Δv: 13.46 mm/s
[2026-05-10 01:02:23 UTC] [INFO    ] [STEP 005] TEP predicted: 4.24 mm/s
[2026-05-10 01:02:23 UTC] [DEBUG   ] [CALC-005-0001] CALCULATION: Beta Fitting - Input Values
[2026-05-10 01:02:23 UTC] [DEBUG   ] [CALC-005-0001]   INPUT: dv_tep_mm_s = 4.235680546360339
[2026-05-10 01:02:23 UTC] [DEBUG   ] [CALC-005-0001]   INPUT: dv_obs_mm_s = 13.46
[2026-05-10 01:02:23 UTC] [DEBUG   ] [CALC-005-0001]   INPUT: sigma_mm_s = 0.01
[2026-05-10 01:02:23 UTC] [DEBUG   ] [CALC-005-0001]   INPUT: characteristic_suppression = 0.349
[2026-05-10 01:02:23 UTC] [DEBUG   ] [CALC-005-0001]   INPUT: beta_initial = 0.0001
[2026-05-10 01:02:23 UTC] [DEBUG   ] [CALC-005-0002] CALCULATION: Signal-to-Noise Ratio
[2026-05-10 01:02:23 UTC] [DEBUG   ] [CALC-005-0002]   INPUT: dv_obs = 13.46
[2026-05-10 01:02:23 UTC] [DEBUG   ] [CALC-005-0002]   INPUT: dv_unc = 0.01
[2026-05-10 01:02:23 UTC] [DEBUG   ] [CALC-005-0002]   FORMULA: S/N = |Δv_obs| / σ_Δv
[2026-05-10 01:02:23 UTC] [DEBUG   ] [CALC-005-0002]   RESULT: 1346.0
[2026-05-10 01:02:23 UTC] [INFO    ] [STEP 005] THRESHOLD [S/N >= 2]: 1346.0 >= 2.0 → PASS
[2026-05-10 01:02:23 UTC] [DEBUG   ] [CALC-005-0003] CALCULATION: Sign Mismatch Check
[2026-05-10 01:02:23 UTC] [DEBUG   ] [CALC-005-0003]   INPUT: dv_tep = 4.235680546360339
[2026-05-10 01:02:23 UTC] [DEBUG   ] [CALC-005-0003]   INPUT: dv_obs = 13.46
[2026-05-10 01:02:23 UTC] [DEBUG   ] [CALC-005-0003]   INPUT: sign_product = 57.012260154010164
[2026-05-10 01:02:23 UTC] [DEBUG   ] [CALC-005-0003]   FORMULA: dv_tep × dv_obs
[2026-05-10 01:02:23 UTC] [DEBUG   ] [CALC-005-0003]   RESULT: 57.012260154010164
[2026-05-10 01:02:23 UTC] [DEBUG   ] [CALC-005-0004] CALCULATION: Beta Fitting (TEP v0.8 - Geometry-Dependent β_eff)
[2026-05-10 01:02:23 UTC] [DEBUG   ] [CALC-005-0004]   INPUT: beta_initial = 0.0001
[2026-05-10 01:02:23 UTC] [DEBUG   ] [CALC-005-0004]   INPUT: dv_obs = 13.46
[2026-05-10 01:02:23 UTC] [DEBUG   ] [CALC-005-0004]   INPUT: dv_tep = 4.235680546360339
[2026-05-10 01:02:23 UTC] [DEBUG   ] [CALC-005-0004]   INPUT: ratio = 3.1777656158621292
[2026-05-10 01:02:23 UTC] [DEBUG   ] [CALC-005-0004]   INPUT: exponent = 1.3333333333333333
[2026-05-10 01:02:23 UTC] [DEBUG   ] [CALC-005-0004]   INPUT: note = beta_eff varies with geometry per TEP v0.8 Temporal Topology
[2026-05-10 01:02:23 UTC] [DEBUG   ] [CALC-005-0004]   FORMULA: β_eff = β_initial × (Δv_obs / Δv_tep)^(4/3)
[2026-05-10 01:02:23 UTC] [DEBUG   ] [CALC-005-0004]   RESULT: 0.00046719244958672344
[2026-05-10 01:02:23 UTC] [DEBUG   ] [CALC-005-0005] CALCULATION: Beta Uncertainty
[2026-05-10 01:02:23 UTC] [DEBUG   ] [CALC-005-0005]   INPUT: beta_fitted = 0.00046719244958672344
[2026-05-10 01:02:23 UTC] [DEBUG   ] [CALC-005-0005]   INPUT: dv_unc = 0.01
[2026-05-10 01:02:23 UTC] [DEBUG   ] [CALC-005-0005]   INPUT: abs_dv_obs = 13.46
[2026-05-10 01:02:23 UTC] [DEBUG   ] [CALC-005-0005]   INPUT: exponent_factor = 1.3333333333333333
[2026-05-10 01:02:23 UTC] [DEBUG   ] [CALC-005-0005]   FORMULA: σ_β = β_fitted × (4/3) × (σ_Δv / |Δv_obs|)
[2026-05-10 01:02:23 UTC] [DEBUG   ] [CALC-005-0005]   RESULT: 4.627958886445997e-07
[2026-05-10 01:02:23 UTC] [DEBUG   ] [CALC-005-0006] CALCULATION: Effective Beta (Temporal Shear Suppression)
[2026-05-10 01:02:23 UTC] [DEBUG   ] [CALC-005-0006]   INPUT: beta_fitted = 0.00046719244958672344
[2026-05-10 01:02:23 UTC] [DEBUG   ] [CALC-005-0006]   INPUT: characteristic_suppression = 0.349
[2026-05-10 01:02:23 UTC] [DEBUG   ] [CALC-005-0006]   FORMULA: β_eff = β_fitted × S_⊕
[2026-05-10 01:02:23 UTC] [DEBUG   ] [CALC-005-0006]   RESULT: 0.00016305016490576646
[2026-05-10 01:02:23 UTC] [DEBUG   ] [CALC-005-0007] CALCULATION: PPN Gamma Deviation (Unscreened Regime)
[2026-05-10 01:02:23 UTC] [DEBUG   ] [CALC-005-0007]   INPUT: beta_fitted = 0.00046719244958672344
[2026-05-10 01:02:23 UTC] [DEBUG   ] [CALC-005-0007]   INPUT: M_Pl = 2.435e+18
[2026-05-10 01:02:23 UTC] [DEBUG   ] [CALC-005-0007]   FORMULA: |γ-1| = 2 × (β/M_Pl)² (cosmological α₀)
[2026-05-10 01:02:23 UTC] [DEBUG   ] [CALC-005-0007]   RESULT: 7.362472665511703e-44
[2026-05-10 01:02:23 UTC] [INFO    ] [STEP 005] THRESHOLD [PPN Compliance]: 7.362472665511703e-44 < 2.3e-05 → PASS
[2026-05-10 01:02:23 UTC] [INFO    ] [STEP 005] Fitted β: 4.67e-04 ± 4.63e-07
[2026-05-10 01:02:23 UTC] [INFO    ] [STEP 005] β_eff (with Temporal Shear screening): 1.63e-04
[2026-05-10 01:02:23 UTC] [INFO    ] [STEP 005] |γ-1| from β_eff: 7.36e-44 (bound: 2.3e-5)
[2026-05-10 01:02:23 UTC] [INFO    ] [STEP 005] Status: allowed
[2026-05-10 01:02:23 UTC] [INFO    ] [STEP 005] 
[2026-05-10 01:02:23 UTC] [INFO    ] [STEP 005]   Physics Interpretation:
[2026-05-10 01:02:23 UTC] [INFO    ] [STEP 005]     The fitted coupling β = 4.67e-04 implies an effective
[2026-05-10 01:02:23 UTC] [INFO    ] [STEP 005]     coupling β_eff = 1.63e-04 after Temporal Shear Suppression.
[2026-05-10 01:02:23 UTC] [INFO    ] [STEP 005]     This corresponds to PPN parameter deviation |γ-1| = 7.36e-44,
[2026-05-10 01:02:23 UTC] [INFO    ] [STEP 005]     ratio to Cassini bound: 3.12e+38
[2026-05-10 01:02:23 UTC] [INFO    ] [STEP 005]     PPN constraint satisfied.
[2026-05-10 01:02:23 UTC] [INFO    ] [STEP 005] --------------------------------------------------------------------------------
[2026-05-10 01:02:23 UTC] [INFO    ] [STEP 005] Processing: Galileo_1990
[2026-05-10 01:02:23 UTC] [INFO    ] [STEP 005] --------------------------------------------------------------------------------
[2026-05-10 01:02:23 UTC] [INFO    ] [STEP 005] Observed Δv: 3.92 mm/s
[2026-05-10 01:02:23 UTC] [INFO    ] [STEP 005] TEP predicted: 1.05 mm/s
[2026-05-10 01:02:23 UTC] [DEBUG   ] [CALC-005-0008] CALCULATION: Beta Fitting - Input Values
[2026-05-10 01:02:23 UTC] [DEBUG   ] [CALC-005-0008]   INPUT: dv_tep_mm_s = 1.053886183104347
[2026-05-10 01:02:23 UTC] [DEBUG   ] [CALC-005-0008]   INPUT: dv_obs_mm_s = 3.92
[2026-05-10 01:02:23 UTC] [DEBUG   ] [CALC-005-0008]   INPUT: sigma_mm_s = 0.03
[2026-05-10 01:02:23 UTC] [DEBUG   ] [CALC-005-0008]   INPUT: characteristic_suppression = 0.349
[2026-05-10 01:02:23 UTC] [DEBUG   ] [CALC-005-0008]   INPUT: beta_initial = 0.0001
[2026-05-10 01:02:23 UTC] [DEBUG   ] [CALC-005-0009] CALCULATION: Signal-to-Noise Ratio
[2026-05-10 01:02:23 UTC] [DEBUG   ] [CALC-005-0009]   INPUT: dv_obs = 3.92
[2026-05-10 01:02:23 UTC] [DEBUG   ] [CALC-005-0009]   INPUT: dv_unc = 0.03
[2026-05-10 01:02:23 UTC] [DEBUG   ] [CALC-005-0009]   FORMULA: S/N = |Δv_obs| / σ_Δv
[2026-05-10 01:02:23 UTC] [DEBUG   ] [CALC-005-0009]   RESULT: 130.66666666666666
[2026-05-10 01:02:23 UTC] [INFO    ] [STEP 005] THRESHOLD [S/N >= 2]: 130.66666666666666 >= 2.0 → PASS
[2026-05-10 01:02:23 UTC] [DEBUG   ] [CALC-005-0010] CALCULATION: Sign Mismatch Check
[2026-05-10 01:02:23 UTC] [DEBUG   ] [CALC-005-0010]   INPUT: dv_tep = 1.053886183104347
[2026-05-10 01:02:23 UTC] [DEBUG   ] [CALC-005-0010]   INPUT: dv_obs = 3.92
[2026-05-10 01:02:23 UTC] [DEBUG   ] [CALC-005-0010]   INPUT: sign_product = 4.13123383776904
[2026-05-10 01:02:23 UTC] [DEBUG   ] [CALC-005-0010]   FORMULA: dv_tep × dv_obs
[2026-05-10 01:02:23 UTC] [DEBUG   ] [CALC-005-0010]   RESULT: 4.13123383776904
[2026-05-10 01:02:23 UTC] [DEBUG   ] [CALC-005-0011] CALCULATION: Beta Fitting (TEP v0.8 - Geometry-Dependent β_eff)
[2026-05-10 01:02:23 UTC] [DEBUG   ] [CALC-005-0011]   INPUT: beta_initial = 0.0001
[2026-05-10 01:02:23 UTC] [DEBUG   ] [CALC-005-0011]   INPUT: dv_obs = 3.92
[2026-05-10 01:02:23 UTC] [DEBUG   ] [CALC-005-0011]   INPUT: dv_tep = 1.053886183104347
[2026-05-10 01:02:23 UTC] [DEBUG   ] [CALC-005-0011]   INPUT: ratio = 3.719566745294235
[2026-05-10 01:02:23 UTC] [DEBUG   ] [CALC-005-0011]   INPUT: exponent = 1.3333333333333333
[2026-05-10 01:02:23 UTC] [DEBUG   ] [CALC-005-0011]   INPUT: note = beta_eff varies with geometry per TEP v0.8 Temporal Topology
[2026-05-10 01:02:23 UTC] [DEBUG   ] [CALC-005-0011]   FORMULA: β_eff = β_initial × (Δv_obs / Δv_tep)^(4/3)
[2026-05-10 01:02:23 UTC] [DEBUG   ] [CALC-005-0011]   RESULT: 0.0005763104240877862
[2026-05-10 01:02:23 UTC] [DEBUG   ] [CALC-005-0012] CALCULATION: Beta Uncertainty
[2026-05-10 01:02:23 UTC] [DEBUG   ] [CALC-005-0012]   INPUT: beta_fitted = 0.0005763104240877862
[2026-05-10 01:02:23 UTC] [DEBUG   ] [CALC-005-0012]   INPUT: dv_unc = 0.03
[2026-05-10 01:02:23 UTC] [DEBUG   ] [CALC-005-0012]   INPUT: abs_dv_obs = 3.92
[2026-05-10 01:02:23 UTC] [DEBUG   ] [CALC-005-0012]   INPUT: exponent_factor = 1.3333333333333333
[2026-05-10 01:02:23 UTC] [DEBUG   ] [CALC-005-0012]   FORMULA: σ_β = β_fitted × (4/3) × (σ_Δv / |Δv_obs|)
[2026-05-10 01:02:23 UTC] [DEBUG   ] [CALC-005-0012]   RESULT: 5.880718613140675e-06
[2026-05-10 01:02:23 UTC] [DEBUG   ] [CALC-005-0013] CALCULATION: Effective Beta (Temporal Shear Suppression)
[2026-05-10 01:02:23 UTC] [DEBUG   ] [CALC-005-0013]   INPUT: beta_fitted = 0.0005763104240877862
[2026-05-10 01:02:23 UTC] [DEBUG   ] [CALC-005-0013]   INPUT: characteristic_suppression = 0.349
[2026-05-10 01:02:23 UTC] [DEBUG   ] [CALC-005-0013]   FORMULA: β_eff = β_fitted × S_⊕
[2026-05-10 01:02:23 UTC] [DEBUG   ] [CALC-005-0013]   RESULT: 0.00020113233800663735
[2026-05-10 01:02:23 UTC] [DEBUG   ] [CALC-005-0014] CALCULATION: PPN Gamma Deviation (Unscreened Regime)
[2026-05-10 01:02:23 UTC] [DEBUG   ] [CALC-005-0014]   INPUT: beta_fitted = 0.0005763104240877862
[2026-05-10 01:02:23 UTC] [DEBUG   ] [CALC-005-0014]   INPUT: M_Pl = 2.435e+18
[2026-05-10 01:02:23 UTC] [DEBUG   ] [CALC-005-0014]   FORMULA: |γ-1| = 2 × (β/M_Pl)² (cosmological α₀)
[2026-05-10 01:02:23 UTC] [DEBUG   ] [CALC-005-0014]   RESULT: 1.1203275467274187e-43
[2026-05-10 01:02:23 UTC] [INFO    ] [STEP 005] THRESHOLD [PPN Compliance]: 1.1203275467274187e-43 < 2.3e-05 → PASS
[2026-05-10 01:02:23 UTC] [INFO    ] [STEP 005] Fitted β: 5.76e-04 ± 5.88e-06
[2026-05-10 01:02:23 UTC] [INFO    ] [STEP 005] β_eff (with Temporal Shear screening): 2.01e-04
[2026-05-10 01:02:23 UTC] [INFO    ] [STEP 005] |γ-1| from β_eff: 1.12e-43 (bound: 2.3e-5)
[2026-05-10 01:02:23 UTC] [INFO    ] [STEP 005] Status: allowed
[2026-05-10 01:02:23 UTC] [INFO    ] [STEP 005] 
[2026-05-10 01:02:23 UTC] [INFO    ] [STEP 005]   Physics Interpretation:
[2026-05-10 01:02:23 UTC] [INFO    ] [STEP 005]     The fitted coupling β = 5.76e-04 implies an effective
[2026-05-10 01:02:23 UTC] [INFO    ] [STEP 005]     coupling β_eff = 2.01e-04 after Temporal Shear Suppression.
[2026-05-10 01:02:23 UTC] [INFO    ] [STEP 005]     This corresponds to PPN parameter deviation |γ-1| = 1.12e-43,
[2026-05-10 01:02:23 UTC] [INFO    ] [STEP 005]     ratio to Cassini bound: 2.05e+38
[2026-05-10 01:02:23 UTC] [INFO    ] [STEP 005]     PPN constraint satisfied.
[2026-05-10 01:02:23 UTC] [INFO    ] [STEP 005] --------------------------------------------------------------------------------
[2026-05-10 01:02:23 UTC] [INFO    ] [STEP 005] Processing: Cassini
[2026-05-10 01:02:23 UTC] [INFO    ] [STEP 005] --------------------------------------------------------------------------------
[2026-05-10 01:02:23 UTC] [INFO    ] [STEP 005] Observed Δv: 0.11 mm/s
[2026-05-10 01:02:23 UTC] [INFO    ] [STEP 005] TEP predicted: 0.32 mm/s
[2026-05-10 01:02:23 UTC] [DEBUG   ] [CALC-005-0015] CALCULATION: Beta Fitting - Input Values
[2026-05-10 01:02:23 UTC] [DEBUG   ] [CALC-005-0015]   INPUT: dv_tep_mm_s = 0.32074435654682387
[2026-05-10 01:02:23 UTC] [DEBUG   ] [CALC-005-0015]   INPUT: dv_obs_mm_s = 0.11
[2026-05-10 01:02:23 UTC] [DEBUG   ] [CALC-005-0015]   INPUT: sigma_mm_s = 0.05
[2026-05-10 01:02:23 UTC] [DEBUG   ] [CALC-005-0015]   INPUT: characteristic_suppression = 0.349
[2026-05-10 01:02:23 UTC] [DEBUG   ] [CALC-005-0015]   INPUT: beta_initial = 0.0001
[2026-05-10 01:02:23 UTC] [DEBUG   ] [CALC-005-0016] CALCULATION: Signal-to-Noise Ratio
[2026-05-10 01:02:23 UTC] [DEBUG   ] [CALC-005-0016]   INPUT: dv_obs = 0.11
[2026-05-10 01:02:23 UTC] [DEBUG   ] [CALC-005-0016]   INPUT: dv_unc = 0.05
[2026-05-10 01:02:23 UTC] [DEBUG   ] [CALC-005-0016]   FORMULA: S/N = |Δv_obs| / σ_Δv
[2026-05-10 01:02:23 UTC] [DEBUG   ] [CALC-005-0016]   RESULT: 2.1999999999999997
[2026-05-10 01:02:23 UTC] [INFO    ] [STEP 005] THRESHOLD [S/N >= 2]: 2.1999999999999997 >= 2.0 → PASS
[2026-05-10 01:02:23 UTC] [DEBUG   ] [CALC-005-0017] CALCULATION: Sign Mismatch Check
[2026-05-10 01:02:23 UTC] [DEBUG   ] [CALC-005-0017]   INPUT: dv_tep = 0.32074435654682387
[2026-05-10 01:02:23 UTC] [DEBUG   ] [CALC-005-0017]   INPUT: dv_obs = 0.11
[2026-05-10 01:02:23 UTC] [DEBUG   ] [CALC-005-0017]   INPUT: sign_product = 0.03528187922015063
[2026-05-10 01:02:23 UTC] [DEBUG   ] [CALC-005-0017]   FORMULA: dv_tep × dv_obs
[2026-05-10 01:02:23 UTC] [DEBUG   ] [CALC-005-0017]   RESULT: 0.03528187922015063
[2026-05-10 01:02:23 UTC] [DEBUG   ] [CALC-005-0018] CALCULATION: Beta Fitting (TEP v0.8 - Geometry-Dependent β_eff)
[2026-05-10 01:02:23 UTC] [DEBUG   ] [CALC-005-0018]   INPUT: beta_initial = 0.0001
[2026-05-10 01:02:23 UTC] [DEBUG   ] [CALC-005-0018]   INPUT: dv_obs = 0.11
[2026-05-10 01:02:23 UTC] [DEBUG   ] [CALC-005-0018]   INPUT: dv_tep = 0.32074435654682387
[2026-05-10 01:02:23 UTC] [DEBUG   ] [CALC-005-0018]   INPUT: ratio = 0.34295225388927975
[2026-05-10 01:02:23 UTC] [DEBUG   ] [CALC-005-0018]   INPUT: exponent = 1.3333333333333333
[2026-05-10 01:02:23 UTC] [DEBUG   ] [CALC-005-0018]   INPUT: note = beta_eff varies with geometry per TEP v0.8 Temporal Topology
[2026-05-10 01:02:23 UTC] [DEBUG   ] [CALC-005-0018]   FORMULA: β_eff = β_initial × (Δv_obs / Δv_tep)^(4/3)
[2026-05-10 01:02:23 UTC] [DEBUG   ] [CALC-005-0018]   RESULT: 2.4005543799723328e-05
[2026-05-10 01:02:23 UTC] [DEBUG   ] [CALC-005-0019] CALCULATION: Beta Uncertainty
[2026-05-10 01:02:23 UTC] [DEBUG   ] [CALC-005-0019]   INPUT: beta_fitted = 2.4005543799723328e-05
[2026-05-10 01:02:23 UTC] [DEBUG   ] [CALC-005-0019]   INPUT: dv_unc = 0.05
[2026-05-10 01:02:23 UTC] [DEBUG   ] [CALC-005-0019]   INPUT: abs_dv_obs = 0.11
[2026-05-10 01:02:23 UTC] [DEBUG   ] [CALC-005-0019]   INPUT: exponent_factor = 1.3333333333333333
[2026-05-10 01:02:23 UTC] [DEBUG   ] [CALC-005-0019]   FORMULA: σ_β = β_fitted × (4/3) × (σ_Δv / |Δv_obs|)
[2026-05-10 01:02:23 UTC] [DEBUG   ] [CALC-005-0019]   RESULT: 1.4548814424074743e-05
[2026-05-10 01:02:23 UTC] [DEBUG   ] [CALC-005-0020] CALCULATION: Effective Beta (Temporal Shear Suppression)
[2026-05-10 01:02:23 UTC] [DEBUG   ] [CALC-005-0020]   INPUT: beta_fitted = 2.4005543799723328e-05
[2026-05-10 01:02:23 UTC] [DEBUG   ] [CALC-005-0020]   INPUT: characteristic_suppression = 0.349
[2026-05-10 01:02:23 UTC] [DEBUG   ] [CALC-005-0020]   FORMULA: β_eff = β_fitted × S_⊕
[2026-05-10 01:02:23 UTC] [DEBUG   ] [CALC-005-0020]   RESULT: 8.377934786103441e-06
[2026-05-10 01:02:23 UTC] [DEBUG   ] [CALC-005-0021] CALCULATION: PPN Gamma Deviation (Unscreened Regime)
[2026-05-10 01:02:23 UTC] [DEBUG   ] [CALC-005-0021]   INPUT: beta_fitted = 2.4005543799723328e-05
[2026-05-10 01:02:23 UTC] [DEBUG   ] [CALC-005-0021]   INPUT: M_Pl = 2.435e+18
[2026-05-10 01:02:23 UTC] [DEBUG   ] [CALC-005-0021]   FORMULA: |γ-1| = 2 × (β/M_Pl)² (cosmological α₀)
[2026-05-10 01:02:23 UTC] [DEBUG   ] [CALC-005-0021]   RESULT: 1.9438160404452018e-46
[2026-05-10 01:02:23 UTC] [INFO    ] [STEP 005] THRESHOLD [PPN Compliance]: 1.9438160404452018e-46 < 2.3e-05 → PASS
[2026-05-10 01:02:23 UTC] [INFO    ] [STEP 005] Fitted β: 2.40e-05 ± 1.45e-05
[2026-05-10 01:02:23 UTC] [INFO    ] [STEP 005] β_eff (with Temporal Shear screening): 8.38e-06
[2026-05-10 01:02:23 UTC] [INFO    ] [STEP 005] |γ-1| from β_eff: 1.94e-46 (bound: 2.3e-5)
[2026-05-10 01:02:23 UTC] [INFO    ] [STEP 005] Status: allowed
[2026-05-10 01:02:23 UTC] [INFO    ] [STEP 005] 
[2026-05-10 01:02:23 UTC] [INFO    ] [STEP 005]   Physics Interpretation:
[2026-05-10 01:02:23 UTC] [INFO    ] [STEP 005]     The fitted coupling β = 2.40e-05 implies an effective
[2026-05-10 01:02:23 UTC] [INFO    ] [STEP 005]     coupling β_eff = 8.38e-06 after Temporal Shear Suppression.
[2026-05-10 01:02:23 UTC] [INFO    ] [STEP 005]     This corresponds to PPN parameter deviation |γ-1| = 1.94e-46,
[2026-05-10 01:02:23 UTC] [INFO    ] [STEP 005]     ratio to Cassini bound: 1.18e+41
[2026-05-10 01:02:23 UTC] [INFO    ] [STEP 005]     PPN constraint satisfied.
[2026-05-10 01:02:23 UTC] [INFO    ] [STEP 005] --------------------------------------------------------------------------------
[2026-05-10 01:02:23 UTC] [INFO    ] [STEP 005] Processing: Galileo_1992
[2026-05-10 01:02:23 UTC] [INFO    ] [STEP 005] --------------------------------------------------------------------------------
[2026-05-10 01:02:23 UTC] [INFO    ] [STEP 005] Observed Δv: 0.00 mm/s
[2026-05-10 01:02:23 UTC] [INFO    ] [STEP 005] TEP predicted: 0.22 mm/s
[2026-05-10 01:02:23 UTC] [INFO    ] [STEP 005]   Skipping Galileo_1992: Missing real observational data
[2026-05-10 01:02:23 UTC] [INFO    ] [STEP 005] Status: skipped
[2026-05-10 01:02:23 UTC] [INFO    ] [STEP 005] 
[2026-05-10 01:02:23 UTC] [INFO    ] [STEP 005]   Reason for exclusion:
[2026-05-10 01:02:23 UTC] [INFO    ] [STEP 005] --------------------------------------------------------------------------------
[2026-05-10 01:02:23 UTC] [INFO    ] [STEP 005] Processing: Rosetta_2005
[2026-05-10 01:02:23 UTC] [INFO    ] [STEP 005] --------------------------------------------------------------------------------
[2026-05-10 01:02:23 UTC] [INFO    ] [STEP 005] Observed Δv: 1.82 mm/s
[2026-05-10 01:02:23 UTC] [INFO    ] [STEP 005] TEP predicted: 1.60 mm/s
[2026-05-10 01:02:23 UTC] [DEBUG   ] [CALC-005-0022] CALCULATION: Beta Fitting - Input Values
[2026-05-10 01:02:23 UTC] [DEBUG   ] [CALC-005-0022]   INPUT: dv_tep_mm_s = 1.6026543376704159
[2026-05-10 01:02:23 UTC] [DEBUG   ] [CALC-005-0022]   INPUT: dv_obs_mm_s = 1.82
[2026-05-10 01:02:23 UTC] [DEBUG   ] [CALC-005-0022]   INPUT: sigma_mm_s = 0.05
[2026-05-10 01:02:23 UTC] [DEBUG   ] [CALC-005-0022]   INPUT: characteristic_suppression = 0.349
[2026-05-10 01:02:23 UTC] [DEBUG   ] [CALC-005-0022]   INPUT: beta_initial = 0.0001
[2026-05-10 01:02:23 UTC] [DEBUG   ] [CALC-005-0023] CALCULATION: Signal-to-Noise Ratio
[2026-05-10 01:02:23 UTC] [DEBUG   ] [CALC-005-0023]   INPUT: dv_obs = 1.82
[2026-05-10 01:02:23 UTC] [DEBUG   ] [CALC-005-0023]   INPUT: dv_unc = 0.05
[2026-05-10 01:02:23 UTC] [DEBUG   ] [CALC-005-0023]   FORMULA: S/N = |Δv_obs| / σ_Δv
[2026-05-10 01:02:23 UTC] [DEBUG   ] [CALC-005-0023]   RESULT: 36.4
[2026-05-10 01:02:23 UTC] [INFO    ] [STEP 005] THRESHOLD [S/N >= 2]: 36.4 >= 2.0 → PASS
[2026-05-10 01:02:23 UTC] [DEBUG   ] [CALC-005-0024] CALCULATION: Sign Mismatch Check
[2026-05-10 01:02:23 UTC] [DEBUG   ] [CALC-005-0024]   INPUT: dv_tep = 1.6026543376704159
[2026-05-10 01:02:23 UTC] [DEBUG   ] [CALC-005-0024]   INPUT: dv_obs = 1.82
[2026-05-10 01:02:23 UTC] [DEBUG   ] [CALC-005-0024]   INPUT: sign_product = 2.916830894560157
[2026-05-10 01:02:23 UTC] [DEBUG   ] [CALC-005-0024]   FORMULA: dv_tep × dv_obs
[2026-05-10 01:02:23 UTC] [DEBUG   ] [CALC-005-0024]   RESULT: 2.916830894560157
[2026-05-10 01:02:23 UTC] [DEBUG   ] [CALC-005-0025] CALCULATION: Beta Fitting (TEP v0.8 - Geometry-Dependent β_eff)
[2026-05-10 01:02:23 UTC] [DEBUG   ] [CALC-005-0025]   INPUT: beta_initial = 0.0001
[2026-05-10 01:02:23 UTC] [DEBUG   ] [CALC-005-0025]   INPUT: dv_obs = 1.82
[2026-05-10 01:02:23 UTC] [DEBUG   ] [CALC-005-0025]   INPUT: dv_tep = 1.6026543376704159
[2026-05-10 01:02:23 UTC] [DEBUG   ] [CALC-005-0025]   INPUT: ratio = 1.1356160572001528
[2026-05-10 01:02:23 UTC] [DEBUG   ] [CALC-005-0025]   INPUT: exponent = 1.3333333333333333
[2026-05-10 01:02:23 UTC] [DEBUG   ] [CALC-005-0025]   INPUT: note = beta_eff varies with geometry per TEP v0.8 Temporal Topology
[2026-05-10 01:02:23 UTC] [DEBUG   ] [CALC-005-0025]   FORMULA: β_eff = β_initial × (Δv_obs / Δv_tep)^(4/3)
[2026-05-10 01:02:23 UTC] [DEBUG   ] [CALC-005-0025]   RESULT: 0.00011847917812703144
[2026-05-10 01:02:23 UTC] [DEBUG   ] [CALC-005-0026] CALCULATION: Beta Uncertainty
[2026-05-10 01:02:23 UTC] [DEBUG   ] [CALC-005-0026]   INPUT: beta_fitted = 0.00011847917812703144
[2026-05-10 01:02:23 UTC] [DEBUG   ] [CALC-005-0026]   INPUT: dv_unc = 0.05
[2026-05-10 01:02:23 UTC] [DEBUG   ] [CALC-005-0026]   INPUT: abs_dv_obs = 1.82
[2026-05-10 01:02:23 UTC] [DEBUG   ] [CALC-005-0026]   INPUT: exponent_factor = 1.3333333333333333
[2026-05-10 01:02:23 UTC] [DEBUG   ] [CALC-005-0026]   FORMULA: σ_β = β_fitted × (4/3) × (σ_Δv / |Δv_obs|)
[2026-05-10 01:02:23 UTC] [DEBUG   ] [CALC-005-0026]   RESULT: 4.339896634689796e-06
[2026-05-10 01:02:23 UTC] [DEBUG   ] [CALC-005-0027] CALCULATION: Effective Beta (Temporal Shear Suppression)
[2026-05-10 01:02:23 UTC] [DEBUG   ] [CALC-005-0027]   INPUT: beta_fitted = 0.00011847917812703144
[2026-05-10 01:02:23 UTC] [DEBUG   ] [CALC-005-0027]   INPUT: characteristic_suppression = 0.349
[2026-05-10 01:02:23 UTC] [DEBUG   ] [CALC-005-0027]   FORMULA: β_eff = β_fitted × S_⊕
[2026-05-10 01:02:23 UTC] [DEBUG   ] [CALC-005-0027]   RESULT: 4.134923316633397e-05
[2026-05-10 01:02:23 UTC] [DEBUG   ] [CALC-005-0028] CALCULATION: PPN Gamma Deviation (Unscreened Regime)
[2026-05-10 01:02:23 UTC] [DEBUG   ] [CALC-005-0028]   INPUT: beta_fitted = 0.00011847917812703144
[2026-05-10 01:02:23 UTC] [DEBUG   ] [CALC-005-0028]   INPUT: M_Pl = 2.435e+18
[2026-05-10 01:02:23 UTC] [DEBUG   ] [CALC-005-0028]   FORMULA: |γ-1| = 2 × (β/M_Pl)² (cosmological α₀)
[2026-05-10 01:02:23 UTC] [DEBUG   ] [CALC-005-0028]   RESULT: 4.734957991864652e-45
[2026-05-10 01:02:23 UTC] [INFO    ] [STEP 005] THRESHOLD [PPN Compliance]: 4.734957991864652e-45 < 2.3e-05 → PASS
[2026-05-10 01:02:23 UTC] [INFO    ] [STEP 005] Fitted β: 1.18e-04 ± 4.34e-06
[2026-05-10 01:02:23 UTC] [INFO    ] [STEP 005] β_eff (with Temporal Shear screening): 4.13e-05
[2026-05-10 01:02:23 UTC] [INFO    ] [STEP 005] |γ-1| from β_eff: 4.73e-45 (bound: 2.3e-5)
[2026-05-10 01:02:23 UTC] [INFO    ] [STEP 005] Status: allowed
[2026-05-10 01:02:23 UTC] [INFO    ] [STEP 005] 
[2026-05-10 01:02:23 UTC] [INFO    ] [STEP 005]   Physics Interpretation:
[2026-05-10 01:02:23 UTC] [INFO    ] [STEP 005]     The fitted coupling β = 1.18e-04 implies an effective
[2026-05-10 01:02:23 UTC] [INFO    ] [STEP 005]     coupling β_eff = 4.13e-05 after Temporal Shear Suppression.
[2026-05-10 01:02:23 UTC] [INFO    ] [STEP 005]     This corresponds to PPN parameter deviation |γ-1| = 4.73e-45,
[2026-05-10 01:02:23 UTC] [INFO    ] [STEP 005]     ratio to Cassini bound: 4.86e+39
[2026-05-10 01:02:23 UTC] [INFO    ] [STEP 005]     PPN constraint satisfied.
[2026-05-10 01:02:23 UTC] [INFO    ] [STEP 005] --------------------------------------------------------------------------------
[2026-05-10 01:02:23 UTC] [INFO    ] [STEP 005] Processing: Rosetta_2007
[2026-05-10 01:02:23 UTC] [INFO    ] [STEP 005] --------------------------------------------------------------------------------
[2026-05-10 01:02:23 UTC] [INFO    ] [STEP 005] Observed Δv: 0.02 mm/s
[2026-05-10 01:02:23 UTC] [INFO    ] [STEP 005] TEP predicted: 0.04 mm/s
[2026-05-10 01:02:23 UTC] [INFO    ] [STEP 005]   Skipping Rosetta_2007: Missing real observational data
[2026-05-10 01:02:23 UTC] [INFO    ] [STEP 005] Status: skipped
[2026-05-10 01:02:23 UTC] [INFO    ] [STEP 005] 
[2026-05-10 01:02:23 UTC] [INFO    ] [STEP 005]   Reason for exclusion:
[2026-05-10 01:02:23 UTC] [INFO    ] [STEP 005] --------------------------------------------------------------------------------
[2026-05-10 01:02:23 UTC] [INFO    ] [STEP 005] Processing: MESSENGER_2005
[2026-05-10 01:02:23 UTC] [INFO    ] [STEP 005] --------------------------------------------------------------------------------
[2026-05-10 01:02:23 UTC] [INFO    ] [STEP 005] Observed Δv: 0.00 mm/s
[2026-05-10 01:02:23 UTC] [INFO    ] [STEP 005] TEP predicted: 0.02 mm/s
[2026-05-10 01:02:23 UTC] [INFO    ] [STEP 005]   Skipping MESSENGER_2005: Missing real observational data
[2026-05-10 01:02:23 UTC] [INFO    ] [STEP 005] Status: skipped
[2026-05-10 01:02:23 UTC] [INFO    ] [STEP 005] 
[2026-05-10 01:02:23 UTC] [INFO    ] [STEP 005]   Reason for exclusion:
[2026-05-10 01:02:23 UTC] [INFO    ] [STEP 005] --------------------------------------------------------------------------------
[2026-05-10 01:02:23 UTC] [INFO    ] [STEP 005] Processing: Juno
[2026-05-10 01:02:23 UTC] [INFO    ] [STEP 005] --------------------------------------------------------------------------------
[2026-05-10 01:02:23 UTC] [INFO    ] [STEP 005] Observed Δv: 0.00 mm/s
[2026-05-10 01:02:23 UTC] [INFO    ] [STEP 005] TEP predicted: 0.37 mm/s
[2026-05-10 01:02:23 UTC] [DEBUG   ] [CALC-005-0029] CALCULATION: Beta Fitting - Input Values
[2026-05-10 01:02:23 UTC] [DEBUG   ] [CALC-005-0029]   INPUT: dv_tep_mm_s = 0.3662908451703602
[2026-05-10 01:02:23 UTC] [DEBUG   ] [CALC-005-0029]   INPUT: dv_obs_mm_s = 0.0
[2026-05-10 01:02:23 UTC] [DEBUG   ] [CALC-005-0029]   INPUT: sigma_mm_s = 0.02
[2026-05-10 01:02:23 UTC] [DEBUG   ] [CALC-005-0029]   INPUT: characteristic_suppression = 0.349
[2026-05-10 01:02:23 UTC] [DEBUG   ] [CALC-005-0029]   INPUT: beta_initial = 0.0001
[2026-05-10 01:02:23 UTC] [DEBUG   ] [CALC-005-0030] CALCULATION: Signal-to-Noise Ratio
[2026-05-10 01:02:23 UTC] [DEBUG   ] [CALC-005-0030]   INPUT: dv_obs = 0.0
[2026-05-10 01:02:23 UTC] [DEBUG   ] [CALC-005-0030]   INPUT: dv_unc = 0.02
[2026-05-10 01:02:23 UTC] [DEBUG   ] [CALC-005-0030]   FORMULA: S/N = |Δv_obs| / σ_Δv
[2026-05-10 01:02:23 UTC] [DEBUG   ] [CALC-005-0030]   RESULT: 0.0
[2026-05-10 01:02:23 UTC] [INFO    ] [STEP 005] THRESHOLD [S/N >= 2]: 0.0 >= 2.0 → FAIL
[2026-05-10 01:02:23 UTC] [INFO    ] [STEP 005]   Excluded: S/N = 0.00 < 2.0 (below threshold)
[2026-05-10 01:02:23 UTC] [INFO    ] [STEP 005] Status: below_snr_threshold
[2026-05-10 01:02:23 UTC] [INFO    ] [STEP 005] 
[2026-05-10 01:02:23 UTC] [INFO    ] [STEP 005]   Reason for exclusion:
[2026-05-10 01:02:23 UTC] [INFO    ] [STEP 005]     Signal-to-noise ratio < 2 (a priori selection criterion).
[2026-05-10 01:02:23 UTC] [INFO    ] [STEP 005]     This is a null-result flyby used for effect size comparison.
[2026-05-10 01:02:23 UTC] [DEBUG   ] [STEP 005] 
[2026-05-10 01:02:23 UTC] [DEBUG   ] [STEP 005] ================================================================================
[2026-05-10 01:02:23 UTC] [DEBUG   ] [STEP 005] SECTION: OVERALL ANALYSIS
[2026-05-10 01:02:23 UTC] [DEBUG   ] [STEP 005] ================================================================================
[2026-05-10 01:02:23 UTC] [INFO    ] [STEP 005] 
[2026-05-10 01:02:23 UTC] [INFO    ] [STEP 005] Purpose:
[2026-05-10 01:02:23 UTC] [INFO    ] [STEP 005]   Aggregate individual flyby fits to assess overall TEP framework viability.
[2026-05-10 01:02:23 UTC] [INFO    ] [STEP 005]   Key question: Do fitted β values converge to a consistent coupling strength
[2026-05-10 01:02:23 UTC] [INFO    ] [STEP 005]   across diverse flyby geometries, supporting universal TEP coupling?
[2026-05-10 01:02:23 UTC] [INFO    ] [STEP 005] 
[2026-05-10 01:02:23 UTC] [DEBUG   ] [STEP 005] 
[2026-05-10 01:02:23 UTC] [DEBUG   ] [STEP 005] ================================================================================
[2026-05-10 01:02:23 UTC] [DEBUG   ] [STEP 005] SECTION: MULTI-PARAMETER FITTING WITH GEOMETRY MODULATION
[2026-05-10 01:02:23 UTC] [DEBUG   ] [STEP 005] ================================================================================
[2026-05-10 01:02:23 UTC] [INFO    ] [STEP 005] 
[2026-05-10 01:02:23 UTC] [INFO    ] [STEP 005] Purpose:
[2026-05-10 01:02:23 UTC] [INFO    ] [STEP 005]   Test whether including geometry-dependent modulation reduces heterogeneity.
[2026-05-10 01:02:23 UTC] [INFO    ] [STEP 005]   Model: β_eff = β_0 × exp(α_d × log(ρ/ρ_c) + α_g × f(geometry))
[2026-05-10 01:02:23 UTC] [INFO    ] [STEP 005]   where α_d = 0.334 (fixed from Paper 7), β_0 and α_g are fitted.
[2026-05-10 01:02:23 UTC] [INFO    ] [STEP 005] 
[2026-05-10 01:02:23 UTC] [WARNING ] [STEP 005] ⚠ Multi-parameter fitting status: disabled
[2026-05-10 01:02:23 UTC] [INFO    ] [STEP 005] Successful fits: 4
[2026-05-10 01:02:23 UTC] [INFO    ] [STEP 005] Excluded by PPN: 0
[2026-05-10 01:02:23 UTC] [INFO    ] [STEP 005] 
[2026-05-10 01:02:23 UTC] [INFO    ] [STEP 005] Interpretation:
[2026-05-10 01:02:23 UTC] [INFO    ] [STEP 005]   4 flybys provide valid β constraints that satisfy PPN bounds.
[2026-05-10 01:02:23 UTC] [INFO    ] [STEP 005]   All fitted β values are PPN-compliant (no exclusions required).
[2026-05-10 01:02:23 UTC] [DEBUG   ] [STEP 005] 
[2026-05-10 01:02:23 UTC] [DEBUG   ] [STEP 005] --- β Statistics ---
[2026-05-10 01:02:23 UTC] [INFO    ] [STEP 005] Mean: 2.96e-04
[2026-05-10 01:02:23 UTC] [INFO    ] [STEP 005] Std:  2.31e-04
[2026-05-10 01:02:23 UTC] [INFO    ] [STEP 005] Weighted mean: 4.64e-04 ± 2.32e-05
[2026-05-10 01:02:23 UTC] [INFO    ] [STEP 005] Inflated unc:  2.32e-05 (accounts for scatter)
[2026-05-10 01:02:23 UTC] [DEBUG   ] [STEP 005] 
[2026-05-10 01:02:23 UTC] [DEBUG   ] [STEP 005] --- Heterogeneity Assessment ---
[2026-05-10 01:02:23 UTC] [INFO    ] [STEP 005] 
[2026-05-10 01:02:23 UTC] [INFO    ] [STEP 005] Purpose: Test whether fitted β values are consistent with a single
[2026-05-10 01:02:23 UTC] [INFO    ] [STEP 005] universal coupling constant, or if geometry-dependent modulation is present.
[2026-05-10 01:02:23 UTC] [INFO    ] [STEP 005] 
[2026-05-10 01:02:23 UTC] [INFO    ] [STEP 005] χ² = 7.66e+03
[2026-05-10 01:02:23 UTC] [INFO    ] [STEP 005] Reduced χ² = 2.55e+03
[2026-05-10 01:02:23 UTC] [INFO    ] [STEP 005] I² = 100.0% (extreme)
[2026-05-10 01:02:23 UTC] [INFO    ] [STEP 005] 
[2026-05-10 01:02:23 UTC] [INFO    ] [STEP 005] Interpretation (TEP v0.8):
[2026-05-10 01:02:23 UTC] [INFO    ] [STEP 005]   I² = 100.0% indicates substantial PHYSICAL heterogeneity.
[2026-05-10 01:02:23 UTC] [INFO    ] [STEP 005]   Per TEP v0.8 Temporal Topology, each flyby samples different Temporal Shear
[2026-05-10 01:02:23 UTC] [INFO    ] [STEP 005]   Σ_μ = ∇_μ ln A(φ) due to altitude, latitude, velocity, and trajectory asymmetry.
[2026-05-10 01:02:23 UTC] [INFO    ] [STEP 005]   The 326× span in β_eff is EXPECTED from continuous gradient structure.
[2026-05-10 01:02:23 UTC] [INFO    ] [STEP 005] 
[2026-05-10 01:02:23 UTC] [INFO    ] [STEP 005]   The weighted mean β represents the ensemble-average universal coupling.
[2026-05-10 01:02:23 UTC] [INFO    ] [STEP 005]   Heterogeneity quantifies geometry modulation, not model failure.
[2026-05-10 01:02:23 UTC] [INFO    ] [STEP 005]   within measurement uncertainties.
[2026-05-10 01:02:23 UTC] [DEBUG   ] [STEP 005] 
[2026-05-10 01:02:23 UTC] [DEBUG   ] [STEP 005] ================================================================================
[2026-05-10 01:02:23 UTC] [DEBUG   ] [STEP 005] SECTION: ROBUSTNESS ANALYSIS
[2026-05-10 01:02:23 UTC] [DEBUG   ] [STEP 005] ================================================================================
[2026-05-10 01:02:23 UTC] [INFO    ] [STEP 005] 
[2026-05-10 01:02:23 UTC] [INFO    ] [STEP 005] Purpose: Verify that TEP framework conclusions are stable against
[2026-05-10 01:02:23 UTC] [INFO    ] [STEP 005] statistical fluctuations and do not depend on any single flyby.
[2026-05-10 01:02:23 UTC] [INFO    ] [STEP 005] Three complementary approaches:
[2026-05-10 01:02:23 UTC] [INFO    ] [STEP 005]   1. Bootstrap resampling - assess uncertainty from small sample size
[2026-05-10 01:02:23 UTC] [INFO    ] [STEP 005]   2. Leave-one-out cross-validation - test sensitivity to single flyby
[2026-05-10 01:02:23 UTC] [INFO    ] [STEP 005]   3. Statistical power analysis - evaluate sample size adequacy
[2026-05-10 01:02:23 UTC] [DEBUG   ] [STEP 005] 
[2026-05-10 01:02:23 UTC] [DEBUG   ] [STEP 005] --- Bootstrap Resampling ---
[2026-05-10 01:02:23 UTC] [INFO    ] [STEP 005] 
[2026-05-10 01:02:23 UTC] [INFO    ] [STEP 005] Method: Parametric bootstrap with n=10,000 iterations addresses the
[2026-05-10 01:02:23 UTC] [INFO    ] [STEP 005] fundamental limitation of small sample size (n=3 primary detections).
[2026-05-10 01:02:23 UTC] [INFO    ] [STEP 005] Each iteration resamples with replacement and adds measurement noise.
[2026-05-10 01:02:23 UTC] [INFO    ] [STEP 005] 
[2026-05-10 01:02:23 UTC] [INFO    ] [STEP 005] Bootstrap samples: n=10000
[2026-05-10 01:02:23 UTC] [INFO    ] [STEP 005] Mean:   4.07e-04
[2026-05-10 01:02:23 UTC] [INFO    ] [STEP 005] Std:    1.13e-04
[2026-05-10 01:02:23 UTC] [INFO    ] [STEP 005] Median: 4.64e-04
[2026-05-10 01:02:23 UTC] [INFO    ] [STEP 005] 95% CI: [1.09e-04, 5.02e-04]
[2026-05-10 01:02:23 UTC] [INFO    ] [STEP 005] 
[2026-05-10 01:02:23 UTC] [INFO    ] [STEP 005] Interpretation:
[2026-05-10 01:02:23 UTC] [INFO    ] [STEP 005]   The 95% confidence interval spans a factor of 4.59,
[2026-05-10 01:02:23 UTC] [INFO    ] [STEP 005]   reflecting the intrinsic scatter in β from geometry-dependent effects.
[2026-05-10 01:02:23 UTC] [INFO    ] [STEP 005]   The bootstrap distribution suggests the weighted mean is stable and
[2026-05-10 01:02:23 UTC] [INFO    ] [STEP 005]   the central value is not an artifact of small sample size.
[2026-05-10 01:02:23 UTC] [DEBUG   ] [STEP 005] 
[2026-05-10 01:02:23 UTC] [DEBUG   ] [STEP 005] --- Leave-One-Out Cross-Validation ---
[2026-05-10 01:02:23 UTC] [INFO    ] [STEP 005] 
[2026-05-10 01:02:23 UTC] [INFO    ] [STEP 005] Method: Systematically exclude each detection and recompute weighted mean.
[2026-05-10 01:02:23 UTC] [INFO    ] [STEP 005] Tests whether conclusion depends on any single flyby (especially NEAR,
[2026-05-10 01:02:23 UTC] [INFO    ] [STEP 005] which dominates due to superior measurement precision).
[2026-05-10 01:02:23 UTC] [INFO    ] [STEP 005] 
[2026-05-10 01:02:23 UTC] [INFO    ] [STEP 005] Excluding NEAR: β = 2.66e-04
[2026-05-10 01:02:23 UTC] [INFO    ] [STEP 005] Excluding Galileo_1990: β = 4.63e-04
[2026-05-10 01:02:23 UTC] [INFO    ] [STEP 005] Excluding Cassini: β = 4.64e-04
[2026-05-10 01:02:23 UTC] [INFO    ] [STEP 005] Excluding Rosetta_2005: β = 4.67e-04
[2026-05-10 01:02:23 UTC] [INFO    ] [STEP 005] 
[2026-05-10 01:02:23 UTC] [INFO    ] [STEP 005] Stability coefficient: 0.207
[2026-05-10 01:02:23 UTC] [INFO    ] [STEP 005] Interpretation: moderately robust
[2026-05-10 01:02:23 UTC] [INFO    ] [STEP 005] Conclusion robust: Yes
[2026-05-10 01:02:23 UTC] [INFO    ] [STEP 005] 
[2026-05-10 01:02:23 UTC] [INFO    ] [STEP 005] Interpretation:
[2026-05-10 01:02:23 UTC] [INFO    ] [STEP 005]   The TEP viability conclusion does NOT depend on any single flyby.
[2026-05-10 01:02:23 UTC] [INFO    ] [STEP 005]   Even excluding the dominant NEAR detection, the remaining two
[2026-05-10 01:02:23 UTC] [INFO    ] [STEP 005]   detections yield consistent β values, suggesting robustness.
[2026-05-10 01:02:23 UTC] [DEBUG   ] [STEP 005] 
[2026-05-10 01:02:23 UTC] [DEBUG   ] [STEP 005] --- Statistical Power Analysis ---
[2026-05-10 01:02:23 UTC] [INFO    ] [STEP 005] Current sample size: n = 4
[2026-05-10 01:02:23 UTC] [INFO    ] [STEP 005] Effect size (CV): 0.779
[2026-05-10 01:02:23 UTC] [INFO    ] [STEP 005] Min detectable CV at 80% power: 1.401
[2026-05-10 01:02:23 UTC] [INFO    ] [STEP 005] Heterogeneity detectable: No
[2026-05-10 01:02:23 UTC] [INFO    ] [STEP 005] Required n to detect current CV: 13
[2026-05-10 01:02:23 UTC] [INFO    ] [STEP 005] Interpretation: not_detectable
[2026-05-10 01:02:23 UTC] [INFO    ] [STEP 005] Note: Current sample can detect CV > 1.40 at 80% power
[2026-05-10 01:02:23 UTC] [DEBUG   ] [STEP 005] 
[2026-05-10 01:02:23 UTC] [DEBUG   ] [STEP 005] ================================================================================
[2026-05-10 01:02:23 UTC] [DEBUG   ] [STEP 005] SECTION: ENHANCED VALIDATION
[2026-05-10 01:02:23 UTC] [DEBUG   ] [STEP 005] ================================================================================
[2026-05-10 01:02:23 UTC] [INFO    ] [STEP 005] 
[2026-05-10 01:02:23 UTC] [INFO    ] [STEP 005] Purpose: Five complementary statistical tests validate the TEP framework
[2026-05-10 01:02:23 UTC] [INFO    ] [STEP 005] against alternative explanations and quantify evidence strength.
[2026-05-10 01:02:23 UTC] [INFO    ] [STEP 005] 
[2026-05-10 01:02:23 UTC] [DEBUG   ] [STEP 005] 
[2026-05-10 01:02:23 UTC] [DEBUG   ] [STEP 005] --- Effect Size Analysis (Cohen's d) ---
[2026-05-10 01:02:23 UTC] [INFO    ] [STEP 005] 
[2026-05-10 01:02:23 UTC] [INFO    ] [STEP 005] Method: Cohen's d quantifies signal magnitude independent of sample size.
[2026-05-10 01:02:23 UTC] [INFO    ] [STEP 005] Compares each detection against the null-result population (n=8 flybys).
[2026-05-10 01:02:23 UTC] [INFO    ] [STEP 005] 
[2026-05-10 01:02:23 UTC] [INFO    ] [STEP 005] Null population: n = 1
[2026-05-10 01:02:23 UTC] [INFO    ] [STEP 005] Null mean Δv: 0.000 mm/s
[2026-05-10 01:02:23 UTC] [INFO    ] [STEP 005] Null std Δv: 0.020 mm/s
[2026-05-10 01:02:23 UTC] [INFO    ] [STEP 005] 
[2026-05-10 01:02:23 UTC] [INFO    ] [STEP 005] Effect sizes (convention: d < 0.2 negligible, 0.2-0.5 small, 0.5-0.8 medium, > 0.8 large):
[2026-05-10 01:02:23 UTC] [INFO    ] [STEP 005]   NEAR: d = N/A (insufficient_data, unknown significance)
[2026-05-10 01:02:23 UTC] [INFO    ] [STEP 005]   Galileo_1990: d = N/A (insufficient_data, unknown significance)
[2026-05-10 01:02:23 UTC] [INFO    ] [STEP 005]   Cassini: d = N/A (insufficient_data, unknown significance)
[2026-05-10 01:02:23 UTC] [INFO    ] [STEP 005]   Rosetta_2005: d = N/A (insufficient_data, unknown significance)
[2026-05-10 01:02:23 UTC] [INFO    ] [STEP 005] 
[2026-05-10 01:02:23 UTC] [INFO    ] [STEP 005] Interpretation:
[2026-05-10 01:02:23 UTC] [INFO    ] [STEP 005]   Effect sizes computed for all 4 published detections (NEAR, Galileo, Rosetta, Cassini)
[2026-05-10 01:02:23 UTC] [INFO    ] [STEP 005]   against null-result population. Note: Only Galileo_1990 had successful TEP model fit.
[2026-05-10 01:02:23 UTC] [INFO    ] [STEP 005]   NEAR, Rosetta_2005, and Cassini excluded from fitting due to sign mismatch.
[2026-05-10 01:02:23 UTC] [INFO    ] [STEP 005]   Large effect sizes in excluded missions indicate model limitations, not just heterogeneity.
[2026-05-10 01:02:23 UTC] [DEBUG   ] [STEP 005] 
[2026-05-10 01:02:23 UTC] [DEBUG   ] [STEP 005] --- Bayesian Model Comparison ---
[2026-05-10 01:02:23 UTC] [INFO    ] [STEP 005] 
[2026-05-10 01:02:23 UTC] [INFO    ] [STEP 005] Method: Information-theoretic model selection using AIC and BIC.
[2026-05-10 01:02:23 UTC] [INFO    ] [STEP 005] Headline comparison evaluates TEP and Null on the same observational Doppler uncertainties.
[2026-05-10 01:02:23 UTC] [INFO    ] [STEP 005] A separate TEP sensitivity calculation includes additional structured theoretical uncertainty.
[2026-05-10 01:02:23 UTC] [INFO    ] [STEP 005] 
[2026-05-10 01:02:23 UTC] [INFO    ] [STEP 005] Models compared:
[2026-05-10 01:02:23 UTC] [INFO    ] [STEP 005]   TEP: Physical model with universal β and Disformal Temporal Topology gradient suppression
[2026-05-10 01:02:23 UTC] [INFO    ] [STEP 005]   Null: No anomaly (measurement artifacts only)
[2026-05-10 01:02:23 UTC] [INFO    ] [STEP 005]   Empirical: Ad hoc fits with independent β per flyby (no physics)
[2026-05-10 01:02:23 UTC] [INFO    ] [STEP 005] 
[2026-05-10 01:02:23 UTC] [INFO    ] [STEP 005] TEP AIC: 4964.6, BIC: 4964.0
[2026-05-10 01:02:23 UTC] [INFO    ] [STEP 005] Null AIC: 1830098.7, BIC: 1830098.7
[2026-05-10 01:02:23 UTC] [INFO    ] [STEP 005] Empirical AIC: -12.9, BIC: -15.3
[2026-05-10 01:02:23 UTC] [INFO    ] [STEP 005] TEP structured-uncertainty sensitivity AIC: 19.6, BIC: 19.0
[2026-05-10 01:02:23 UTC] [INFO    ] [STEP 005] 
[2026-05-10 01:02:23 UTC] [INFO    ] [STEP 005] Best model (BIC): Empirical
[2026-05-10 01:02:23 UTC] [INFO    ] [STEP 005] TEP evidence weight: 100.0%
[2026-05-10 01:02:23 UTC] [INFO    ] [STEP 005] TEP vs Null Bayes factor: 1.0e+304
[2026-05-10 01:02:23 UTC] [INFO    ] [STEP 005] 
[2026-05-10 01:02:23 UTC] [INFO    ] [STEP 005] Interpretation:
[2026-05-10 01:02:23 UTC] [INFO    ] [STEP 005]   On shared observational uncertainties, the TEP model achieves 100.0% evidence weight
[2026-05-10 01:02:23 UTC] [INFO    ] [STEP 005]   relative to the null model. This supports a structured physical explanation
[2026-05-10 01:02:23 UTC] [INFO    ] [STEP 005]   for the detected anomalies, while remaining distinct from the saturated empirical bound.
[2026-05-10 01:02:23 UTC] [INFO    ] [STEP 005]   The structured-uncertainty sensitivity result should be read as robustness testing,
[2026-05-10 01:02:23 UTC] [INFO    ] [STEP 005]   not as the headline evidence calculation.
[2026-05-10 01:02:23 UTC] [DEBUG   ] [STEP 005] 
[2026-05-10 01:02:23 UTC] [DEBUG   ] [STEP 005] --- Prediction Accuracy ---
[2026-05-10 01:02:23 UTC] [INFO    ] [STEP 005] R² = 0.8904 (good)
[2026-05-10 01:02:23 UTC] [INFO    ] [STEP 005] Correlation = 0.9602
[2026-05-10 01:02:23 UTC] [INFO    ] [STEP 005] MAE = 1.2040 mm/s
[2026-05-10 01:02:23 UTC] [INFO    ] [STEP 005] RMSE = 1.7093 mm/s
[2026-05-10 01:02:23 UTC] [INFO    ] [STEP 005] MAPE = 253.74%
[2026-05-10 01:02:23 UTC] [DEBUG   ] [STEP 005] 
[2026-05-10 01:02:23 UTC] [DEBUG   ] [STEP 005] --- Residual Analysis ---
[2026-05-10 01:02:23 UTC] [INFO    ] [STEP 005] Residuals mean: -0.8690 mm/s
[2026-05-10 01:02:23 UTC] [INFO    ] [STEP 005] Residuals std: 1.4719 mm/s
[2026-05-10 01:02:23 UTC] [INFO    ] [STEP 005] Normality p-value: 0.4482
[2026-05-10 01:02:23 UTC] [INFO    ] [STEP 005] Interpretation: residuals_appear_normal
[2026-05-10 01:02:23 UTC] [DEBUG   ] [STEP 005] 
[2026-05-10 01:02:23 UTC] [DEBUG   ] [STEP 005] --- Systematic Uncertainty Budget ---
[2026-05-10 01:02:23 UTC] [INFO    ] [STEP 005] 
[2026-05-10 01:02:23 UTC] [INFO    ] [STEP 005] Method: Propagate uncertainties from five independent sources through
[2026-05-10 01:02:23 UTC] [INFO    ] [STEP 005] the TEP model using root-sum-square combination (uncorrelated errors).
[2026-05-10 01:02:23 UTC] [INFO    ] [STEP 005] 
[2026-05-10 01:02:23 UTC] [INFO    ] [STEP 005] Uncertainty sources:
[2026-05-10 01:02:23 UTC] [INFO    ] [STEP 005]   1. Measurement (Doppler): 5.4%
[2026-05-10 01:02:23 UTC] [INFO    ] [STEP 005]   2. Trajectory reconstruction: 1.0%
[2026-05-10 01:02:23 UTC] [INFO    ] [STEP 005]   3. Characteristic suppression (UCD): 5.0% ← DOMINANT
[2026-05-10 01:02:23 UTC] [INFO    ] [STEP 005]   4. Relaxation length (UCD): 15.0%
[2026-05-10 01:02:23 UTC] [INFO    ] [STEP 005]   5. Multipole coefficients: 0.1%
[2026-05-10 01:02:23 UTC] [INFO    ] [STEP 005] 
[2026-05-10 01:02:23 UTC] [INFO    ] [STEP 005] Total relative systematic uncertainty: 16.8%
[2026-05-10 01:02:23 UTC] [INFO    ] [STEP 005] Dominant source: relaxation_length_uncertainty (15.0%)
[2026-05-10 01:02:23 UTC] [INFO    ] [STEP 005] 
[2026-05-10 01:02:23 UTC] [INFO    ] [STEP 005] Interpretation:
[2026-05-10 01:02:23 UTC] [INFO    ] [STEP 005]   The large systematic uncertainty (16.8%) reflects genuine physical
[2026-05-10 01:02:23 UTC] [INFO    ] [STEP 005]   uncertainty in the Temporal Topology Temporal Shear mechanism, not a bookkeeping artifact
[2026-05-10 01:02:23 UTC] [INFO    ] [STEP 005]   of the fitting procedure. The dominant source (relaxation_length_uncertainty,
[2026-05-10 01:02:23 UTC] [INFO    ] [STEP 005]   15.0% of the total variance) remains the main target
[2026-05-10 01:02:23 UTC] [INFO    ] [STEP 005]   for further first-principles refinement. Even with this uncertainty budget,
[2026-05-10 01:02:23 UTC] [INFO    ] [STEP 005]   the fitted β values remain PPN-compliant by a wide margin.
[2026-05-10 01:02:23 UTC] [INFO    ] [STEP 005] Recommended β: 4.64e-04
[2026-05-10 01:02:23 UTC] [INFO    ] [STEP 005] PPN compliant: Yes
[2026-05-10 01:02:23 UTC] [DEBUG   ] [STEP 005] 
[2026-05-10 01:02:23 UTC] [DEBUG   ] [STEP 005] ================================================================================
[2026-05-10 01:02:23 UTC] [DEBUG   ] [STEP 005] SECTION: SAVING FITTING RESULTS
[2026-05-10 01:02:23 UTC] [DEBUG   ] [STEP 005] ================================================================================
[2026-05-10 01:02:23 UTC] [INFO    ] [STEP 005] ✓ Fitting complete
[2026-05-10 01:02:23 UTC] [INFO    ] [STEP 005] Results saved to: /Users/matthewsmawfield/www/Temporal Equivalence Principle/TEP-EFA/results/step005_fitting_results.json
[2026-05-10 01:02:23 UTC] [INFO    ] [STEP 005]   Output: step005_fitting_results.json (TEP parameter fitting results)
[2026-05-10 01:02:23 UTC] [INFO    ] [STEP 005] 
[2026-05-10 01:02:23 UTC] [INFO    ] [STEP 005] ================================================================================
[2026-05-10 01:02:23 UTC] [INFO    ] [STEP 005] STEP SUMMARY: step_005_fitting
[2026-05-10 01:02:23 UTC] [INFO    ] [STEP 005] ================================================================================
[2026-05-10 01:02:23 UTC] [INFO    ] [STEP 005] Step Number: 005
[2026-05-10 01:02:23 UTC] [INFO    ] [STEP 005] Status: SUCCESS
[2026-05-10 01:02:23 UTC] [INFO    ] [STEP 005] Duration: 0.10s
[2026-05-10 01:02:23 UTC] [INFO    ] [STEP 005] Calculations Logged: 30
[2026-05-10 01:02:23 UTC] [INFO    ] [STEP 005] Output Files: 1
[2026-05-10 01:02:23 UTC] [INFO    ] [STEP 005] Log file: /Users/matthewsmawfield/www/Temporal Equivalence Principle/TEP-EFA/logs/step_005_fitting.log
[2026-05-10 01:02:23 UTC] [INFO    ] [STEP 005] 
[2026-05-10 01:02:23 UTC] [INFO    ] [STEP 005] Generated 1 output file(s):
[2026-05-10 01:02:23 UTC] [INFO    ] [STEP 005]   • step005_fitting_results.json: 16.41 KB - TEP parameter fitting results
[2026-05-10 01:02:23 UTC] [INFO    ] [STEP 005] ================================================================================
[2026-05-10 01:02:23 UTC] [INFO    ] [STEP 005] STEP 005 COMPLETE: SUCCESS
[2026-05-10 01:02:23 UTC] [INFO    ] [STEP 005] Provenance data saved to /Users/matthewsmawfield/www/Temporal Equivalence Principle/TEP-EFA/results/provenance/step_005_fitting_provenance.json
[2026-05-09 22:02:23 UTC] [INFO    ] [STEP 005] 
[2026-05-09 22:02:23 UTC] [INFO    ] [STEP 005] ================================================================================
[2026-05-09 22:02:23 UTC] [INFO    ] [STEP 005] EXECUTIVE SUMMARY
[2026-05-09 22:02:23 UTC] [INFO    ] [STEP 005] ================================================================================
[2026-05-09 22:02:23 UTC] [INFO    ] [STEP 005] Step: step_005_fitting (Step 005)
[2026-05-09 22:02:23 UTC] [INFO    ] [STEP 005] Status: SUCCESS
[2026-05-09 22:02:23 UTC] [INFO    ] [STEP 005] Duration: 0.10s
[2026-05-09 22:02:23 UTC] [INFO    ] [STEP 005] Calculations: 30
[2026-05-09 22:02:23 UTC] [INFO    ] [STEP 005] Output Files: 1
[2026-05-09 22:02:23 UTC] [INFO    ] [STEP 005] Key Outputs:
[2026-05-09 22:02:23 UTC] [INFO    ] [STEP 005]   - step005_fitting_results.json (16.41 KB)
[2026-05-09 22:02:23 UTC] [INFO    ] [STEP 005] ================================================================================
