[2026-05-10 01:02:52 UTC] [INFO    ] [STEP 032] LOGGER INITIALIZED: step_032_variance_anova (Step 032)
[2026-05-10 01:02:52 UTC] [DEBUG   ] [STEP 032] Log file: /Users/matthewsmawfield/www/Temporal Equivalence Principle/TEP-EFA/logs/step_032_variance_anova.log
[2026-05-10 01:02:52 UTC] [DEBUG   ] [STEP 032] Project root: /Users/matthewsmawfield/www/Temporal Equivalence Principle/TEP-EFA
[2026-05-10 01:02:52 UTC] [DEBUG   ] [STEP 032] 
[2026-05-10 01:02:52 UTC] [DEBUG   ] [STEP 032] ================================================================================
[2026-05-10 01:02:52 UTC] [DEBUG   ] [STEP 032] SECTION: STEP 032: VARIANCE DECOMPOSITION ANOVA
[2026-05-10 01:02:52 UTC] [DEBUG   ] [STEP 032] ================================================================================
[2026-05-10 01:02:52 UTC] [DEBUG   ] [STEP 032] 
[2026-05-10 01:02:52 UTC] [DEBUG   ] [STEP 032] ================================================================================
[2026-05-10 01:02:52 UTC] [DEBUG   ] [STEP 032] SECTION: VARIANCE DECOMPOSITION
[2026-05-10 01:02:52 UTC] [DEBUG   ] [STEP 032] ================================================================================
[2026-05-10 01:02:52 UTC] [INFO    ] [STEP 032] Loading real OD and plasma factors (no placeholders)
[2026-05-10 01:02:52 UTC] [WARNING ] [STEP 032] ⚠ OD absorption factors not found. Step 035 cannot generate defensible F_OD values without real mission OD configuration data.
[2026-05-10 01:02:52 UTC] [WARNING ] [STEP 032] ⚠ Proceeding with simplified variance decomposition without OD factors.
[2026-05-10 01:02:52 UTC] [WARNING ] [STEP 032] ⚠ Proceeding with simplified variance decomposition without OD factors
[2026-05-10 01:02:52 UTC] [INFO    ] [STEP 032] Loaded F_plasma factors for 5 flybys
[2026-05-10 01:02:52 UTC] [DEBUG   ] [STEP 032]   NEAR: OD factors not available (using simplified model without OD)
[2026-05-10 01:02:52 UTC] [DEBUG   ] [STEP 032]   NEAR: Applied F_plasma = 1.000
[2026-05-10 01:02:52 UTC] [DEBUG   ] [STEP 032]   Galileo_1990: OD factors not available (using simplified model without OD)
[2026-05-10 01:02:52 UTC] [DEBUG   ] [STEP 032]   Galileo_1990: Applied F_plasma = 1.000
[2026-05-10 01:02:52 UTC] [DEBUG   ] [STEP 032]   Cassini: OD factors not available (using simplified model without OD)
[2026-05-10 01:02:52 UTC] [DEBUG   ] [STEP 032]   Cassini: Applied F_plasma = 1.000
[2026-05-10 01:02:52 UTC] [DEBUG   ] [STEP 032]   Rosetta_2005: OD factors not available (using simplified model without OD)
[2026-05-10 01:02:52 UTC] [DEBUG   ] [STEP 032]   Rosetta_2005: Applied F_plasma = 1.000
[2026-05-10 01:02:52 UTC] [INFO    ] [STEP 032] Scaling model explained variance: 19.0%
[2026-05-10 01:02:52 UTC] [INFO    ] [STEP 032] Residual variance: 81.0%
[2026-05-10 01:02:52 UTC] [DEBUG   ] [STEP 032] 
[2026-05-10 01:02:52 UTC] [DEBUG   ] [STEP 032] --- ANOVA TABLE ---
[2026-05-10 01:02:52 UTC] [INFO    ] [STEP 032] TEP scaling model (β₀)                     19.0% N/A
[2026-05-10 01:02:52 UTC] [INFO    ] [STEP 032] OD absorption (F_OD)                        0.0% N/A (0/4 actual)
[2026-05-10 01:02:52 UTC] [INFO    ] [STEP 032] Plasma environment (F_plasma)               0.0% N/A (4/4 actual)
[2026-05-10 01:02:52 UTC] [INFO    ] [STEP 032] Residual (ε_i)                             81.0% N/A
[2026-05-10 01:02:52 UTC] [INFO    ] [STEP 032] Total variance explained: 19.0%
[2026-05-10 01:02:52 UTC] [INFO    ] [STEP 032] Residual variance: 81.0%
[2026-05-10 01:02:52 UTC] [INFO    ] [STEP 032] Notes: F_OD: 0/4 actual, F_plasma: 4/4 actual
[2026-05-10 01:02:52 UTC] [INFO    ] [STEP 032] ANOVA table saved to /Users/matthewsmawfield/www/Temporal Equivalence Principle/TEP-EFA/results/step032_variance_anova.json
