[2026-05-10 15:10:17 UTC] [INFO    ] [STEP 002] LOGGER INITIALIZED: step_002_spice_to_json (Step 002)
[2026-05-10 15:10:17 UTC] [DEBUG   ] [STEP 002] Log file: /Users/matthewsmawfield/www/Temporal Equivalence Principle/TEP-EFA/logs/step_002_spice_to_json.log
[2026-05-10 15:10:17 UTC] [DEBUG   ] [STEP 002] Project root: /Users/matthewsmawfield/www/Temporal Equivalence Principle/TEP-EFA
[2026-05-10 15:10:17 UTC] [INFO    ] [STEP 002] ================================================================================
[2026-05-10 15:10:17 UTC] [INFO    ] [STEP 002] ROSETTA SPICE KERNEL TO JSON CONVERTER
[2026-05-10 15:10:17 UTC] [INFO    ] [STEP 002] ================================================================================
[2026-05-10 15:10:17 UTC] [INFO    ] [STEP 002] Kernel directory: /Users/matthewsmawfield/www/Temporal Equivalence Principle/TEP-EFA/data/raw/spice_kernels
[2026-05-10 15:10:17 UTC] [INFO    ] [STEP 002] Output directory: /Users/matthewsmawfield/www/Temporal Equivalence Principle/TEP-EFA/data/raw/flyby_trajectories
[2026-05-10 15:10:17 UTC] [DEBUG   ] [STEP 002] 
[2026-05-10 15:10:17 UTC] [DEBUG   ] [STEP 002] ================================================================================
[2026-05-10 15:10:17 UTC] [DEBUG   ] [STEP 002] SECTION: Configuration
[2026-05-10 15:10:17 UTC] [DEBUG   ] [STEP 002] ================================================================================
[2026-05-10 15:10:17 UTC] [DEBUG   ] [STEP 002]   PARAM: KERNEL_DIR = /Users/matthewsmawfield/www/Temporal Equivalence Principle/TEP-EFA/data/raw/spice_kernels
[2026-05-10 15:10:17 UTC] [DEBUG   ] [STEP 002]   PARAM: OUTPUT_DIR = /Users/matthewsmawfield/www/Temporal Equivalence Principle/TEP-EFA/data/raw/flyby_trajectories
[2026-05-10 15:10:17 UTC] [DEBUG   ] [STEP 002]   PARAM: HAS_SPICE = True
[2026-05-10 15:10:17 UTC] [DEBUG   ] [STEP 002]   PARAM: Number of flybys = 2
[2026-05-10 15:10:17 UTC] [DEBUG   ] [STEP 002] Created directories
[2026-05-10 15:10:17 UTC] [DEBUG   ] [STEP 002] Cleared existing SPICE kernels
[2026-05-10 15:10:17 UTC] [DEBUG   ] [STEP 002] 
[2026-05-10 15:10:17 UTC] [DEBUG   ] [STEP 002] ================================================================================
[2026-05-10 15:10:17 UTC] [DEBUG   ] [STEP 002] SECTION: LOADING GENERIC KERNELS
[2026-05-10 15:10:17 UTC] [DEBUG   ] [STEP 002] ================================================================================
[2026-05-10 15:10:17 UTC] [INFO    ] [STEP 002] ✓ Leapseconds kernel already present: /Users/matthewsmawfield/www/Temporal Equivalence Principle/TEP-EFA/data/raw/spice_kernels/naif0012.tls
[2026-05-10 15:10:17 UTC] [INFO    ] [STEP 002]   → Loading leapseconds kernel...
[2026-05-10 15:10:17 UTC] [INFO    ] [STEP 002] ✓ Loaded: naif0012.tls
[2026-05-10 15:10:17 UTC] [INFO    ] [STEP 002] --------------------------------------------------------------------------------
[2026-05-10 15:10:17 UTC] [INFO    ] [STEP 002] Processing: Rosetta_2005
[2026-05-10 15:10:17 UTC] [INFO    ] [STEP 002] --------------------------------------------------------------------------------
[2026-05-10 15:10:17 UTC] [INFO    ] [STEP 002] Kernel: ORER_______________00031.BSP
[2026-05-10 15:10:17 UTC] [INFO    ] [STEP 002] Flyby date: 2005-03-04
[2026-05-10 15:10:17 UTC] [INFO    ] [STEP 002]   → Loading kernel...
[2026-05-10 15:10:17 UTC] [INFO    ] [STEP 002]   → Extracting trajectory (±1 days)...
[2026-05-10 15:10:17 UTC] [INFO    ] [STEP 002] Centered on perigee: 2005-03-04T22:10:00
[2026-05-10 15:10:17 UTC] [INFO    ] [STEP 002]   → Saving to: /Users/matthewsmawfield/www/Temporal Equivalence Principle/TEP-EFA/data/raw/flyby_trajectories/Rosetta_2005_trajectory.json
[2026-05-10 15:10:17 UTC] [INFO    ] [STEP 002] ✓ Saved: 31,361 bytes
[2026-05-10 15:10:17 UTC] [INFO    ] [STEP 002] Perigee altitude: 1968.7 km
[2026-05-10 15:10:17 UTC] [INFO    ] [STEP 002] Perigee velocity: 10.51 km/s
[2026-05-10 15:10:17 UTC] [INFO    ] [STEP 002] Data points: 97
[2026-05-10 15:10:17 UTC] [INFO    ] [STEP 002]   Output: Rosetta_2005_trajectory.json (Rosetta_2005 trajectory JSON)
[2026-05-10 15:10:17 UTC] [INFO    ] [STEP 002] --------------------------------------------------------------------------------
[2026-05-10 15:10:17 UTC] [INFO    ] [STEP 002] Processing: Rosetta_2007
[2026-05-10 15:10:17 UTC] [INFO    ] [STEP 002] --------------------------------------------------------------------------------
[2026-05-10 15:10:17 UTC] [INFO    ] [STEP 002] Kernel: ORFR_______________00067.BSP
[2026-05-10 15:10:17 UTC] [INFO    ] [STEP 002] Flyby date: 2007-11-13
[2026-05-10 15:10:17 UTC] [INFO    ] [STEP 002]   → Loading kernel...
[2026-05-10 15:10:17 UTC] [INFO    ] [STEP 002]   → Extracting trajectory (±2 days)...
[2026-05-10 15:10:17 UTC] [INFO    ] [STEP 002]   → Saving to: /Users/matthewsmawfield/www/Temporal Equivalence Principle/TEP-EFA/data/raw/flyby_trajectories/Rosetta_2007_trajectory.json
[2026-05-10 15:10:17 UTC] [INFO    ] [STEP 002] ✓ Saved: 61,189 bytes
[2026-05-10 15:10:17 UTC] [INFO    ] [STEP 002] Perigee altitude: 5429.9 km
[2026-05-10 15:10:17 UTC] [INFO    ] [STEP 002] Perigee velocity: 12.46 km/s
[2026-05-10 15:10:17 UTC] [INFO    ] [STEP 002] Data points: 193
[2026-05-10 15:10:17 UTC] [INFO    ] [STEP 002]   Output: Rosetta_2007_trajectory.json (Rosetta_2007 trajectory JSON)
[2026-05-10 15:10:17 UTC] [DEBUG   ] [STEP 002] 
[2026-05-10 15:10:17 UTC] [DEBUG   ] [STEP 002] ================================================================================
[2026-05-10 15:10:17 UTC] [DEBUG   ] [STEP 002] SECTION: CONVERSION SUMMARY
[2026-05-10 15:10:17 UTC] [DEBUG   ] [STEP 002] ================================================================================
[2026-05-10 15:10:17 UTC] [INFO    ] [STEP 002] Successfully converted: 2/2 flybys
[2026-05-10 15:10:17 UTC] [INFO    ] [STEP 002] ✓ All SPICE kernels converted to JSON!
[2026-05-10 15:10:17 UTC] [INFO    ] [STEP 002] Next steps:
[2026-05-10 15:10:17 UTC] [INFO    ] [STEP 002]   1. Update 'step_001_data_ingestion.py' to include Rosetta 2005/2007
[2026-05-10 15:10:17 UTC] [INFO    ] [STEP 002]   2. Update 'archival_flyby_catalog.json' processed_ephemeris_available = true
[2026-05-10 15:10:17 UTC] [INFO    ] [STEP 002]   3. Re-run the pipeline with expanded dataset
[2026-05-10 15:10:17 UTC] [INFO    ] [STEP 002] 
[2026-05-10 15:10:17 UTC] [INFO    ] [STEP 002] ================================================================================
[2026-05-10 15:10:17 UTC] [INFO    ] [STEP 002] STEP SUMMARY: step_002_spice_to_json
[2026-05-10 15:10:17 UTC] [INFO    ] [STEP 002] ================================================================================
[2026-05-10 15:10:17 UTC] [INFO    ] [STEP 002] Step Number: 002
[2026-05-10 15:10:17 UTC] [INFO    ] [STEP 002] Status: SUCCESS
[2026-05-10 15:10:17 UTC] [INFO    ] [STEP 002] Duration: 0.02s
[2026-05-10 15:10:17 UTC] [INFO    ] [STEP 002] Calculations Logged: 0
[2026-05-10 15:10:17 UTC] [INFO    ] [STEP 002] Output Files: 2
[2026-05-10 15:10:17 UTC] [INFO    ] [STEP 002] Log file: /Users/matthewsmawfield/www/Temporal Equivalence Principle/TEP-EFA/logs/step_002_spice_to_json.log
[2026-05-10 15:10:17 UTC] [INFO    ] [STEP 002] 
[2026-05-10 15:10:17 UTC] [INFO    ] [STEP 002] Generated 2 output file(s):
[2026-05-10 15:10:17 UTC] [INFO    ] [STEP 002]   • Rosetta_2005_trajectory.json: 30.63 KB - Rosetta_2005 trajectory JSON
[2026-05-10 15:10:17 UTC] [INFO    ] [STEP 002]   • Rosetta_2007_trajectory.json: 59.75 KB - Rosetta_2007 trajectory JSON
[2026-05-10 15:10:17 UTC] [INFO    ] [STEP 002] ================================================================================
[2026-05-10 15:10:17 UTC] [INFO    ] [STEP 002] STEP 002 COMPLETE: SUCCESS
[2026-05-10 15:10:17 UTC] [INFO    ] [STEP 002] Provenance data saved to /Users/matthewsmawfield/www/Temporal Equivalence Principle/TEP-EFA/results/provenance/step_002_spice_to_json_provenance.json
[2026-05-10 12:10:17 UTC] [INFO    ] [STEP 002] 
[2026-05-10 12:10:17 UTC] [INFO    ] [STEP 002] ================================================================================
[2026-05-10 12:10:17 UTC] [INFO    ] [STEP 002] EXECUTIVE SUMMARY
[2026-05-10 12:10:17 UTC] [INFO    ] [STEP 002] ================================================================================
[2026-05-10 12:10:17 UTC] [INFO    ] [STEP 002] Step: step_002_spice_to_json (Step 002)
[2026-05-10 12:10:17 UTC] [INFO    ] [STEP 002] Status: SUCCESS
[2026-05-10 12:10:17 UTC] [INFO    ] [STEP 002] Duration: 0.02s
[2026-05-10 12:10:17 UTC] [INFO    ] [STEP 002] Calculations: 0
[2026-05-10 12:10:17 UTC] [INFO    ] [STEP 002] Output Files: 2
[2026-05-10 12:10:17 UTC] [INFO    ] [STEP 002] Key Outputs:
[2026-05-10 12:10:17 UTC] [INFO    ] [STEP 002]   - Rosetta_2005_trajectory.json (30.63 KB)
[2026-05-10 12:10:17 UTC] [INFO    ] [STEP 002]   - Rosetta_2007_trajectory.json (59.75 KB)
[2026-05-10 12:10:17 UTC] [INFO    ] [STEP 002] ================================================================================
