[2026-05-12 13:18:30 UTC] [INFO    ] [STEP 004] LOGGER INITIALIZED: step_004_jpl_horizons_fetch (Step 004)
[2026-05-12 13:18:30 UTC] [DEBUG   ] [STEP 004] Log file: /Users/matthewsmawfield/www/Temporal Equivalence Principle/TEP-EFA/logs/step_004_jpl_horizons_fetch.log
[2026-05-12 13:18:30 UTC] [DEBUG   ] [STEP 004] Project root: /Users/matthewsmawfield/www/Temporal Equivalence Principle/TEP-EFA
[2026-05-12 13:18:30 UTC] [INFO    ] [STEP 004] ================================================================================
[2026-05-12 13:18:30 UTC] [INFO    ] [STEP 004] STEP 010: FETCH ALL MISSIONS FROM JPL HORIZONS
[2026-05-12 13:18:30 UTC] [INFO    ] [STEP 004] ================================================================================
[2026-05-12 13:18:30 UTC] [INFO    ] [STEP 004] ================================================================================
[2026-05-12 13:18:30 UTC] [INFO    ] [STEP 004] STEP 004: Fetch Real Trajectory Data from JPL Horizons
[2026-05-12 13:18:30 UTC] [INFO    ] [STEP 004] ================================================================================
[2026-05-12 13:18:30 UTC] [INFO    ] [STEP 004] ================================================================================
[2026-05-12 13:18:30 UTC] [INFO    ] [STEP 004] STEP 004: FETCH ALL MISSIONS FROM JPL HORIZONS
[2026-05-12 13:18:30 UTC] [INFO    ] [STEP 004] ================================================================================
[2026-05-12 13:18:30 UTC] [DEBUG   ] [STEP 004]   PARAM: base_dir = /Users/matthewsmawfield/www/Temporal Equivalence Principle/TEP-EFA/data/raw/jpl_horizons
[2026-05-12 13:18:30 UTC] [DEBUG   ] [STEP 004]   PARAM: query_dir = /Users/matthewsmawfield/www/Temporal Equivalence Principle/TEP-EFA/scripts/utils/jpl_horizons/queries
[2026-05-12 13:18:30 UTC] [DEBUG   ] [STEP 004]   PARAM: Number of missions = 10
[2026-05-12 13:18:30 UTC] [INFO    ] [STEP 004] --------------------------------------------------------------------------------
[2026-05-12 13:18:30 UTC] [INFO    ] [STEP 004] Processing: NEAR_1998
[2026-05-12 13:18:30 UTC] [INFO    ] [STEP 004] --------------------------------------------------------------------------------
[2026-05-12 13:18:30 UTC] [INFO    ] [STEP 004]   → Fetching JPL Horizons data for NEAR_1998
[2026-05-12 13:18:30 UTC] [DEBUG   ] [STEP 004] Using query file: /Users/matthewsmawfield/www/Temporal Equivalence Principle/TEP-EFA/scripts/utils/jpl_horizons/queries/NEAR_1998.q
[2026-05-12 13:18:30 UTC] [DEBUG   ] [STEP 004] Output directory: /Users/matthewsmawfield/www/Temporal Equivalence Principle/TEP-EFA/data/raw/jpl_horizons/NEAR_1998
[2026-05-12 13:18:30 UTC] [INFO    ] [STEP 004]   → Querying JPL Horizons...
[2026-05-12 13:18:31 UTC] [DEBUG   ] [STEP 004] Response length: 40209 characters
[2026-05-12 13:18:31 UTC] [INFO    ] [STEP 004] ✓ Saved raw response: /Users/matthewsmawfield/www/Temporal Equivalence Principle/TEP-EFA/data/raw/jpl_horizons/NEAR_1998/NEAR_1998_raw_response.txt
[2026-05-12 13:18:31 UTC] [INFO    ] [STEP 004]   Output: NEAR_1998_raw_response.txt (JPL Horizons raw response)
[2026-05-12 13:18:31 UTC] [INFO    ] [STEP 004]   → Processing trajectory data...
[2026-05-12 13:18:31 UTC] [INFO    ] [STEP 004] ✓ Saved processed data: /Users/matthewsmawfield/www/Temporal Equivalence Principle/TEP-EFA/data/raw/jpl_horizons/NEAR_1998/NEAR_1998_trajectory.json
[2026-05-12 13:18:31 UTC] [INFO    ] [STEP 004] Data points: 301
[2026-05-12 13:18:31 UTC] [INFO    ] [STEP 004]   Output: NEAR_1998_trajectory.json (Processed trajectory JSON)
[2026-05-12 13:18:31 UTC] [INFO    ] [STEP 004] --------------------------------------------------------------------------------
[2026-05-12 13:18:31 UTC] [INFO    ] [STEP 004] Processing: Galileo_1990
[2026-05-12 13:18:31 UTC] [INFO    ] [STEP 004] --------------------------------------------------------------------------------
[2026-05-12 13:18:31 UTC] [INFO    ] [STEP 004]   → Fetching JPL Horizons data for Galileo_1990
[2026-05-12 13:18:31 UTC] [DEBUG   ] [STEP 004] Using query file: /Users/matthewsmawfield/www/Temporal Equivalence Principle/TEP-EFA/scripts/utils/jpl_horizons/queries/Galileo_1990.q
[2026-05-12 13:18:31 UTC] [DEBUG   ] [STEP 004] Output directory: /Users/matthewsmawfield/www/Temporal Equivalence Principle/TEP-EFA/data/raw/jpl_horizons/Galileo_1990
[2026-05-12 13:18:31 UTC] [INFO    ] [STEP 004]   → Querying JPL Horizons...
[2026-05-12 13:18:33 UTC] [DEBUG   ] [STEP 004] Response length: 38867 characters
[2026-05-12 13:18:33 UTC] [INFO    ] [STEP 004] ✓ Saved raw response: /Users/matthewsmawfield/www/Temporal Equivalence Principle/TEP-EFA/data/raw/jpl_horizons/Galileo_1990/Galileo_1990_raw_response.txt
[2026-05-12 13:18:33 UTC] [INFO    ] [STEP 004]   Output: Galileo_1990_raw_response.txt (JPL Horizons raw response)
[2026-05-12 13:18:33 UTC] [INFO    ] [STEP 004]   → Processing trajectory data...
[2026-05-12 13:18:33 UTC] [INFO    ] [STEP 004] ✓ Saved processed data: /Users/matthewsmawfield/www/Temporal Equivalence Principle/TEP-EFA/data/raw/jpl_horizons/Galileo_1990/Galileo_1990_trajectory.json
[2026-05-12 13:18:33 UTC] [INFO    ] [STEP 004] Data points: 301
[2026-05-12 13:18:33 UTC] [INFO    ] [STEP 004]   Output: Galileo_1990_trajectory.json (Processed trajectory JSON)
[2026-05-12 13:18:33 UTC] [INFO    ] [STEP 004] --------------------------------------------------------------------------------
[2026-05-12 13:18:33 UTC] [INFO    ] [STEP 004] Processing: Cassini_1999
[2026-05-12 13:18:33 UTC] [INFO    ] [STEP 004] --------------------------------------------------------------------------------
[2026-05-12 13:18:33 UTC] [INFO    ] [STEP 004]   → Fetching JPL Horizons data for Cassini_1999
[2026-05-12 13:18:33 UTC] [DEBUG   ] [STEP 004] Using query file: /Users/matthewsmawfield/www/Temporal Equivalence Principle/TEP-EFA/scripts/utils/jpl_horizons/queries/Cassini_1999.q
[2026-05-12 13:18:33 UTC] [DEBUG   ] [STEP 004] Output directory: /Users/matthewsmawfield/www/Temporal Equivalence Principle/TEP-EFA/data/raw/jpl_horizons/Cassini_1999
[2026-05-12 13:18:33 UTC] [INFO    ] [STEP 004]   → Querying JPL Horizons...
[2026-05-12 13:18:34 UTC] [DEBUG   ] [STEP 004] Response length: 41527 characters
[2026-05-12 13:18:34 UTC] [INFO    ] [STEP 004] ✓ Saved raw response: /Users/matthewsmawfield/www/Temporal Equivalence Principle/TEP-EFA/data/raw/jpl_horizons/Cassini_1999/Cassini_1999_raw_response.txt
[2026-05-12 13:18:34 UTC] [INFO    ] [STEP 004]   Output: Cassini_1999_raw_response.txt (JPL Horizons raw response)
[2026-05-12 13:18:34 UTC] [INFO    ] [STEP 004]   → Processing trajectory data...
[2026-05-12 13:18:34 UTC] [INFO    ] [STEP 004] ✓ Saved processed data: /Users/matthewsmawfield/www/Temporal Equivalence Principle/TEP-EFA/data/raw/jpl_horizons/Cassini_1999/Cassini_1999_trajectory.json
[2026-05-12 13:18:34 UTC] [INFO    ] [STEP 004] Data points: 301
[2026-05-12 13:18:34 UTC] [INFO    ] [STEP 004]   Output: Cassini_1999_trajectory.json (Processed trajectory JSON)
[2026-05-12 13:18:34 UTC] [INFO    ] [STEP 004] --------------------------------------------------------------------------------
[2026-05-12 13:18:34 UTC] [INFO    ] [STEP 004] Processing: Rosetta_2005
[2026-05-12 13:18:34 UTC] [INFO    ] [STEP 004] --------------------------------------------------------------------------------
[2026-05-12 13:18:34 UTC] [INFO    ] [STEP 004]   → Fetching JPL Horizons data for Rosetta_2005
[2026-05-12 13:18:34 UTC] [DEBUG   ] [STEP 004] Using query file: /Users/matthewsmawfield/www/Temporal Equivalence Principle/TEP-EFA/scripts/utils/jpl_horizons/queries/Rosetta_2005.q
[2026-05-12 13:18:34 UTC] [DEBUG   ] [STEP 004] Output directory: /Users/matthewsmawfield/www/Temporal Equivalence Principle/TEP-EFA/data/raw/jpl_horizons/Rosetta_2005
[2026-05-12 13:18:34 UTC] [INFO    ] [STEP 004]   → Querying JPL Horizons...
[2026-05-12 13:18:38 UTC] [DEBUG   ] [STEP 004] Response length: 46680 characters
[2026-05-12 13:18:38 UTC] [INFO    ] [STEP 004] ✓ Saved raw response: /Users/matthewsmawfield/www/Temporal Equivalence Principle/TEP-EFA/data/raw/jpl_horizons/Rosetta_2005/Rosetta_2005_raw_response.txt
[2026-05-12 13:18:38 UTC] [INFO    ] [STEP 004]   Output: Rosetta_2005_raw_response.txt (JPL Horizons raw response)
[2026-05-12 13:18:38 UTC] [INFO    ] [STEP 004]   → Processing trajectory data...
[2026-05-12 13:18:38 UTC] [INFO    ] [STEP 004] ✓ Saved processed data: /Users/matthewsmawfield/www/Temporal Equivalence Principle/TEP-EFA/data/raw/jpl_horizons/Rosetta_2005/Rosetta_2005_trajectory.json
[2026-05-12 13:18:38 UTC] [INFO    ] [STEP 004] Data points: 361
[2026-05-12 13:18:38 UTC] [INFO    ] [STEP 004]   Output: Rosetta_2005_trajectory.json (Processed trajectory JSON)
[2026-05-12 13:18:38 UTC] [INFO    ] [STEP 004] --------------------------------------------------------------------------------
[2026-05-12 13:18:38 UTC] [INFO    ] [STEP 004] Processing: MESSENGER_2005
[2026-05-12 13:18:38 UTC] [INFO    ] [STEP 004] --------------------------------------------------------------------------------
[2026-05-12 13:18:38 UTC] [INFO    ] [STEP 004]   → Fetching JPL Horizons data for MESSENGER_2005
[2026-05-12 13:18:38 UTC] [DEBUG   ] [STEP 004] Using query file: /Users/matthewsmawfield/www/Temporal Equivalence Principle/TEP-EFA/scripts/utils/jpl_horizons/queries/MESSENGER_2005.q
[2026-05-12 13:18:38 UTC] [DEBUG   ] [STEP 004] Output directory: /Users/matthewsmawfield/www/Temporal Equivalence Principle/TEP-EFA/data/raw/jpl_horizons/MESSENGER_2005
[2026-05-12 13:18:38 UTC] [INFO    ] [STEP 004]   → Querying JPL Horizons...
[2026-05-12 13:18:40 UTC] [DEBUG   ] [STEP 004] Response length: 44979 characters
[2026-05-12 13:18:40 UTC] [INFO    ] [STEP 004] ✓ Saved raw response: /Users/matthewsmawfield/www/Temporal Equivalence Principle/TEP-EFA/data/raw/jpl_horizons/MESSENGER_2005/MESSENGER_2005_raw_response.txt
[2026-05-12 13:18:40 UTC] [INFO    ] [STEP 004]   Output: MESSENGER_2005_raw_response.txt (JPL Horizons raw response)
[2026-05-12 13:18:40 UTC] [INFO    ] [STEP 004]   → Processing trajectory data...
[2026-05-12 13:18:40 UTC] [INFO    ] [STEP 004] ✓ Saved processed data: /Users/matthewsmawfield/www/Temporal Equivalence Principle/TEP-EFA/data/raw/jpl_horizons/MESSENGER_2005/MESSENGER_2005_trajectory.json
[2026-05-12 13:18:40 UTC] [INFO    ] [STEP 004] Data points: 361
[2026-05-12 13:18:40 UTC] [INFO    ] [STEP 004]   Output: MESSENGER_2005_trajectory.json (Processed trajectory JSON)
[2026-05-12 13:18:40 UTC] [INFO    ] [STEP 004] --------------------------------------------------------------------------------
[2026-05-12 13:18:40 UTC] [INFO    ] [STEP 004] Processing: Juno_2013
[2026-05-12 13:18:40 UTC] [INFO    ] [STEP 004] --------------------------------------------------------------------------------
[2026-05-12 13:18:40 UTC] [INFO    ] [STEP 004]   → Fetching JPL Horizons data for Juno_2013
[2026-05-12 13:18:40 UTC] [DEBUG   ] [STEP 004] Using query file: /Users/matthewsmawfield/www/Temporal Equivalence Principle/TEP-EFA/scripts/utils/jpl_horizons/queries/Juno_2013.q
[2026-05-12 13:18:40 UTC] [DEBUG   ] [STEP 004] Output directory: /Users/matthewsmawfield/www/Temporal Equivalence Principle/TEP-EFA/data/raw/jpl_horizons/Juno_2013
[2026-05-12 13:18:40 UTC] [INFO    ] [STEP 004]   → Querying JPL Horizons...
[2026-05-12 13:18:42 UTC] [DEBUG   ] [STEP 004] Response length: 40830 characters
[2026-05-12 13:18:42 UTC] [INFO    ] [STEP 004] ✓ Saved raw response: /Users/matthewsmawfield/www/Temporal Equivalence Principle/TEP-EFA/data/raw/jpl_horizons/Juno_2013/Juno_2013_raw_response.txt
[2026-05-12 13:18:42 UTC] [INFO    ] [STEP 004]   Output: Juno_2013_raw_response.txt (JPL Horizons raw response)
[2026-05-12 13:18:42 UTC] [INFO    ] [STEP 004]   → Processing trajectory data...
[2026-05-12 13:18:42 UTC] [INFO    ] [STEP 004] ✓ Saved processed data: /Users/matthewsmawfield/www/Temporal Equivalence Principle/TEP-EFA/data/raw/jpl_horizons/Juno_2013/Juno_2013_trajectory.json
[2026-05-12 13:18:42 UTC] [INFO    ] [STEP 004] Data points: 301
[2026-05-12 13:18:42 UTC] [INFO    ] [STEP 004]   Output: Juno_2013_trajectory.json (Processed trajectory JSON)
[2026-05-12 13:18:42 UTC] [INFO    ] [STEP 004] --------------------------------------------------------------------------------
[2026-05-12 13:18:42 UTC] [INFO    ] [STEP 004] Processing: Rosetta_2007
[2026-05-12 13:18:42 UTC] [INFO    ] [STEP 004] --------------------------------------------------------------------------------
[2026-05-12 13:18:42 UTC] [INFO    ] [STEP 004]   → Fetching JPL Horizons data for Rosetta_2007
[2026-05-12 13:18:42 UTC] [WARNING ] [STEP 004] ⚠ Query file not found: /Users/matthewsmawfield/www/Temporal Equivalence Principle/TEP-EFA/scripts/utils/jpl_horizons/queries/Rosetta_2007.q
[2026-05-12 13:18:42 UTC] [INFO    ] [STEP 004] --------------------------------------------------------------------------------
[2026-05-12 13:18:42 UTC] [INFO    ] [STEP 004] Processing: Rosetta_2009
[2026-05-12 13:18:42 UTC] [INFO    ] [STEP 004] --------------------------------------------------------------------------------
[2026-05-12 13:18:42 UTC] [INFO    ] [STEP 004]   → Fetching JPL Horizons data for Rosetta_2009
[2026-05-12 13:18:42 UTC] [DEBUG   ] [STEP 004] Using query file: /Users/matthewsmawfield/www/Temporal Equivalence Principle/TEP-EFA/scripts/utils/jpl_horizons/queries/Rosetta_2009.q
[2026-05-12 13:18:42 UTC] [DEBUG   ] [STEP 004] Output directory: /Users/matthewsmawfield/www/Temporal Equivalence Principle/TEP-EFA/data/raw/jpl_horizons/Rosetta_2009
[2026-05-12 13:18:42 UTC] [INFO    ] [STEP 004]   → Querying JPL Horizons...
[2026-05-12 13:18:46 UTC] [DEBUG   ] [STEP 004] Response length: 34800 characters
[2026-05-12 13:18:46 UTC] [INFO    ] [STEP 004] ✓ Saved raw response: /Users/matthewsmawfield/www/Temporal Equivalence Principle/TEP-EFA/data/raw/jpl_horizons/Rosetta_2009/Rosetta_2009_raw_response.txt
[2026-05-12 13:18:46 UTC] [INFO    ] [STEP 004]   Output: Rosetta_2009_raw_response.txt (JPL Horizons raw response)
[2026-05-12 13:18:46 UTC] [INFO    ] [STEP 004]   → Processing trajectory data...
[2026-05-12 13:18:46 UTC] [INFO    ] [STEP 004] ✓ Saved processed data: /Users/matthewsmawfield/www/Temporal Equivalence Principle/TEP-EFA/data/raw/jpl_horizons/Rosetta_2009/Rosetta_2009_trajectory.json
[2026-05-12 13:18:46 UTC] [INFO    ] [STEP 004] Data points: 241
[2026-05-12 13:18:46 UTC] [INFO    ] [STEP 004]   Output: Rosetta_2009_trajectory.json (Processed trajectory JSON)
[2026-05-12 13:18:46 UTC] [INFO    ] [STEP 004] --------------------------------------------------------------------------------
[2026-05-12 13:18:46 UTC] [INFO    ] [STEP 004] Processing: Galileo_1992
[2026-05-12 13:18:46 UTC] [INFO    ] [STEP 004] --------------------------------------------------------------------------------
[2026-05-12 13:18:46 UTC] [INFO    ] [STEP 004]   → Fetching JPL Horizons data for Galileo_1992
[2026-05-12 13:18:46 UTC] [WARNING ] [STEP 004] ⚠ Query file not found: /Users/matthewsmawfield/www/Temporal Equivalence Principle/TEP-EFA/scripts/utils/jpl_horizons/queries/Galileo_1992.q
[2026-05-12 13:18:46 UTC] [INFO    ] [STEP 004] --------------------------------------------------------------------------------
[2026-05-12 13:18:46 UTC] [INFO    ] [STEP 004] Processing: Stardust_2001
[2026-05-12 13:18:46 UTC] [INFO    ] [STEP 004] --------------------------------------------------------------------------------
[2026-05-12 13:18:46 UTC] [INFO    ] [STEP 004]   → Fetching JPL Horizons data for Stardust_2001
[2026-05-12 13:18:46 UTC] [WARNING ] [STEP 004] ⚠ Query file not found: /Users/matthewsmawfield/www/Temporal Equivalence Principle/TEP-EFA/scripts/utils/jpl_horizons/queries/Stardust_2001.q
[2026-05-12 13:18:46 UTC] [DEBUG   ] [STEP 004] 
[2026-05-12 13:18:46 UTC] [DEBUG   ] [STEP 004] ================================================================================
[2026-05-12 13:18:46 UTC] [DEBUG   ] [STEP 004] SECTION: SUMMARY: JPL Horizons Data Fetch
[2026-05-12 13:18:46 UTC] [DEBUG   ] [STEP 004] ================================================================================
[2026-05-12 13:18:46 UTC] [INFO    ] [STEP 004] ✓ NEAR_1998            301 data points
[2026-05-12 13:18:46 UTC] [INFO    ] [STEP 004] ✓ Galileo_1990         301 data points
[2026-05-12 13:18:46 UTC] [INFO    ] [STEP 004] ✓ Cassini_1999         301 data points
[2026-05-12 13:18:46 UTC] [INFO    ] [STEP 004] ✓ Rosetta_2005         361 data points
[2026-05-12 13:18:46 UTC] [INFO    ] [STEP 004] ✓ MESSENGER_2005       361 data points
[2026-05-12 13:18:46 UTC] [INFO    ] [STEP 004] ✓ Juno_2013            301 data points
[2026-05-12 13:18:46 UTC] [WARNING ] [STEP 004] ⚠ Rosetta_2007         NO_QUERY_FILE
[2026-05-12 13:18:46 UTC] [INFO    ] [STEP 004] ✓ Rosetta_2009         241 data points
[2026-05-12 13:18:46 UTC] [WARNING ] [STEP 004] ⚠ Galileo_1992         NO_QUERY_FILE
[2026-05-12 13:18:46 UTC] [WARNING ] [STEP 004] ⚠ Stardust_2001        NO_QUERY_FILE
[2026-05-12 13:18:46 UTC] [INFO    ] [STEP 004] ✓ Saved summary to: /Users/matthewsmawfield/www/Temporal Equivalence Principle/TEP-EFA/data/raw/jpl_horizons/step004_fetch_summary.json
[2026-05-12 13:18:46 UTC] [INFO    ] [STEP 004]   Output: step004_fetch_summary.json (Fetch summary JSON)
[2026-05-12 13:18:46 UTC] [INFO    ] [STEP 004] Successfully fetched: 7/10 missions
[2026-05-12 13:18:46 UTC] [INFO    ] [STEP 004] 
[2026-05-12 13:18:46 UTC] [INFO    ] [STEP 004] ================================================================================
[2026-05-12 13:18:46 UTC] [INFO    ] [STEP 004] STEP SUMMARY: step_004_jpl_horizons_fetch
[2026-05-12 13:18:46 UTC] [INFO    ] [STEP 004] ================================================================================
[2026-05-12 13:18:46 UTC] [INFO    ] [STEP 004] Step Number: 004
[2026-05-12 13:18:46 UTC] [INFO    ] [STEP 004] Status: PARTIAL
[2026-05-12 13:18:46 UTC] [INFO    ] [STEP 004] Duration: 16.04s
[2026-05-12 13:18:46 UTC] [INFO    ] [STEP 004] Calculations Logged: 0
[2026-05-12 13:18:46 UTC] [INFO    ] [STEP 004] Output Files: 15
[2026-05-12 13:18:46 UTC] [INFO    ] [STEP 004] Log file: /Users/matthewsmawfield/www/Temporal Equivalence Principle/TEP-EFA/logs/step_004_jpl_horizons_fetch.log
[2026-05-12 13:18:46 UTC] [INFO    ] [STEP 004] 
[2026-05-12 13:18:46 UTC] [INFO    ] [STEP 004] Generated 15 output file(s):
[2026-05-12 13:18:46 UTC] [INFO    ] [STEP 004]   • NEAR_1998_raw_response.txt: 39.27 KB - JPL Horizons raw response
[2026-05-12 13:18:46 UTC] [INFO    ] [STEP 004]   • NEAR_1998_trajectory.json: 46.55 KB - Processed trajectory JSON
[2026-05-12 13:18:46 UTC] [INFO    ] [STEP 004]   • Galileo_1990_raw_response.txt: 37.96 KB - JPL Horizons raw response
[2026-05-12 13:18:46 UTC] [INFO    ] [STEP 004]   • Galileo_1990_trajectory.json: 46.21 KB - Processed trajectory JSON
[2026-05-12 13:18:46 UTC] [INFO    ] [STEP 004]   • Cassini_1999_raw_response.txt: 40.55 KB - JPL Horizons raw response
[2026-05-12 13:18:46 UTC] [INFO    ] [STEP 004]   • Cassini_1999_trajectory.json: 47.03 KB - Processed trajectory JSON
[2026-05-12 13:18:46 UTC] [INFO    ] [STEP 004]   • Rosetta_2005_raw_response.txt: 45.59 KB - JPL Horizons raw response
[2026-05-12 13:18:46 UTC] [INFO    ] [STEP 004]   • Rosetta_2005_trajectory.json: 55.30 KB - Processed trajectory JSON
[2026-05-12 13:18:46 UTC] [INFO    ] [STEP 004]   • MESSENGER_2005_raw_response.txt: 43.92 KB - JPL Horizons raw response
[2026-05-12 13:18:46 UTC] [INFO    ] [STEP 004]   • MESSENGER_2005_trajectory.json: 55.33 KB - Processed trajectory JSON
[2026-05-12 13:18:46 UTC] [INFO    ] [STEP 004]   • Juno_2013_raw_response.txt: 39.87 KB - JPL Horizons raw response
[2026-05-12 13:18:46 UTC] [INFO    ] [STEP 004]   • Juno_2013_trajectory.json: 46.69 KB - Processed trajectory JSON
[2026-05-12 13:18:46 UTC] [INFO    ] [STEP 004]   • Rosetta_2009_raw_response.txt: 33.98 KB - JPL Horizons raw response
[2026-05-12 13:18:46 UTC] [INFO    ] [STEP 004]   • Rosetta_2009_trajectory.json: 37.05 KB - Processed trajectory JSON
[2026-05-12 13:18:46 UTC] [INFO    ] [STEP 004]   • step004_fetch_summary.json: 2.91 KB - Fetch summary JSON
[2026-05-12 13:18:46 UTC] [INFO    ] [STEP 004] ================================================================================
[2026-05-12 13:18:46 UTC] [INFO    ] [STEP 004] STEP 004 COMPLETE: PARTIAL
[2026-05-12 13:18:46 UTC] [INFO    ] [STEP 004] Provenance data saved to /Users/matthewsmawfield/www/Temporal Equivalence Principle/TEP-EFA/results/provenance/step_004_jpl_horizons_fetch_provenance.json
[2026-05-12 10:18:46 UTC] [INFO    ] [STEP 004] 
[2026-05-12 10:18:46 UTC] [INFO    ] [STEP 004] ================================================================================
[2026-05-12 10:18:46 UTC] [INFO    ] [STEP 004] EXECUTIVE SUMMARY
[2026-05-12 10:18:46 UTC] [INFO    ] [STEP 004] ================================================================================
[2026-05-12 10:18:46 UTC] [INFO    ] [STEP 004] Step: step_004_jpl_horizons_fetch (Step 004)
[2026-05-12 10:18:46 UTC] [INFO    ] [STEP 004] Status: PARTIAL
[2026-05-12 10:18:46 UTC] [INFO    ] [STEP 004] Duration: 16.04s
[2026-05-12 10:18:46 UTC] [INFO    ] [STEP 004] Calculations: 0
[2026-05-12 10:18:46 UTC] [INFO    ] [STEP 004] Output Files: 15
[2026-05-12 10:18:46 UTC] [INFO    ] [STEP 004] Key Outputs:
[2026-05-12 10:18:46 UTC] [INFO    ] [STEP 004]   - NEAR_1998_raw_response.txt (39.27 KB)
[2026-05-12 10:18:46 UTC] [INFO    ] [STEP 004]   - NEAR_1998_trajectory.json (46.55 KB)
[2026-05-12 10:18:46 UTC] [INFO    ] [STEP 004]   - Galileo_1990_raw_response.txt (37.96 KB)
[2026-05-12 10:18:46 UTC] [INFO    ] [STEP 004]   - Galileo_1990_trajectory.json (46.21 KB)
[2026-05-12 10:18:46 UTC] [INFO    ] [STEP 004]   - Cassini_1999_raw_response.txt (40.55 KB)
[2026-05-12 10:18:46 UTC] [INFO    ] [STEP 004]   - Cassini_1999_trajectory.json (47.03 KB)
[2026-05-12 10:18:46 UTC] [INFO    ] [STEP 004]   - Rosetta_2005_raw_response.txt (45.59 KB)
[2026-05-12 10:18:46 UTC] [INFO    ] [STEP 004]   - Rosetta_2005_trajectory.json (55.30 KB)
[2026-05-12 10:18:46 UTC] [INFO    ] [STEP 004]   - MESSENGER_2005_raw_response.txt (43.92 KB)
[2026-05-12 10:18:46 UTC] [INFO    ] [STEP 004]   - MESSENGER_2005_trajectory.json (55.33 KB)
[2026-05-12 10:18:46 UTC] [INFO    ] [STEP 004]   - Juno_2013_raw_response.txt (39.87 KB)
[2026-05-12 10:18:46 UTC] [INFO    ] [STEP 004]   - Juno_2013_trajectory.json (46.69 KB)
[2026-05-12 10:18:46 UTC] [INFO    ] [STEP 004]   - Rosetta_2009_raw_response.txt (33.98 KB)
[2026-05-12 10:18:46 UTC] [INFO    ] [STEP 004]   - Rosetta_2009_trajectory.json (37.05 KB)
[2026-05-12 10:18:46 UTC] [INFO    ] [STEP 004]   - step004_fetch_summary.json (2.91 KB)
[2026-05-12 10:18:46 UTC] [INFO    ] [STEP 004] ================================================================================
