[2026-05-17 12:30:29 UTC] [INFO    ] [STEP 015] LOGGER INITIALIZED: step_015_hierarchical_bayesian (Step 015)
[2026-05-17 12:30:29 UTC] [DEBUG   ] [STEP 015] Log file: /Users/matthewsmawfield/www/Temporal Equivalence Principle/TEP-EFA/logs/step_015_hierarchical_bayesian.log
[2026-05-17 12:30:29 UTC] [DEBUG   ] [STEP 015] Project root: /Users/matthewsmawfield/www/Temporal Equivalence Principle/TEP-EFA
[2026-05-17 12:30:29 UTC] [DEBUG   ] [STEP 015] 
[2026-05-17 12:30:29 UTC] [DEBUG   ] [STEP 015] ================================================================================
[2026-05-17 12:30:29 UTC] [DEBUG   ] [STEP 015] SECTION: BUILDING HIERARCHICAL BAYESIAN MODEL
[2026-05-17 12:30:29 UTC] [DEBUG   ] [STEP 015] ================================================================================
[2026-05-17 12:30:29 UTC] [INFO    ] [STEP 015] Model structure:
[2026-05-17 12:30:29 UTC] [INFO    ] [STEP 015]   Level 1: Universal parameters (β_0, b_disf, σ, α_res)
[2026-05-17 12:30:29 UTC] [INFO    ] [STEP 015]   Level 2: Residual geometry modulations
[2026-05-17 12:30:29 UTC] [INFO    ] [STEP 015]   Level 3: Observations with measurement noise
[2026-05-17 12:30:29 UTC] [DEBUG   ] [STEP 015] 
[2026-05-17 12:30:29 UTC] [DEBUG   ] [STEP 015] --- PRIORS ---
[2026-05-17 12:30:29 UTC] [INFO    ] [STEP 015] β_0 ~ LogNormal(ln(1.733e-03), σ_ln=0.250)  # center from Step 008 (overall_analysis.recommended_beta), hierarchical_beta_prior_center=step008_recommended
[2026-05-17 12:30:29 UTC] [INFO    ] [STEP 015] b_disf ~ LogNormal(ln(0.05), 1.0)  # Disformal coupling strength
[2026-05-17 12:30:29 UTC] [INFO    ] [STEP 015] σ ~ LogNormal(ln(0.5), 1.0)  # Flyby-to-flyby scatter
[2026-05-17 12:30:29 UTC] [INFO    ] [STEP 015] α_res ~ Normal(0, 0.3)  # Residual geometry modulation
[2026-05-17 12:30:29 UTC] [INFO    ] [STEP 015] Loaded 8 flybys with observations
[2026-05-17 12:30:29 UTC] [DEBUG   ] [STEP 015] 
[2026-05-17 12:30:29 UTC] [DEBUG   ] [STEP 015] ================================================================================
[2026-05-17 12:30:29 UTC] [DEBUG   ] [STEP 015] SECTION: PER-FLYBY GEOMETRY FACTOR EXTRACTION
[2026-05-17 12:30:29 UTC] [DEBUG   ] [STEP 015] ================================================================================
[2026-05-17 12:30:29 UTC] [INFO    ] [STEP 015] G_i,eff = dv_obs / dv_grad  (reference beta_0 = 1e-4)
[2026-05-17 12:30:29 UTC] [DEBUG   ] [STEP 015] 
[2026-05-17 12:30:29 UTC] [DEBUG   ] [STEP 015] --- PER-FLYBY GEOMETRY FACTORS ---
[2026-05-17 12:30:29 UTC] [INFO    ] [STEP 015]   NEAR           : G_eff =  14.51, alt=  568km, v=12.7km/s, asym=+0.625
[2026-05-17 12:30:29 UTC] [INFO    ] [STEP 015]   Galileo_1990   : G_eff =  24.17, alt=  972km, v=13.7km/s, asym=+0.195
[2026-05-17 12:30:29 UTC] [INFO    ] [STEP 015]   Cassini        : G_eff =  -7.55, alt= 1197km, v=19.0km/s, asym=-0.088
[2026-05-17 12:30:29 UTC] [INFO    ] [STEP 015]   Rosetta_2005   : G_eff =   5.73, alt= 1969km, v=10.5km/s, asym=+0.330
[2026-05-17 12:30:29 UTC] [INFO    ] [STEP 015]   Rosetta_2007   : G_eff = 307.55, alt= 5430km, v=12.5km/s, asym=+0.035
[2026-05-17 12:30:29 UTC] [DEBUG   ] [STEP 015] 
[2026-05-17 12:30:29 UTC] [DEBUG   ] [STEP 015] --- TRAJECTORY CORRELATIONS ---
[2026-05-17 12:30:29 UTC] [INFO    ] [STEP 015]   G_eff vs altitude:   r = +0.953 (p ≈ 0.008)
[2026-05-17 12:30:29 UTC] [INFO    ] [STEP 015]   G_eff vs velocity:   r = -0.262 (p ≈ 0.704)
[2026-05-17 12:30:29 UTC] [INFO    ] [STEP 015]   G_eff vs asymmetry:  r = -0.327 (p ≈ 0.631)
[2026-05-17 12:30:29 UTC] [DEBUG   ] [STEP 015] 
[2026-05-17 12:30:29 UTC] [DEBUG   ] [STEP 015] --- GEOMETRY FACTOR REGRESSION ---
[2026-05-17 12:30:29 UTC] [INFO    ] [STEP 015]   log10|G_eff| = c0 + c1·alt_norm + c2·vel_norm + c3·asym_norm
[2026-05-17 12:30:29 UTC] [INFO    ] [STEP 015]   c0 = 1.334, c1 = 0.711, c2 = 0.247, c3 = 0.291
[2026-05-17 12:30:29 UTC] [INFO    ] [STEP 015]   R² = 0.750
[2026-05-17 12:30:29 UTC] [DEBUG   ] [STEP 015] 
[2026-05-17 12:30:29 UTC] [DEBUG   ] [STEP 015] --- SUMMARY ---
[2026-05-17 12:30:29 UTC] [INFO    ] [STEP 015]   Median G_eff = 14.51
[2026-05-17 12:30:29 UTC] [INFO    ] [STEP 015]   Mean   G_eff = 68.88 ± 119.79
[2026-05-17 12:30:29 UTC] [INFO    ] [STEP 015]   Range: [-7.55, 307.55]
[2026-05-17 12:30:29 UTC] [INFO    ] [STEP 015] 
[2026-05-17 12:30:29 UTC] [INFO    ] [STEP 015]   If beta_0 = 1.00e-4 (theoretical reference):
[2026-05-17 12:30:29 UTC] [INFO    ] [STEP 015]     The effective geometry factor varies by a factor of 53.7 across flybys.
[2026-05-17 12:30:29 UTC] [INFO    ] [STEP 015]     This confirms geometry-dependent TEP coupling.
[2026-05-17 12:30:29 UTC] [INFO    ] [STEP 015] 
[2026-05-17 12:30:29 UTC] [INFO    ] [STEP 015]   Empirically, the median implied coupling is:
[2026-05-17 12:30:29 UTC] [INFO    ] [STEP 015]     beta_0,implied = 1e-4 × G_eff,median = 1.45e-03
[2026-05-17 12:30:29 UTC] [INFO    ] [STEP 015] MCMC init: log β_0 = ln(1.732539e-03) from Step 008 (overall_analysis.recommended_beta), prior σ_lnβ = 0.2500
[2026-05-17 12:30:29 UTC] [INFO    ] [STEP 015] Running 2000 steps with 32 walkers...
[2026-05-17 12:30:30 UTC] [DEBUG   ] [STEP 015] 
[2026-05-17 12:30:30 UTC] [DEBUG   ] [STEP 015] --- POSTERIOR PREDICTIVE CHECKS ---
[2026-05-17 12:30:30 UTC] [INFO    ] [STEP 015]   NEAR           : obs =   13.46, pred =   13.41 ±  1.33 mm/s, residual = +0.05 mm/s
[2026-05-17 12:30:30 UTC] [INFO    ] [STEP 015]   Galileo_1990   : obs =    3.92, pred =    1.71 ±  0.21 mm/s, residual = +2.21 mm/s
[2026-05-17 12:30:30 UTC] [INFO    ] [STEP 015]   Cassini        : obs =    0.11, pred =   -0.11 ±  0.03 mm/s, residual = +0.22 mm/s
[2026-05-17 12:30:30 UTC] [INFO    ] [STEP 015]   Rosetta_2005   : obs =    1.82, pred =    2.79 ±  0.53 mm/s, residual = -0.97 mm/s
[2026-05-17 12:30:30 UTC] [INFO    ] [STEP 015]   Rosetta_2007   : obs =    0.02, pred =    0.00 ±  0.00 mm/s, residual = +0.02 mm/s
[2026-05-17 12:30:30 UTC] [DEBUG   ] [STEP 015] 
[2026-05-17 12:30:30 UTC] [DEBUG   ] [STEP 015] --- POSTERIOR STATISTICS ---
[2026-05-17 12:30:30 UTC] [INFO    ] [STEP 015] β_0 = 1.74e-03 ± 3.91e-04
[2026-05-17 12:30:30 UTC] [INFO    ] [STEP 015] σ = 1.19e+00 ± 5.07e-01
[2026-05-17 12:30:30 UTC] [INFO    ] [STEP 015] α_res = 0.024 ± 0.242
[2026-05-17 12:30:30 UTC] [INFO    ] [STEP 015] Corner plot saved to: /Users/matthewsmawfield/www/Temporal Equivalence Principle/TEP-EFA/results/step015_hierarchical_bayesian_corner.png
[2026-05-17 12:30:30 UTC] [INFO    ] [STEP 015]   Output: step015_hierarchical_bayesian_corner.png (Hierarchical Bayesian corner plot)
[2026-05-17 12:30:30 UTC] [DEBUG   ] [STEP 015] 
[2026-05-17 12:30:30 UTC] [DEBUG   ] [STEP 015] ================================================================================
[2026-05-17 12:30:30 UTC] [DEBUG   ] [STEP 015] SECTION: SAVING RESULTS
[2026-05-17 12:30:30 UTC] [DEBUG   ] [STEP 015] ================================================================================
[2026-05-17 12:30:30 UTC] [INFO    ] [STEP 015] Results saved to: /Users/matthewsmawfield/www/Temporal Equivalence Principle/TEP-EFA/results/step015_hierarchical_bayesian_results.json
[2026-05-17 12:30:30 UTC] [INFO    ] [STEP 015] 
[2026-05-17 12:30:30 UTC] [INFO    ] [STEP 015] ================================================================================
[2026-05-17 12:30:30 UTC] [INFO    ] [STEP 015] STEP SUMMARY: step_015_hierarchical_bayesian
[2026-05-17 12:30:30 UTC] [INFO    ] [STEP 015] ================================================================================
[2026-05-17 12:30:30 UTC] [INFO    ] [STEP 015] Step Number: 015
[2026-05-17 12:30:30 UTC] [INFO    ] [STEP 015] Status: SUCCESS
[2026-05-17 12:30:30 UTC] [INFO    ] [STEP 015] Duration: 0.00s
[2026-05-17 12:30:30 UTC] [INFO    ] [STEP 015] Calculations Logged: 0
[2026-05-17 12:30:30 UTC] [INFO    ] [STEP 015] Output Files: 1
[2026-05-17 12:30:30 UTC] [INFO    ] [STEP 015] Log file: /Users/matthewsmawfield/www/Temporal Equivalence Principle/TEP-EFA/logs/step_015_hierarchical_bayesian.log
[2026-05-17 12:30:30 UTC] [INFO    ] [STEP 015] 
[2026-05-17 12:30:30 UTC] [INFO    ] [STEP 015] Generated 1 output file(s):
[2026-05-17 12:30:30 UTC] [INFO    ] [STEP 015]   • step015_hierarchical_bayesian_corner.png: 210.75 KB - Hierarchical Bayesian corner plot
[2026-05-17 12:30:30 UTC] [INFO    ] [STEP 015] ================================================================================
[2026-05-17 12:30:30 UTC] [INFO    ] [STEP 015] STEP 015 COMPLETE: SUCCESS
[2026-05-17 12:30:30 UTC] [INFO    ] [STEP 015] Provenance data saved to /Users/matthewsmawfield/www/Temporal Equivalence Principle/TEP-EFA/results/provenance/step_015_hierarchical_bayesian_provenance.json
[2026-05-17 09:30:30 UTC] [INFO    ] [STEP 015] 
[2026-05-17 09:30:30 UTC] [INFO    ] [STEP 015] ================================================================================
[2026-05-17 09:30:30 UTC] [INFO    ] [STEP 015] EXECUTIVE SUMMARY
[2026-05-17 09:30:30 UTC] [INFO    ] [STEP 015] ================================================================================
[2026-05-17 09:30:30 UTC] [INFO    ] [STEP 015] Step: step_015_hierarchical_bayesian (Step 015)
[2026-05-17 09:30:30 UTC] [INFO    ] [STEP 015] Status: SUCCESS
[2026-05-17 09:30:30 UTC] [INFO    ] [STEP 015] Duration: 0.00s
[2026-05-17 09:30:30 UTC] [INFO    ] [STEP 015] Calculations: 0
[2026-05-17 09:30:30 UTC] [INFO    ] [STEP 015] Output Files: 1
[2026-05-17 09:30:30 UTC] [INFO    ] [STEP 015] Key Outputs:
[2026-05-17 09:30:30 UTC] [INFO    ] [STEP 015]   - step015_hierarchical_bayesian_corner.png (210.75 KB)
[2026-05-17 09:30:30 UTC] [INFO    ] [STEP 015] ================================================================================
