[2026-05-17 12:29:53 UTC] [INFO    ] [STEP 007] LOGGER INITIALIZED: step_007_tep_model (Step 007)
[2026-05-17 12:29:53 UTC] [DEBUG   ] [STEP 007] Log file: /Users/matthewsmawfield/www/Temporal Equivalence Principle/TEP-EFA/logs/step_007_tep_model.log
[2026-05-17 12:29:53 UTC] [DEBUG   ] [STEP 007] Project root: /Users/matthewsmawfield/www/Temporal Equivalence Principle/TEP-EFA
[2026-05-17 12:29:53 UTC] [INFO    ] [STEP 007] ================================================================================
[2026-05-17 12:29:53 UTC] [INFO    ] [STEP 007] STEP 007: TEP TEMPORAL TOPOLOGY MODEL
[2026-05-17 12:29:53 UTC] [INFO    ] [STEP 007] ================================================================================
[2026-05-17 12:29:53 UTC] [INFO    ] [STEP 007] Using reference beta = 1.0000e-04
[2026-05-17 12:29:53 UTC] [INFO    ] [STEP 007] Loaded 14 flybys from archival catalog
[2026-05-17 12:29:53 UTC] [INFO    ] [STEP 007] Loaded 12 3D state vectors for CMB alignment
[2026-05-17 12:29:53 UTC] [INFO    ] [STEP 007] --------------------------------------------------------------------------------
[2026-05-17 12:29:53 UTC] [INFO    ] [STEP 007] Predicting: NEAR
[2026-05-17 12:29:53 UTC] [INFO    ] [STEP 007] --------------------------------------------------------------------------------
[2026-05-17 12:29:53 UTC] [INFO    ] [STEP 007]   Predicted Δv: 1.5864 mm/s
[2026-05-17 12:29:53 UTC] [INFO    ] [STEP 007]   Observed Δv:  13.46 mm/s
[2026-05-17 12:29:53 UTC] [INFO    ] [STEP 007] --------------------------------------------------------------------------------
[2026-05-17 12:29:53 UTC] [INFO    ] [STEP 007] Predicting: Galileo_1990
[2026-05-17 12:29:53 UTC] [INFO    ] [STEP 007] --------------------------------------------------------------------------------
[2026-05-17 12:29:53 UTC] [INFO    ] [STEP 007]   Predicted Δv: 0.1987 mm/s
[2026-05-17 12:29:53 UTC] [INFO    ] [STEP 007]   Observed Δv:  3.92 mm/s
[2026-05-17 12:29:53 UTC] [INFO    ] [STEP 007] --------------------------------------------------------------------------------
[2026-05-17 12:29:53 UTC] [INFO    ] [STEP 007] Predicting: Cassini
[2026-05-17 12:29:53 UTC] [INFO    ] [STEP 007] --------------------------------------------------------------------------------
[2026-05-17 12:29:53 UTC] [INFO    ] [STEP 007]   Predicted Δv: -0.0119 mm/s
[2026-05-17 12:29:53 UTC] [INFO    ] [STEP 007]   Observed Δv:  0.11 mm/s
[2026-05-17 12:29:53 UTC] [INFO    ] [STEP 007] --------------------------------------------------------------------------------
[2026-05-17 12:29:53 UTC] [INFO    ] [STEP 007] Predicting: Galileo_1992
[2026-05-17 12:29:53 UTC] [INFO    ] [STEP 007] --------------------------------------------------------------------------------
[2026-05-17 12:29:53 UTC] [INFO    ] [STEP 007]   Predicted Δv: 0.0003 mm/s
[2026-05-17 12:29:53 UTC] [INFO    ] [STEP 007]   Observed Δv:  0.00 mm/s
[2026-05-17 12:29:53 UTC] [INFO    ] [STEP 007] --------------------------------------------------------------------------------
[2026-05-17 12:29:53 UTC] [INFO    ] [STEP 007] Predicting: Rosetta_2005
[2026-05-17 12:29:53 UTC] [INFO    ] [STEP 007] --------------------------------------------------------------------------------
[2026-05-17 12:29:53 UTC] [INFO    ] [STEP 007]   Predicted Δv: 0.3212 mm/s
[2026-05-17 12:29:53 UTC] [INFO    ] [STEP 007]   Observed Δv:  1.82 mm/s
[2026-05-17 12:29:53 UTC] [INFO    ] [STEP 007] --------------------------------------------------------------------------------
[2026-05-17 12:29:53 UTC] [INFO    ] [STEP 007] Predicting: Rosetta_2007
[2026-05-17 12:29:53 UTC] [INFO    ] [STEP 007] --------------------------------------------------------------------------------
[2026-05-17 12:29:53 UTC] [INFO    ] [STEP 007]   Predicted Δv: 0.0001 mm/s
[2026-05-17 12:29:53 UTC] [INFO    ] [STEP 007]   Observed Δv:  0.02 mm/s
[2026-05-17 12:29:53 UTC] [INFO    ] [STEP 007] --------------------------------------------------------------------------------
[2026-05-17 12:29:53 UTC] [INFO    ] [STEP 007] Predicting: Rosetta_2009
[2026-05-17 12:29:53 UTC] [INFO    ] [STEP 007] --------------------------------------------------------------------------------
[2026-05-17 12:29:53 UTC] [INFO    ] [STEP 007]   Predicted Δv: 0.0012 mm/s
[2026-05-17 12:29:53 UTC] [INFO    ] [STEP 007]   Observed Δv:  0.00 mm/s
[2026-05-17 12:29:53 UTC] [INFO    ] [STEP 007] --------------------------------------------------------------------------------
[2026-05-17 12:29:53 UTC] [INFO    ] [STEP 007] Predicting: MESSENGER_2005
[2026-05-17 12:29:53 UTC] [INFO    ] [STEP 007] --------------------------------------------------------------------------------
[2026-05-17 12:29:53 UTC] [INFO    ] [STEP 007]   Predicted Δv: 0.0000 mm/s
[2026-05-17 12:29:53 UTC] [INFO    ] [STEP 007]   Observed Δv:  0.00 mm/s
[2026-05-17 12:29:53 UTC] [INFO    ] [STEP 007] --------------------------------------------------------------------------------
[2026-05-17 12:29:53 UTC] [INFO    ] [STEP 007] Predicting: Juno
[2026-05-17 12:29:53 UTC] [INFO    ] [STEP 007] --------------------------------------------------------------------------------
[2026-05-17 12:29:53 UTC] [INFO    ] [STEP 007]   Predicted Δv: 0.0132 mm/s
[2026-05-17 12:29:53 UTC] [INFO    ] [STEP 007]   Observed Δv:  0.00 mm/s
[2026-05-17 12:29:53 UTC] [INFO    ] [STEP 007] --------------------------------------------------------------------------------
[2026-05-17 12:29:53 UTC] [INFO    ] [STEP 007] Predicting: Stardust
[2026-05-17 12:29:53 UTC] [INFO    ] [STEP 007] --------------------------------------------------------------------------------
[2026-05-17 12:29:53 UTC] [WARNING ] [STEP 007] ⚠   No published anomaly for Stardust. Using N/A.
[2026-05-17 12:29:53 UTC] [INFO    ] [STEP 007]   Predicted Δv: -0.0003 mm/s
[2026-05-17 12:29:53 UTC] [INFO    ] [STEP 007]   Observed Δv:  N/A mm/s
[2026-05-17 12:29:53 UTC] [INFO    ] [STEP 007] --------------------------------------------------------------------------------
[2026-05-17 12:29:53 UTC] [INFO    ] [STEP 007] Predicting: OSIRIS-REx
[2026-05-17 12:29:53 UTC] [INFO    ] [STEP 007] --------------------------------------------------------------------------------
[2026-05-17 12:29:53 UTC] [WARNING ] [STEP 007] ⚠   No published anomaly for OSIRIS-REx. Using N/A.
[2026-05-17 12:29:53 UTC] [INFO    ] [STEP 007]   Predicted Δv: 0.0000 mm/s
[2026-05-17 12:29:53 UTC] [INFO    ] [STEP 007]   Observed Δv:  N/A mm/s
[2026-05-17 12:29:53 UTC] [INFO    ] [STEP 007] --------------------------------------------------------------------------------
[2026-05-17 12:29:53 UTC] [INFO    ] [STEP 007] Predicting: BepiColombo
[2026-05-17 12:29:53 UTC] [INFO    ] [STEP 007] --------------------------------------------------------------------------------
[2026-05-17 12:29:53 UTC] [WARNING ] [STEP 007] ⚠   No published anomaly for BepiColombo. Using N/A.
[2026-05-17 12:29:53 UTC] [INFO    ] [STEP 007]   Predicted Δv: -0.0000 mm/s
[2026-05-17 12:29:53 UTC] [INFO    ] [STEP 007]   Observed Δv:  N/A mm/s
[2026-05-17 12:29:53 UTC] [INFO    ] [STEP 007] --------------------------------------------------------------------------------
[2026-05-17 12:29:53 UTC] [INFO    ] [STEP 007] Predicting: JUICE
[2026-05-17 12:29:53 UTC] [INFO    ] [STEP 007] --------------------------------------------------------------------------------
[2026-05-17 12:29:53 UTC] [WARNING ] [STEP 007] ⚠   Skipping JUICE: No cached Horizons raw mapping for mission 'JUICE'. Add declination_in_deg / declination_out_deg to the archival catalog, or extend HORIZONS_RAW_SUBDIR_BY_MISSION after placing a step_004 cache tree.
[2026-05-17 12:29:53 UTC] [INFO    ] [STEP 007] --------------------------------------------------------------------------------
[2026-05-17 12:29:53 UTC] [INFO    ] [STEP 007] Predicting: Europa_Clipper
[2026-05-17 12:29:53 UTC] [INFO    ] [STEP 007] --------------------------------------------------------------------------------
[2026-05-17 12:29:53 UTC] [WARNING ] [STEP 007] ⚠   Skipping Europa_Clipper: No cached Horizons raw mapping for mission 'Europa_Clipper'. Add declination_in_deg / declination_out_deg to the archival catalog, or extend HORIZONS_RAW_SUBDIR_BY_MISSION after placing a step_004 cache tree.
[2026-05-17 12:29:53 UTC] [INFO    ] [STEP 007] ✓ Saved 12 predictions to: /Users/matthewsmawfield/www/Temporal Equivalence Principle/TEP-EFA/results/step007_tep_predictions.json
[2026-05-17 12:29:53 UTC] [INFO    ] [STEP 007]   Output: step007_tep_predictions.json (TEP predictions)
[2026-05-17 12:29:53 UTC] [INFO    ] [STEP 007] 
[2026-05-17 12:29:53 UTC] [INFO    ] [STEP 007] ================================================================================
[2026-05-17 12:29:53 UTC] [INFO    ] [STEP 007] STEP SUMMARY: step_007_tep_model
[2026-05-17 12:29:53 UTC] [INFO    ] [STEP 007] ================================================================================
[2026-05-17 12:29:53 UTC] [INFO    ] [STEP 007] Step Number: 007
[2026-05-17 12:29:53 UTC] [INFO    ] [STEP 007] Status: SUCCESS
[2026-05-17 12:29:53 UTC] [INFO    ] [STEP 007] Duration: 0.59s
[2026-05-17 12:29:53 UTC] [INFO    ] [STEP 007] Calculations Logged: 0
[2026-05-17 12:29:53 UTC] [INFO    ] [STEP 007] Output Files: 1
[2026-05-17 12:29:53 UTC] [INFO    ] [STEP 007] Log file: /Users/matthewsmawfield/www/Temporal Equivalence Principle/TEP-EFA/logs/step_007_tep_model.log
[2026-05-17 12:29:53 UTC] [INFO    ] [STEP 007] 
[2026-05-17 12:29:53 UTC] [INFO    ] [STEP 007] Generated 1 output file(s):
[2026-05-17 12:29:53 UTC] [INFO    ] [STEP 007]   • step007_tep_predictions.json: 6327.70 KB - TEP predictions
[2026-05-17 12:29:53 UTC] [INFO    ] [STEP 007] ================================================================================
[2026-05-17 12:29:53 UTC] [INFO    ] [STEP 007] STEP 007 COMPLETE: SUCCESS
[2026-05-17 12:29:53 UTC] [INFO    ] [STEP 007] Provenance data saved to /Users/matthewsmawfield/www/Temporal Equivalence Principle/TEP-EFA/results/provenance/step_007_tep_model_provenance.json
[2026-05-17 09:29:53 UTC] [INFO    ] [STEP 007] 
[2026-05-17 09:29:53 UTC] [INFO    ] [STEP 007] ================================================================================
[2026-05-17 09:29:53 UTC] [INFO    ] [STEP 007] EXECUTIVE SUMMARY
[2026-05-17 09:29:53 UTC] [INFO    ] [STEP 007] ================================================================================
[2026-05-17 09:29:53 UTC] [INFO    ] [STEP 007] Step: step_007_tep_model (Step 007)
[2026-05-17 09:29:53 UTC] [INFO    ] [STEP 007] Status: SUCCESS
[2026-05-17 09:29:53 UTC] [INFO    ] [STEP 007] Duration: 0.59s
[2026-05-17 09:29:53 UTC] [INFO    ] [STEP 007] Calculations: 0
[2026-05-17 09:29:53 UTC] [INFO    ] [STEP 007] Output Files: 1
[2026-05-17 09:29:53 UTC] [INFO    ] [STEP 007] Key Outputs:
[2026-05-17 09:29:53 UTC] [INFO    ] [STEP 007]   - step007_tep_predictions.json (6327.70 KB)
[2026-05-17 09:29:53 UTC] [INFO    ] [STEP 007] ================================================================================
