[2026-05-13 11:56:02 UTC] [INFO    ] [STEP 005] LOGGER INITIALIZED: step_005_dsn_data_ingestion (Step 005)
[2026-05-13 11:56:02 UTC] [DEBUG   ] [STEP 005] Log file: /Users/matthewsmawfield/www/Temporal Equivalence Principle/TEP-EFA/logs/step_005_dsn_data_ingestion.log
[2026-05-13 11:56:02 UTC] [DEBUG   ] [STEP 005] Project root: /Users/matthewsmawfield/www/Temporal Equivalence Principle/TEP-EFA
[2026-05-13 11:56:02 UTC] [INFO    ] [STEP 005] ================================================================================
[2026-05-13 11:56:02 UTC] [INFO    ] [STEP 005] STEP 005: DSN Data Request Workflow
[2026-05-13 11:56:02 UTC] [INFO    ] [STEP 005] ================================================================================
[2026-05-13 11:56:02 UTC] [INFO    ] [STEP 005] Generating actual data request packages for NASA/ESA archives
[2026-05-13 11:56:02 UTC] [DEBUG   ] [STEP 005] 
[2026-05-13 11:56:02 UTC] [DEBUG   ] [STEP 005] ================================================================================
[2026-05-13 11:56:02 UTC] [DEBUG   ] [STEP 005] SECTION: Configuration
[2026-05-13 11:56:02 UTC] [DEBUG   ] [STEP 005] ================================================================================
[2026-05-13 11:56:02 UTC] [DEBUG   ] [STEP 005]   PARAM: Number of missions = 5
[2026-05-13 11:56:02 UTC] [DEBUG   ] [STEP 005]   PARAM: Total data volume = 15.1 GB
[2026-05-13 11:56:02 UTC] [DEBUG   ] [STEP 005] Output directory: /Users/matthewsmawfield/www/Temporal Equivalence Principle/TEP-EFA/data/processed/dsn_requests
[2026-05-13 11:56:02 UTC] [INFO    ] [STEP 005] --------------------------------------------------------------------------------
[2026-05-13 11:56:02 UTC] [INFO    ] [STEP 005] Processing: NEAR_1998
[2026-05-13 11:56:02 UTC] [INFO    ] [STEP 005] --------------------------------------------------------------------------------
[2026-05-13 11:56:02 UTC] [INFO    ] [STEP 005] Agency: NASA
[2026-05-13 11:56:02 UTC] [INFO    ] [STEP 005] Data volume: 2.5 GB
[2026-05-13 11:56:02 UTC] [INFO    ] [STEP 005] ✓ Generated: step005_NASA_request_NEAR_1998.json
[2026-05-13 11:56:02 UTC] [INFO    ] [STEP 005]   Output: step005_NASA_request_NEAR_1998.json (DSN request for NEAR_1998)
[2026-05-13 11:56:02 UTC] [INFO    ] [STEP 005] --------------------------------------------------------------------------------
[2026-05-13 11:56:02 UTC] [INFO    ] [STEP 005] Processing: Galileo_1990
[2026-05-13 11:56:02 UTC] [INFO    ] [STEP 005] --------------------------------------------------------------------------------
[2026-05-13 11:56:02 UTC] [INFO    ] [STEP 005] Agency: NASA
[2026-05-13 11:56:02 UTC] [INFO    ] [STEP 005] Data volume: 1.8 GB
[2026-05-13 11:56:02 UTC] [INFO    ] [STEP 005] ✓ Generated: step005_NASA_request_Galileo_1990.json
[2026-05-13 11:56:02 UTC] [INFO    ] [STEP 005]   Output: step005_NASA_request_Galileo_1990.json (DSN request for Galileo_1990)
[2026-05-13 11:56:02 UTC] [INFO    ] [STEP 005] --------------------------------------------------------------------------------
[2026-05-13 11:56:02 UTC] [INFO    ] [STEP 005] Processing: Cassini_1999
[2026-05-13 11:56:02 UTC] [INFO    ] [STEP 005] --------------------------------------------------------------------------------
[2026-05-13 11:56:02 UTC] [INFO    ] [STEP 005] Agency: NASA
[2026-05-13 11:56:02 UTC] [INFO    ] [STEP 005] Data volume: 3.2 GB
[2026-05-13 11:56:02 UTC] [INFO    ] [STEP 005] ✓ Generated: step005_NASA_request_Cassini_1999.json
[2026-05-13 11:56:02 UTC] [INFO    ] [STEP 005]   Output: step005_NASA_request_Cassini_1999.json (DSN request for Cassini_1999)
[2026-05-13 11:56:02 UTC] [INFO    ] [STEP 005] --------------------------------------------------------------------------------
[2026-05-13 11:56:02 UTC] [INFO    ] [STEP 005] Processing: Juno_2013
[2026-05-13 11:56:02 UTC] [INFO    ] [STEP 005] --------------------------------------------------------------------------------
[2026-05-13 11:56:02 UTC] [INFO    ] [STEP 005] Agency: NASA
[2026-05-13 11:56:02 UTC] [INFO    ] [STEP 005] Data volume: 5.5 GB
[2026-05-13 11:56:02 UTC] [INFO    ] [STEP 005] ✓ Generated: step005_NASA_request_Juno_2013.json
[2026-05-13 11:56:02 UTC] [INFO    ] [STEP 005]   Output: step005_NASA_request_Juno_2013.json (DSN request for Juno_2013)
[2026-05-13 11:56:02 UTC] [INFO    ] [STEP 005] --------------------------------------------------------------------------------
[2026-05-13 11:56:02 UTC] [INFO    ] [STEP 005] Processing: Rosetta_2005
[2026-05-13 11:56:02 UTC] [INFO    ] [STEP 005] --------------------------------------------------------------------------------
[2026-05-13 11:56:02 UTC] [INFO    ] [STEP 005] Agency: ESA
[2026-05-13 11:56:02 UTC] [INFO    ] [STEP 005] Data volume: 2.1 GB
[2026-05-13 11:56:02 UTC] [INFO    ] [STEP 005] ✓ Generated: step005_ESA_request_Rosetta_2005.json
[2026-05-13 11:56:02 UTC] [INFO    ] [STEP 005]   Output: step005_ESA_request_Rosetta_2005.json (DSN request for Rosetta_2005)
[2026-05-13 11:56:02 UTC] [DEBUG   ] [STEP 005] 
[2026-05-13 11:56:02 UTC] [DEBUG   ] [STEP 005] ================================================================================
[2026-05-13 11:56:02 UTC] [DEBUG   ] [STEP 005] SECTION: SUMMARY
[2026-05-13 11:56:02 UTC] [DEBUG   ] [STEP 005] ================================================================================
[2026-05-13 11:56:02 UTC] [INFO    ] [STEP 005] Generated 5 request packages in: /Users/matthewsmawfield/www/Temporal Equivalence Principle/TEP-EFA/data/processed/dsn_requests
[2026-05-13 11:56:02 UTC] [INFO    ] [STEP 005] Total data volume: 15.1 GB
[2026-05-13 11:56:02 UTC] [INFO    ] [STEP 005] Next step: Submit requests to NASA/ESA archives
[2026-05-13 11:56:02 UTC] [INFO    ] [STEP 005] Timeline: 2-3 months for independent verification
[2026-05-13 11:56:02 UTC] [INFO    ] [STEP 005] 
[2026-05-13 11:56:02 UTC] [INFO    ] [STEP 005] ================================================================================
[2026-05-13 11:56:02 UTC] [INFO    ] [STEP 005] STEP SUMMARY: step_005_dsn_data_ingestion
[2026-05-13 11:56:02 UTC] [INFO    ] [STEP 005] ================================================================================
[2026-05-13 11:56:02 UTC] [INFO    ] [STEP 005] Step Number: 005
[2026-05-13 11:56:02 UTC] [INFO    ] [STEP 005] Status: SUCCESS
[2026-05-13 11:56:02 UTC] [INFO    ] [STEP 005] Duration: 0.00s
[2026-05-13 11:56:02 UTC] [INFO    ] [STEP 005] Calculations Logged: 0
[2026-05-13 11:56:02 UTC] [INFO    ] [STEP 005] Output Files: 5
[2026-05-13 11:56:02 UTC] [INFO    ] [STEP 005] Log file: /Users/matthewsmawfield/www/Temporal Equivalence Principle/TEP-EFA/logs/step_005_dsn_data_ingestion.log
[2026-05-13 11:56:02 UTC] [INFO    ] [STEP 005] 
[2026-05-13 11:56:02 UTC] [INFO    ] [STEP 005] Generated 5 output file(s):
[2026-05-13 11:56:02 UTC] [INFO    ] [STEP 005]   • step005_NASA_request_NEAR_1998.json: 1.13 KB - DSN request for NEAR_1998
[2026-05-13 11:56:02 UTC] [INFO    ] [STEP 005]   • step005_NASA_request_Galileo_1990.json: 1.13 KB - DSN request for Galileo_1990
[2026-05-13 11:56:02 UTC] [INFO    ] [STEP 005]   • step005_NASA_request_Cassini_1999.json: 1.13 KB - DSN request for Cassini_1999
[2026-05-13 11:56:02 UTC] [INFO    ] [STEP 005]   • step005_NASA_request_Juno_2013.json: 1.13 KB - DSN request for Juno_2013
[2026-05-13 11:56:02 UTC] [INFO    ] [STEP 005]   • step005_ESA_request_Rosetta_2005.json: 1.13 KB - DSN request for Rosetta_2005
[2026-05-13 11:56:02 UTC] [INFO    ] [STEP 005] ================================================================================
[2026-05-13 11:56:02 UTC] [INFO    ] [STEP 005] STEP 005 COMPLETE: SUCCESS
[2026-05-13 11:56:02 UTC] [INFO    ] [STEP 005] Provenance data saved to /Users/matthewsmawfield/www/Temporal Equivalence Principle/TEP-EFA/results/provenance/step_005_dsn_data_ingestion_provenance.json
[2026-05-13 08:56:02 UTC] [INFO    ] [STEP 005] 
[2026-05-13 08:56:02 UTC] [INFO    ] [STEP 005] ================================================================================
[2026-05-13 08:56:02 UTC] [INFO    ] [STEP 005] EXECUTIVE SUMMARY
[2026-05-13 08:56:02 UTC] [INFO    ] [STEP 005] ================================================================================
[2026-05-13 08:56:02 UTC] [INFO    ] [STEP 005] Step: step_005_dsn_data_ingestion (Step 005)
[2026-05-13 08:56:02 UTC] [INFO    ] [STEP 005] Status: SUCCESS
[2026-05-13 08:56:02 UTC] [INFO    ] [STEP 005] Duration: 0.00s
[2026-05-13 08:56:02 UTC] [INFO    ] [STEP 005] Calculations: 0
[2026-05-13 08:56:02 UTC] [INFO    ] [STEP 005] Output Files: 5
[2026-05-13 08:56:02 UTC] [INFO    ] [STEP 005] Key Outputs:
[2026-05-13 08:56:02 UTC] [INFO    ] [STEP 005]   - step005_NASA_request_NEAR_1998.json (1.13 KB)
[2026-05-13 08:56:02 UTC] [INFO    ] [STEP 005]   - step005_NASA_request_Galileo_1990.json (1.13 KB)
[2026-05-13 08:56:02 UTC] [INFO    ] [STEP 005]   - step005_NASA_request_Cassini_1999.json (1.13 KB)
[2026-05-13 08:56:02 UTC] [INFO    ] [STEP 005]   - step005_NASA_request_Juno_2013.json (1.13 KB)
[2026-05-13 08:56:02 UTC] [INFO    ] [STEP 005]   - step005_ESA_request_Rosetta_2005.json (1.13 KB)
[2026-05-13 08:56:02 UTC] [INFO    ] [STEP 005] ================================================================================
