[2026-05-16 22:14:31 UTC] [INFO    ] [STEP 032] LOGGER INITIALIZED: step_032_tep_suppression (Step 032)
[2026-05-16 22:14:31 UTC] [DEBUG   ] [STEP 032] Log file: /Users/matthewsmawfield/www/Temporal Equivalence Principle/TEP-EFA/logs/step_032_tep_suppression.log
[2026-05-16 22:14:31 UTC] [DEBUG   ] [STEP 032] Project root: /Users/matthewsmawfield/www/Temporal Equivalence Principle/TEP-EFA
[2026-05-16 22:14:31 UTC] [INFO    ] [STEP 032] ================================================================================
[2026-05-16 22:14:31 UTC] [INFO    ] [STEP 032] STEP 032: TEP SUPPRESSION ANALYSIS
[2026-05-16 22:14:31 UTC] [INFO    ] [STEP 032] ================================================================================
[2026-05-16 22:14:31 UTC] [INFO    ] [STEP 032] Testing hypothesis: Modern OD filters TEP signals
[2026-05-16 22:14:31 UTC] [DEBUG   ] [STEP 032] 
[2026-05-16 22:14:31 UTC] [DEBUG   ] [STEP 032] ================================================================================
[2026-05-16 22:14:31 UTC] [DEBUG   ] [STEP 032] SECTION: LOADING FITTING RESULTS
[2026-05-16 22:14:31 UTC] [DEBUG   ] [STEP 032] ================================================================================
[2026-05-16 22:14:31 UTC] [DEBUG   ] [STEP 032] Loading from: /Users/matthewsmawfield/www/Temporal Equivalence Principle/TEP-EFA/results/step008_fitting_results.json
[2026-05-16 22:14:31 UTC] [INFO    ] [STEP 032] ✓ Results loaded successfully
[2026-05-16 22:14:31 UTC] [DEBUG   ] [STEP 032] 
[2026-05-16 22:14:31 UTC] [DEBUG   ] [STEP 032] ================================================================================
[2026-05-16 22:14:31 UTC] [DEBUG   ] [STEP 032] SECTION: RUNNING SUPPRESSION ANALYSIS
[2026-05-16 22:14:31 UTC] [DEBUG   ] [STEP 032] ================================================================================
[2026-05-16 22:14:31 UTC] [DEBUG   ] [STEP 032] 
[2026-05-16 22:14:31 UTC] [DEBUG   ] [STEP 032] ================================================================================
[2026-05-16 22:14:31 UTC] [DEBUG   ] [STEP 032] SECTION: INDIVIDUAL MISSION ANALYSIS
[2026-05-16 22:14:31 UTC] [DEBUG   ] [STEP 032] ================================================================================
[2026-05-16 22:14:31 UTC] [INFO    ] [STEP 032] Mission              Std OD (mm/s)   TEP Pred (mm/s)    Status                   
[2026-05-16 22:14:31 UTC] [INFO    ] [STEP 032] NEAR_1998                     13.46             13.46 OK                       
[2026-05-16 22:14:31 UTC] [INFO    ] [STEP 032] Galileo_1990                   3.92              7.86 OK                       
[2026-05-16 22:14:31 UTC] [INFO    ] [STEP 032] Galileo_1992                   0.00             24.69 LEGACY FLAG              
[2026-05-16 22:14:31 UTC] [INFO    ] [STEP 032] Cassini_1999                   0.11              6.39 LEGACY FLAG              
[2026-05-16 22:14:31 UTC] [INFO    ] [STEP 032] Rosetta_2005                   1.82              3.88 OK                       
[2026-05-16 22:14:31 UTC] [INFO    ] [STEP 032] Rosetta_2007                   0.02              0.08 OK                       
[2026-05-16 22:14:31 UTC] [INFO    ] [STEP 032] Rosetta_2009                   0.00              2.77 LEGACY FLAG              
[2026-05-16 22:14:31 UTC] [INFO    ] [STEP 032] MESSENGER_2005                 0.00              3.25 LEGACY FLAG              
[2026-05-16 22:14:31 UTC] [INFO    ] [STEP 032] Juno_2013                      0.00              9.35 LEGACY FLAG              
[2026-05-16 22:14:31 UTC] [INFO    ] [STEP 032] Stardust_2001                  0.00              0.00 OK                       
[2026-05-16 22:14:31 UTC] [INFO    ] [STEP 032] OSIRIS-REx_2017                0.00              0.00 OK                       
[2026-05-16 22:14:31 UTC] [INFO    ] [STEP 032] BepiColombo_2020               0.00              0.00 OK                       
[2026-05-16 22:14:31 UTC] [DEBUG   ] [STEP 032] 
[2026-05-16 22:14:31 UTC] [DEBUG   ] [STEP 032] ================================================================================
[2026-05-16 22:14:31 UTC] [DEBUG   ] [STEP 032] SECTION: SUMMARY
[2026-05-16 22:14:31 UTC] [DEBUG   ] [STEP 032] ================================================================================
[2026-05-16 22:14:31 UTC] [INFO    ] [STEP 032] Total missions: 12
[2026-05-16 22:14:31 UTC] [INFO    ] [STEP 032] TEP-predicted detectable: 8
[2026-05-16 22:14:31 UTC] [INFO    ] [STEP 032] Legacy flags: 5
[2026-05-16 22:14:31 UTC] [DEBUG   ] [STEP 032] 
[2026-05-16 22:14:31 UTC] [DEBUG   ] [STEP 032] --- CONCLUSION ---
[2026-05-16 22:14:31 UTC] [INFO    ] [STEP 032] Legacy diagnostic flags 5 null missions where the superseded altitude-only scaling predicts a detectable signal. Do not treat this as evidence for OD absorption; use Step 039 and raw DSN re-analysis for inference.
[2026-05-16 22:14:31 UTC] [DEBUG   ] [STEP 032] 
[2026-05-16 22:14:31 UTC] [DEBUG   ] [STEP 032] ================================================================================
[2026-05-16 22:14:31 UTC] [DEBUG   ] [STEP 032] SECTION: SAVING SUPPRESSION ANALYSIS REPORT
[2026-05-16 22:14:31 UTC] [DEBUG   ] [STEP 032] ================================================================================
[2026-05-16 22:14:31 UTC] [INFO    ] [STEP 032] ✓ Report saved to: /Users/matthewsmawfield/www/Temporal Equivalence Principle/TEP-EFA/results/step032_tep_suppression_analysis.json
[2026-05-16 22:14:31 UTC] [INFO    ] [STEP 032]   Output: step032_tep_suppression_analysis.json (TEP suppression analysis report)
[2026-05-16 22:14:31 UTC] [INFO    ] [STEP 032] 
[2026-05-16 22:14:31 UTC] [INFO    ] [STEP 032] ================================================================================
[2026-05-16 22:14:31 UTC] [INFO    ] [STEP 032] STEP SUMMARY: step_032_tep_suppression
[2026-05-16 22:14:31 UTC] [INFO    ] [STEP 032] ================================================================================
[2026-05-16 22:14:31 UTC] [INFO    ] [STEP 032] Step Number: 032
[2026-05-16 22:14:31 UTC] [INFO    ] [STEP 032] Status: SUCCESS
[2026-05-16 22:14:31 UTC] [INFO    ] [STEP 032] Duration: 0.39s
[2026-05-16 22:14:31 UTC] [INFO    ] [STEP 032] Calculations Logged: 0
[2026-05-16 22:14:31 UTC] [INFO    ] [STEP 032] Output Files: 1
[2026-05-16 22:14:31 UTC] [INFO    ] [STEP 032] Log file: /Users/matthewsmawfield/www/Temporal Equivalence Principle/TEP-EFA/logs/step_032_tep_suppression.log
[2026-05-16 22:14:31 UTC] [INFO    ] [STEP 032] 
[2026-05-16 22:14:31 UTC] [INFO    ] [STEP 032] Generated 1 output file(s):
[2026-05-16 22:14:31 UTC] [INFO    ] [STEP 032]   • step032_tep_suppression_analysis.json: 10.23 KB - TEP suppression analysis report
[2026-05-16 22:14:31 UTC] [INFO    ] [STEP 032] ================================================================================
[2026-05-16 22:14:31 UTC] [INFO    ] [STEP 032] STEP 032 COMPLETE: SUCCESS
[2026-05-16 22:14:31 UTC] [INFO    ] [STEP 032] Provenance data saved to /Users/matthewsmawfield/www/Temporal Equivalence Principle/TEP-EFA/results/provenance/step_032_tep_suppression_provenance.json
[2026-05-16 19:14:31 UTC] [INFO    ] [STEP 032] 
[2026-05-16 19:14:31 UTC] [INFO    ] [STEP 032] ================================================================================
[2026-05-16 19:14:31 UTC] [INFO    ] [STEP 032] EXECUTIVE SUMMARY
[2026-05-16 19:14:31 UTC] [INFO    ] [STEP 032] ================================================================================
[2026-05-16 19:14:31 UTC] [INFO    ] [STEP 032] Step: step_032_tep_suppression (Step 032)
[2026-05-16 19:14:31 UTC] [INFO    ] [STEP 032] Status: SUCCESS
[2026-05-16 19:14:31 UTC] [INFO    ] [STEP 032] Duration: 0.39s
[2026-05-16 19:14:31 UTC] [INFO    ] [STEP 032] Calculations: 0
[2026-05-16 19:14:31 UTC] [INFO    ] [STEP 032] Output Files: 1
[2026-05-16 19:14:31 UTC] [INFO    ] [STEP 032] Key Outputs:
[2026-05-16 19:14:31 UTC] [INFO    ] [STEP 032]   - step032_tep_suppression_analysis.json (10.23 KB)
[2026-05-16 19:14:31 UTC] [INFO    ] [STEP 032] ================================================================================
