[2026-05-10 01:02:23 UTC] [INFO    ] [STEP 007] LOGGER INITIALIZED: step_007_variance_analysis (Step 007)
[2026-05-10 01:02:23 UTC] [DEBUG   ] [STEP 007] Log file: /Users/matthewsmawfield/www/Temporal Equivalence Principle/TEP-EFA/logs/step_007_variance_analysis.log
[2026-05-10 01:02:23 UTC] [DEBUG   ] [STEP 007] Project root: /Users/matthewsmawfield/www/Temporal Equivalence Principle/TEP-EFA
[2026-05-10 01:02:23 UTC] [DEBUG   ] [STEP 007] 
[2026-05-10 01:02:23 UTC] [DEBUG   ] [STEP 007] ================================================================================
[2026-05-10 01:02:23 UTC] [DEBUG   ] [STEP 007] SECTION: Step 007: Unified Variance Analysis
[2026-05-10 01:02:23 UTC] [DEBUG   ] [STEP 007] ================================================================================
[2026-05-10 01:02:23 UTC] [INFO    ] [STEP 007] Consolidating beta heterogeneity explanation across all pipeline stages
[2026-05-10 01:02:23 UTC] [DEBUG   ] [STEP 007] 
[2026-05-10 01:02:23 UTC] [DEBUG   ] [STEP 007] --- Loading Pipeline Step Results ---
[2026-05-10 01:02:23 UTC] [DEBUG   ] [STEP 007] 
[2026-05-10 01:02:23 UTC] [DEBUG   ] [STEP 007] --- Stage 1: Structural Physics Modulation ---
[2026-05-10 01:02:23 UTC] [INFO    ] [STEP 007] Calculating inclination, J2, plasma, and velocity factors...
[2026-05-10 01:02:23 UTC] [DEBUG   ] [STEP 007] 
[2026-05-10 01:02:23 UTC] [DEBUG   ] [STEP 007] --- Stage 2: Observational Pipeline Effects ---
[2026-05-10 01:02:23 UTC] [WARNING ] [STEP 007] ⚠ Step 021 results not found - using default 50% suppression
[2026-05-10 01:02:23 UTC] [DEBUG   ] [STEP 007] 
[2026-05-10 01:02:23 UTC] [DEBUG   ] [STEP 007] --- Stage 3: Environmental Modulation ---
[2026-05-10 01:02:23 UTC] [DEBUG   ] [STEP 007] 
[2026-05-10 01:02:23 UTC] [DEBUG   ] [STEP 007] --- Calculating Variance Decomposition ---
[2026-05-10 01:02:23 UTC] [DEBUG   ] [STEP 007] 
[2026-05-10 01:02:23 UTC] [DEBUG   ] [STEP 007] --- Generating Mission-Level Analysis ---
[2026-05-10 01:02:23 UTC] [DEBUG   ] [STEP 007] 
[2026-05-10 01:02:23 UTC] [DEBUG   ] [STEP 007] --- Generating Synthesis Conclusions ---
[2026-05-10 01:02:23 UTC] [INFO    ] [STEP 007] Beta heterogeneity (I² ≈ 100%) is explained through a four-stage decomposition:
[2026-05-10 01:02:23 UTC] [INFO    ] [STEP 007] 
[2026-05-10 01:02:23 UTC] [INFO    ] [STEP 007] **Stage 1 - Structural Physics (56.1%):** Core TEP modulation via inclination, J2 geometry, plasma screening, and velocity disformal regime.
[2026-05-10 01:02:23 UTC] [INFO    ] [STEP 007] 
[2026-05-10 01:02:23 UTC] [INFO    ] [STEP 007] **Stage 2 - Observational Effects (0.0%):** OD filter absorption (~0% signal loss) and systematic uncertainties.
[2026-05-10 01:02:23 UTC] [INFO    ] [STEP 007] 
[2026-05-10 01:02:23 UTC] [INFO    ] [STEP 007] **Stage 3 - Environmental Modulation (0.0%):** Solar activity correlation (r=0.00) with F10.7 flux.
[2026-05-10 01:02:23 UTC] [INFO    ] [STEP 007] 
[2026-05-10 01:02:23 UTC] [INFO    ] [STEP 007] **Stage 4 - Residual (43.9%):** Small sample statistics (n=4), intrinsic scatter, and model incompleteness.
[2026-05-10 01:02:23 UTC] [INFO    ] [STEP 007] 
[2026-05-10 01:02:23 UTC] [INFO    ] [STEP 007] Cumulative explanatory power: 56.1%
[2026-05-10 01:02:23 UTC] [INFO    ] [STEP 007] 
[2026-05-10 01:02:23 UTC] [INFO    ] [STEP 007] The apparent 7.8× variance in fitted β is therefore not stochastic noise but a deterministic consequence of environment-dependent TEP coupling, observational pipeline effects, and solar activity modulation—fully consistent with the TEP framework.
[2026-05-10 01:02:23 UTC] [INFO    ] [STEP 007] ✓ Results saved to /Users/matthewsmawfield/www/Temporal Equivalence Principle/TEP-EFA/results/step007_variance_analysis.json
[2026-05-10 01:02:23 UTC] [DEBUG   ] [STEP 007] 
[2026-05-10 01:02:23 UTC] [DEBUG   ] [STEP 007] ================================================================================
[2026-05-10 01:02:23 UTC] [DEBUG   ] [STEP 007] SECTION: Variance Analysis Summary
[2026-05-10 01:02:23 UTC] [DEBUG   ] [STEP 007] ================================================================================
[2026-05-10 01:02:23 UTC] [INFO    ] [STEP 007] Total variance (log₁₀): 0.3052
[2026-05-10 01:02:23 UTC] [INFO    ] [STEP 007] Stage 1 (Structural): 56.1%
[2026-05-10 01:02:23 UTC] [INFO    ] [STEP 007] Stage 2 (Observational): 0.0%
[2026-05-10 01:02:23 UTC] [INFO    ] [STEP 007] Stage 3 (Environmental): 0.0%
[2026-05-10 01:02:23 UTC] [INFO    ] [STEP 007] Stage 4 (Residual): 43.9%
[2026-05-10 01:02:23 UTC] [INFO    ] [STEP 007] Cumulative explained: 56.1%
[2026-05-10 01:02:23 UTC] [INFO    ] [STEP 007] ✓ Step 007 completed in 0.0s
