[2026-05-10 01:04:25 UTC] [INFO    ] [STEP 007] LOGGER INITIALIZED: step_007_visualizations (Step 007)
[2026-05-10 01:04:25 UTC] [DEBUG   ] [STEP 007] Log file: /Users/matthewsmawfield/www/Temporal Equivalence Principle/TEP-EFA/logs/step_007_visualizations.log
[2026-05-10 01:04:25 UTC] [DEBUG   ] [STEP 007] Project root: /Users/matthewsmawfield/www/Temporal Equivalence Principle/TEP-EFA
[2026-05-10 01:04:25 UTC] [INFO    ] [STEP 007] ================================================================================
[2026-05-10 01:04:25 UTC] [INFO    ] [STEP 007] STEP 007: VISUALIZATION GENERATION
[2026-05-10 01:04:25 UTC] [INFO    ] [STEP 007] ================================================================================
[2026-05-10 01:04:25 UTC] [INFO    ] [STEP 007] Output directory: /Users/matthewsmawfield/www/Temporal Equivalence Principle/TEP-EFA/results
[2026-05-10 01:04:25 UTC] [DEBUG   ] [STEP 007] 
[2026-05-10 01:04:25 UTC] [DEBUG   ] [STEP 007] ================================================================================
[2026-05-10 01:04:25 UTC] [DEBUG   ] [STEP 007] SECTION: GENERATING PUBLICATION FIGURES
[2026-05-10 01:04:25 UTC] [DEBUG   ] [STEP 007] ================================================================================
[2026-05-10 01:04:25 UTC] [DEBUG   ] [STEP 007] Loading fitting data from step005_fitting_results.json
[2026-05-10 01:04:25 UTC] [DEBUG   ] [STEP 007] Loading predictions data from step004_tep_predictions.json
[2026-05-10 01:04:25 UTC] [INFO    ] [STEP 007] ✓ Data loaded successfully
[2026-05-10 01:04:25 UTC] [INFO    ] [STEP 007] --------------------------------------------------------------------------------
[2026-05-10 01:04:25 UTC] [INFO    ] [STEP 007] Figure 1: Altitude vs Anomaly correlation
[2026-05-10 01:04:25 UTC] [INFO    ] [STEP 007] --------------------------------------------------------------------------------
[2026-05-10 01:04:26 UTC] [INFO    ] [STEP 007] ✓ Generated: /Users/matthewsmawfield/www/Temporal Equivalence Principle/TEP-EFA/results/step007_figure1_altitude_anomaly.png
[2026-05-10 01:04:26 UTC] [INFO    ] [STEP 007]   Output: step007_figure1_altitude_anomaly.png (Altitude vs Anomaly figure)
[2026-05-10 01:04:26 UTC] [INFO    ] [STEP 007] --------------------------------------------------------------------------------
[2026-05-10 01:04:26 UTC] [INFO    ] [STEP 007] Figure 2: PPN constraint analysis
[2026-05-10 01:04:26 UTC] [INFO    ] [STEP 007] --------------------------------------------------------------------------------
[2026-05-10 01:04:26 UTC] [INFO    ] [STEP 007] ✓ Generated: /Users/matthewsmawfield/www/Temporal Equivalence Principle/TEP-EFA/results/step007_figure3_ppn_constraints.png
[2026-05-10 01:04:26 UTC] [INFO    ] [STEP 007]   Output: step007_figure3_ppn_constraints.png (PPN constraint figure)
[2026-05-10 01:04:26 UTC] [INFO    ] [STEP 007] --------------------------------------------------------------------------------
[2026-05-10 01:04:26 UTC] [INFO    ] [STEP 007] Figure 3: Screening profile
[2026-05-10 01:04:26 UTC] [INFO    ] [STEP 007] --------------------------------------------------------------------------------
[2026-05-10 01:04:26 UTC] [INFO    ] [STEP 007] ✓ Generated: /Users/matthewsmawfield/www/Temporal Equivalence Principle/TEP-EFA/results/step007_figure4_screening_profile.png
[2026-05-10 01:04:26 UTC] [INFO    ] [STEP 007]   Output: step007_figure4_screening_profile.png (Screening profile figure)
[2026-05-10 01:04:26 UTC] [INFO    ] [STEP 007] ✓ All figures generated successfully
[2026-05-10 01:04:26 UTC] [INFO    ] [STEP 007] 
[2026-05-10 01:04:26 UTC] [INFO    ] [STEP 007] ================================================================================
[2026-05-10 01:04:26 UTC] [INFO    ] [STEP 007] STEP SUMMARY: step_007_visualizations
[2026-05-10 01:04:26 UTC] [INFO    ] [STEP 007] ================================================================================
[2026-05-10 01:04:26 UTC] [INFO    ] [STEP 007] Step Number: 007
[2026-05-10 01:04:26 UTC] [INFO    ] [STEP 007] Status: SUCCESS
[2026-05-10 01:04:26 UTC] [INFO    ] [STEP 007] Duration: 1.35s
[2026-05-10 01:04:26 UTC] [INFO    ] [STEP 007] Calculations Logged: 0
[2026-05-10 01:04:26 UTC] [INFO    ] [STEP 007] Output Files: 3
[2026-05-10 01:04:26 UTC] [INFO    ] [STEP 007] Log file: /Users/matthewsmawfield/www/Temporal Equivalence Principle/TEP-EFA/logs/step_007_visualizations.log
[2026-05-10 01:04:26 UTC] [INFO    ] [STEP 007] 
[2026-05-10 01:04:26 UTC] [INFO    ] [STEP 007] Generated 3 output file(s):
[2026-05-10 01:04:26 UTC] [INFO    ] [STEP 007]   • step007_figure1_altitude_anomaly.png: 378.94 KB - Altitude vs Anomaly figure
[2026-05-10 01:04:26 UTC] [INFO    ] [STEP 007]   • step007_figure3_ppn_constraints.png: 162.94 KB - PPN constraint figure
[2026-05-10 01:04:26 UTC] [INFO    ] [STEP 007]   • step007_figure4_screening_profile.png: 192.39 KB - Screening profile figure
[2026-05-10 01:04:26 UTC] [INFO    ] [STEP 007] ================================================================================
[2026-05-10 01:04:26 UTC] [INFO    ] [STEP 007] STEP 007 COMPLETE: SUCCESS
[2026-05-10 01:04:26 UTC] [INFO    ] [STEP 007] Provenance data saved to /Users/matthewsmawfield/www/Temporal Equivalence Principle/TEP-EFA/results/provenance/step_007_visualizations_provenance.json
[2026-05-09 22:04:26 UTC] [INFO    ] [STEP 007] 
[2026-05-09 22:04:26 UTC] [INFO    ] [STEP 007] ================================================================================
[2026-05-09 22:04:26 UTC] [INFO    ] [STEP 007] EXECUTIVE SUMMARY
[2026-05-09 22:04:26 UTC] [INFO    ] [STEP 007] ================================================================================
[2026-05-09 22:04:26 UTC] [INFO    ] [STEP 007] Step: step_007_visualizations (Step 007)
[2026-05-09 22:04:26 UTC] [INFO    ] [STEP 007] Status: SUCCESS
[2026-05-09 22:04:26 UTC] [INFO    ] [STEP 007] Duration: 1.35s
[2026-05-09 22:04:26 UTC] [INFO    ] [STEP 007] Calculations: 0
[2026-05-09 22:04:26 UTC] [INFO    ] [STEP 007] Output Files: 3
[2026-05-09 22:04:26 UTC] [INFO    ] [STEP 007] Key Outputs:
[2026-05-09 22:04:26 UTC] [INFO    ] [STEP 007]   - step007_figure1_altitude_anomaly.png (378.94 KB)
[2026-05-09 22:04:26 UTC] [INFO    ] [STEP 007]   - step007_figure3_ppn_constraints.png (162.94 KB)
[2026-05-09 22:04:26 UTC] [INFO    ] [STEP 007]   - step007_figure4_screening_profile.png (192.39 KB)
[2026-05-09 22:04:26 UTC] [INFO    ] [STEP 007] ================================================================================
