[2026-05-10 01:02:53 UTC] [INFO    ] [STEP 013] LOGGER INITIALIZED: step_013_dsn_processing (Step 013)
[2026-05-10 01:02:53 UTC] [DEBUG   ] [STEP 013] Log file: /Users/matthewsmawfield/www/Temporal Equivalence Principle/TEP-EFA/logs/step_013_dsn_processing.log
[2026-05-10 01:02:53 UTC] [DEBUG   ] [STEP 013] Project root: /Users/matthewsmawfield/www/Temporal Equivalence Principle/TEP-EFA
[2026-05-10 01:02:53 UTC] [INFO    ] [STEP 013] ================================================================================
[2026-05-10 01:02:53 UTC] [INFO    ] [STEP 013] STEP 013: DSN RAW DATA PROCESSING WITH MINIMAL ORBIT DETERMINATION
[2026-05-10 01:02:53 UTC] [INFO    ] [STEP 013] ================================================================================
[2026-05-10 01:02:53 UTC] [INFO    ] [STEP 013] Objective: Process raw DSN tracking data to recover TEP signals
[2026-05-10 01:02:53 UTC] [DEBUG   ] [STEP 013] 
[2026-05-10 01:02:53 UTC] [DEBUG   ] [STEP 013] ================================================================================
[2026-05-10 01:02:53 UTC] [DEBUG   ] [STEP 013] SECTION: DATA AVAILABILITY
[2026-05-10 01:02:53 UTC] [DEBUG   ] [STEP 013] ================================================================================
[2026-05-10 01:02:53 UTC] [INFO    ] [STEP 013] ✓ NEAR_1998            NEAR-A-ES-4-EAR-VELOC-3-V1.0
[2026-05-10 01:02:53 UTC] [INFO    ] [STEP 013] ✓ Galileo_1990         GO-A-ES-5-SA-VISIB-2-V1.0
[2026-05-10 01:02:53 UTC] [INFO    ] [STEP 013] ✓ Galileo_1992         GO-A-ES-5-SA-VISIB-2-V1.0
[2026-05-10 01:02:53 UTC] [INFO    ] [STEP 013] ✓ Cassini_1999         CO-E/S/J/S-S-RPWS-4-FSW-10SEC-V1.0
[2026-05-10 01:02:53 UTC] [INFO    ] [STEP 013] ✓ MESSENGER_2005       MESS-E/V/H-RSS-1-EDS-V1.0
[2026-05-10 01:02:53 UTC] [INFO    ] [STEP 013] ✓ Juno_2013            JNO-J-E/J/SDC-2-EDR-L0-V1.0
[2026-05-10 01:02:53 UTC] [WARNING ] [STEP 013] ⚠ Rosetta_2005         Not available
[2026-05-10 01:02:53 UTC] [WARNING ] [STEP 013] ⚠ Rosetta_2007         Not available
[2026-05-10 01:02:53 UTC] [INFO    ] [STEP 013] ✓ Stardust_2001        SDU-A-RSS-1-Trajectory-2004-V1.0
[2026-05-10 01:02:53 UTC] [INFO    ] [STEP 013] Total available: 7/9 missions
[2026-05-10 01:02:53 UTC] [DEBUG   ] [STEP 013] 
[2026-05-10 01:02:53 UTC] [DEBUG   ] [STEP 013] ================================================================================
[2026-05-10 01:02:53 UTC] [DEBUG   ] [STEP 013] SECTION: TEP PREDICTIONS
[2026-05-10 01:02:53 UTC] [DEBUG   ] [STEP 013] ================================================================================
[2026-05-10 01:02:53 UTC] [INFO    ] [STEP 013] Loaded TEP predictions for 8 flybys
[2026-05-10 01:02:53 UTC] [DEBUG   ] [STEP 013] 
[2026-05-10 01:02:53 UTC] [DEBUG   ] [STEP 013] ================================================================================
[2026-05-10 01:02:53 UTC] [DEBUG   ] [STEP 013] SECTION: DSN DATA PROCESSING
[2026-05-10 01:02:53 UTC] [DEBUG   ] [STEP 013] ================================================================================
[2026-05-10 01:02:53 UTC] [INFO    ] [STEP 013] Processing missions with available raw DSN data
[2026-05-10 01:02:53 UTC] [DEBUG   ] [STEP 013] 
[2026-05-10 01:02:53 UTC] [DEBUG   ] [STEP 013] --- Processing NEAR_1998 ---
[2026-05-10 01:02:53 UTC] [DEBUG   ] [STEP 013] 
[2026-05-10 01:02:53 UTC] [DEBUG   ] [STEP 013] --- Processing Galileo_1990 ---
[2026-05-10 01:02:53 UTC] [INFO    ] [STEP 013] TRK file not found: /Users/matthewsmawfield/www/Temporal Equivalence Principle/TEP-EFA/data/raw/dsn_tracking/Galileo_1990/Galileo_1990_doppler.trk
[2026-05-10 01:02:53 UTC] [INFO    ] [STEP 013] Raw DSN data must be downloaded from NASA PDS first
[2026-05-10 01:02:53 UTC] [INFO    ] [STEP 013] Use download script: bash download_dsn_data.sh
[2026-05-10 01:02:53 UTC] [DEBUG   ] [STEP 013] 
[2026-05-10 01:02:53 UTC] [DEBUG   ] [STEP 013] --- Processing Galileo_1992 ---
[2026-05-10 01:02:53 UTC] [INFO    ] [STEP 013] TRK file not found: /Users/matthewsmawfield/www/Temporal Equivalence Principle/TEP-EFA/data/raw/dsn_tracking/Galileo_1992/Galileo_1992_doppler.trk
[2026-05-10 01:02:53 UTC] [INFO    ] [STEP 013] Raw DSN data must be downloaded from NASA PDS first
[2026-05-10 01:02:53 UTC] [INFO    ] [STEP 013] Use download script: bash download_dsn_data.sh
[2026-05-10 01:02:53 UTC] [DEBUG   ] [STEP 013] 
[2026-05-10 01:02:53 UTC] [DEBUG   ] [STEP 013] --- Processing Cassini_1999 ---
[2026-05-10 01:02:53 UTC] [DEBUG   ] [STEP 013] 
[2026-05-10 01:02:53 UTC] [DEBUG   ] [STEP 013] --- Processing MESSENGER_2005 ---
[2026-05-10 01:02:53 UTC] [INFO    ] [STEP 013] TRK file not found: /Users/matthewsmawfield/www/Temporal Equivalence Principle/TEP-EFA/data/raw/dsn_tracking/MESSENGER_2005/MESSENGER_2005_doppler.trk
[2026-05-10 01:02:53 UTC] [INFO    ] [STEP 013] Raw DSN data must be downloaded from NASA PDS first
[2026-05-10 01:02:53 UTC] [INFO    ] [STEP 013] Use download script: bash download_dsn_data.sh
[2026-05-10 01:02:53 UTC] [DEBUG   ] [STEP 013] 
[2026-05-10 01:02:53 UTC] [DEBUG   ] [STEP 013] --- Processing Juno_2013 ---
[2026-05-10 01:02:53 UTC] [DEBUG   ] [STEP 013] 
[2026-05-10 01:02:53 UTC] [DEBUG   ] [STEP 013] --- Processing Stardust_2001 ---
[2026-05-10 01:02:53 UTC] [DEBUG   ] [STEP 013] 
[2026-05-10 01:02:53 UTC] [DEBUG   ] [STEP 013] ================================================================================
[2026-05-10 01:02:53 UTC] [DEBUG   ] [STEP 013] SECTION: SAVING RESULTS
[2026-05-10 01:02:53 UTC] [DEBUG   ] [STEP 013] ================================================================================
[2026-05-10 01:02:53 UTC] [WARNING ] [STEP 013] ⚠ No DSN data available - saved status to: /Users/matthewsmawfield/www/Temporal Equivalence Principle/TEP-EFA/results/step013_dsn_analysis.json
[2026-05-10 01:02:53 UTC] [INFO    ] [STEP 013] 
[2026-05-10 01:02:53 UTC] [INFO    ] [STEP 013] ================================================================================
[2026-05-10 01:02:53 UTC] [INFO    ] [STEP 013] STEP SUMMARY: step_013_dsn_processing
[2026-05-10 01:02:53 UTC] [INFO    ] [STEP 013] ================================================================================
[2026-05-10 01:02:53 UTC] [INFO    ] [STEP 013] Step Number: 013
[2026-05-10 01:02:53 UTC] [INFO    ] [STEP 013] Status: PARTIAL
[2026-05-10 01:02:53 UTC] [INFO    ] [STEP 013] Duration: 0.00s
[2026-05-10 01:02:53 UTC] [INFO    ] [STEP 013] Calculations Logged: 0
[2026-05-10 01:02:53 UTC] [INFO    ] [STEP 013] Output Files: 0
[2026-05-10 01:02:53 UTC] [INFO    ] [STEP 013] Log file: /Users/matthewsmawfield/www/Temporal Equivalence Principle/TEP-EFA/logs/step_013_dsn_processing.log
[2026-05-10 01:02:53 UTC] [INFO    ] [STEP 013] No output files generated
[2026-05-10 01:02:53 UTC] [INFO    ] [STEP 013] ================================================================================
[2026-05-10 01:02:53 UTC] [INFO    ] [STEP 013] STEP 013 COMPLETE: PARTIAL
[2026-05-10 01:02:53 UTC] [INFO    ] [STEP 013] Provenance data saved to /Users/matthewsmawfield/www/Temporal Equivalence Principle/TEP-EFA/results/provenance/step_013_dsn_processing_provenance.json
[2026-05-09 22:02:53 UTC] [INFO    ] [STEP 013] 
[2026-05-09 22:02:53 UTC] [INFO    ] [STEP 013] ================================================================================
[2026-05-09 22:02:53 UTC] [INFO    ] [STEP 013] EXECUTIVE SUMMARY
[2026-05-09 22:02:53 UTC] [INFO    ] [STEP 013] ================================================================================
[2026-05-09 22:02:53 UTC] [INFO    ] [STEP 013] Step: step_013_dsn_processing (Step 013)
[2026-05-09 22:02:53 UTC] [INFO    ] [STEP 013] Status: PARTIAL
[2026-05-09 22:02:53 UTC] [INFO    ] [STEP 013] Duration: 0.00s
[2026-05-09 22:02:53 UTC] [INFO    ] [STEP 013] Calculations: 0
[2026-05-09 22:02:53 UTC] [INFO    ] [STEP 013] Output Files: 0
[2026-05-09 22:02:53 UTC] [INFO    ] [STEP 013] ================================================================================
