[2026-05-10 01:02:53 UTC] [INFO    ] [STEP 016] LOGGER INITIALIZED: step_016_bayesian_model_comparison (Step 016)
[2026-05-10 01:02:53 UTC] [DEBUG   ] [STEP 016] Log file: /Users/matthewsmawfield/www/Temporal Equivalence Principle/TEP-EFA/logs/step_016_bayesian_model_comparison.log
[2026-05-10 01:02:53 UTC] [DEBUG   ] [STEP 016] Project root: /Users/matthewsmawfield/www/Temporal Equivalence Principle/TEP-EFA
[2026-05-10 01:02:53 UTC] [DEBUG   ] [STEP 016] 
[2026-05-10 01:02:53 UTC] [DEBUG   ] [STEP 016] --- MARGINAL LIKELIHOOD CALCULATION ---
[2026-05-10 01:02:53 UTC] [INFO    ] [STEP 016] Computing TEP model evidence...
[2026-05-10 01:02:53 UTC] [INFO    ] [STEP 016] log P(D|TEP) = -11.02
[2026-05-10 01:02:53 UTC] [INFO    ] [STEP 016] Computing Null model evidence...
[2026-05-10 01:02:53 UTC] [INFO    ] [STEP 016] log P(D|Null) = -915049.36
[2026-05-10 01:02:53 UTC] [INFO    ] [STEP 016] Computing Empirical model evidence...
[2026-05-10 01:02:53 UTC] [INFO    ] [STEP 016] log P(D|Empirical) = -10.95
[2026-05-10 01:02:53 UTC] [DEBUG   ] [STEP 016] 
[2026-05-10 01:02:53 UTC] [DEBUG   ] [STEP 016] --- MODEL COMPLEXITY ANALYSIS ---
[2026-05-10 01:02:53 UTC] [INFO    ] [STEP 016] TEP nominal structural parameters: k = 2
[2026-05-10 01:02:53 UTC] [INFO    ] [STEP 016] Per-flyby fitting increases effective complexity: k_eff = 6.0
[2026-05-10 01:02:53 UTC] [INFO    ] [STEP 016] BIC conservative count: k_bic = 6
[2026-05-10 01:02:53 UTC] [INFO    ] [STEP 016] Note: TEP has 2 structural parameters but per-flyby fitting increases effective complexity to ~6.0
[2026-05-10 01:02:53 UTC] [DEBUG   ] [STEP 016] 
[2026-05-10 01:02:53 UTC] [DEBUG   ] [STEP 016] --- BAYES FACTORS ---
[2026-05-10 01:02:53 UTC] [INFO    ] [STEP 016] TEP vs Null: log B = 915038.34
[2026-05-10 01:02:53 UTC] [INFO    ] [STEP 016]   B = 1.00e+300
[2026-05-10 01:02:53 UTC] [INFO    ] [STEP 016]   Very strong evidence for M1
[2026-05-10 01:02:53 UTC] [INFO    ] [STEP 016] Empirical vs TEP: log B = 0.07
[2026-05-10 01:02:53 UTC] [INFO    ] [STEP 016]   B = 1.07e+00
[2026-05-10 01:02:53 UTC] [INFO    ] [STEP 016]   Weak evidence for M1
[2026-05-10 01:02:53 UTC] [DEBUG   ] [STEP 016] 
[2026-05-10 01:02:53 UTC] [DEBUG   ] [STEP 016] --- POSTERIOR MODEL PROBABILITIES ---
[2026-05-10 01:02:53 UTC] [INFO    ] [STEP 016] P(TEP|D) = 0.4821
[2026-05-10 01:02:53 UTC] [INFO    ] [STEP 016] P(Null|D) = 0.0000
[2026-05-10 01:02:53 UTC] [INFO    ] [STEP 016] P(Empirical|D) = 0.5179
[2026-05-10 01:02:53 UTC] [DEBUG   ] [STEP 016] 
[2026-05-10 01:02:53 UTC] [DEBUG   ] [STEP 016] --- INFORMATION CRITERIA (CORRECTED) ---
[2026-05-10 01:02:53 UTC] [INFO    ] [STEP 016] TEP: AIC=34.0, BIC=30.3 (k_eff=6.0 parameters)
[2026-05-10 01:02:53 UTC] [INFO    ] [STEP 016] Null: AIC=1830098.7, BIC=1830098.7 (k=0)
[2026-05-10 01:02:53 UTC] [INFO    ] [STEP 016] Empirical: AIC=29.9, BIC=27.4 (k=4)
[2026-05-10 01:02:53 UTC] [INFO    ] [STEP 016] Delta AIC (relative to best): Null=1830068.8, TEP=4.1, Empirical=0.0
[2026-05-10 01:02:53 UTC] [DEBUG   ] [STEP 016] 
[2026-05-10 01:02:53 UTC] [DEBUG   ] [STEP 016] ================================================================================
[2026-05-10 01:02:53 UTC] [DEBUG   ] [STEP 016] SECTION: SAVING RESULTS
[2026-05-10 01:02:53 UTC] [DEBUG   ] [STEP 016] ================================================================================
[2026-05-10 01:02:53 UTC] [INFO    ] [STEP 016] Results saved to: /Users/matthewsmawfield/www/Temporal Equivalence Principle/TEP-EFA/results/step016_bayesian_model_comparison_results.json
[2026-05-10 01:02:53 UTC] [INFO    ] [STEP 016] 
[2026-05-10 01:02:53 UTC] [INFO    ] [STEP 016] ================================================================================
[2026-05-10 01:02:53 UTC] [INFO    ] [STEP 016] STEP SUMMARY: step_016_bayesian_model_comparison
[2026-05-10 01:02:53 UTC] [INFO    ] [STEP 016] ================================================================================
[2026-05-10 01:02:53 UTC] [INFO    ] [STEP 016] Step Number: 016
[2026-05-10 01:02:53 UTC] [INFO    ] [STEP 016] Status: SUCCESS
[2026-05-10 01:02:53 UTC] [INFO    ] [STEP 016] Duration: 0.00s
[2026-05-10 01:02:53 UTC] [INFO    ] [STEP 016] Calculations Logged: 0
[2026-05-10 01:02:53 UTC] [INFO    ] [STEP 016] Output Files: 0
[2026-05-10 01:02:53 UTC] [INFO    ] [STEP 016] Log file: /Users/matthewsmawfield/www/Temporal Equivalence Principle/TEP-EFA/logs/step_016_bayesian_model_comparison.log
[2026-05-10 01:02:53 UTC] [INFO    ] [STEP 016] No output files generated
[2026-05-10 01:02:53 UTC] [INFO    ] [STEP 016] ================================================================================
[2026-05-10 01:02:53 UTC] [INFO    ] [STEP 016] STEP 016 COMPLETE: SUCCESS
[2026-05-10 01:02:53 UTC] [INFO    ] [STEP 016] Provenance data saved to /Users/matthewsmawfield/www/Temporal Equivalence Principle/TEP-EFA/results/provenance/step_016_bayesian_model_comparison_provenance.json
[2026-05-09 22:02:53 UTC] [INFO    ] [STEP 016] 
[2026-05-09 22:02:53 UTC] [INFO    ] [STEP 016] ================================================================================
[2026-05-09 22:02:53 UTC] [INFO    ] [STEP 016] EXECUTIVE SUMMARY
[2026-05-09 22:02:53 UTC] [INFO    ] [STEP 016] ================================================================================
[2026-05-09 22:02:53 UTC] [INFO    ] [STEP 016] Step: step_016_bayesian_model_comparison (Step 016)
[2026-05-09 22:02:53 UTC] [INFO    ] [STEP 016] Status: SUCCESS
[2026-05-09 22:02:53 UTC] [INFO    ] [STEP 016] Duration: 0.00s
[2026-05-09 22:02:53 UTC] [INFO    ] [STEP 016] Calculations: 0
[2026-05-09 22:02:53 UTC] [INFO    ] [STEP 016] Output Files: 0
[2026-05-09 22:02:53 UTC] [INFO    ] [STEP 016] ================================================================================
